[0.229s] DEBUG:colcon:Command line arguments: ['/usr/bin/colcon', 'build', '--packages-select', 'assignment_w10']
[0.230s] DEBUG:colcon:Parsed command line arguments: Namespace(allow_overriding=[], ament_cmake_args=None, base_paths=['.'], build_base='build', catkin_cmake_args=None, catkin_skip_building_tests=False, cmake_args=None, cmake_clean_cache=False, cmake_clean_first=False, cmake_force_configure=False, cmake_target=None, cmake_target_skip_unavailable=False, continue_on_error=False, event_handlers=None, executor='parallel', ignore_user_meta=False, install_base='install', log_base=None, log_level=None, main=<bound method BuildVerb.main of <colcon_core.verb.build.BuildVerb object at 0x7f91ee270b20>>, merge_install=False, metas=['./colcon.meta'], packages_above=None, packages_above_and_dependencies=None, packages_above_depth=None, packages_end=None, packages_ignore=None, packages_ignore_regex=None, packages_select=['assignment_w10'], packages_select_build_failed=False, packages_select_by_dep=None, packages_select_regex=None, packages_select_test_failures=False, packages_skip=None, packages_skip_build_finished=False, packages_skip_by_dep=None, packages_skip_regex=None, packages_skip_test_passed=False, packages_skip_up_to=None, packages_start=None, packages_up_to=None, packages_up_to_regex=None, parallel_workers=8, paths=None, symlink_install=False, test_result_base=None, verb_extension=<colcon_core.verb.build.BuildVerb object at 0x7f91ee270b20>, verb_name='build', verb_parser=<colcon_defaults.argument_parser.defaults.DefaultArgumentsDecorator object at 0x7f91ee27d0d0>)
[0.278s] Level 1:colcon.colcon_core.package_discovery:discover_packages(colcon_meta) check parameters
[0.278s] Level 1:colcon.colcon_core.package_discovery:discover_packages(recursive) check parameters
[0.278s] Level 1:colcon.colcon_core.package_discovery:discover_packages(ignore) check parameters
[0.278s] Level 1:colcon.colcon_core.package_discovery:discover_packages(path) check parameters
[0.278s] Level 1:colcon.colcon_core.package_discovery:discover_packages(colcon_meta) discover
[0.278s] Level 1:colcon.colcon_core.package_discovery:discover_packages(recursive) discover
[0.278s] INFO:colcon.colcon_core.package_discovery:Crawling recursively for packages in '/home/fierra/beginner_tutuorial'
[0.278s] Level 1:colcon.colcon_core.package_identification:_identify(.) by extensions ['ignore', 'ignore_ament_install']
[0.279s] Level 1:colcon.colcon_core.package_identification:_identify(.) by extension 'ignore'
[0.279s] Level 1:colcon.colcon_core.package_identification:_identify(.) by extension 'ignore_ament_install'
[0.279s] Level 1:colcon.colcon_core.package_identification:_identify(.) by extensions ['colcon_pkg']
[0.279s] Level 1:colcon.colcon_core.package_identification:_identify(.) by extension 'colcon_pkg'
[0.279s] Level 1:colcon.colcon_core.package_identification:_identify(.) by extensions ['colcon_meta']
[0.279s] Level 1:colcon.colcon_core.package_identification:_identify(.) by extension 'colcon_meta'
[0.279s] Level 1:colcon.colcon_core.package_identification:_identify(.) by extensions ['ros']
[0.279s] Level 1:colcon.colcon_core.package_identification:_identify(.) by extension 'ros'
[0.313s] Level 1:colcon.colcon_core.package_identification:_identify(.) by extensions ['cmake', 'python']
[0.313s] Level 1:colcon.colcon_core.package_identification:_identify(.) by extension 'cmake'
[0.313s] Level 1:colcon.colcon_core.package_identification:_identify(.) by extension 'python'
[0.313s] Level 1:colcon.colcon_core.package_identification:_identify(.) by extensions ['python_setup_py']
[0.313s] Level 1:colcon.colcon_core.package_identification:_identify(.) by extension 'python_setup_py'
[0.313s] Level 1:colcon.colcon_core.package_identification:_identify(build) by extensions ['ignore', 'ignore_ament_install']
[0.313s] Level 1:colcon.colcon_core.package_identification:_identify(build) by extension 'ignore'
[0.314s] Level 1:colcon.colcon_core.package_identification:_identify(build) ignored
[0.314s] Level 1:colcon.colcon_core.package_identification:_identify(install) by extensions ['ignore', 'ignore_ament_install']
[0.314s] Level 1:colcon.colcon_core.package_identification:_identify(install) by extension 'ignore'
[0.314s] Level 1:colcon.colcon_core.package_identification:_identify(install) ignored
[0.314s] Level 1:colcon.colcon_core.package_identification:_identify(log) by extensions ['ignore', 'ignore_ament_install']
[0.314s] Level 1:colcon.colcon_core.package_identification:_identify(log) by extension 'ignore'
[0.314s] Level 1:colcon.colcon_core.package_identification:_identify(log) ignored
[0.314s] Level 1:colcon.colcon_core.package_identification:_identify(results) by extensions ['ignore', 'ignore_ament_install']
[0.315s] Level 1:colcon.colcon_core.package_identification:_identify(results) by extension 'ignore'
[0.315s] Level 1:colcon.colcon_core.package_identification:_identify(results) by extension 'ignore_ament_install'
[0.315s] Level 1:colcon.colcon_core.package_identification:_identify(results) by extensions ['colcon_pkg']
[0.315s] Level 1:colcon.colcon_core.package_identification:_identify(results) by extension 'colcon_pkg'
[0.315s] Level 1:colcon.colcon_core.package_identification:_identify(results) by extensions ['colcon_meta']
[0.315s] Level 1:colcon.colcon_core.package_identification:_identify(results) by extension 'colcon_meta'
[0.315s] Level 1:colcon.colcon_core.package_identification:_identify(results) by extensions ['ros']
[0.315s] Level 1:colcon.colcon_core.package_identification:_identify(results) by extension 'ros'
[0.315s] Level 1:colcon.colcon_core.package_identification:_identify(results) by extensions ['cmake', 'python']
[0.315s] Level 1:colcon.colcon_core.package_identification:_identify(results) by extension 'cmake'
[0.315s] Level 1:colcon.colcon_core.package_identification:_identify(results) by extension 'python'
[0.316s] Level 1:colcon.colcon_core.package_identification:_identify(results) by extensions ['python_setup_py']
[0.316s] Level 1:colcon.colcon_core.package_identification:_identify(results) by extension 'python_setup_py'
[0.316s] Level 1:colcon.colcon_core.package_identification:_identify(src) by extensions ['ignore', 'ignore_ament_install']
[0.316s] Level 1:colcon.colcon_core.package_identification:_identify(src) by extension 'ignore'
[0.316s] Level 1:colcon.colcon_core.package_identification:_identify(src) by extension 'ignore_ament_install'
[0.316s] Level 1:colcon.colcon_core.package_identification:_identify(src) by extensions ['colcon_pkg']
[0.316s] Level 1:colcon.colcon_core.package_identification:_identify(src) by extension 'colcon_pkg'
[0.316s] Level 1:colcon.colcon_core.package_identification:_identify(src) by extensions ['colcon_meta']
[0.316s] Level 1:colcon.colcon_core.package_identification:_identify(src) by extension 'colcon_meta'
[0.316s] Level 1:colcon.colcon_core.package_identification:_identify(src) by extensions ['ros']
[0.316s] Level 1:colcon.colcon_core.package_identification:_identify(src) by extension 'ros'
[0.317s] Level 1:colcon.colcon_core.package_identification:_identify(src) by extensions ['cmake', 'python']
[0.317s] Level 1:colcon.colcon_core.package_identification:_identify(src) by extension 'cmake'
[0.317s] Level 1:colcon.colcon_core.package_identification:_identify(src) by extension 'python'
[0.317s] Level 1:colcon.colcon_core.package_identification:_identify(src) by extensions ['python_setup_py']
[0.317s] Level 1:colcon.colcon_core.package_identification:_identify(src) by extension 'python_setup_py'
[0.317s] Level 1:colcon.colcon_core.package_identification:_identify(src/assignment_2) by extensions ['ignore', 'ignore_ament_install']
[0.317s] Level 1:colcon.colcon_core.package_identification:_identify(src/assignment_2) by extension 'ignore'
[0.317s] Level 1:colcon.colcon_core.package_identification:_identify(src/assignment_2) by extension 'ignore_ament_install'
[0.317s] Level 1:colcon.colcon_core.package_identification:_identify(src/assignment_2) by extensions ['colcon_pkg']
[0.317s] Level 1:colcon.colcon_core.package_identification:_identify(src/assignment_2) by extension 'colcon_pkg'
[0.317s] Level 1:colcon.colcon_core.package_identification:_identify(src/assignment_2) by extensions ['colcon_meta']
[0.318s] Level 1:colcon.colcon_core.package_identification:_identify(src/assignment_2) by extension 'colcon_meta'
[0.318s] Level 1:colcon.colcon_core.package_identification:_identify(src/assignment_2) by extensions ['ros']
[0.318s] Level 1:colcon.colcon_core.package_identification:_identify(src/assignment_2) by extension 'ros'
[0.322s] DEBUG:colcon.colcon_core.package_identification:Package 'src/assignment_2' with type 'ros.ament_cmake' and name 'assignment_2'
[0.322s] Level 1:colcon.colcon_core.package_identification:_identify(src/assignment_w10) by extensions ['ignore', 'ignore_ament_install']
[0.323s] Level 1:colcon.colcon_core.package_identification:_identify(src/assignment_w10) by extension 'ignore'
[0.323s] Level 1:colcon.colcon_core.package_identification:_identify(src/assignment_w10) by extension 'ignore_ament_install'
[0.323s] Level 1:colcon.colcon_core.package_identification:_identify(src/assignment_w10) by extensions ['colcon_pkg']
[0.323s] Level 1:colcon.colcon_core.package_identification:_identify(src/assignment_w10) by extension 'colcon_pkg'
[0.323s] Level 1:colcon.colcon_core.package_identification:_identify(src/assignment_w10) by extensions ['colcon_meta']
[0.323s] Level 1:colcon.colcon_core.package_identification:_identify(src/assignment_w10) by extension 'colcon_meta'
[0.323s] Level 1:colcon.colcon_core.package_identification:_identify(src/assignment_w10) by extensions ['ros']
[0.323s] Level 1:colcon.colcon_core.package_identification:_identify(src/assignment_w10) by extension 'ros'
[0.324s] DEBUG:colcon.colcon_core.package_identification:Package 'src/assignment_w10' with type 'ros.ament_cmake' and name 'assignment_w10'
[0.325s] Level 1:colcon.colcon_core.package_identification:_identify(src/cpp_parameters) by extensions ['ignore', 'ignore_ament_install']
[0.325s] Level 1:colcon.colcon_core.package_identification:_identify(src/cpp_parameters) by extension 'ignore'
[0.325s] Level 1:colcon.colcon_core.package_identification:_identify(src/cpp_parameters) by extension 'ignore_ament_install'
[0.325s] Level 1:colcon.colcon_core.package_identification:_identify(src/cpp_parameters) by extensions ['colcon_pkg']
[0.325s] Level 1:colcon.colcon_core.package_identification:_identify(src/cpp_parameters) by extension 'colcon_pkg'
[0.325s] Level 1:colcon.colcon_core.package_identification:_identify(src/cpp_parameters) by extensions ['colcon_meta']
[0.325s] Level 1:colcon.colcon_core.package_identification:_identify(src/cpp_parameters) by extension 'colcon_meta'
[0.325s] Level 1:colcon.colcon_core.package_identification:_identify(src/cpp_parameters) by extensions ['ros']
[0.325s] Level 1:colcon.colcon_core.package_identification:_identify(src/cpp_parameters) by extension 'ros'
[0.326s] DEBUG:colcon.colcon_core.package_identification:Package 'src/cpp_parameters' with type 'ros.ament_cmake' and name 'cpp_parameters'
[0.326s] Level 1:colcon.colcon_core.package_identification:_identify(src/cpp_pubsub) by extensions ['ignore', 'ignore_ament_install']
[0.327s] Level 1:colcon.colcon_core.package_identification:_identify(src/cpp_pubsub) by extension 'ignore'
[0.327s] Level 1:colcon.colcon_core.package_identification:_identify(src/cpp_pubsub) by extension 'ignore_ament_install'
[0.327s] Level 1:colcon.colcon_core.package_identification:_identify(src/cpp_pubsub) by extensions ['colcon_pkg']
[0.327s] Level 1:colcon.colcon_core.package_identification:_identify(src/cpp_pubsub) by extension 'colcon_pkg'
[0.327s] Level 1:colcon.colcon_core.package_identification:_identify(src/cpp_pubsub) by extensions ['colcon_meta']
[0.327s] Level 1:colcon.colcon_core.package_identification:_identify(src/cpp_pubsub) by extension 'colcon_meta'
[0.327s] Level 1:colcon.colcon_core.package_identification:_identify(src/cpp_pubsub) by extensions ['ros']
[0.327s] Level 1:colcon.colcon_core.package_identification:_identify(src/cpp_pubsub) by extension 'ros'
[0.328s] DEBUG:colcon.colcon_core.package_identification:Package 'src/cpp_pubsub' with type 'ros.ament_cmake' and name 'cpp_pubsub'
[0.329s] Level 1:colcon.colcon_core.package_identification:_identify(src/cpp_srvcli) by extensions ['ignore', 'ignore_ament_install']
[0.329s] Level 1:colcon.colcon_core.package_identification:_identify(src/cpp_srvcli) by extension 'ignore'
[0.329s] Level 1:colcon.colcon_core.package_identification:_identify(src/cpp_srvcli) by extension 'ignore_ament_install'
[0.329s] Level 1:colcon.colcon_core.package_identification:_identify(src/cpp_srvcli) by extensions ['colcon_pkg']
[0.329s] Level 1:colcon.colcon_core.package_identification:_identify(src/cpp_srvcli) by extension 'colcon_pkg'
[0.329s] Level 1:colcon.colcon_core.package_identification:_identify(src/cpp_srvcli) by extensions ['colcon_meta']
[0.329s] Level 1:colcon.colcon_core.package_identification:_identify(src/cpp_srvcli) by extension 'colcon_meta'
[0.329s] Level 1:colcon.colcon_core.package_identification:_identify(src/cpp_srvcli) by extensions ['ros']
[0.329s] Level 1:colcon.colcon_core.package_identification:_identify(src/cpp_srvcli) by extension 'ros'
[0.331s] DEBUG:colcon.colcon_core.package_identification:Package 'src/cpp_srvcli' with type 'ros.ament_cmake' and name 'cpp_srvcli'
[0.331s] Level 1:colcon.colcon_core.package_identification:_identify(src/more_interfaces) by extensions ['ignore', 'ignore_ament_install']
[0.331s] Level 1:colcon.colcon_core.package_identification:_identify(src/more_interfaces) by extension 'ignore'
[0.331s] Level 1:colcon.colcon_core.package_identification:_identify(src/more_interfaces) by extension 'ignore_ament_install'
[0.331s] Level 1:colcon.colcon_core.package_identification:_identify(src/more_interfaces) by extensions ['colcon_pkg']
[0.331s] Level 1:colcon.colcon_core.package_identification:_identify(src/more_interfaces) by extension 'colcon_pkg'
[0.331s] Level 1:colcon.colcon_core.package_identification:_identify(src/more_interfaces) by extensions ['colcon_meta']
[0.331s] Level 1:colcon.colcon_core.package_identification:_identify(src/more_interfaces) by extension 'colcon_meta'
[0.331s] Level 1:colcon.colcon_core.package_identification:_identify(src/more_interfaces) by extensions ['ros']
[0.332s] Level 1:colcon.colcon_core.package_identification:_identify(src/more_interfaces) by extension 'ros'
[0.332s] DEBUG:colcon.colcon_core.package_identification:Package 'src/more_interfaces' with type 'ros.ament_cmake' and name 'more_interfaces'
[0.333s] Level 1:colcon.colcon_core.package_identification:_identify(src/my_package) by extensions ['ignore', 'ignore_ament_install']
[0.333s] Level 1:colcon.colcon_core.package_identification:_identify(src/my_package) by extension 'ignore'
[0.333s] Level 1:colcon.colcon_core.package_identification:_identify(src/my_package) by extension 'ignore_ament_install'
[0.333s] Level 1:colcon.colcon_core.package_identification:_identify(src/my_package) by extensions ['colcon_pkg']
[0.333s] Level 1:colcon.colcon_core.package_identification:_identify(src/my_package) by extension 'colcon_pkg'
[0.333s] Level 1:colcon.colcon_core.package_identification:_identify(src/my_package) by extensions ['colcon_meta']
[0.333s] Level 1:colcon.colcon_core.package_identification:_identify(src/my_package) by extension 'colcon_meta'
[0.333s] Level 1:colcon.colcon_core.package_identification:_identify(src/my_package) by extensions ['ros']
[0.333s] Level 1:colcon.colcon_core.package_identification:_identify(src/my_package) by extension 'ros'
[0.334s] DEBUG:colcon.colcon_core.package_identification:Package 'src/my_package' with type 'ros.ament_cmake' and name 'my_package'
[0.334s] Level 1:colcon.colcon_core.package_identification:_identify(src/tutorial_interfaces) by extensions ['ignore', 'ignore_ament_install']
[0.334s] Level 1:colcon.colcon_core.package_identification:_identify(src/tutorial_interfaces) by extension 'ignore'
[0.334s] Level 1:colcon.colcon_core.package_identification:_identify(src/tutorial_interfaces) by extension 'ignore_ament_install'
[0.335s] Level 1:colcon.colcon_core.package_identification:_identify(src/tutorial_interfaces) by extensions ['colcon_pkg']
[0.335s] Level 1:colcon.colcon_core.package_identification:_identify(src/tutorial_interfaces) by extension 'colcon_pkg'
[0.335s] Level 1:colcon.colcon_core.package_identification:_identify(src/tutorial_interfaces) by extensions ['colcon_meta']
[0.335s] Level 1:colcon.colcon_core.package_identification:_identify(src/tutorial_interfaces) by extension 'colcon_meta'
[0.335s] Level 1:colcon.colcon_core.package_identification:_identify(src/tutorial_interfaces) by extensions ['ros']
[0.335s] Level 1:colcon.colcon_core.package_identification:_identify(src/tutorial_interfaces) by extension 'ros'
[0.336s] DEBUG:colcon.colcon_core.package_identification:Package 'src/tutorial_interfaces' with type 'ros.ament_cmake' and name 'tutorial_interfaces'
[0.336s] Level 1:colcon.colcon_core.package_discovery:discover_packages(recursive) using defaults
[0.336s] Level 1:colcon.colcon_core.package_discovery:discover_packages(ignore) discover
[0.336s] Level 1:colcon.colcon_core.package_discovery:discover_packages(ignore) using defaults
[0.336s] Level 1:colcon.colcon_core.package_discovery:discover_packages(path) discover
[0.336s] Level 1:colcon.colcon_core.package_discovery:discover_packages(path) using defaults
[0.411s] INFO:colcon.colcon_core.package_selection:Skipping not selected package 'assignment_2' in 'src/assignment_2'
[0.411s] INFO:colcon.colcon_core.package_selection:Skipping not selected package 'cpp_parameters' in 'src/cpp_parameters'
[0.411s] INFO:colcon.colcon_core.package_selection:Skipping not selected package 'cpp_srvcli' in 'src/cpp_srvcli'
[0.411s] INFO:colcon.colcon_core.package_selection:Skipping not selected package 'more_interfaces' in 'src/more_interfaces'
[0.411s] INFO:colcon.colcon_core.package_selection:Skipping not selected package 'my_package' in 'src/my_package'
[0.411s] INFO:colcon.colcon_core.package_selection:Skipping not selected package 'tutorial_interfaces' in 'src/tutorial_interfaces'
[0.411s] INFO:colcon.colcon_core.package_selection:Skipping not selected package 'cpp_pubsub' in 'src/cpp_pubsub'
[0.413s] Level 1:colcon.colcon_core.package_discovery:discover_packages(prefix_path) check parameters
[0.413s] Level 1:colcon.colcon_core.package_discovery:discover_packages(prefix_path) discover
[0.462s] DEBUG:colcon.colcon_installed_package_information.package_discovery:Found 340 installed packages in /home/fierra/ros2_humble/install
[0.467s] Level 1:colcon.colcon_core.package_discovery:discover_packages(prefix_path) using defaults
[0.519s] Level 5:colcon.colcon_core.verb:set package 'assignment_w10' build argument 'cmake_args' from command line to 'None'
[0.519s] Level 5:colcon.colcon_core.verb:set package 'assignment_w10' build argument 'cmake_target' from command line to 'None'
[0.519s] Level 5:colcon.colcon_core.verb:set package 'assignment_w10' build argument 'cmake_target_skip_unavailable' from command line to 'False'
[0.519s] Level 5:colcon.colcon_core.verb:set package 'assignment_w10' build argument 'cmake_clean_cache' from command line to 'False'
[0.519s] Level 5:colcon.colcon_core.verb:set package 'assignment_w10' build argument 'cmake_clean_first' from command line to 'False'
[0.519s] Level 5:colcon.colcon_core.verb:set package 'assignment_w10' build argument 'cmake_force_configure' from command line to 'False'
[0.519s] Level 5:colcon.colcon_core.verb:set package 'assignment_w10' build argument 'ament_cmake_args' from command line to 'None'
[0.519s] Level 5:colcon.colcon_core.verb:set package 'assignment_w10' build argument 'catkin_cmake_args' from command line to 'None'
[0.519s] Level 5:colcon.colcon_core.verb:set package 'assignment_w10' build argument 'catkin_skip_building_tests' from command line to 'False'
[0.520s] DEBUG:colcon.colcon_core.verb:Building package 'assignment_w10' with the following arguments: {'ament_cmake_args': None, 'build_base': '/home/fierra/beginner_tutuorial/build/assignment_w10', 'catkin_cmake_args': None, 'catkin_skip_building_tests': False, 'cmake_args': None, 'cmake_clean_cache': False, 'cmake_clean_first': False, 'cmake_force_configure': False, 'cmake_target': None, 'cmake_target_skip_unavailable': False, 'install_base': '/home/fierra/beginner_tutuorial/install/assignment_w10', 'merge_install': False, 'path': '/home/fierra/beginner_tutuorial/src/assignment_w10', 'symlink_install': False, 'test_result_base': None}
[0.522s] INFO:colcon.colcon_core.executor:Executing jobs using 'parallel' executor
[0.538s] DEBUG:colcon.colcon_parallel_executor.executor.parallel:run_until_complete
[0.538s] INFO:colcon.colcon_ros.task.ament_cmake.build:Building ROS package in '/home/fierra/beginner_tutuorial/src/assignment_w10' with build type 'ament_cmake'
[0.538s] INFO:colcon.colcon_cmake.task.cmake.build:Building CMake package in '/home/fierra/beginner_tutuorial/src/assignment_w10'
[0.554s] INFO:colcon.colcon_core.plugin_system:Skipping extension 'colcon_core.shell.bat': Not used on non-Windows systems
[0.554s] INFO:colcon.colcon_core.shell:Skip shell extension 'powershell' for command environment: Not usable outside of PowerShell
[0.554s] DEBUG:colcon.colcon_core.shell:Skip shell extension 'dsv' for command environment
[0.625s] DEBUG:colcon.colcon_core.event_handler.log_command:Invoking command in '/home/fierra/beginner_tutuorial/build/assignment_w10': CMAKE_PREFIX_PATH=${CMAKE_PREFIX_PATH}:/home/fierra/ros2_humble/install/rqt_bag_plugins:/home/fierra/ros2_humble/install/rqt_bag:/home/fierra/ros2_humble/install/ros2bag:/home/fierra/ros2_humble/install/tracetools_test:/home/fierra/ros2_humble/install/tracetools_launch:/home/fierra/ros2_humble/install/topic_monitor:/home/fierra/ros2_humble/install/tf2_tools:/home/fierra/ros2_humble/install/examples_tf2_py:/home/fierra/ros2_humble/install/tf2_ros_py:/home/fierra/ros2_humble/install/sros2:/home/fierra/ros2_humble/install/rqt_topic:/home/fierra/ros2_humble/install/rqt_srv:/home/fierra/ros2_humble/install/rqt_shell:/home/fierra/ros2_humble/install/rqt_service_caller:/home/fierra/ros2_humble/install/rqt_reconfigure:/home/fierra/ros2_humble/install/rqt_py_console:/home/fierra/ros2_humble/install/rqt_publisher:/home/fierra/ros2_humble/install/rqt_plot:/home/fierra/ros2_humble/install/rqt_action:/home/fierra/ros2_humble/install/rqt_msg:/home/fierra/ros2_humble/install/rqt_console:/home/fierra/ros2_humble/install/rqt:/home/fierra/ros2_humble/install/rqt_graph:/home/fierra/ros2_humble/install/rqt_gui_py:/home/fierra/ros2_humble/install/rqt_gui:/home/fierra/ros2_humble/install/ros2trace:/home/fierra/ros2_humble/install/ros2topic:/home/fierra/ros2_humble/install/ros2test:/home/fierra/ros2_humble/install/ros2component:/home/fierra/ros2_humble/install/ros2param:/home/fierra/ros2_humble/install/ros2lifecycle:/home/fierra/ros2_humble/install/ros2service:/home/fierra/ros2_humble/install/ros2run:/home/fierra/ros2_humble/install/ros2launch:/home/fierra/ros2_humble/install/ros2pkg:/home/fierra/ros2_humble/install/ros2node:/home/fierra/ros2_humble/install/ros2multicast:/home/fierra/ros2_humble/install/ros2interface:/home/fierra/ros2_humble/install/ros2doctor:/home/fierra/ros2_humble/install/ros2action:/home/fierra/ros2_humble/install/ros2cli:/home/fierra/ros2_humble/install/quality_of_service_demo_py:/home/fierra/ros2_humble/install/lifecycle_py:/home/fierra/ros2_humble/install/launch_testing_ros:/home/fierra/ros2_humble/install/launch_ros:/home/fierra/ros2_humble/install/examples_rclpy_pointcloud_publisher:/home/fierra/ros2_humble/install/examples_rclpy_minimal_subscriber:/home/fierra/ros2_humble/install/examples_rclpy_minimal_service:/home/fierra/ros2_humble/install/examples_rclpy_minimal_publisher:/home/fierra/ros2_humble/install/examples_rclpy_minimal_client:/home/fierra/ros2_humble/install/examples_rclpy_minimal_action_server:/home/fierra/ros2_humble/install/examples_rclpy_minimal_action_client:/home/fierra/ros2_humble/install/examples_rclpy_guard_conditions:/home/fierra/ros2_humble/install/examples_rclpy_executors:/home/fierra/ros2_humble/install/demo_nodes_py:/home/fierra/ros2_humble/install/action_tutorials_py:/home/fierra/ros2_humble/install/ament_uncrustify:/home/fierra/ros2_humble/install/tracetools_trace:/home/fierra/ros2_humble/install/tracetools_read:/home/fierra/ros2_humble/install/test_tracetools_launch:/home/fierra/ros2_humble/install/test_launch_ros:/home/fierra/ros2_humble/install/sensor_msgs_py:/home/fierra/ros2_humble/install/rpyutils:/home/fierra/ros2_humble/install/rosidl_runtime_py:/home/fierra/ros2_humble/install/rosidl_cli:/home/fierra/ros2_humble/install/launch_pytest:/home/fierra/ros2_humble/install/launch_testing:/home/fierra/ros2_humble/install/launch_yaml:/home/fierra/ros2_humble/install/launch_xml:/home/fierra/ros2_humble/install/launch:/home/fierra/ros2_humble/install/osrf_pycommon:/home/fierra/ros2_humble/install/launch_testing_examples:/home/fierra/ros2_humble/install/domain_coordinator:/home/fierra/ros2_humble/install/ament_xmllint:/home/fierra/ros2_humble/install/ament_pyflakes:/home/fierra/ros2_humble/install/ament_pycodestyle:/home/fierra/ros2_humble/install/ament_pep257:/home/fierra/ros2_humble/install/ament_pclint:/home/fierra/ros2_humble/install/ament_package:/home/fierra/ros2_humble/install/ament_mypy:/home/fierra/ros2_humble/install/ament_lint_cmake:/home/fierra/ros2_humble/install/ament_flake8:/home/fierra/ros2_humble/install/ament_copyright:/home/fierra/ros2_humble/install/ament_lint:/home/fierra/ros2_humble/install/ament_index_python:/home/fierra/ros2_humble/install/ament_cpplint:/home/fierra/ros2_humble/install/ament_cppcheck:/home/fierra/ros2_humble/install/ament_clang_tidy:/home/fierra/ros2_humble/install/ament_clang_format /usr/bin/cmake /home/fierra/beginner_tutuorial/src/assignment_w10 -DCMAKE_INSTALL_PREFIX=/home/fierra/beginner_tutuorial/install/assignment_w10
[16.486s] DEBUG:colcon.colcon_core.event_handler.log_command:Invoked command in '/home/fierra/beginner_tutuorial/build/assignment_w10' returned '0': CMAKE_PREFIX_PATH=${CMAKE_PREFIX_PATH}:/home/fierra/ros2_humble/install/rqt_bag_plugins:/home/fierra/ros2_humble/install/rqt_bag:/home/fierra/ros2_humble/install/ros2bag:/home/fierra/ros2_humble/install/tracetools_test:/home/fierra/ros2_humble/install/tracetools_launch:/home/fierra/ros2_humble/install/topic_monitor:/home/fierra/ros2_humble/install/tf2_tools:/home/fierra/ros2_humble/install/examples_tf2_py:/home/fierra/ros2_humble/install/tf2_ros_py:/home/fierra/ros2_humble/install/sros2:/home/fierra/ros2_humble/install/rqt_topic:/home/fierra/ros2_humble/install/rqt_srv:/home/fierra/ros2_humble/install/rqt_shell:/home/fierra/ros2_humble/install/rqt_service_caller:/home/fierra/ros2_humble/install/rqt_reconfigure:/home/fierra/ros2_humble/install/rqt_py_console:/home/fierra/ros2_humble/install/rqt_publisher:/home/fierra/ros2_humble/install/rqt_plot:/home/fierra/ros2_humble/install/rqt_action:/home/fierra/ros2_humble/install/rqt_msg:/home/fierra/ros2_humble/install/rqt_console:/home/fierra/ros2_humble/install/rqt:/home/fierra/ros2_humble/install/rqt_graph:/home/fierra/ros2_humble/install/rqt_gui_py:/home/fierra/ros2_humble/install/rqt_gui:/home/fierra/ros2_humble/install/ros2trace:/home/fierra/ros2_humble/install/ros2topic:/home/fierra/ros2_humble/install/ros2test:/home/fierra/ros2_humble/install/ros2component:/home/fierra/ros2_humble/install/ros2param:/home/fierra/ros2_humble/install/ros2lifecycle:/home/fierra/ros2_humble/install/ros2service:/home/fierra/ros2_humble/install/ros2run:/home/fierra/ros2_humble/install/ros2launch:/home/fierra/ros2_humble/install/ros2pkg:/home/fierra/ros2_humble/install/ros2node:/home/fierra/ros2_humble/install/ros2multicast:/home/fierra/ros2_humble/install/ros2interface:/home/fierra/ros2_humble/install/ros2doctor:/home/fierra/ros2_humble/install/ros2action:/home/fierra/ros2_humble/install/ros2cli:/home/fierra/ros2_humble/install/quality_of_service_demo_py:/home/fierra/ros2_humble/install/lifecycle_py:/home/fierra/ros2_humble/install/launch_testing_ros:/home/fierra/ros2_humble/install/launch_ros:/home/fierra/ros2_humble/install/examples_rclpy_pointcloud_publisher:/home/fierra/ros2_humble/install/examples_rclpy_minimal_subscriber:/home/fierra/ros2_humble/install/examples_rclpy_minimal_service:/home/fierra/ros2_humble/install/examples_rclpy_minimal_publisher:/home/fierra/ros2_humble/install/examples_rclpy_minimal_client:/home/fierra/ros2_humble/install/examples_rclpy_minimal_action_server:/home/fierra/ros2_humble/install/examples_rclpy_minimal_action_client:/home/fierra/ros2_humble/install/examples_rclpy_guard_conditions:/home/fierra/ros2_humble/install/examples_rclpy_executors:/home/fierra/ros2_humble/install/demo_nodes_py:/home/fierra/ros2_humble/install/action_tutorials_py:/home/fierra/ros2_humble/install/ament_uncrustify:/home/fierra/ros2_humble/install/tracetools_trace:/home/fierra/ros2_humble/install/tracetools_read:/home/fierra/ros2_humble/install/test_tracetools_launch:/home/fierra/ros2_humble/install/test_launch_ros:/home/fierra/ros2_humble/install/sensor_msgs_py:/home/fierra/ros2_humble/install/rpyutils:/home/fierra/ros2_humble/install/rosidl_runtime_py:/home/fierra/ros2_humble/install/rosidl_cli:/home/fierra/ros2_humble/install/launch_pytest:/home/fierra/ros2_humble/install/launch_testing:/home/fierra/ros2_humble/install/launch_yaml:/home/fierra/ros2_humble/install/launch_xml:/home/fierra/ros2_humble/install/launch:/home/fierra/ros2_humble/install/osrf_pycommon:/home/fierra/ros2_humble/install/launch_testing_examples:/home/fierra/ros2_humble/install/domain_coordinator:/home/fierra/ros2_humble/install/ament_xmllint:/home/fierra/ros2_humble/install/ament_pyflakes:/home/fierra/ros2_humble/install/ament_pycodestyle:/home/fierra/ros2_humble/install/ament_pep257:/home/fierra/ros2_humble/install/ament_pclint:/home/fierra/ros2_humble/install/ament_package:/home/fierra/ros2_humble/install/ament_mypy:/home/fierra/ros2_humble/install/ament_lint_cmake:/home/fierra/ros2_humble/install/ament_flake8:/home/fierra/ros2_humble/install/ament_copyright:/home/fierra/ros2_humble/install/ament_lint:/home/fierra/ros2_humble/install/ament_index_python:/home/fierra/ros2_humble/install/ament_cpplint:/home/fierra/ros2_humble/install/ament_cppcheck:/home/fierra/ros2_humble/install/ament_clang_tidy:/home/fierra/ros2_humble/install/ament_clang_format /usr/bin/cmake /home/fierra/beginner_tutuorial/src/assignment_w10 -DCMAKE_INSTALL_PREFIX=/home/fierra/beginner_tutuorial/install/assignment_w10
[16.492s] DEBUG:colcon.colcon_core.event_handler.log_command:Invoking command in '/home/fierra/beginner_tutuorial/build/assignment_w10': CMAKE_PREFIX_PATH=${CMAKE_PREFIX_PATH}:/home/fierra/ros2_humble/install/rqt_bag_plugins:/home/fierra/ros2_humble/install/rqt_bag:/home/fierra/ros2_humble/install/ros2bag:/home/fierra/ros2_humble/install/tracetools_test:/home/fierra/ros2_humble/install/tracetools_launch:/home/fierra/ros2_humble/install/topic_monitor:/home/fierra/ros2_humble/install/tf2_tools:/home/fierra/ros2_humble/install/examples_tf2_py:/home/fierra/ros2_humble/install/tf2_ros_py:/home/fierra/ros2_humble/install/sros2:/home/fierra/ros2_humble/install/rqt_topic:/home/fierra/ros2_humble/install/rqt_srv:/home/fierra/ros2_humble/install/rqt_shell:/home/fierra/ros2_humble/install/rqt_service_caller:/home/fierra/ros2_humble/install/rqt_reconfigure:/home/fierra/ros2_humble/install/rqt_py_console:/home/fierra/ros2_humble/install/rqt_publisher:/home/fierra/ros2_humble/install/rqt_plot:/home/fierra/ros2_humble/install/rqt_action:/home/fierra/ros2_humble/install/rqt_msg:/home/fierra/ros2_humble/install/rqt_console:/home/fierra/ros2_humble/install/rqt:/home/fierra/ros2_humble/install/rqt_graph:/home/fierra/ros2_humble/install/rqt_gui_py:/home/fierra/ros2_humble/install/rqt_gui:/home/fierra/ros2_humble/install/ros2trace:/home/fierra/ros2_humble/install/ros2topic:/home/fierra/ros2_humble/install/ros2test:/home/fierra/ros2_humble/install/ros2component:/home/fierra/ros2_humble/install/ros2param:/home/fierra/ros2_humble/install/ros2lifecycle:/home/fierra/ros2_humble/install/ros2service:/home/fierra/ros2_humble/install/ros2run:/home/fierra/ros2_humble/install/ros2launch:/home/fierra/ros2_humble/install/ros2pkg:/home/fierra/ros2_humble/install/ros2node:/home/fierra/ros2_humble/install/ros2multicast:/home/fierra/ros2_humble/install/ros2interface:/home/fierra/ros2_humble/install/ros2doctor:/home/fierra/ros2_humble/install/ros2action:/home/fierra/ros2_humble/install/ros2cli:/home/fierra/ros2_humble/install/quality_of_service_demo_py:/home/fierra/ros2_humble/install/lifecycle_py:/home/fierra/ros2_humble/install/launch_testing_ros:/home/fierra/ros2_humble/install/launch_ros:/home/fierra/ros2_humble/install/examples_rclpy_pointcloud_publisher:/home/fierra/ros2_humble/install/examples_rclpy_minimal_subscriber:/home/fierra/ros2_humble/install/examples_rclpy_minimal_service:/home/fierra/ros2_humble/install/examples_rclpy_minimal_publisher:/home/fierra/ros2_humble/install/examples_rclpy_minimal_client:/home/fierra/ros2_humble/install/examples_rclpy_minimal_action_server:/home/fierra/ros2_humble/install/examples_rclpy_minimal_action_client:/home/fierra/ros2_humble/install/examples_rclpy_guard_conditions:/home/fierra/ros2_humble/install/examples_rclpy_executors:/home/fierra/ros2_humble/install/demo_nodes_py:/home/fierra/ros2_humble/install/action_tutorials_py:/home/fierra/ros2_humble/install/ament_uncrustify:/home/fierra/ros2_humble/install/tracetools_trace:/home/fierra/ros2_humble/install/tracetools_read:/home/fierra/ros2_humble/install/test_tracetools_launch:/home/fierra/ros2_humble/install/test_launch_ros:/home/fierra/ros2_humble/install/sensor_msgs_py:/home/fierra/ros2_humble/install/rpyutils:/home/fierra/ros2_humble/install/rosidl_runtime_py:/home/fierra/ros2_humble/install/rosidl_cli:/home/fierra/ros2_humble/install/launch_pytest:/home/fierra/ros2_humble/install/launch_testing:/home/fierra/ros2_humble/install/launch_yaml:/home/fierra/ros2_humble/install/launch_xml:/home/fierra/ros2_humble/install/launch:/home/fierra/ros2_humble/install/osrf_pycommon:/home/fierra/ros2_humble/install/launch_testing_examples:/home/fierra/ros2_humble/install/domain_coordinator:/home/fierra/ros2_humble/install/ament_xmllint:/home/fierra/ros2_humble/install/ament_pyflakes:/home/fierra/ros2_humble/install/ament_pycodestyle:/home/fierra/ros2_humble/install/ament_pep257:/home/fierra/ros2_humble/install/ament_pclint:/home/fierra/ros2_humble/install/ament_package:/home/fierra/ros2_humble/install/ament_mypy:/home/fierra/ros2_humble/install/ament_lint_cmake:/home/fierra/ros2_humble/install/ament_flake8:/home/fierra/ros2_humble/install/ament_copyright:/home/fierra/ros2_humble/install/ament_lint:/home/fierra/ros2_humble/install/ament_index_python:/home/fierra/ros2_humble/install/ament_cpplint:/home/fierra/ros2_humble/install/ament_cppcheck:/home/fierra/ros2_humble/install/ament_clang_tidy:/home/fierra/ros2_humble/install/ament_clang_format /usr/bin/cmake --build /home/fierra/beginner_tutuorial/build/assignment_w10 -- -j8 -l8
[38.774s] DEBUG:colcon.colcon_core.event_handler.log_command:Invoked command in '/home/fierra/beginner_tutuorial/build/assignment_w10' returned '0': CMAKE_PREFIX_PATH=${CMAKE_PREFIX_PATH}:/home/fierra/ros2_humble/install/rqt_bag_plugins:/home/fierra/ros2_humble/install/rqt_bag:/home/fierra/ros2_humble/install/ros2bag:/home/fierra/ros2_humble/install/tracetools_test:/home/fierra/ros2_humble/install/tracetools_launch:/home/fierra/ros2_humble/install/topic_monitor:/home/fierra/ros2_humble/install/tf2_tools:/home/fierra/ros2_humble/install/examples_tf2_py:/home/fierra/ros2_humble/install/tf2_ros_py:/home/fierra/ros2_humble/install/sros2:/home/fierra/ros2_humble/install/rqt_topic:/home/fierra/ros2_humble/install/rqt_srv:/home/fierra/ros2_humble/install/rqt_shell:/home/fierra/ros2_humble/install/rqt_service_caller:/home/fierra/ros2_humble/install/rqt_reconfigure:/home/fierra/ros2_humble/install/rqt_py_console:/home/fierra/ros2_humble/install/rqt_publisher:/home/fierra/ros2_humble/install/rqt_plot:/home/fierra/ros2_humble/install/rqt_action:/home/fierra/ros2_humble/install/rqt_msg:/home/fierra/ros2_humble/install/rqt_console:/home/fierra/ros2_humble/install/rqt:/home/fierra/ros2_humble/install/rqt_graph:/home/fierra/ros2_humble/install/rqt_gui_py:/home/fierra/ros2_humble/install/rqt_gui:/home/fierra/ros2_humble/install/ros2trace:/home/fierra/ros2_humble/install/ros2topic:/home/fierra/ros2_humble/install/ros2test:/home/fierra/ros2_humble/install/ros2component:/home/fierra/ros2_humble/install/ros2param:/home/fierra/ros2_humble/install/ros2lifecycle:/home/fierra/ros2_humble/install/ros2service:/home/fierra/ros2_humble/install/ros2run:/home/fierra/ros2_humble/install/ros2launch:/home/fierra/ros2_humble/install/ros2pkg:/home/fierra/ros2_humble/install/ros2node:/home/fierra/ros2_humble/install/ros2multicast:/home/fierra/ros2_humble/install/ros2interface:/home/fierra/ros2_humble/install/ros2doctor:/home/fierra/ros2_humble/install/ros2action:/home/fierra/ros2_humble/install/ros2cli:/home/fierra/ros2_humble/install/quality_of_service_demo_py:/home/fierra/ros2_humble/install/lifecycle_py:/home/fierra/ros2_humble/install/launch_testing_ros:/home/fierra/ros2_humble/install/launch_ros:/home/fierra/ros2_humble/install/examples_rclpy_pointcloud_publisher:/home/fierra/ros2_humble/install/examples_rclpy_minimal_subscriber:/home/fierra/ros2_humble/install/examples_rclpy_minimal_service:/home/fierra/ros2_humble/install/examples_rclpy_minimal_publisher:/home/fierra/ros2_humble/install/examples_rclpy_minimal_client:/home/fierra/ros2_humble/install/examples_rclpy_minimal_action_server:/home/fierra/ros2_humble/install/examples_rclpy_minimal_action_client:/home/fierra/ros2_humble/install/examples_rclpy_guard_conditions:/home/fierra/ros2_humble/install/examples_rclpy_executors:/home/fierra/ros2_humble/install/demo_nodes_py:/home/fierra/ros2_humble/install/action_tutorials_py:/home/fierra/ros2_humble/install/ament_uncrustify:/home/fierra/ros2_humble/install/tracetools_trace:/home/fierra/ros2_humble/install/tracetools_read:/home/fierra/ros2_humble/install/test_tracetools_launch:/home/fierra/ros2_humble/install/test_launch_ros:/home/fierra/ros2_humble/install/sensor_msgs_py:/home/fierra/ros2_humble/install/rpyutils:/home/fierra/ros2_humble/install/rosidl_runtime_py:/home/fierra/ros2_humble/install/rosidl_cli:/home/fierra/ros2_humble/install/launch_pytest:/home/fierra/ros2_humble/install/launch_testing:/home/fierra/ros2_humble/install/launch_yaml:/home/fierra/ros2_humble/install/launch_xml:/home/fierra/ros2_humble/install/launch:/home/fierra/ros2_humble/install/osrf_pycommon:/home/fierra/ros2_humble/install/launch_testing_examples:/home/fierra/ros2_humble/install/domain_coordinator:/home/fierra/ros2_humble/install/ament_xmllint:/home/fierra/ros2_humble/install/ament_pyflakes:/home/fierra/ros2_humble/install/ament_pycodestyle:/home/fierra/ros2_humble/install/ament_pep257:/home/fierra/ros2_humble/install/ament_pclint:/home/fierra/ros2_humble/install/ament_package:/home/fierra/ros2_humble/install/ament_mypy:/home/fierra/ros2_humble/install/ament_lint_cmake:/home/fierra/ros2_humble/install/ament_flake8:/home/fierra/ros2_humble/install/ament_copyright:/home/fierra/ros2_humble/install/ament_lint:/home/fierra/ros2_humble/install/ament_index_python:/home/fierra/ros2_humble/install/ament_cpplint:/home/fierra/ros2_humble/install/ament_cppcheck:/home/fierra/ros2_humble/install/ament_clang_tidy:/home/fierra/ros2_humble/install/ament_clang_format /usr/bin/cmake --build /home/fierra/beginner_tutuorial/build/assignment_w10 -- -j8 -l8
[39.289s] DEBUG:colcon.colcon_core.event_handler.log_command:Invoking command in '/home/fierra/beginner_tutuorial/build/assignment_w10': CMAKE_PREFIX_PATH=${CMAKE_PREFIX_PATH}:/home/fierra/ros2_humble/install/rqt_bag_plugins:/home/fierra/ros2_humble/install/rqt_bag:/home/fierra/ros2_humble/install/ros2bag:/home/fierra/ros2_humble/install/tracetools_test:/home/fierra/ros2_humble/install/tracetools_launch:/home/fierra/ros2_humble/install/topic_monitor:/home/fierra/ros2_humble/install/tf2_tools:/home/fierra/ros2_humble/install/examples_tf2_py:/home/fierra/ros2_humble/install/tf2_ros_py:/home/fierra/ros2_humble/install/sros2:/home/fierra/ros2_humble/install/rqt_topic:/home/fierra/ros2_humble/install/rqt_srv:/home/fierra/ros2_humble/install/rqt_shell:/home/fierra/ros2_humble/install/rqt_service_caller:/home/fierra/ros2_humble/install/rqt_reconfigure:/home/fierra/ros2_humble/install/rqt_py_console:/home/fierra/ros2_humble/install/rqt_publisher:/home/fierra/ros2_humble/install/rqt_plot:/home/fierra/ros2_humble/install/rqt_action:/home/fierra/ros2_humble/install/rqt_msg:/home/fierra/ros2_humble/install/rqt_console:/home/fierra/ros2_humble/install/rqt:/home/fierra/ros2_humble/install/rqt_graph:/home/fierra/ros2_humble/install/rqt_gui_py:/home/fierra/ros2_humble/install/rqt_gui:/home/fierra/ros2_humble/install/ros2trace:/home/fierra/ros2_humble/install/ros2topic:/home/fierra/ros2_humble/install/ros2test:/home/fierra/ros2_humble/install/ros2component:/home/fierra/ros2_humble/install/ros2param:/home/fierra/ros2_humble/install/ros2lifecycle:/home/fierra/ros2_humble/install/ros2service:/home/fierra/ros2_humble/install/ros2run:/home/fierra/ros2_humble/install/ros2launch:/home/fierra/ros2_humble/install/ros2pkg:/home/fierra/ros2_humble/install/ros2node:/home/fierra/ros2_humble/install/ros2multicast:/home/fierra/ros2_humble/install/ros2interface:/home/fierra/ros2_humble/install/ros2doctor:/home/fierra/ros2_humble/install/ros2action:/home/fierra/ros2_humble/install/ros2cli:/home/fierra/ros2_humble/install/quality_of_service_demo_py:/home/fierra/ros2_humble/install/lifecycle_py:/home/fierra/ros2_humble/install/launch_testing_ros:/home/fierra/ros2_humble/install/launch_ros:/home/fierra/ros2_humble/install/examples_rclpy_pointcloud_publisher:/home/fierra/ros2_humble/install/examples_rclpy_minimal_subscriber:/home/fierra/ros2_humble/install/examples_rclpy_minimal_service:/home/fierra/ros2_humble/install/examples_rclpy_minimal_publisher:/home/fierra/ros2_humble/install/examples_rclpy_minimal_client:/home/fierra/ros2_humble/install/examples_rclpy_minimal_action_server:/home/fierra/ros2_humble/install/examples_rclpy_minimal_action_client:/home/fierra/ros2_humble/install/examples_rclpy_guard_conditions:/home/fierra/ros2_humble/install/examples_rclpy_executors:/home/fierra/ros2_humble/install/demo_nodes_py:/home/fierra/ros2_humble/install/action_tutorials_py:/home/fierra/ros2_humble/install/ament_uncrustify:/home/fierra/ros2_humble/install/tracetools_trace:/home/fierra/ros2_humble/install/tracetools_read:/home/fierra/ros2_humble/install/test_tracetools_launch:/home/fierra/ros2_humble/install/test_launch_ros:/home/fierra/ros2_humble/install/sensor_msgs_py:/home/fierra/ros2_humble/install/rpyutils:/home/fierra/ros2_humble/install/rosidl_runtime_py:/home/fierra/ros2_humble/install/rosidl_cli:/home/fierra/ros2_humble/install/launch_pytest:/home/fierra/ros2_humble/install/launch_testing:/home/fierra/ros2_humble/install/launch_yaml:/home/fierra/ros2_humble/install/launch_xml:/home/fierra/ros2_humble/install/launch:/home/fierra/ros2_humble/install/osrf_pycommon:/home/fierra/ros2_humble/install/launch_testing_examples:/home/fierra/ros2_humble/install/domain_coordinator:/home/fierra/ros2_humble/install/ament_xmllint:/home/fierra/ros2_humble/install/ament_pyflakes:/home/fierra/ros2_humble/install/ament_pycodestyle:/home/fierra/ros2_humble/install/ament_pep257:/home/fierra/ros2_humble/install/ament_pclint:/home/fierra/ros2_humble/install/ament_package:/home/fierra/ros2_humble/install/ament_mypy:/home/fierra/ros2_humble/install/ament_lint_cmake:/home/fierra/ros2_humble/install/ament_flake8:/home/fierra/ros2_humble/install/ament_copyright:/home/fierra/ros2_humble/install/ament_lint:/home/fierra/ros2_humble/install/ament_index_python:/home/fierra/ros2_humble/install/ament_cpplint:/home/fierra/ros2_humble/install/ament_cppcheck:/home/fierra/ros2_humble/install/ament_clang_tidy:/home/fierra/ros2_humble/install/ament_clang_format /usr/bin/cmake --install /home/fierra/beginner_tutuorial/build/assignment_w10
[40.087s] Level 1:colcon.colcon_core.environment:create_environment_scripts_only(assignment_w10)
[40.089s] DEBUG:colcon.colcon_core.event_handler.log_command:Invoked command in '/home/fierra/beginner_tutuorial/build/assignment_w10' returned '0': CMAKE_PREFIX_PATH=${CMAKE_PREFIX_PATH}:/home/fierra/ros2_humble/install/rqt_bag_plugins:/home/fierra/ros2_humble/install/rqt_bag:/home/fierra/ros2_humble/install/ros2bag:/home/fierra/ros2_humble/install/tracetools_test:/home/fierra/ros2_humble/install/tracetools_launch:/home/fierra/ros2_humble/install/topic_monitor:/home/fierra/ros2_humble/install/tf2_tools:/home/fierra/ros2_humble/install/examples_tf2_py:/home/fierra/ros2_humble/install/tf2_ros_py:/home/fierra/ros2_humble/install/sros2:/home/fierra/ros2_humble/install/rqt_topic:/home/fierra/ros2_humble/install/rqt_srv:/home/fierra/ros2_humble/install/rqt_shell:/home/fierra/ros2_humble/install/rqt_service_caller:/home/fierra/ros2_humble/install/rqt_reconfigure:/home/fierra/ros2_humble/install/rqt_py_console:/home/fierra/ros2_humble/install/rqt_publisher:/home/fierra/ros2_humble/install/rqt_plot:/home/fierra/ros2_humble/install/rqt_action:/home/fierra/ros2_humble/install/rqt_msg:/home/fierra/ros2_humble/install/rqt_console:/home/fierra/ros2_humble/install/rqt:/home/fierra/ros2_humble/install/rqt_graph:/home/fierra/ros2_humble/install/rqt_gui_py:/home/fierra/ros2_humble/install/rqt_gui:/home/fierra/ros2_humble/install/ros2trace:/home/fierra/ros2_humble/install/ros2topic:/home/fierra/ros2_humble/install/ros2test:/home/fierra/ros2_humble/install/ros2component:/home/fierra/ros2_humble/install/ros2param:/home/fierra/ros2_humble/install/ros2lifecycle:/home/fierra/ros2_humble/install/ros2service:/home/fierra/ros2_humble/install/ros2run:/home/fierra/ros2_humble/install/ros2launch:/home/fierra/ros2_humble/install/ros2pkg:/home/fierra/ros2_humble/install/ros2node:/home/fierra/ros2_humble/install/ros2multicast:/home/fierra/ros2_humble/install/ros2interface:/home/fierra/ros2_humble/install/ros2doctor:/home/fierra/ros2_humble/install/ros2action:/home/fierra/ros2_humble/install/ros2cli:/home/fierra/ros2_humble/install/quality_of_service_demo_py:/home/fierra/ros2_humble/install/lifecycle_py:/home/fierra/ros2_humble/install/launch_testing_ros:/home/fierra/ros2_humble/install/launch_ros:/home/fierra/ros2_humble/install/examples_rclpy_pointcloud_publisher:/home/fierra/ros2_humble/install/examples_rclpy_minimal_subscriber:/home/fierra/ros2_humble/install/examples_rclpy_minimal_service:/home/fierra/ros2_humble/install/examples_rclpy_minimal_publisher:/home/fierra/ros2_humble/install/examples_rclpy_minimal_client:/home/fierra/ros2_humble/install/examples_rclpy_minimal_action_server:/home/fierra/ros2_humble/install/examples_rclpy_minimal_action_client:/home/fierra/ros2_humble/install/examples_rclpy_guard_conditions:/home/fierra/ros2_humble/install/examples_rclpy_executors:/home/fierra/ros2_humble/install/demo_nodes_py:/home/fierra/ros2_humble/install/action_tutorials_py:/home/fierra/ros2_humble/install/ament_uncrustify:/home/fierra/ros2_humble/install/tracetools_trace:/home/fierra/ros2_humble/install/tracetools_read:/home/fierra/ros2_humble/install/test_tracetools_launch:/home/fierra/ros2_humble/install/test_launch_ros:/home/fierra/ros2_humble/install/sensor_msgs_py:/home/fierra/ros2_humble/install/rpyutils:/home/fierra/ros2_humble/install/rosidl_runtime_py:/home/fierra/ros2_humble/install/rosidl_cli:/home/fierra/ros2_humble/install/launch_pytest:/home/fierra/ros2_humble/install/launch_testing:/home/fierra/ros2_humble/install/launch_yaml:/home/fierra/ros2_humble/install/launch_xml:/home/fierra/ros2_humble/install/launch:/home/fierra/ros2_humble/install/osrf_pycommon:/home/fierra/ros2_humble/install/launch_testing_examples:/home/fierra/ros2_humble/install/domain_coordinator:/home/fierra/ros2_humble/install/ament_xmllint:/home/fierra/ros2_humble/install/ament_pyflakes:/home/fierra/ros2_humble/install/ament_pycodestyle:/home/fierra/ros2_humble/install/ament_pep257:/home/fierra/ros2_humble/install/ament_pclint:/home/fierra/ros2_humble/install/ament_package:/home/fierra/ros2_humble/install/ament_mypy:/home/fierra/ros2_humble/install/ament_lint_cmake:/home/fierra/ros2_humble/install/ament_flake8:/home/fierra/ros2_humble/install/ament_copyright:/home/fierra/ros2_humble/install/ament_lint:/home/fierra/ros2_humble/install/ament_index_python:/home/fierra/ros2_humble/install/ament_cpplint:/home/fierra/ros2_humble/install/ament_cppcheck:/home/fierra/ros2_humble/install/ament_clang_tidy:/home/fierra/ros2_humble/install/ament_clang_format /usr/bin/cmake --install /home/fierra/beginner_tutuorial/build/assignment_w10
[40.106s] Level 1:colcon.colcon_core.environment:checking '/home/fierra/beginner_tutuorial/install/assignment_w10' for CMake module files
[40.108s] Level 1:colcon.colcon_core.environment:checking '/home/fierra/beginner_tutuorial/install/assignment_w10' for CMake config files
[40.109s] Level 1:colcon.colcon_core.shell:create_environment_hook('assignment_w10', 'cmake_prefix_path')
[40.113s] INFO:colcon.colcon_core.shell:Creating environment hook '/home/fierra/beginner_tutuorial/install/assignment_w10/share/assignment_w10/hook/cmake_prefix_path.ps1'
[40.115s] INFO:colcon.colcon_core.shell:Creating environment descriptor '/home/fierra/beginner_tutuorial/install/assignment_w10/share/assignment_w10/hook/cmake_prefix_path.dsv'
[40.116s] INFO:colcon.colcon_core.shell:Creating environment hook '/home/fierra/beginner_tutuorial/install/assignment_w10/share/assignment_w10/hook/cmake_prefix_path.sh'
[40.117s] Level 1:colcon.colcon_core.environment:checking '/home/fierra/beginner_tutuorial/install/assignment_w10/lib'
[40.117s] Level 1:colcon.colcon_core.shell:create_environment_hook('assignment_w10', 'ld_library_path_lib')
[40.122s] INFO:colcon.colcon_core.shell:Creating environment hook '/home/fierra/beginner_tutuorial/install/assignment_w10/share/assignment_w10/hook/ld_library_path_lib.ps1'
[40.123s] INFO:colcon.colcon_core.shell:Creating environment descriptor '/home/fierra/beginner_tutuorial/install/assignment_w10/share/assignment_w10/hook/ld_library_path_lib.dsv'
[40.123s] INFO:colcon.colcon_core.shell:Creating environment hook '/home/fierra/beginner_tutuorial/install/assignment_w10/share/assignment_w10/hook/ld_library_path_lib.sh'
[40.124s] Level 1:colcon.colcon_core.environment:checking '/home/fierra/beginner_tutuorial/install/assignment_w10/bin'
[40.124s] Level 1:colcon.colcon_core.environment:checking '/home/fierra/beginner_tutuorial/install/assignment_w10/lib/pkgconfig/assignment_w10.pc'
[40.129s] Level 1:colcon.colcon_core.environment:checking '/home/fierra/beginner_tutuorial/install/assignment_w10/lib/python3.8/site-packages'
[40.129s] Level 1:colcon.colcon_core.shell:create_environment_hook('assignment_w10', 'pythonpath')
[40.134s] INFO:colcon.colcon_core.shell:Creating environment hook '/home/fierra/beginner_tutuorial/install/assignment_w10/share/assignment_w10/hook/pythonpath.ps1'
[40.135s] INFO:colcon.colcon_core.shell:Creating environment descriptor '/home/fierra/beginner_tutuorial/install/assignment_w10/share/assignment_w10/hook/pythonpath.dsv'
[40.136s] INFO:colcon.colcon_core.shell:Creating environment hook '/home/fierra/beginner_tutuorial/install/assignment_w10/share/assignment_w10/hook/pythonpath.sh'
[40.136s] Level 1:colcon.colcon_core.environment:checking '/home/fierra/beginner_tutuorial/install/assignment_w10/bin'
[40.141s] INFO:colcon.colcon_core.shell:Creating package script '/home/fierra/beginner_tutuorial/install/assignment_w10/share/assignment_w10/package.ps1'
[40.206s] INFO:colcon.colcon_core.shell:Creating package descriptor '/home/fierra/beginner_tutuorial/install/assignment_w10/share/assignment_w10/package.dsv'
[40.207s] INFO:colcon.colcon_core.shell:Creating package script '/home/fierra/beginner_tutuorial/install/assignment_w10/share/assignment_w10/package.sh'
[40.209s] INFO:colcon.colcon_core.shell:Creating package script '/home/fierra/beginner_tutuorial/install/assignment_w10/share/assignment_w10/package.bash'
[40.211s] INFO:colcon.colcon_core.shell:Creating package script '/home/fierra/beginner_tutuorial/install/assignment_w10/share/assignment_w10/package.zsh'
[40.212s] Level 1:colcon.colcon_core.environment:create_file_with_runtime_dependencies(/home/fierra/beginner_tutuorial/install/assignment_w10/share/colcon-core/packages/assignment_w10)
[40.680s] Level 1:colcon.colcon_core.environment:create_environment_scripts_only(assignment_w10)
[40.687s] Level 1:colcon.colcon_core.environment:checking '/home/fierra/beginner_tutuorial/install/assignment_w10' for CMake module files
[40.689s] Level 1:colcon.colcon_core.environment:checking '/home/fierra/beginner_tutuorial/install/assignment_w10' for CMake config files
[40.690s] Level 1:colcon.colcon_core.shell:create_environment_hook('assignment_w10', 'cmake_prefix_path')
[40.696s] INFO:colcon.colcon_core.shell:Creating environment hook '/home/fierra/beginner_tutuorial/install/assignment_w10/share/assignment_w10/hook/cmake_prefix_path.ps1'
[40.697s] INFO:colcon.colcon_core.shell:Creating environment descriptor '/home/fierra/beginner_tutuorial/install/assignment_w10/share/assignment_w10/hook/cmake_prefix_path.dsv'
[40.698s] INFO:colcon.colcon_core.shell:Creating environment hook '/home/fierra/beginner_tutuorial/install/assignment_w10/share/assignment_w10/hook/cmake_prefix_path.sh'
[40.699s] Level 1:colcon.colcon_core.environment:checking '/home/fierra/beginner_tutuorial/install/assignment_w10/lib'
[40.699s] Level 1:colcon.colcon_core.shell:create_environment_hook('assignment_w10', 'ld_library_path_lib')
[40.705s] INFO:colcon.colcon_core.shell:Creating environment hook '/home/fierra/beginner_tutuorial/install/assignment_w10/share/assignment_w10/hook/ld_library_path_lib.ps1'
[40.706s] INFO:colcon.colcon_core.shell:Creating environment descriptor '/home/fierra/beginner_tutuorial/install/assignment_w10/share/assignment_w10/hook/ld_library_path_lib.dsv'
[40.707s] INFO:colcon.colcon_core.shell:Creating environment hook '/home/fierra/beginner_tutuorial/install/assignment_w10/share/assignment_w10/hook/ld_library_path_lib.sh'
[40.707s] Level 1:colcon.colcon_core.environment:checking '/home/fierra/beginner_tutuorial/install/assignment_w10/bin'
[40.707s] Level 1:colcon.colcon_core.environment:checking '/home/fierra/beginner_tutuorial/install/assignment_w10/lib/pkgconfig/assignment_w10.pc'
[40.708s] Level 1:colcon.colcon_core.environment:checking '/home/fierra/beginner_tutuorial/install/assignment_w10/lib/python3.8/site-packages'
[40.708s] Level 1:colcon.colcon_core.shell:create_environment_hook('assignment_w10', 'pythonpath')
[40.714s] INFO:colcon.colcon_core.shell:Creating environment hook '/home/fierra/beginner_tutuorial/install/assignment_w10/share/assignment_w10/hook/pythonpath.ps1'
[40.715s] INFO:colcon.colcon_core.shell:Creating environment descriptor '/home/fierra/beginner_tutuorial/install/assignment_w10/share/assignment_w10/hook/pythonpath.dsv'
[40.715s] INFO:colcon.colcon_core.shell:Creating environment hook '/home/fierra/beginner_tutuorial/install/assignment_w10/share/assignment_w10/hook/pythonpath.sh'
[40.716s] Level 1:colcon.colcon_core.environment:checking '/home/fierra/beginner_tutuorial/install/assignment_w10/bin'
[40.723s] INFO:colcon.colcon_core.shell:Creating package script '/home/fierra/beginner_tutuorial/install/assignment_w10/share/assignment_w10/package.ps1'
[40.725s] INFO:colcon.colcon_core.shell:Creating package descriptor '/home/fierra/beginner_tutuorial/install/assignment_w10/share/assignment_w10/package.dsv'
[40.726s] INFO:colcon.colcon_core.shell:Creating package script '/home/fierra/beginner_tutuorial/install/assignment_w10/share/assignment_w10/package.sh'
[40.726s] INFO:colcon.colcon_core.shell:Creating package script '/home/fierra/beginner_tutuorial/install/assignment_w10/share/assignment_w10/package.bash'
[40.727s] INFO:colcon.colcon_core.shell:Creating package script '/home/fierra/beginner_tutuorial/install/assignment_w10/share/assignment_w10/package.zsh'
[40.728s] Level 1:colcon.colcon_core.environment:create_file_with_runtime_dependencies(/home/fierra/beginner_tutuorial/install/assignment_w10/share/colcon-core/packages/assignment_w10)
[40.729s] DEBUG:colcon.colcon_parallel_executor.executor.parallel:closing loop
[40.729s] DEBUG:colcon.colcon_parallel_executor.executor.parallel:loop closed
[40.729s] DEBUG:colcon.colcon_parallel_executor.executor.parallel:run_until_complete finished with '0'
[40.730s] DEBUG:colcon.colcon_core.event_reactor:joining thread
[40.757s] INFO:colcon.colcon_core.plugin_system:Skipping extension 'colcon_notification.desktop_notification.terminal_notifier': Not used on non-Darwin systems
[40.757s] INFO:colcon.colcon_core.plugin_system:Skipping extension 'colcon_notification.desktop_notification.win32': Not used on non-Windows systems
[40.758s] INFO:colcon.colcon_notification.desktop_notification:Sending desktop notification using 'notify2'
[40.783s] DEBUG:colcon.colcon_core.event_reactor:joined thread
[40.788s] INFO:colcon.colcon_core.shell:Creating prefix script '/home/fierra/beginner_tutuorial/install/local_setup.ps1'
[40.790s] INFO:colcon.colcon_core.shell:Creating prefix util module '/home/fierra/beginner_tutuorial/install/_local_setup_util_ps1.py'
[40.793s] INFO:colcon.colcon_core.shell:Creating prefix chain script '/home/fierra/beginner_tutuorial/install/setup.ps1'
[40.829s] INFO:colcon.colcon_core.shell:Creating prefix script '/home/fierra/beginner_tutuorial/install/local_setup.sh'
[40.830s] INFO:colcon.colcon_core.shell:Creating prefix util module '/home/fierra/beginner_tutuorial/install/_local_setup_util_sh.py'
[40.831s] INFO:colcon.colcon_core.shell:Creating prefix chain script '/home/fierra/beginner_tutuorial/install/setup.sh'
[40.864s] INFO:colcon.colcon_core.shell:Creating prefix script '/home/fierra/beginner_tutuorial/install/local_setup.bash'
[40.865s] INFO:colcon.colcon_core.shell:Creating prefix chain script '/home/fierra/beginner_tutuorial/install/setup.bash'
[40.901s] INFO:colcon.colcon_core.shell:Creating prefix script '/home/fierra/beginner_tutuorial/install/local_setup.zsh'
[40.903s] INFO:colcon.colcon_core.shell:Creating prefix chain script '/home/fierra/beginner_tutuorial/install/setup.zsh'
