[  4%] Built target gtest_main
[  6%] Built target beginner_tutorials__cpp
[ 13%] Built target beginner_tutorials__rosidl_generator_c
[ 18%] Built target gtest
[ 18%] Built target ament_cmake_python_copy_beginner_tutorials
[35m[1mScanning dependencies of target beginner_tutorials_test[0m
[ 25%] Built target beginner_tutorials__rosidl_typesupport_introspection_cpp
[ 32%] Built target beginner_tutorials__rosidl_typesupport_cpp
[ 39%] Built target beginner_tutorials__rosidl_typesupport_fastrtps_cpp
[ 46%] Built target beginner_tutorials__rosidl_typesupport_c
[ 53%] Built target beginner_tutorials__rosidl_typesupport_introspection_c
[ 60%] Built target beginner_tutorials__rosidl_typesupport_fastrtps_c
[ 62%] [32mBuilding CXX object CMakeFiles/beginner_tutorials_test.dir/test/basic_test.cpp.o[0m
[ 62%] Built target beginner_tutorials
[ 67%] Built target listener
[ 69%] Built target beginner_tutorials__py
[ 74%] Built target client
[ 79%] Built target talker
[ 83%] Built target beginner_tutorials__rosidl_generator_py
[ 88%] Built target beginner_tutorials__rosidl_typesupport_fastrtps_c__pyext
[ 93%] Built target beginner_tutorials__rosidl_typesupport_c__pyext
[ 97%] Built target beginner_tutorials__rosidl_typesupport_introspection_c__pyext
running egg_info
writing beginner_tutorials.egg-info/PKG-INFO
writing dependency_links to beginner_tutorials.egg-info/dependency_links.txt
writing top-level names to beginner_tutorials.egg-info/top_level.txt
reading manifest file 'beginner_tutorials.egg-info/SOURCES.txt'
writing manifest file 'beginner_tutorials.egg-info/SOURCES.txt'
[ 97%] Built target ament_cmake_python_build_beginner_tutorials_egg
