-- Found ament_cmake: 1.3.2 (/home/fierra/ros2_humble/install/ament_cmake/share/ament_cmake/cmake)
-- Found rclcpp: 16.0.1 (/home/fierra/ros2_humble/install/rclcpp/share/rclcpp/cmake)
-- Found rosidl_generator_c: 3.1.3 (/home/fierra/ros2_humble/install/rosidl_generator_c/share/rosidl_generator_c/cmake)
-- Found rosidl_adapter: 3.1.3 (/home/fierra/ros2_humble/install/rosidl_adapter/share/rosidl_adapter/cmake)
-- Found rosidl_generator_cpp: 3.1.3 (/home/fierra/ros2_humble/install/rosidl_generator_cpp/share/rosidl_generator_cpp/cmake)
-- Using all available rosidl_typesupport_c: rosidl_typesupport_introspection_c;rosidl_typesupport_fastrtps_c
-- Using all available rosidl_typesupport_cpp: rosidl_typesupport_introspection_cpp;rosidl_typesupport_fastrtps_cpp
-- Found rmw_implementation_cmake: 6.1.0 (/home/fierra/ros2_humble/install/rmw_implementation_cmake/share/rmw_implementation_cmake/cmake)
-- Found rmw_fastrtps_cpp: 6.2.1 (/home/fierra/ros2_humble/install/rmw_fastrtps_cpp/share/rmw_fastrtps_cpp/cmake)
-- Using RMW implementation 'rmw_fastrtps_cpp' as default
-- Found example_interfaces: 0.9.3 (/home/fierra/ros2_humble/install/example_interfaces/share/example_interfaces/cmake)
-- Found ament_lint_auto: 0.12.4 (/home/fierra/ros2_humble/install/ament_lint_auto/share/ament_lint_auto/cmake)
-- Added test 'cppcheck' to perform static code analysis on C / C++ code
-- Configured cppcheck include dirs: 
-- Configured cppcheck exclude dirs and/or files: 
-- Added test 'lint_cmake' to check CMake code style
-- Added test 'uncrustify' to check C / C++ code style
-- Configured uncrustify additional arguments: 
-- Added test 'xmllint' to check XML markup files
-- Configuring done
-- Generating done
-- Build files have been written to: /home/fierra/beginner_tutuorial/build/cpp_srvcli
[35m[1mScanning dependencies of target server[0m
[35m[1mScanning dependencies of target client[0m
[ 50%] [32mBuilding CXX object CMakeFiles/client.dir/src/add_two_ints_client.cpp.o[0m
[ 50%] [32mBuilding CXX object CMakeFiles/server.dir/src/add_two_ints_server.cpp.o[0m
[ 75%] [32m[1mLinking CXX executable server[0m
[100%] [32m[1mLinking CXX executable client[0m
[100%] Built target server
[100%] Built target client
-- Install configuration: ""
-- Installing: /home/fierra/beginner_tutuorial/install/cpp_srvcli/lib/cpp_srvcli/server
-- Set runtime path of "/home/fierra/beginner_tutuorial/install/cpp_srvcli/lib/cpp_srvcli/server" to ""
-- Installing: /home/fierra/beginner_tutuorial/install/cpp_srvcli/lib/cpp_srvcli/client
-- Set runtime path of "/home/fierra/beginner_tutuorial/install/cpp_srvcli/lib/cpp_srvcli/client" to ""
-- Installing: /home/fierra/beginner_tutuorial/install/cpp_srvcli/share/ament_index/resource_index/package_run_dependencies/cpp_srvcli
-- Installing: /home/fierra/beginner_tutuorial/install/cpp_srvcli/share/ament_index/resource_index/parent_prefix_path/cpp_srvcli
-- Installing: /home/fierra/beginner_tutuorial/install/cpp_srvcli/share/cpp_srvcli/environment/ament_prefix_path.sh
-- Installing: /home/fierra/beginner_tutuorial/install/cpp_srvcli/share/cpp_srvcli/environment/ament_prefix_path.dsv
-- Installing: /home/fierra/beginner_tutuorial/install/cpp_srvcli/share/cpp_srvcli/environment/path.sh
-- Installing: /home/fierra/beginner_tutuorial/install/cpp_srvcli/share/cpp_srvcli/environment/path.dsv
-- Installing: /home/fierra/beginner_tutuorial/install/cpp_srvcli/share/cpp_srvcli/local_setup.bash
-- Installing: /home/fierra/beginner_tutuorial/install/cpp_srvcli/share/cpp_srvcli/local_setup.sh
-- Installing: /home/fierra/beginner_tutuorial/install/cpp_srvcli/share/cpp_srvcli/local_setup.zsh
-- Installing: /home/fierra/beginner_tutuorial/install/cpp_srvcli/share/cpp_srvcli/local_setup.dsv
-- Installing: /home/fierra/beginner_tutuorial/install/cpp_srvcli/share/cpp_srvcli/package.dsv
-- Installing: /home/fierra/beginner_tutuorial/install/cpp_srvcli/share/ament_index/resource_index/packages/cpp_srvcli
-- Installing: /home/fierra/beginner_tutuorial/install/cpp_srvcli/share/cpp_srvcli/cmake/cpp_srvcliConfig.cmake
-- Installing: /home/fierra/beginner_tutuorial/install/cpp_srvcli/share/cpp_srvcli/cmake/cpp_srvcliConfig-version.cmake
-- Installing: /home/fierra/beginner_tutuorial/install/cpp_srvcli/share/cpp_srvcli/package.xml
