[3.418s] Invoking command in '/home/fierra/ros2_ws/build/examples_rclpy_minimal_service': PYTHONPATH=/home/fierra/ros2_ws/install/examples_rclpy_minimal_service/lib/python3.8/site-packages:${PYTHONPATH} /usr/bin/python3 setup.py develop --prefix /home/fierra/ros2_ws/install/examples_rclpy_minimal_service --editable --build-directory /home/fierra/ros2_ws/build/examples_rclpy_minimal_service/build --no-deps install_data --install-dir /home/fierra/ros2_ws/install/examples_rclpy_minimal_service
[4.798s] running develop
[5.300s] running egg_info
[5.300s] creating examples_rclpy_minimal_service.egg-info
[5.301s] writing examples_rclpy_minimal_service.egg-info/PKG-INFO
[5.301s] writing dependency_links to examples_rclpy_minimal_service.egg-info/dependency_links.txt
[5.302s] writing entry points to examples_rclpy_minimal_service.egg-info/entry_points.txt
[5.302s] writing requirements to examples_rclpy_minimal_service.egg-info/requires.txt
[5.302s] writing top-level names to examples_rclpy_minimal_service.egg-info/top_level.txt
[5.305s] writing manifest file 'examples_rclpy_minimal_service.egg-info/SOURCES.txt'
[5.389s] reading manifest file 'examples_rclpy_minimal_service.egg-info/SOURCES.txt'
[5.390s] writing manifest file 'examples_rclpy_minimal_service.egg-info/SOURCES.txt'
[5.400s] running build_ext
[5.401s] Creating /home/fierra/ros2_ws/install/examples_rclpy_minimal_service/lib/python3.8/site-packages/site.py
[5.411s] Creating /home/fierra/ros2_ws/install/examples_rclpy_minimal_service/lib/python3.8/site-packages/examples-rclpy-minimal-service.egg-link (link to .)
[5.413s] Installing service script to /home/fierra/ros2_ws/install/examples_rclpy_minimal_service/lib/examples_rclpy_minimal_service
[5.413s] Installing service_member_function script to /home/fierra/ros2_ws/install/examples_rclpy_minimal_service/lib/examples_rclpy_minimal_service
[5.414s] 
[5.414s] Installed /home/fierra/ros2_ws/build/examples_rclpy_minimal_service
[5.414s] running install_data
[5.415s] creating /home/fierra/ros2_ws/install/examples_rclpy_minimal_service/share/ament_index
[5.415s] creating /home/fierra/ros2_ws/install/examples_rclpy_minimal_service/share/ament_index/resource_index
[5.415s] creating /home/fierra/ros2_ws/install/examples_rclpy_minimal_service/share/ament_index/resource_index/packages
[5.415s] copying resource/examples_rclpy_minimal_service -> /home/fierra/ros2_ws/install/examples_rclpy_minimal_service/share/ament_index/resource_index/packages
[5.416s] copying package.xml -> /home/fierra/ros2_ws/install/examples_rclpy_minimal_service/share/examples_rclpy_minimal_service
[5.505s] Invoked command in '/home/fierra/ros2_ws/build/examples_rclpy_minimal_service' returned '0': PYTHONPATH=/home/fierra/ros2_ws/install/examples_rclpy_minimal_service/lib/python3.8/site-packages:${PYTHONPATH} /usr/bin/python3 setup.py develop --prefix /home/fierra/ros2_ws/install/examples_rclpy_minimal_service --editable --build-directory /home/fierra/ros2_ws/build/examples_rclpy_minimal_service/build --no-deps install_data --install-dir /home/fierra/ros2_ws/install/examples_rclpy_minimal_service
