[0.088s] Invoking command in '/home/fierra/beginner_tutuorial/build/more_interfaces': CMAKE_PREFIX_PATH=${CMAKE_PREFIX_PATH}:/home/fierra/ros2_humble/install/rqt_bag_plugins:/home/fierra/ros2_humble/install/rqt_bag:/home/fierra/ros2_humble/install/ros2bag:/home/fierra/ros2_humble/install/tracetools_test:/home/fierra/ros2_humble/install/tracetools_launch:/home/fierra/ros2_humble/install/topic_monitor:/home/fierra/ros2_humble/install/tf2_tools:/home/fierra/ros2_humble/install/examples_tf2_py:/home/fierra/ros2_humble/install/tf2_ros_py:/home/fierra/ros2_humble/install/sros2:/home/fierra/ros2_humble/install/rqt_topic:/home/fierra/ros2_humble/install/rqt_srv:/home/fierra/ros2_humble/install/rqt_shell:/home/fierra/ros2_humble/install/rqt_service_caller:/home/fierra/ros2_humble/install/rqt_reconfigure:/home/fierra/ros2_humble/install/rqt_py_console:/home/fierra/ros2_humble/install/rqt_publisher:/home/fierra/ros2_humble/install/rqt_plot:/home/fierra/ros2_humble/install/rqt_action:/home/fierra/ros2_humble/install/rqt_msg:/home/fierra/ros2_humble/install/rqt_console:/home/fierra/ros2_humble/install/rqt:/home/fierra/ros2_humble/install/rqt_graph:/home/fierra/ros2_humble/install/rqt_gui_py:/home/fierra/ros2_humble/install/rqt_gui:/home/fierra/ros2_humble/install/ros2trace:/home/fierra/ros2_humble/install/ros2topic:/home/fierra/ros2_humble/install/ros2test:/home/fierra/ros2_humble/install/ros2component:/home/fierra/ros2_humble/install/ros2param:/home/fierra/ros2_humble/install/ros2lifecycle:/home/fierra/ros2_humble/install/ros2service:/home/fierra/ros2_humble/install/ros2run:/home/fierra/ros2_humble/install/ros2launch:/home/fierra/ros2_humble/install/ros2pkg:/home/fierra/ros2_humble/install/ros2node:/home/fierra/ros2_humble/install/ros2multicast:/home/fierra/ros2_humble/install/ros2interface:/home/fierra/ros2_humble/install/ros2doctor:/home/fierra/ros2_humble/install/ros2action:/home/fierra/ros2_humble/install/ros2cli:/home/fierra/ros2_humble/install/quality_of_service_demo_py:/home/fierra/ros2_humble/install/lifecycle_py:/home/fierra/ros2_humble/install/launch_testing_ros:/home/fierra/ros2_humble/install/launch_ros:/home/fierra/ros2_humble/install/examples_rclpy_pointcloud_publisher:/home/fierra/ros2_humble/install/examples_rclpy_minimal_subscriber:/home/fierra/ros2_humble/install/examples_rclpy_minimal_service:/home/fierra/ros2_humble/install/examples_rclpy_minimal_publisher:/home/fierra/ros2_humble/install/examples_rclpy_minimal_client:/home/fierra/ros2_humble/install/examples_rclpy_minimal_action_server:/home/fierra/ros2_humble/install/examples_rclpy_minimal_action_client:/home/fierra/ros2_humble/install/examples_rclpy_guard_conditions:/home/fierra/ros2_humble/install/examples_rclpy_executors:/home/fierra/ros2_humble/install/demo_nodes_py:/home/fierra/ros2_humble/install/action_tutorials_py:/home/fierra/ros2_humble/install/ament_uncrustify:/home/fierra/ros2_humble/install/tracetools_trace:/home/fierra/ros2_humble/install/tracetools_read:/home/fierra/ros2_humble/install/test_tracetools_launch:/home/fierra/ros2_humble/install/test_launch_ros:/home/fierra/ros2_humble/install/sensor_msgs_py:/home/fierra/ros2_humble/install/rpyutils:/home/fierra/ros2_humble/install/rosidl_runtime_py:/home/fierra/ros2_humble/install/rosidl_cli:/home/fierra/ros2_humble/install/launch_pytest:/home/fierra/ros2_humble/install/launch_testing:/home/fierra/ros2_humble/install/launch_yaml:/home/fierra/ros2_humble/install/launch_xml:/home/fierra/ros2_humble/install/launch:/home/fierra/ros2_humble/install/osrf_pycommon:/home/fierra/ros2_humble/install/launch_testing_examples:/home/fierra/ros2_humble/install/domain_coordinator:/home/fierra/ros2_humble/install/ament_xmllint:/home/fierra/ros2_humble/install/ament_pyflakes:/home/fierra/ros2_humble/install/ament_pycodestyle:/home/fierra/ros2_humble/install/ament_pep257:/home/fierra/ros2_humble/install/ament_pclint:/home/fierra/ros2_humble/install/ament_package:/home/fierra/ros2_humble/install/ament_mypy:/home/fierra/ros2_humble/install/ament_lint_cmake:/home/fierra/ros2_humble/install/ament_flake8:/home/fierra/ros2_humble/install/ament_copyright:/home/fierra/ros2_humble/install/ament_lint:/home/fierra/ros2_humble/install/ament_index_python:/home/fierra/ros2_humble/install/ament_cpplint:/home/fierra/ros2_humble/install/ament_cppcheck:/home/fierra/ros2_humble/install/ament_clang_tidy:/home/fierra/ros2_humble/install/ament_clang_format /usr/bin/cmake /home/fierra/beginner_tutuorial/src/more_interfaces -DCMAKE_INSTALL_PREFIX=/home/fierra/beginner_tutuorial/install/more_interfaces
[0.268s] -- The C compiler identification is GNU 9.4.0
[0.485s] -- The CXX compiler identification is GNU 9.4.0
[0.528s] -- Check for working C compiler: /usr/bin/cc
[0.721s] -- Check for working C compiler: /usr/bin/cc -- works
[0.723s] -- Detecting C compiler ABI info
[0.926s] -- Detecting C compiler ABI info - done
[0.955s] -- Detecting C compile features
[0.956s] -- Detecting C compile features - done
[0.961s] -- Check for working CXX compiler: /usr/bin/c++
[1.177s] -- Check for working CXX compiler: /usr/bin/c++ -- works
[1.178s] -- Detecting CXX compiler ABI info
[1.399s] -- Detecting CXX compiler ABI info - done
[1.429s] -- Detecting CXX compile features
[1.430s] -- Detecting CXX compile features - done
[1.465s] -- Found ament_cmake: 1.3.2 (/home/fierra/ros2_humble/install/ament_cmake/share/ament_cmake/cmake)
[3.568s] -- Found Python3: /usr/bin/python3.8 (found version "3.8.10") found components: Interpreter 
[4.266s] -- Found rosidl_default_generators: 1.2.0 (/home/fierra/ros2_humble/install/rosidl_default_generators/share/rosidl_default_generators/cmake)
[4.443s] -- Using all available rosidl_typesupport_c: rosidl_typesupport_introspection_c;rosidl_typesupport_fastrtps_c
[4.504s] -- Found rosidl_adapter: 3.1.3 (/home/fierra/ros2_humble/install/rosidl_adapter/share/rosidl_adapter/cmake)
[4.753s] -- Using all available rosidl_typesupport_cpp: rosidl_typesupport_introspection_cpp;rosidl_typesupport_fastrtps_cpp
[4.904s] -- Found rclcpp: 16.0.1 (/home/fierra/ros2_humble/install/rclcpp/share/rclcpp/cmake)
[5.267s] -- Found rmw_implementation_cmake: 6.1.0 (/home/fierra/ros2_humble/install/rmw_implementation_cmake/share/rmw_implementation_cmake/cmake)
[5.328s] -- Found rmw_fastrtps_cpp: 6.2.1 (/home/fierra/ros2_humble/install/rmw_fastrtps_cpp/share/rmw_fastrtps_cpp/cmake)
[5.759s] -- Found OpenSSL: /usr/lib/x86_64-linux-gnu/libcrypto.so (found version "1.1.1f")  
[5.889s] -- Found FastRTPS: /home/fierra/ros2_humble/install/fastrtps/include  
[6.087s] -- Using RMW implementation 'rmw_fastrtps_cpp' as default
[6.171s] -- Looking for pthread.h
[6.569s] -- Looking for pthread.h - found
[6.570s] -- Performing Test CMAKE_HAVE_LIBC_PTHREAD
[6.836s] -- Performing Test CMAKE_HAVE_LIBC_PTHREAD - Failed
[6.836s] -- Looking for pthread_create in pthreads
[7.064s] -- Looking for pthread_create in pthreads - not found
[7.064s] -- Looking for pthread_create in pthread
[7.335s] -- Looking for pthread_create in pthread - found
[7.337s] -- Found Threads: TRUE  
[12.803s] -- Found ament_cmake_ros: 0.10.0 (/home/fierra/ros2_humble/install/ament_cmake_ros/share/ament_cmake_ros/cmake)
[15.503s] -- Using all available rosidl_typesupport_c: rosidl_typesupport_introspection_c;rosidl_typesupport_fastrtps_c
[20.140s] -- Using all available rosidl_typesupport_cpp: rosidl_typesupport_introspection_cpp;rosidl_typesupport_fastrtps_cpp
[20.552s] -- Found PythonInterp: /usr/bin/python3 (found suitable version "3.8.10", minimum required is "3.6") 
[20.574s] -- Found python_cmake_module: 0.10.0 (/home/fierra/ros2_humble/install/python_cmake_module/share/python_cmake_module/cmake)
[20.852s] -- Found PythonLibs: /usr/lib/x86_64-linux-gnu/libpython3.8.so (found suitable version "3.8.10", minimum required is "3.5") 
[20.852s] -- Using PYTHON_EXECUTABLE: /usr/bin/python3
[20.853s] -- Using PYTHON_INCLUDE_DIRS: /usr/include/python3.8
[20.853s] -- Using PYTHON_LIBRARIES: /usr/lib/x86_64-linux-gnu/libpython3.8.so
[21.110s] -- Found PythonExtra: .so  
[21.873s] -- Configuring done
[21.945s] -- Generating done
[21.953s] -- Build files have been written to: /home/fierra/beginner_tutuorial/build/more_interfaces
[21.968s] Invoked command in '/home/fierra/beginner_tutuorial/build/more_interfaces' returned '0': CMAKE_PREFIX_PATH=${CMAKE_PREFIX_PATH}:/home/fierra/ros2_humble/install/rqt_bag_plugins:/home/fierra/ros2_humble/install/rqt_bag:/home/fierra/ros2_humble/install/ros2bag:/home/fierra/ros2_humble/install/tracetools_test:/home/fierra/ros2_humble/install/tracetools_launch:/home/fierra/ros2_humble/install/topic_monitor:/home/fierra/ros2_humble/install/tf2_tools:/home/fierra/ros2_humble/install/examples_tf2_py:/home/fierra/ros2_humble/install/tf2_ros_py:/home/fierra/ros2_humble/install/sros2:/home/fierra/ros2_humble/install/rqt_topic:/home/fierra/ros2_humble/install/rqt_srv:/home/fierra/ros2_humble/install/rqt_shell:/home/fierra/ros2_humble/install/rqt_service_caller:/home/fierra/ros2_humble/install/rqt_reconfigure:/home/fierra/ros2_humble/install/rqt_py_console:/home/fierra/ros2_humble/install/rqt_publisher:/home/fierra/ros2_humble/install/rqt_plot:/home/fierra/ros2_humble/install/rqt_action:/home/fierra/ros2_humble/install/rqt_msg:/home/fierra/ros2_humble/install/rqt_console:/home/fierra/ros2_humble/install/rqt:/home/fierra/ros2_humble/install/rqt_graph:/home/fierra/ros2_humble/install/rqt_gui_py:/home/fierra/ros2_humble/install/rqt_gui:/home/fierra/ros2_humble/install/ros2trace:/home/fierra/ros2_humble/install/ros2topic:/home/fierra/ros2_humble/install/ros2test:/home/fierra/ros2_humble/install/ros2component:/home/fierra/ros2_humble/install/ros2param:/home/fierra/ros2_humble/install/ros2lifecycle:/home/fierra/ros2_humble/install/ros2service:/home/fierra/ros2_humble/install/ros2run:/home/fierra/ros2_humble/install/ros2launch:/home/fierra/ros2_humble/install/ros2pkg:/home/fierra/ros2_humble/install/ros2node:/home/fierra/ros2_humble/install/ros2multicast:/home/fierra/ros2_humble/install/ros2interface:/home/fierra/ros2_humble/install/ros2doctor:/home/fierra/ros2_humble/install/ros2action:/home/fierra/ros2_humble/install/ros2cli:/home/fierra/ros2_humble/install/quality_of_service_demo_py:/home/fierra/ros2_humble/install/lifecycle_py:/home/fierra/ros2_humble/install/launch_testing_ros:/home/fierra/ros2_humble/install/launch_ros:/home/fierra/ros2_humble/install/examples_rclpy_pointcloud_publisher:/home/fierra/ros2_humble/install/examples_rclpy_minimal_subscriber:/home/fierra/ros2_humble/install/examples_rclpy_minimal_service:/home/fierra/ros2_humble/install/examples_rclpy_minimal_publisher:/home/fierra/ros2_humble/install/examples_rclpy_minimal_client:/home/fierra/ros2_humble/install/examples_rclpy_minimal_action_server:/home/fierra/ros2_humble/install/examples_rclpy_minimal_action_client:/home/fierra/ros2_humble/install/examples_rclpy_guard_conditions:/home/fierra/ros2_humble/install/examples_rclpy_executors:/home/fierra/ros2_humble/install/demo_nodes_py:/home/fierra/ros2_humble/install/action_tutorials_py:/home/fierra/ros2_humble/install/ament_uncrustify:/home/fierra/ros2_humble/install/tracetools_trace:/home/fierra/ros2_humble/install/tracetools_read:/home/fierra/ros2_humble/install/test_tracetools_launch:/home/fierra/ros2_humble/install/test_launch_ros:/home/fierra/ros2_humble/install/sensor_msgs_py:/home/fierra/ros2_humble/install/rpyutils:/home/fierra/ros2_humble/install/rosidl_runtime_py:/home/fierra/ros2_humble/install/rosidl_cli:/home/fierra/ros2_humble/install/launch_pytest:/home/fierra/ros2_humble/install/launch_testing:/home/fierra/ros2_humble/install/launch_yaml:/home/fierra/ros2_humble/install/launch_xml:/home/fierra/ros2_humble/install/launch:/home/fierra/ros2_humble/install/osrf_pycommon:/home/fierra/ros2_humble/install/launch_testing_examples:/home/fierra/ros2_humble/install/domain_coordinator:/home/fierra/ros2_humble/install/ament_xmllint:/home/fierra/ros2_humble/install/ament_pyflakes:/home/fierra/ros2_humble/install/ament_pycodestyle:/home/fierra/ros2_humble/install/ament_pep257:/home/fierra/ros2_humble/install/ament_pclint:/home/fierra/ros2_humble/install/ament_package:/home/fierra/ros2_humble/install/ament_mypy:/home/fierra/ros2_humble/install/ament_lint_cmake:/home/fierra/ros2_humble/install/ament_flake8:/home/fierra/ros2_humble/install/ament_copyright:/home/fierra/ros2_humble/install/ament_lint:/home/fierra/ros2_humble/install/ament_index_python:/home/fierra/ros2_humble/install/ament_cpplint:/home/fierra/ros2_humble/install/ament_cppcheck:/home/fierra/ros2_humble/install/ament_clang_tidy:/home/fierra/ros2_humble/install/ament_clang_format /usr/bin/cmake /home/fierra/beginner_tutuorial/src/more_interfaces -DCMAKE_INSTALL_PREFIX=/home/fierra/beginner_tutuorial/install/more_interfaces
[21.973s] Invoking command in '/home/fierra/beginner_tutuorial/build/more_interfaces': CMAKE_PREFIX_PATH=${CMAKE_PREFIX_PATH}:/home/fierra/ros2_humble/install/rqt_bag_plugins:/home/fierra/ros2_humble/install/rqt_bag:/home/fierra/ros2_humble/install/ros2bag:/home/fierra/ros2_humble/install/tracetools_test:/home/fierra/ros2_humble/install/tracetools_launch:/home/fierra/ros2_humble/install/topic_monitor:/home/fierra/ros2_humble/install/tf2_tools:/home/fierra/ros2_humble/install/examples_tf2_py:/home/fierra/ros2_humble/install/tf2_ros_py:/home/fierra/ros2_humble/install/sros2:/home/fierra/ros2_humble/install/rqt_topic:/home/fierra/ros2_humble/install/rqt_srv:/home/fierra/ros2_humble/install/rqt_shell:/home/fierra/ros2_humble/install/rqt_service_caller:/home/fierra/ros2_humble/install/rqt_reconfigure:/home/fierra/ros2_humble/install/rqt_py_console:/home/fierra/ros2_humble/install/rqt_publisher:/home/fierra/ros2_humble/install/rqt_plot:/home/fierra/ros2_humble/install/rqt_action:/home/fierra/ros2_humble/install/rqt_msg:/home/fierra/ros2_humble/install/rqt_console:/home/fierra/ros2_humble/install/rqt:/home/fierra/ros2_humble/install/rqt_graph:/home/fierra/ros2_humble/install/rqt_gui_py:/home/fierra/ros2_humble/install/rqt_gui:/home/fierra/ros2_humble/install/ros2trace:/home/fierra/ros2_humble/install/ros2topic:/home/fierra/ros2_humble/install/ros2test:/home/fierra/ros2_humble/install/ros2component:/home/fierra/ros2_humble/install/ros2param:/home/fierra/ros2_humble/install/ros2lifecycle:/home/fierra/ros2_humble/install/ros2service:/home/fierra/ros2_humble/install/ros2run:/home/fierra/ros2_humble/install/ros2launch:/home/fierra/ros2_humble/install/ros2pkg:/home/fierra/ros2_humble/install/ros2node:/home/fierra/ros2_humble/install/ros2multicast:/home/fierra/ros2_humble/install/ros2interface:/home/fierra/ros2_humble/install/ros2doctor:/home/fierra/ros2_humble/install/ros2action:/home/fierra/ros2_humble/install/ros2cli:/home/fierra/ros2_humble/install/quality_of_service_demo_py:/home/fierra/ros2_humble/install/lifecycle_py:/home/fierra/ros2_humble/install/launch_testing_ros:/home/fierra/ros2_humble/install/launch_ros:/home/fierra/ros2_humble/install/examples_rclpy_pointcloud_publisher:/home/fierra/ros2_humble/install/examples_rclpy_minimal_subscriber:/home/fierra/ros2_humble/install/examples_rclpy_minimal_service:/home/fierra/ros2_humble/install/examples_rclpy_minimal_publisher:/home/fierra/ros2_humble/install/examples_rclpy_minimal_client:/home/fierra/ros2_humble/install/examples_rclpy_minimal_action_server:/home/fierra/ros2_humble/install/examples_rclpy_minimal_action_client:/home/fierra/ros2_humble/install/examples_rclpy_guard_conditions:/home/fierra/ros2_humble/install/examples_rclpy_executors:/home/fierra/ros2_humble/install/demo_nodes_py:/home/fierra/ros2_humble/install/action_tutorials_py:/home/fierra/ros2_humble/install/ament_uncrustify:/home/fierra/ros2_humble/install/tracetools_trace:/home/fierra/ros2_humble/install/tracetools_read:/home/fierra/ros2_humble/install/test_tracetools_launch:/home/fierra/ros2_humble/install/test_launch_ros:/home/fierra/ros2_humble/install/sensor_msgs_py:/home/fierra/ros2_humble/install/rpyutils:/home/fierra/ros2_humble/install/rosidl_runtime_py:/home/fierra/ros2_humble/install/rosidl_cli:/home/fierra/ros2_humble/install/launch_pytest:/home/fierra/ros2_humble/install/launch_testing:/home/fierra/ros2_humble/install/launch_yaml:/home/fierra/ros2_humble/install/launch_xml:/home/fierra/ros2_humble/install/launch:/home/fierra/ros2_humble/install/osrf_pycommon:/home/fierra/ros2_humble/install/launch_testing_examples:/home/fierra/ros2_humble/install/domain_coordinator:/home/fierra/ros2_humble/install/ament_xmllint:/home/fierra/ros2_humble/install/ament_pyflakes:/home/fierra/ros2_humble/install/ament_pycodestyle:/home/fierra/ros2_humble/install/ament_pep257:/home/fierra/ros2_humble/install/ament_pclint:/home/fierra/ros2_humble/install/ament_package:/home/fierra/ros2_humble/install/ament_mypy:/home/fierra/ros2_humble/install/ament_lint_cmake:/home/fierra/ros2_humble/install/ament_flake8:/home/fierra/ros2_humble/install/ament_copyright:/home/fierra/ros2_humble/install/ament_lint:/home/fierra/ros2_humble/install/ament_index_python:/home/fierra/ros2_humble/install/ament_cpplint:/home/fierra/ros2_humble/install/ament_cppcheck:/home/fierra/ros2_humble/install/ament_clang_tidy:/home/fierra/ros2_humble/install/ament_clang_format /usr/bin/cmake --build /home/fierra/beginner_tutuorial/build/more_interfaces -- -j8 -l8
[22.133s] [  3%] [34m[1mGenerating C code for ROS interfaces[0m
[22.134s] [35m[1mScanning dependencies of target ament_cmake_python_copy_more_interfaces[0m
[22.142s] [35m[1mScanning dependencies of target more_interfaces__cpp[0m
[22.191s] [  6%] [34m[1mGenerating C++ code for ROS interfaces[0m
[22.221s] [  6%] Built target ament_cmake_python_copy_more_interfaces
[22.271s] [35m[1mScanning dependencies of target ament_cmake_python_build_more_interfaces_egg[0m
[23.375s] [  6%] Built target more_interfaces__cpp
[23.383s] [35m[1mScanning dependencies of target more_interfaces__rosidl_generator_c[0m
[23.444s] running egg_info
[23.445s] [  9%] [34m[1mGenerating C++ type support for eProsima Fast-RTPS[0m
[23.446s] creating more_interfaces.egg-info
[23.448s] writing more_interfaces.egg-info/PKG-INFO
[23.448s] writing dependency_links to more_interfaces.egg-info/dependency_links.txt
[23.449s] writing top-level names to more_interfaces.egg-info/top_level.txt
[23.450s] writing manifest file 'more_interfaces.egg-info/SOURCES.txt'
[23.453s] [ 12%] [32mBuilding C object CMakeFiles/more_interfaces__rosidl_generator_c.dir/rosidl_generator_c/more_interfaces/msg/detail/address_book__functions.c.o[0m
[23.462s] [ 15%] [34m[1mGenerating C++ introspection for ROS interfaces[0m
[23.474s] [ 18%] [34m[1mGenerating C++ type support dispatch for ROS interfaces[0m
[23.555s] reading manifest file 'more_interfaces.egg-info/SOURCES.txt'
[23.556s] writing manifest file 'more_interfaces.egg-info/SOURCES.txt'
[23.662s] [ 18%] Built target ament_cmake_python_build_more_interfaces_egg
[23.674s] [ 21%] [32m[1mLinking C shared library libmore_interfaces__rosidl_generator_c.so[0m
[23.821s] [ 21%] Built target more_interfaces__rosidl_generator_c
[23.875s] [ 24%] [34m[1mGenerating C type support dispatch for ROS interfaces[0m
[23.903s] [ 27%] [34m[1mGenerating C introspection for ROS interfaces[0m
[23.909s] [ 30%] [34m[1mGenerating C type support for eProsima Fast-RTPS[0m
[24.568s] [35m[1mScanning dependencies of target more_interfaces__rosidl_typesupport_introspection_cpp[0m
[24.649s] [ 33%] [32mBuilding CXX object CMakeFiles/more_interfaces__rosidl_typesupport_introspection_cpp.dir/rosidl_typesupport_introspection_cpp/more_interfaces/msg/detail/address_book__type_support.cpp.o[0m
[24.825s] [35m[1mScanning dependencies of target more_interfaces__rosidl_typesupport_fastrtps_cpp[0m
[24.845s] [35m[1mScanning dependencies of target more_interfaces__rosidl_typesupport_cpp[0m
[24.946s] [ 36%] [32mBuilding CXX object CMakeFiles/more_interfaces__rosidl_typesupport_fastrtps_cpp.dir/rosidl_typesupport_fastrtps_cpp/more_interfaces/msg/detail/dds_fastrtps/address_book__type_support.cpp.o[0m
[24.948s] [ 39%] [32mBuilding CXX object CMakeFiles/more_interfaces__rosidl_typesupport_cpp.dir/rosidl_typesupport_cpp/more_interfaces/msg/address_book__type_support.cpp.o[0m
[25.313s] [35m[1mScanning dependencies of target more_interfaces__rosidl_typesupport_c[0m
[25.384s] [ 42%] [32mBuilding CXX object CMakeFiles/more_interfaces__rosidl_typesupport_c.dir/rosidl_typesupport_c/more_interfaces/msg/address_book__type_support.cpp.o[0m
[25.535s] [ 45%] [32m[1mLinking CXX shared library libmore_interfaces__rosidl_typesupport_c.so[0m
[25.577s] [35m[1mScanning dependencies of target more_interfaces__rosidl_typesupport_introspection_c[0m
[25.640s] [ 48%] [32m[1mLinking CXX shared library libmore_interfaces__rosidl_typesupport_cpp.so[0m
[25.640s] [35m[1mScanning dependencies of target more_interfaces__rosidl_typesupport_fastrtps_c[0m
[25.667s] [ 51%] [32mBuilding C object CMakeFiles/more_interfaces__rosidl_typesupport_introspection_c.dir/rosidl_typesupport_introspection_c/more_interfaces/msg/detail/address_book__type_support.c.o[0m
[25.722s] [ 54%] [32mBuilding CXX object CMakeFiles/more_interfaces__rosidl_typesupport_fastrtps_c.dir/rosidl_typesupport_fastrtps_c/more_interfaces/msg/detail/address_book__type_support_c.cpp.o[0m
[25.794s] [ 54%] Built target more_interfaces__rosidl_typesupport_c
[25.812s] [ 57%] [32m[1mLinking C shared library libmore_interfaces__rosidl_typesupport_introspection_c.so[0m
[25.823s] [ 57%] Built target more_interfaces__rosidl_typesupport_cpp
[25.856s] [ 60%] [32m[1mLinking CXX shared library libmore_interfaces__rosidl_typesupport_introspection_cpp.so[0m
[25.881s] [35m[1mScanning dependencies of target publish_address_book[0m
[25.950s] [ 60%] Built target more_interfaces__rosidl_typesupport_introspection_c
[26.053s] [ 63%] [32mBuilding CXX object CMakeFiles/publish_address_book.dir/src/publish_address_book.cpp.o[0m
[26.079s] [ 63%] Built target more_interfaces__rosidl_typesupport_introspection_cpp
[26.097s] [ 66%] [32m[1mLinking CXX shared library libmore_interfaces__rosidl_typesupport_fastrtps_cpp.so[0m
[26.295s] [ 66%] Built target more_interfaces__rosidl_typesupport_fastrtps_cpp
[26.521s] [ 69%] [32m[1mLinking CXX shared library libmore_interfaces__rosidl_typesupport_fastrtps_c.so[0m
[26.709s] [ 69%] Built target more_interfaces__rosidl_typesupport_fastrtps_c
[26.757s] [35m[1mScanning dependencies of target more_interfaces[0m
[26.807s] [ 69%] Built target more_interfaces
[26.859s] [35m[1mScanning dependencies of target more_interfaces__py[0m
[26.909s] [ 72%] [34m[1mGenerating Python code for ROS interfaces[0m
[28.664s] [ 72%] Built target more_interfaces__py
[28.710s] [35m[1mScanning dependencies of target more_interfaces__rosidl_generator_py[0m
[28.780s] [ 75%] [32mBuilding C object CMakeFiles/more_interfaces__rosidl_generator_py.dir/rosidl_generator_py/more_interfaces/msg/_address_book_s.c.o[0m
[29.018s] [ 78%] [32m[1mLinking C shared library rosidl_generator_py/more_interfaces/libmore_interfaces__rosidl_generator_py.so[0m
[29.132s] [ 78%] Built target more_interfaces__rosidl_generator_py
[29.176s] [35m[1mScanning dependencies of target more_interfaces__rosidl_typesupport_introspection_c__pyext[0m
[29.185s] [35m[1mScanning dependencies of target more_interfaces__rosidl_typesupport_c__pyext[0m
[29.188s] [35m[1mScanning dependencies of target more_interfaces__rosidl_typesupport_fastrtps_c__pyext[0m
[29.254s] [ 81%] [32mBuilding C object CMakeFiles/more_interfaces__rosidl_typesupport_introspection_c__pyext.dir/rosidl_generator_py/more_interfaces/_more_interfaces_s.ep.rosidl_typesupport_introspection_c.c.o[0m
[29.260s] [ 84%] [32mBuilding C object CMakeFiles/more_interfaces__rosidl_typesupport_c__pyext.dir/rosidl_generator_py/more_interfaces/_more_interfaces_s.ep.rosidl_typesupport_c.c.o[0m
[29.269s] [ 87%] [32mBuilding C object CMakeFiles/more_interfaces__rosidl_typesupport_fastrtps_c__pyext.dir/rosidl_generator_py/more_interfaces/_more_interfaces_s.ep.rosidl_typesupport_fastrtps_c.c.o[0m
[29.464s] [ 90%] [32m[1mLinking C shared library rosidl_generator_py/more_interfaces/more_interfaces_s__rosidl_typesupport_c.cpython-38-x86_64-linux-gnu.so[0m
[29.478s] [ 93%] [32m[1mLinking C shared library rosidl_generator_py/more_interfaces/more_interfaces_s__rosidl_typesupport_introspection_c.cpython-38-x86_64-linux-gnu.so[0m
[29.534s] [ 96%] [32m[1mLinking C shared library rosidl_generator_py/more_interfaces/more_interfaces_s__rosidl_typesupport_fastrtps_c.cpython-38-x86_64-linux-gnu.so[0m
[29.595s] [ 96%] Built target more_interfaces__rosidl_typesupport_c__pyext
[29.636s] [ 96%] Built target more_interfaces__rosidl_typesupport_introspection_c__pyext
[29.670s] [ 96%] Built target more_interfaces__rosidl_typesupport_fastrtps_c__pyext
[35.112s] [100%] [32m[1mLinking CXX executable publish_address_book[0m
[35.572s] [100%] Built target publish_address_book
[35.614s] Invoked command in '/home/fierra/beginner_tutuorial/build/more_interfaces' returned '0': CMAKE_PREFIX_PATH=${CMAKE_PREFIX_PATH}:/home/fierra/ros2_humble/install/rqt_bag_plugins:/home/fierra/ros2_humble/install/rqt_bag:/home/fierra/ros2_humble/install/ros2bag:/home/fierra/ros2_humble/install/tracetools_test:/home/fierra/ros2_humble/install/tracetools_launch:/home/fierra/ros2_humble/install/topic_monitor:/home/fierra/ros2_humble/install/tf2_tools:/home/fierra/ros2_humble/install/examples_tf2_py:/home/fierra/ros2_humble/install/tf2_ros_py:/home/fierra/ros2_humble/install/sros2:/home/fierra/ros2_humble/install/rqt_topic:/home/fierra/ros2_humble/install/rqt_srv:/home/fierra/ros2_humble/install/rqt_shell:/home/fierra/ros2_humble/install/rqt_service_caller:/home/fierra/ros2_humble/install/rqt_reconfigure:/home/fierra/ros2_humble/install/rqt_py_console:/home/fierra/ros2_humble/install/rqt_publisher:/home/fierra/ros2_humble/install/rqt_plot:/home/fierra/ros2_humble/install/rqt_action:/home/fierra/ros2_humble/install/rqt_msg:/home/fierra/ros2_humble/install/rqt_console:/home/fierra/ros2_humble/install/rqt:/home/fierra/ros2_humble/install/rqt_graph:/home/fierra/ros2_humble/install/rqt_gui_py:/home/fierra/ros2_humble/install/rqt_gui:/home/fierra/ros2_humble/install/ros2trace:/home/fierra/ros2_humble/install/ros2topic:/home/fierra/ros2_humble/install/ros2test:/home/fierra/ros2_humble/install/ros2component:/home/fierra/ros2_humble/install/ros2param:/home/fierra/ros2_humble/install/ros2lifecycle:/home/fierra/ros2_humble/install/ros2service:/home/fierra/ros2_humble/install/ros2run:/home/fierra/ros2_humble/install/ros2launch:/home/fierra/ros2_humble/install/ros2pkg:/home/fierra/ros2_humble/install/ros2node:/home/fierra/ros2_humble/install/ros2multicast:/home/fierra/ros2_humble/install/ros2interface:/home/fierra/ros2_humble/install/ros2doctor:/home/fierra/ros2_humble/install/ros2action:/home/fierra/ros2_humble/install/ros2cli:/home/fierra/ros2_humble/install/quality_of_service_demo_py:/home/fierra/ros2_humble/install/lifecycle_py:/home/fierra/ros2_humble/install/launch_testing_ros:/home/fierra/ros2_humble/install/launch_ros:/home/fierra/ros2_humble/install/examples_rclpy_pointcloud_publisher:/home/fierra/ros2_humble/install/examples_rclpy_minimal_subscriber:/home/fierra/ros2_humble/install/examples_rclpy_minimal_service:/home/fierra/ros2_humble/install/examples_rclpy_minimal_publisher:/home/fierra/ros2_humble/install/examples_rclpy_minimal_client:/home/fierra/ros2_humble/install/examples_rclpy_minimal_action_server:/home/fierra/ros2_humble/install/examples_rclpy_minimal_action_client:/home/fierra/ros2_humble/install/examples_rclpy_guard_conditions:/home/fierra/ros2_humble/install/examples_rclpy_executors:/home/fierra/ros2_humble/install/demo_nodes_py:/home/fierra/ros2_humble/install/action_tutorials_py:/home/fierra/ros2_humble/install/ament_uncrustify:/home/fierra/ros2_humble/install/tracetools_trace:/home/fierra/ros2_humble/install/tracetools_read:/home/fierra/ros2_humble/install/test_tracetools_launch:/home/fierra/ros2_humble/install/test_launch_ros:/home/fierra/ros2_humble/install/sensor_msgs_py:/home/fierra/ros2_humble/install/rpyutils:/home/fierra/ros2_humble/install/rosidl_runtime_py:/home/fierra/ros2_humble/install/rosidl_cli:/home/fierra/ros2_humble/install/launch_pytest:/home/fierra/ros2_humble/install/launch_testing:/home/fierra/ros2_humble/install/launch_yaml:/home/fierra/ros2_humble/install/launch_xml:/home/fierra/ros2_humble/install/launch:/home/fierra/ros2_humble/install/osrf_pycommon:/home/fierra/ros2_humble/install/launch_testing_examples:/home/fierra/ros2_humble/install/domain_coordinator:/home/fierra/ros2_humble/install/ament_xmllint:/home/fierra/ros2_humble/install/ament_pyflakes:/home/fierra/ros2_humble/install/ament_pycodestyle:/home/fierra/ros2_humble/install/ament_pep257:/home/fierra/ros2_humble/install/ament_pclint:/home/fierra/ros2_humble/install/ament_package:/home/fierra/ros2_humble/install/ament_mypy:/home/fierra/ros2_humble/install/ament_lint_cmake:/home/fierra/ros2_humble/install/ament_flake8:/home/fierra/ros2_humble/install/ament_copyright:/home/fierra/ros2_humble/install/ament_lint:/home/fierra/ros2_humble/install/ament_index_python:/home/fierra/ros2_humble/install/ament_cpplint:/home/fierra/ros2_humble/install/ament_cppcheck:/home/fierra/ros2_humble/install/ament_clang_tidy:/home/fierra/ros2_humble/install/ament_clang_format /usr/bin/cmake --build /home/fierra/beginner_tutuorial/build/more_interfaces -- -j8 -l8
[36.018s] Invoking command in '/home/fierra/beginner_tutuorial/build/more_interfaces': CMAKE_PREFIX_PATH=${CMAKE_PREFIX_PATH}:/home/fierra/ros2_humble/install/rqt_bag_plugins:/home/fierra/ros2_humble/install/rqt_bag:/home/fierra/ros2_humble/install/ros2bag:/home/fierra/ros2_humble/install/tracetools_test:/home/fierra/ros2_humble/install/tracetools_launch:/home/fierra/ros2_humble/install/topic_monitor:/home/fierra/ros2_humble/install/tf2_tools:/home/fierra/ros2_humble/install/examples_tf2_py:/home/fierra/ros2_humble/install/tf2_ros_py:/home/fierra/ros2_humble/install/sros2:/home/fierra/ros2_humble/install/rqt_topic:/home/fierra/ros2_humble/install/rqt_srv:/home/fierra/ros2_humble/install/rqt_shell:/home/fierra/ros2_humble/install/rqt_service_caller:/home/fierra/ros2_humble/install/rqt_reconfigure:/home/fierra/ros2_humble/install/rqt_py_console:/home/fierra/ros2_humble/install/rqt_publisher:/home/fierra/ros2_humble/install/rqt_plot:/home/fierra/ros2_humble/install/rqt_action:/home/fierra/ros2_humble/install/rqt_msg:/home/fierra/ros2_humble/install/rqt_console:/home/fierra/ros2_humble/install/rqt:/home/fierra/ros2_humble/install/rqt_graph:/home/fierra/ros2_humble/install/rqt_gui_py:/home/fierra/ros2_humble/install/rqt_gui:/home/fierra/ros2_humble/install/ros2trace:/home/fierra/ros2_humble/install/ros2topic:/home/fierra/ros2_humble/install/ros2test:/home/fierra/ros2_humble/install/ros2component:/home/fierra/ros2_humble/install/ros2param:/home/fierra/ros2_humble/install/ros2lifecycle:/home/fierra/ros2_humble/install/ros2service:/home/fierra/ros2_humble/install/ros2run:/home/fierra/ros2_humble/install/ros2launch:/home/fierra/ros2_humble/install/ros2pkg:/home/fierra/ros2_humble/install/ros2node:/home/fierra/ros2_humble/install/ros2multicast:/home/fierra/ros2_humble/install/ros2interface:/home/fierra/ros2_humble/install/ros2doctor:/home/fierra/ros2_humble/install/ros2action:/home/fierra/ros2_humble/install/ros2cli:/home/fierra/ros2_humble/install/quality_of_service_demo_py:/home/fierra/ros2_humble/install/lifecycle_py:/home/fierra/ros2_humble/install/launch_testing_ros:/home/fierra/ros2_humble/install/launch_ros:/home/fierra/ros2_humble/install/examples_rclpy_pointcloud_publisher:/home/fierra/ros2_humble/install/examples_rclpy_minimal_subscriber:/home/fierra/ros2_humble/install/examples_rclpy_minimal_service:/home/fierra/ros2_humble/install/examples_rclpy_minimal_publisher:/home/fierra/ros2_humble/install/examples_rclpy_minimal_client:/home/fierra/ros2_humble/install/examples_rclpy_minimal_action_server:/home/fierra/ros2_humble/install/examples_rclpy_minimal_action_client:/home/fierra/ros2_humble/install/examples_rclpy_guard_conditions:/home/fierra/ros2_humble/install/examples_rclpy_executors:/home/fierra/ros2_humble/install/demo_nodes_py:/home/fierra/ros2_humble/install/action_tutorials_py:/home/fierra/ros2_humble/install/ament_uncrustify:/home/fierra/ros2_humble/install/tracetools_trace:/home/fierra/ros2_humble/install/tracetools_read:/home/fierra/ros2_humble/install/test_tracetools_launch:/home/fierra/ros2_humble/install/test_launch_ros:/home/fierra/ros2_humble/install/sensor_msgs_py:/home/fierra/ros2_humble/install/rpyutils:/home/fierra/ros2_humble/install/rosidl_runtime_py:/home/fierra/ros2_humble/install/rosidl_cli:/home/fierra/ros2_humble/install/launch_pytest:/home/fierra/ros2_humble/install/launch_testing:/home/fierra/ros2_humble/install/launch_yaml:/home/fierra/ros2_humble/install/launch_xml:/home/fierra/ros2_humble/install/launch:/home/fierra/ros2_humble/install/osrf_pycommon:/home/fierra/ros2_humble/install/launch_testing_examples:/home/fierra/ros2_humble/install/domain_coordinator:/home/fierra/ros2_humble/install/ament_xmllint:/home/fierra/ros2_humble/install/ament_pyflakes:/home/fierra/ros2_humble/install/ament_pycodestyle:/home/fierra/ros2_humble/install/ament_pep257:/home/fierra/ros2_humble/install/ament_pclint:/home/fierra/ros2_humble/install/ament_package:/home/fierra/ros2_humble/install/ament_mypy:/home/fierra/ros2_humble/install/ament_lint_cmake:/home/fierra/ros2_humble/install/ament_flake8:/home/fierra/ros2_humble/install/ament_copyright:/home/fierra/ros2_humble/install/ament_lint:/home/fierra/ros2_humble/install/ament_index_python:/home/fierra/ros2_humble/install/ament_cpplint:/home/fierra/ros2_humble/install/ament_cppcheck:/home/fierra/ros2_humble/install/ament_clang_tidy:/home/fierra/ros2_humble/install/ament_clang_format /usr/bin/cmake --install /home/fierra/beginner_tutuorial/build/more_interfaces
[36.051s] -- Install configuration: ""
[36.052s] -- Installing: /home/fierra/beginner_tutuorial/install/more_interfaces/lib/more_interfaces/publish_address_book
[36.056s] -- Set runtime path of "/home/fierra/beginner_tutuorial/install/more_interfaces/lib/more_interfaces/publish_address_book" to ""
[36.056s] -- Installing: /home/fierra/beginner_tutuorial/install/more_interfaces/share/ament_index/resource_index/rosidl_interfaces/more_interfaces
[36.056s] -- Installing: /home/fierra/beginner_tutuorial/install/more_interfaces/include/more_interfaces/more_interfaces
[36.057s] -- Installing: /home/fierra/beginner_tutuorial/install/more_interfaces/include/more_interfaces/more_interfaces/msg
[36.057s] -- Installing: /home/fierra/beginner_tutuorial/install/more_interfaces/include/more_interfaces/more_interfaces/msg/detail
[36.057s] -- Installing: /home/fierra/beginner_tutuorial/install/more_interfaces/include/more_interfaces/more_interfaces/msg/detail/address_book__struct.h
[36.057s] -- Installing: /home/fierra/beginner_tutuorial/install/more_interfaces/include/more_interfaces/more_interfaces/msg/detail/address_book__type_support.h
[36.058s] -- Installing: /home/fierra/beginner_tutuorial/install/more_interfaces/include/more_interfaces/more_interfaces/msg/detail/address_book__functions.h
[36.058s] -- Installing: /home/fierra/beginner_tutuorial/install/more_interfaces/include/more_interfaces/more_interfaces/msg/detail/address_book__functions.c
[36.058s] -- Installing: /home/fierra/beginner_tutuorial/install/more_interfaces/include/more_interfaces/more_interfaces/msg/rosidl_generator_c__visibility_control.h
[36.059s] -- Installing: /home/fierra/beginner_tutuorial/install/more_interfaces/include/more_interfaces/more_interfaces/msg/address_book.h
[36.059s] -- Installing: /home/fierra/beginner_tutuorial/install/more_interfaces/share/more_interfaces/environment/library_path.sh
[36.059s] -- Installing: /home/fierra/beginner_tutuorial/install/more_interfaces/share/more_interfaces/environment/library_path.dsv
[36.059s] -- Installing: /home/fierra/beginner_tutuorial/install/more_interfaces/lib/libmore_interfaces__rosidl_generator_c.so
[36.060s] -- Set runtime path of "/home/fierra/beginner_tutuorial/install/more_interfaces/lib/libmore_interfaces__rosidl_generator_c.so" to ""
[36.060s] -- Up-to-date: /home/fierra/beginner_tutuorial/install/more_interfaces/include/more_interfaces/more_interfaces
[36.061s] -- Up-to-date: /home/fierra/beginner_tutuorial/install/more_interfaces/include/more_interfaces/more_interfaces/msg
[36.061s] -- Up-to-date: /home/fierra/beginner_tutuorial/install/more_interfaces/include/more_interfaces/more_interfaces/msg/detail
[36.061s] -- Installing: /home/fierra/beginner_tutuorial/install/more_interfaces/include/more_interfaces/more_interfaces/msg/detail/address_book__rosidl_typesupport_introspection_c.h
[36.061s] -- Installing: /home/fierra/beginner_tutuorial/install/more_interfaces/include/more_interfaces/more_interfaces/msg/detail/address_book__type_support.c
[36.061s] -- Installing: /home/fierra/beginner_tutuorial/install/more_interfaces/include/more_interfaces/more_interfaces/msg/rosidl_typesupport_introspection_c__visibility_control.h
[36.062s] -- Installing: /home/fierra/beginner_tutuorial/install/more_interfaces/lib/libmore_interfaces__rosidl_typesupport_introspection_c.so
[36.062s] -- Set runtime path of "/home/fierra/beginner_tutuorial/install/more_interfaces/lib/libmore_interfaces__rosidl_typesupport_introspection_c.so" to ""
[36.063s] -- Up-to-date: /home/fierra/beginner_tutuorial/install/more_interfaces/include/more_interfaces/more_interfaces
[36.064s] -- Up-to-date: /home/fierra/beginner_tutuorial/install/more_interfaces/include/more_interfaces/more_interfaces/msg
[36.064s] -- Up-to-date: /home/fierra/beginner_tutuorial/install/more_interfaces/include/more_interfaces/more_interfaces/msg/detail
[36.064s] -- Installing: /home/fierra/beginner_tutuorial/install/more_interfaces/include/more_interfaces/more_interfaces/msg/detail/address_book__rosidl_typesupport_fastrtps_c.h
[36.064s] -- Installing: /home/fierra/beginner_tutuorial/install/more_interfaces/include/more_interfaces/more_interfaces/msg/rosidl_typesupport_fastrtps_c__visibility_control.h
[36.065s] -- Installing: /home/fierra/beginner_tutuorial/install/more_interfaces/lib/libmore_interfaces__rosidl_typesupport_fastrtps_c.so
[36.065s] -- Set runtime path of "/home/fierra/beginner_tutuorial/install/more_interfaces/lib/libmore_interfaces__rosidl_typesupport_fastrtps_c.so" to ""
[36.065s] -- Installing: /home/fierra/beginner_tutuorial/install/more_interfaces/lib/libmore_interfaces__rosidl_typesupport_c.so
[36.066s] -- Set runtime path of "/home/fierra/beginner_tutuorial/install/more_interfaces/lib/libmore_interfaces__rosidl_typesupport_c.so" to ""
[36.066s] -- Up-to-date: /home/fierra/beginner_tutuorial/install/more_interfaces/include/more_interfaces/more_interfaces
[36.066s] -- Up-to-date: /home/fierra/beginner_tutuorial/install/more_interfaces/include/more_interfaces/more_interfaces/msg
[36.066s] -- Up-to-date: /home/fierra/beginner_tutuorial/install/more_interfaces/include/more_interfaces/more_interfaces/msg/detail
[36.067s] -- Installing: /home/fierra/beginner_tutuorial/install/more_interfaces/include/more_interfaces/more_interfaces/msg/detail/address_book__traits.hpp
[36.067s] -- Installing: /home/fierra/beginner_tutuorial/install/more_interfaces/include/more_interfaces/more_interfaces/msg/detail/address_book__builder.hpp
[36.067s] -- Installing: /home/fierra/beginner_tutuorial/install/more_interfaces/include/more_interfaces/more_interfaces/msg/detail/address_book__struct.hpp
[36.068s] -- Installing: /home/fierra/beginner_tutuorial/install/more_interfaces/include/more_interfaces/more_interfaces/msg/address_book.hpp
[36.068s] -- Up-to-date: /home/fierra/beginner_tutuorial/install/more_interfaces/include/more_interfaces/more_interfaces
[36.068s] -- Up-to-date: /home/fierra/beginner_tutuorial/install/more_interfaces/include/more_interfaces/more_interfaces/msg
[36.068s] -- Up-to-date: /home/fierra/beginner_tutuorial/install/more_interfaces/include/more_interfaces/more_interfaces/msg/detail
[36.069s] -- Installing: /home/fierra/beginner_tutuorial/install/more_interfaces/include/more_interfaces/more_interfaces/msg/detail/address_book__type_support.cpp
[36.069s] -- Installing: /home/fierra/beginner_tutuorial/install/more_interfaces/include/more_interfaces/more_interfaces/msg/detail/address_book__rosidl_typesupport_introspection_cpp.hpp
[36.069s] -- Installing: /home/fierra/beginner_tutuorial/install/more_interfaces/lib/libmore_interfaces__rosidl_typesupport_introspection_cpp.so
[36.070s] -- Set runtime path of "/home/fierra/beginner_tutuorial/install/more_interfaces/lib/libmore_interfaces__rosidl_typesupport_introspection_cpp.so" to ""
[36.070s] -- Up-to-date: /home/fierra/beginner_tutuorial/install/more_interfaces/include/more_interfaces/more_interfaces
[36.071s] -- Up-to-date: /home/fierra/beginner_tutuorial/install/more_interfaces/include/more_interfaces/more_interfaces/msg
[36.071s] -- Installing: /home/fierra/beginner_tutuorial/install/more_interfaces/include/more_interfaces/more_interfaces/msg/rosidl_typesupport_fastrtps_cpp__visibility_control.h
[36.071s] -- Up-to-date: /home/fierra/beginner_tutuorial/install/more_interfaces/include/more_interfaces/more_interfaces/msg/detail
[36.071s] -- Installing: /home/fierra/beginner_tutuorial/install/more_interfaces/include/more_interfaces/more_interfaces/msg/detail/address_book__rosidl_typesupport_fastrtps_cpp.hpp
[36.072s] -- Installing: /home/fierra/beginner_tutuorial/install/more_interfaces/include/more_interfaces/more_interfaces/msg/detail/dds_fastrtps
[36.072s] -- Installing: /home/fierra/beginner_tutuorial/install/more_interfaces/lib/libmore_interfaces__rosidl_typesupport_fastrtps_cpp.so
[36.072s] -- Set runtime path of "/home/fierra/beginner_tutuorial/install/more_interfaces/lib/libmore_interfaces__rosidl_typesupport_fastrtps_cpp.so" to ""
[36.072s] -- Installing: /home/fierra/beginner_tutuorial/install/more_interfaces/lib/libmore_interfaces__rosidl_typesupport_cpp.so
[36.073s] -- Set runtime path of "/home/fierra/beginner_tutuorial/install/more_interfaces/lib/libmore_interfaces__rosidl_typesupport_cpp.so" to ""
[36.073s] -- Installing: /home/fierra/beginner_tutuorial/install/more_interfaces/share/more_interfaces/environment/pythonpath.sh
[36.074s] -- Installing: /home/fierra/beginner_tutuorial/install/more_interfaces/share/more_interfaces/environment/pythonpath.dsv
[36.074s] -- Installing: /home/fierra/beginner_tutuorial/install/more_interfaces/lib/python3.8/site-packages/more_interfaces-0.0.0-py3.8.egg-info
[36.074s] -- Installing: /home/fierra/beginner_tutuorial/install/more_interfaces/lib/python3.8/site-packages/more_interfaces-0.0.0-py3.8.egg-info/SOURCES.txt
[36.074s] -- Installing: /home/fierra/beginner_tutuorial/install/more_interfaces/lib/python3.8/site-packages/more_interfaces-0.0.0-py3.8.egg-info/dependency_links.txt
[36.075s] -- Installing: /home/fierra/beginner_tutuorial/install/more_interfaces/lib/python3.8/site-packages/more_interfaces-0.0.0-py3.8.egg-info/PKG-INFO
[36.075s] -- Installing: /home/fierra/beginner_tutuorial/install/more_interfaces/lib/python3.8/site-packages/more_interfaces-0.0.0-py3.8.egg-info/top_level.txt
[36.075s] -- Installing: /home/fierra/beginner_tutuorial/install/more_interfaces/lib/python3.8/site-packages/more_interfaces
[36.076s] -- Installing: /home/fierra/beginner_tutuorial/install/more_interfaces/lib/python3.8/site-packages/more_interfaces/msg
[36.076s] -- Installing: /home/fierra/beginner_tutuorial/install/more_interfaces/lib/python3.8/site-packages/more_interfaces/msg/_address_book_s.c
[36.077s] -- Installing: /home/fierra/beginner_tutuorial/install/more_interfaces/lib/python3.8/site-packages/more_interfaces/msg/__init__.py
[36.077s] -- Installing: /home/fierra/beginner_tutuorial/install/more_interfaces/lib/python3.8/site-packages/more_interfaces/msg/_address_book.py
[36.077s] -- Installing: /home/fierra/beginner_tutuorial/install/more_interfaces/lib/python3.8/site-packages/more_interfaces/__init__.py
[36.078s] -- Installing: /home/fierra/beginner_tutuorial/install/more_interfaces/lib/python3.8/site-packages/more_interfaces/more_interfaces_s__rosidl_typesupport_fastrtps_c.cpython-38-x86_64-linux-gnu.so
[36.078s] -- Installing: /home/fierra/beginner_tutuorial/install/more_interfaces/lib/python3.8/site-packages/more_interfaces/more_interfaces_s__rosidl_typesupport_introspection_c.cpython-38-x86_64-linux-gnu.so
[36.078s] -- Installing: /home/fierra/beginner_tutuorial/install/more_interfaces/lib/python3.8/site-packages/more_interfaces/_more_interfaces_s.ep.rosidl_typesupport_fastrtps_c.c
[36.078s] -- Installing: /home/fierra/beginner_tutuorial/install/more_interfaces/lib/python3.8/site-packages/more_interfaces/libmore_interfaces__rosidl_generator_py.so
[36.078s] -- Installing: /home/fierra/beginner_tutuorial/install/more_interfaces/lib/python3.8/site-packages/more_interfaces/more_interfaces_s__rosidl_typesupport_c.cpython-38-x86_64-linux-gnu.so
[36.079s] -- Installing: /home/fierra/beginner_tutuorial/install/more_interfaces/lib/python3.8/site-packages/more_interfaces/_more_interfaces_s.ep.rosidl_typesupport_c.c
[36.079s] -- Installing: /home/fierra/beginner_tutuorial/install/more_interfaces/lib/python3.8/site-packages/more_interfaces/_more_interfaces_s.ep.rosidl_typesupport_introspection_c.c
[36.779s] Listing '/home/fierra/beginner_tutuorial/install/more_interfaces/lib/python3.8/site-packages/more_interfaces'...
[36.779s] Compiling '/home/fierra/beginner_tutuorial/install/more_interfaces/lib/python3.8/site-packages/more_interfaces/__init__.py'...
[36.779s] Listing '/home/fierra/beginner_tutuorial/install/more_interfaces/lib/python3.8/site-packages/more_interfaces/msg'...
[36.779s] Compiling '/home/fierra/beginner_tutuorial/install/more_interfaces/lib/python3.8/site-packages/more_interfaces/msg/__init__.py'...
[36.779s] Compiling '/home/fierra/beginner_tutuorial/install/more_interfaces/lib/python3.8/site-packages/more_interfaces/msg/_address_book.py'...
[36.788s] -- Installing: /home/fierra/beginner_tutuorial/install/more_interfaces/lib/python3.8/site-packages/more_interfaces/more_interfaces_s__rosidl_typesupport_introspection_c.cpython-38-x86_64-linux-gnu.so
[36.789s] -- Set runtime path of "/home/fierra/beginner_tutuorial/install/more_interfaces/lib/python3.8/site-packages/more_interfaces/more_interfaces_s__rosidl_typesupport_introspection_c.cpython-38-x86_64-linux-gnu.so" to ""
[36.789s] -- Installing: /home/fierra/beginner_tutuorial/install/more_interfaces/lib/python3.8/site-packages/more_interfaces/more_interfaces_s__rosidl_typesupport_fastrtps_c.cpython-38-x86_64-linux-gnu.so
[36.790s] -- Set runtime path of "/home/fierra/beginner_tutuorial/install/more_interfaces/lib/python3.8/site-packages/more_interfaces/more_interfaces_s__rosidl_typesupport_fastrtps_c.cpython-38-x86_64-linux-gnu.so" to ""
[36.791s] -- Installing: /home/fierra/beginner_tutuorial/install/more_interfaces/lib/python3.8/site-packages/more_interfaces/more_interfaces_s__rosidl_typesupport_c.cpython-38-x86_64-linux-gnu.so
[36.792s] -- Set runtime path of "/home/fierra/beginner_tutuorial/install/more_interfaces/lib/python3.8/site-packages/more_interfaces/more_interfaces_s__rosidl_typesupport_c.cpython-38-x86_64-linux-gnu.so" to ""
[36.792s] -- Installing: /home/fierra/beginner_tutuorial/install/more_interfaces/lib/libmore_interfaces__rosidl_generator_py.so
[36.793s] -- Set runtime path of "/home/fierra/beginner_tutuorial/install/more_interfaces/lib/libmore_interfaces__rosidl_generator_py.so" to ""
[36.793s] -- Installing: /home/fierra/beginner_tutuorial/install/more_interfaces/share/more_interfaces/msg/AddressBook.idl
[36.794s] -- Installing: /home/fierra/beginner_tutuorial/install/more_interfaces/share/more_interfaces/msg/AddressBook.msg
[36.794s] -- Installing: /home/fierra/beginner_tutuorial/install/more_interfaces/share/ament_index/resource_index/package_run_dependencies/more_interfaces
[36.795s] -- Installing: /home/fierra/beginner_tutuorial/install/more_interfaces/share/ament_index/resource_index/parent_prefix_path/more_interfaces
[36.795s] -- Installing: /home/fierra/beginner_tutuorial/install/more_interfaces/share/more_interfaces/environment/ament_prefix_path.sh
[36.795s] -- Installing: /home/fierra/beginner_tutuorial/install/more_interfaces/share/more_interfaces/environment/ament_prefix_path.dsv
[36.796s] -- Installing: /home/fierra/beginner_tutuorial/install/more_interfaces/share/more_interfaces/environment/path.sh
[36.796s] -- Installing: /home/fierra/beginner_tutuorial/install/more_interfaces/share/more_interfaces/environment/path.dsv
[36.796s] -- Installing: /home/fierra/beginner_tutuorial/install/more_interfaces/share/more_interfaces/local_setup.bash
[36.797s] -- Installing: /home/fierra/beginner_tutuorial/install/more_interfaces/share/more_interfaces/local_setup.sh
[36.797s] -- Installing: /home/fierra/beginner_tutuorial/install/more_interfaces/share/more_interfaces/local_setup.zsh
[36.797s] -- Installing: /home/fierra/beginner_tutuorial/install/more_interfaces/share/more_interfaces/local_setup.dsv
[36.798s] -- Installing: /home/fierra/beginner_tutuorial/install/more_interfaces/share/more_interfaces/package.dsv
[36.798s] -- Installing: /home/fierra/beginner_tutuorial/install/more_interfaces/share/ament_index/resource_index/packages/more_interfaces
[36.798s] -- Installing: /home/fierra/beginner_tutuorial/install/more_interfaces/share/more_interfaces/cmake/export_more_interfaces__rosidl_generator_cExport.cmake
[36.798s] -- Installing: /home/fierra/beginner_tutuorial/install/more_interfaces/share/more_interfaces/cmake/export_more_interfaces__rosidl_generator_cExport-noconfig.cmake
[36.799s] -- Installing: /home/fierra/beginner_tutuorial/install/more_interfaces/share/more_interfaces/cmake/more_interfaces__rosidl_typesupport_introspection_cExport.cmake
[36.799s] -- Installing: /home/fierra/beginner_tutuorial/install/more_interfaces/share/more_interfaces/cmake/more_interfaces__rosidl_typesupport_introspection_cExport-noconfig.cmake
[36.800s] -- Installing: /home/fierra/beginner_tutuorial/install/more_interfaces/share/more_interfaces/cmake/export_more_interfaces__rosidl_typesupport_fastrtps_cExport.cmake
[36.800s] -- Installing: /home/fierra/beginner_tutuorial/install/more_interfaces/share/more_interfaces/cmake/export_more_interfaces__rosidl_typesupport_fastrtps_cExport-noconfig.cmake
[36.800s] -- Installing: /home/fierra/beginner_tutuorial/install/more_interfaces/share/more_interfaces/cmake/more_interfaces__rosidl_typesupport_cExport.cmake
[36.801s] -- Installing: /home/fierra/beginner_tutuorial/install/more_interfaces/share/more_interfaces/cmake/more_interfaces__rosidl_typesupport_cExport-noconfig.cmake
[36.801s] -- Installing: /home/fierra/beginner_tutuorial/install/more_interfaces/share/more_interfaces/cmake/export_more_interfaces__rosidl_generator_cppExport.cmake
[36.802s] -- Installing: /home/fierra/beginner_tutuorial/install/more_interfaces/share/more_interfaces/cmake/more_interfaces__rosidl_typesupport_introspection_cppExport.cmake
[36.802s] -- Installing: /home/fierra/beginner_tutuorial/install/more_interfaces/share/more_interfaces/cmake/more_interfaces__rosidl_typesupport_introspection_cppExport-noconfig.cmake
[36.802s] -- Installing: /home/fierra/beginner_tutuorial/install/more_interfaces/share/more_interfaces/cmake/export_more_interfaces__rosidl_typesupport_fastrtps_cppExport.cmake
[36.803s] -- Installing: /home/fierra/beginner_tutuorial/install/more_interfaces/share/more_interfaces/cmake/export_more_interfaces__rosidl_typesupport_fastrtps_cppExport-noconfig.cmake
[36.803s] -- Installing: /home/fierra/beginner_tutuorial/install/more_interfaces/share/more_interfaces/cmake/more_interfaces__rosidl_typesupport_cppExport.cmake
[36.803s] -- Installing: /home/fierra/beginner_tutuorial/install/more_interfaces/share/more_interfaces/cmake/more_interfaces__rosidl_typesupport_cppExport-noconfig.cmake
[36.804s] -- Installing: /home/fierra/beginner_tutuorial/install/more_interfaces/share/more_interfaces/cmake/export_more_interfaces__rosidl_generator_pyExport.cmake
[36.804s] -- Installing: /home/fierra/beginner_tutuorial/install/more_interfaces/share/more_interfaces/cmake/export_more_interfaces__rosidl_generator_pyExport-noconfig.cmake
[36.804s] -- Installing: /home/fierra/beginner_tutuorial/install/more_interfaces/share/more_interfaces/cmake/rosidl_cmake-extras.cmake
[36.805s] -- Installing: /home/fierra/beginner_tutuorial/install/more_interfaces/share/more_interfaces/cmake/ament_cmake_export_include_directories-extras.cmake
[36.805s] -- Installing: /home/fierra/beginner_tutuorial/install/more_interfaces/share/more_interfaces/cmake/ament_cmake_export_libraries-extras.cmake
[36.805s] -- Installing: /home/fierra/beginner_tutuorial/install/more_interfaces/share/more_interfaces/cmake/ament_cmake_export_targets-extras.cmake
[36.805s] -- Installing: /home/fierra/beginner_tutuorial/install/more_interfaces/share/more_interfaces/cmake/rosidl_cmake_export_typesupport_targets-extras.cmake
[36.806s] -- Installing: /home/fierra/beginner_tutuorial/install/more_interfaces/share/more_interfaces/cmake/ament_cmake_export_dependencies-extras.cmake
[36.806s] -- Installing: /home/fierra/beginner_tutuorial/install/more_interfaces/share/more_interfaces/cmake/rosidl_cmake_export_typesupport_libraries-extras.cmake
[36.806s] -- Installing: /home/fierra/beginner_tutuorial/install/more_interfaces/share/more_interfaces/cmake/more_interfacesConfig.cmake
[36.807s] -- Installing: /home/fierra/beginner_tutuorial/install/more_interfaces/share/more_interfaces/cmake/more_interfacesConfig-version.cmake
[36.807s] -- Installing: /home/fierra/beginner_tutuorial/install/more_interfaces/share/more_interfaces/package.xml
[36.811s] Invoked command in '/home/fierra/beginner_tutuorial/build/more_interfaces' returned '0': CMAKE_PREFIX_PATH=${CMAKE_PREFIX_PATH}:/home/fierra/ros2_humble/install/rqt_bag_plugins:/home/fierra/ros2_humble/install/rqt_bag:/home/fierra/ros2_humble/install/ros2bag:/home/fierra/ros2_humble/install/tracetools_test:/home/fierra/ros2_humble/install/tracetools_launch:/home/fierra/ros2_humble/install/topic_monitor:/home/fierra/ros2_humble/install/tf2_tools:/home/fierra/ros2_humble/install/examples_tf2_py:/home/fierra/ros2_humble/install/tf2_ros_py:/home/fierra/ros2_humble/install/sros2:/home/fierra/ros2_humble/install/rqt_topic:/home/fierra/ros2_humble/install/rqt_srv:/home/fierra/ros2_humble/install/rqt_shell:/home/fierra/ros2_humble/install/rqt_service_caller:/home/fierra/ros2_humble/install/rqt_reconfigure:/home/fierra/ros2_humble/install/rqt_py_console:/home/fierra/ros2_humble/install/rqt_publisher:/home/fierra/ros2_humble/install/rqt_plot:/home/fierra/ros2_humble/install/rqt_action:/home/fierra/ros2_humble/install/rqt_msg:/home/fierra/ros2_humble/install/rqt_console:/home/fierra/ros2_humble/install/rqt:/home/fierra/ros2_humble/install/rqt_graph:/home/fierra/ros2_humble/install/rqt_gui_py:/home/fierra/ros2_humble/install/rqt_gui:/home/fierra/ros2_humble/install/ros2trace:/home/fierra/ros2_humble/install/ros2topic:/home/fierra/ros2_humble/install/ros2test:/home/fierra/ros2_humble/install/ros2component:/home/fierra/ros2_humble/install/ros2param:/home/fierra/ros2_humble/install/ros2lifecycle:/home/fierra/ros2_humble/install/ros2service:/home/fierra/ros2_humble/install/ros2run:/home/fierra/ros2_humble/install/ros2launch:/home/fierra/ros2_humble/install/ros2pkg:/home/fierra/ros2_humble/install/ros2node:/home/fierra/ros2_humble/install/ros2multicast:/home/fierra/ros2_humble/install/ros2interface:/home/fierra/ros2_humble/install/ros2doctor:/home/fierra/ros2_humble/install/ros2action:/home/fierra/ros2_humble/install/ros2cli:/home/fierra/ros2_humble/install/quality_of_service_demo_py:/home/fierra/ros2_humble/install/lifecycle_py:/home/fierra/ros2_humble/install/launch_testing_ros:/home/fierra/ros2_humble/install/launch_ros:/home/fierra/ros2_humble/install/examples_rclpy_pointcloud_publisher:/home/fierra/ros2_humble/install/examples_rclpy_minimal_subscriber:/home/fierra/ros2_humble/install/examples_rclpy_minimal_service:/home/fierra/ros2_humble/install/examples_rclpy_minimal_publisher:/home/fierra/ros2_humble/install/examples_rclpy_minimal_client:/home/fierra/ros2_humble/install/examples_rclpy_minimal_action_server:/home/fierra/ros2_humble/install/examples_rclpy_minimal_action_client:/home/fierra/ros2_humble/install/examples_rclpy_guard_conditions:/home/fierra/ros2_humble/install/examples_rclpy_executors:/home/fierra/ros2_humble/install/demo_nodes_py:/home/fierra/ros2_humble/install/action_tutorials_py:/home/fierra/ros2_humble/install/ament_uncrustify:/home/fierra/ros2_humble/install/tracetools_trace:/home/fierra/ros2_humble/install/tracetools_read:/home/fierra/ros2_humble/install/test_tracetools_launch:/home/fierra/ros2_humble/install/test_launch_ros:/home/fierra/ros2_humble/install/sensor_msgs_py:/home/fierra/ros2_humble/install/rpyutils:/home/fierra/ros2_humble/install/rosidl_runtime_py:/home/fierra/ros2_humble/install/rosidl_cli:/home/fierra/ros2_humble/install/launch_pytest:/home/fierra/ros2_humble/install/launch_testing:/home/fierra/ros2_humble/install/launch_yaml:/home/fierra/ros2_humble/install/launch_xml:/home/fierra/ros2_humble/install/launch:/home/fierra/ros2_humble/install/osrf_pycommon:/home/fierra/ros2_humble/install/launch_testing_examples:/home/fierra/ros2_humble/install/domain_coordinator:/home/fierra/ros2_humble/install/ament_xmllint:/home/fierra/ros2_humble/install/ament_pyflakes:/home/fierra/ros2_humble/install/ament_pycodestyle:/home/fierra/ros2_humble/install/ament_pep257:/home/fierra/ros2_humble/install/ament_pclint:/home/fierra/ros2_humble/install/ament_package:/home/fierra/ros2_humble/install/ament_mypy:/home/fierra/ros2_humble/install/ament_lint_cmake:/home/fierra/ros2_humble/install/ament_flake8:/home/fierra/ros2_humble/install/ament_copyright:/home/fierra/ros2_humble/install/ament_lint:/home/fierra/ros2_humble/install/ament_index_python:/home/fierra/ros2_humble/install/ament_cpplint:/home/fierra/ros2_humble/install/ament_cppcheck:/home/fierra/ros2_humble/install/ament_clang_tidy:/home/fierra/ros2_humble/install/ament_clang_format /usr/bin/cmake --install /home/fierra/beginner_tutuorial/build/more_interfaces
