[2.384s] Invoking command in '/home/fierra/ros2_ws/build/examples_rclpy_guard_conditions': PYTHONPATH=/home/fierra/ros2_ws/install/examples_rclpy_guard_conditions/lib/python3.8/site-packages:${PYTHONPATH} /usr/bin/python3 setup.py develop --prefix /home/fierra/ros2_ws/install/examples_rclpy_guard_conditions --editable --build-directory /home/fierra/ros2_ws/build/examples_rclpy_guard_conditions/build --no-deps install_data --install-dir /home/fierra/ros2_ws/install/examples_rclpy_guard_conditions
[3.866s] running develop
[4.363s] running egg_info
[4.363s] creating examples_rclpy_guard_conditions.egg-info
[4.364s] writing examples_rclpy_guard_conditions.egg-info/PKG-INFO
[4.365s] writing dependency_links to examples_rclpy_guard_conditions.egg-info/dependency_links.txt
[4.366s] writing entry points to examples_rclpy_guard_conditions.egg-info/entry_points.txt
[4.366s] writing requirements to examples_rclpy_guard_conditions.egg-info/requires.txt
[4.367s] writing top-level names to examples_rclpy_guard_conditions.egg-info/top_level.txt
[4.367s] writing manifest file 'examples_rclpy_guard_conditions.egg-info/SOURCES.txt'
[4.449s] reading manifest file 'examples_rclpy_guard_conditions.egg-info/SOURCES.txt'
[4.451s] writing manifest file 'examples_rclpy_guard_conditions.egg-info/SOURCES.txt'
[4.460s] running build_ext
[4.461s] Creating /home/fierra/ros2_ws/install/examples_rclpy_guard_conditions/lib/python3.8/site-packages/site.py
[4.469s] Creating /home/fierra/ros2_ws/install/examples_rclpy_guard_conditions/lib/python3.8/site-packages/examples-rclpy-guard-conditions.egg-link (link to .)
[4.471s] Installing trigger_guard_condition script to /home/fierra/ros2_ws/install/examples_rclpy_guard_conditions/lib/examples_rclpy_guard_conditions
[4.472s] 
[4.472s] Installed /home/fierra/ros2_ws/build/examples_rclpy_guard_conditions
[4.472s] running install_data
[4.473s] creating /home/fierra/ros2_ws/install/examples_rclpy_guard_conditions/share/ament_index
[4.473s] creating /home/fierra/ros2_ws/install/examples_rclpy_guard_conditions/share/ament_index/resource_index
[4.473s] creating /home/fierra/ros2_ws/install/examples_rclpy_guard_conditions/share/ament_index/resource_index/packages
[4.474s] copying resource/examples_rclpy_guard_conditions -> /home/fierra/ros2_ws/install/examples_rclpy_guard_conditions/share/ament_index/resource_index/packages
[4.474s] copying package.xml -> /home/fierra/ros2_ws/install/examples_rclpy_guard_conditions/share/examples_rclpy_guard_conditions
[4.545s] Invoked command in '/home/fierra/ros2_ws/build/examples_rclpy_guard_conditions' returned '0': PYTHONPATH=/home/fierra/ros2_ws/install/examples_rclpy_guard_conditions/lib/python3.8/site-packages:${PYTHONPATH} /usr/bin/python3 setup.py develop --prefix /home/fierra/ros2_ws/install/examples_rclpy_guard_conditions --editable --build-directory /home/fierra/ros2_ws/build/examples_rclpy_guard_conditions/build --no-deps install_data --install-dir /home/fierra/ros2_ws/install/examples_rclpy_guard_conditions
