[6.218s] Invoking command in '/home/fierra/ros2_ws/build/examples_rclpy_minimal_action_client': PYTHONPATH=/home/fierra/ros2_ws/install/examples_rclpy_minimal_action_client/lib/python3.8/site-packages:${PYTHONPATH} /usr/bin/python3 setup.py develop --prefix /home/fierra/ros2_ws/install/examples_rclpy_minimal_action_client --uninstall --editable --build-directory /home/fierra/ros2_ws/build/examples_rclpy_minimal_action_client/build
[7.350s] running develop
[7.643s] Removing /home/fierra/ros2_ws/install/examples_rclpy_minimal_action_client/lib/python3.8/site-packages/examples-rclpy-minimal-action-client.egg-link (link to .)
[8.249s] Invoked command in '/home/fierra/ros2_ws/build/examples_rclpy_minimal_action_client' returned '0': PYTHONPATH=/home/fierra/ros2_ws/install/examples_rclpy_minimal_action_client/lib/python3.8/site-packages:${PYTHONPATH} /usr/bin/python3 setup.py develop --prefix /home/fierra/ros2_ws/install/examples_rclpy_minimal_action_client --uninstall --editable --build-directory /home/fierra/ros2_ws/build/examples_rclpy_minimal_action_client/build
[8.253s] Invoking command in '/home/fierra/ros2_ws/src/examples/rclpy/actions/minimal_action_client': PYTHONPATH=/home/fierra/ros2_ws/install/examples_rclpy_minimal_action_client/lib/python3.8/site-packages:${PYTHONPATH} /usr/bin/python3 setup.py egg_info --egg-base ../../../../../build/examples_rclpy_minimal_action_client build --build-base /home/fierra/ros2_ws/build/examples_rclpy_minimal_action_client/build install --prefix /home/fierra/ros2_ws/install/examples_rclpy_minimal_action_client --record /home/fierra/ros2_ws/build/examples_rclpy_minimal_action_client/install.log --single-version-externally-managed
[9.567s] running egg_info
[9.569s] writing ../../../../../build/examples_rclpy_minimal_action_client/examples_rclpy_minimal_action_client.egg-info/PKG-INFO
[9.569s] writing dependency_links to ../../../../../build/examples_rclpy_minimal_action_client/examples_rclpy_minimal_action_client.egg-info/dependency_links.txt
[9.569s] writing entry points to ../../../../../build/examples_rclpy_minimal_action_client/examples_rclpy_minimal_action_client.egg-info/entry_points.txt
[9.570s] writing requirements to ../../../../../build/examples_rclpy_minimal_action_client/examples_rclpy_minimal_action_client.egg-info/requires.txt
[9.570s] writing top-level names to ../../../../../build/examples_rclpy_minimal_action_client/examples_rclpy_minimal_action_client.egg-info/top_level.txt
[9.654s] reading manifest file '../../../../../build/examples_rclpy_minimal_action_client/examples_rclpy_minimal_action_client.egg-info/SOURCES.txt'
[9.656s] writing manifest file '../../../../../build/examples_rclpy_minimal_action_client/examples_rclpy_minimal_action_client.egg-info/SOURCES.txt'
[9.656s] running build
[9.656s] running build_py
[9.656s] creating /home/fierra/ros2_ws/build/examples_rclpy_minimal_action_client/build
[9.657s] creating /home/fierra/ros2_ws/build/examples_rclpy_minimal_action_client/build/lib
[9.657s] creating /home/fierra/ros2_ws/build/examples_rclpy_minimal_action_client/build/lib/examples_rclpy_minimal_action_client
[9.657s] copying examples_rclpy_minimal_action_client/client_asyncio.py -> /home/fierra/ros2_ws/build/examples_rclpy_minimal_action_client/build/lib/examples_rclpy_minimal_action_client
[9.657s] copying examples_rclpy_minimal_action_client/__init__.py -> /home/fierra/ros2_ws/build/examples_rclpy_minimal_action_client/build/lib/examples_rclpy_minimal_action_client
[9.657s] copying examples_rclpy_minimal_action_client/client.py -> /home/fierra/ros2_ws/build/examples_rclpy_minimal_action_client/build/lib/examples_rclpy_minimal_action_client
[9.658s] copying examples_rclpy_minimal_action_client/client_not_composable.py -> /home/fierra/ros2_ws/build/examples_rclpy_minimal_action_client/build/lib/examples_rclpy_minimal_action_client
[9.658s] copying examples_rclpy_minimal_action_client/client_cancel.py -> /home/fierra/ros2_ws/build/examples_rclpy_minimal_action_client/build/lib/examples_rclpy_minimal_action_client
[9.658s] running install
[9.662s] running install_lib
[9.663s] creating /home/fierra/ros2_ws/install/examples_rclpy_minimal_action_client/lib/python3.8/site-packages/examples_rclpy_minimal_action_client
[9.664s] copying /home/fierra/ros2_ws/build/examples_rclpy_minimal_action_client/build/lib/examples_rclpy_minimal_action_client/client_asyncio.py -> /home/fierra/ros2_ws/install/examples_rclpy_minimal_action_client/lib/python3.8/site-packages/examples_rclpy_minimal_action_client
[9.664s] copying /home/fierra/ros2_ws/build/examples_rclpy_minimal_action_client/build/lib/examples_rclpy_minimal_action_client/__init__.py -> /home/fierra/ros2_ws/install/examples_rclpy_minimal_action_client/lib/python3.8/site-packages/examples_rclpy_minimal_action_client
[9.664s] copying /home/fierra/ros2_ws/build/examples_rclpy_minimal_action_client/build/lib/examples_rclpy_minimal_action_client/client.py -> /home/fierra/ros2_ws/install/examples_rclpy_minimal_action_client/lib/python3.8/site-packages/examples_rclpy_minimal_action_client
[9.664s] copying /home/fierra/ros2_ws/build/examples_rclpy_minimal_action_client/build/lib/examples_rclpy_minimal_action_client/client_not_composable.py -> /home/fierra/ros2_ws/install/examples_rclpy_minimal_action_client/lib/python3.8/site-packages/examples_rclpy_minimal_action_client
[9.664s] copying /home/fierra/ros2_ws/build/examples_rclpy_minimal_action_client/build/lib/examples_rclpy_minimal_action_client/client_cancel.py -> /home/fierra/ros2_ws/install/examples_rclpy_minimal_action_client/lib/python3.8/site-packages/examples_rclpy_minimal_action_client
[9.668s] byte-compiling /home/fierra/ros2_ws/install/examples_rclpy_minimal_action_client/lib/python3.8/site-packages/examples_rclpy_minimal_action_client/client_asyncio.py to client_asyncio.cpython-38.pyc
[9.671s] byte-compiling /home/fierra/ros2_ws/install/examples_rclpy_minimal_action_client/lib/python3.8/site-packages/examples_rclpy_minimal_action_client/__init__.py to __init__.cpython-38.pyc
[9.671s] byte-compiling /home/fierra/ros2_ws/install/examples_rclpy_minimal_action_client/lib/python3.8/site-packages/examples_rclpy_minimal_action_client/client.py to client.cpython-38.pyc
[9.672s] byte-compiling /home/fierra/ros2_ws/install/examples_rclpy_minimal_action_client/lib/python3.8/site-packages/examples_rclpy_minimal_action_client/client_not_composable.py to client_not_composable.cpython-38.pyc
[9.673s] byte-compiling /home/fierra/ros2_ws/install/examples_rclpy_minimal_action_client/lib/python3.8/site-packages/examples_rclpy_minimal_action_client/client_cancel.py to client_cancel.cpython-38.pyc
[9.674s] running install_data
[9.675s] running install_egg_info
[9.680s] Copying ../../../../../build/examples_rclpy_minimal_action_client/examples_rclpy_minimal_action_client.egg-info to /home/fierra/ros2_ws/install/examples_rclpy_minimal_action_client/lib/python3.8/site-packages/examples_rclpy_minimal_action_client-0.15.1-py3.8.egg-info
[9.682s] running install_scripts
[9.735s] Installing client script to /home/fierra/ros2_ws/install/examples_rclpy_minimal_action_client/lib/examples_rclpy_minimal_action_client
[9.735s] Installing client_asyncio script to /home/fierra/ros2_ws/install/examples_rclpy_minimal_action_client/lib/examples_rclpy_minimal_action_client
[9.735s] Installing client_cancel script to /home/fierra/ros2_ws/install/examples_rclpy_minimal_action_client/lib/examples_rclpy_minimal_action_client
[9.735s] Installing client_not_composable script to /home/fierra/ros2_ws/install/examples_rclpy_minimal_action_client/lib/examples_rclpy_minimal_action_client
[9.736s] writing list of installed files to '/home/fierra/ros2_ws/build/examples_rclpy_minimal_action_client/install.log'
[10.156s] Invoked command in '/home/fierra/ros2_ws/src/examples/rclpy/actions/minimal_action_client' returned '0': PYTHONPATH=/home/fierra/ros2_ws/install/examples_rclpy_minimal_action_client/lib/python3.8/site-packages:${PYTHONPATH} /usr/bin/python3 setup.py egg_info --egg-base ../../../../../build/examples_rclpy_minimal_action_client build --build-base /home/fierra/ros2_ws/build/examples_rclpy_minimal_action_client/build install --prefix /home/fierra/ros2_ws/install/examples_rclpy_minimal_action_client --record /home/fierra/ros2_ws/build/examples_rclpy_minimal_action_client/install.log --single-version-externally-managed
