[0.052s] Invoking command in '/home/fierra/beginner_tutuorial/build/more_interfaces': CMAKE_PREFIX_PATH=${CMAKE_PREFIX_PATH}:/home/fierra/ros2_humble/install/rqt_bag_plugins:/home/fierra/ros2_humble/install/rqt_bag:/home/fierra/ros2_humble/install/ros2bag:/home/fierra/ros2_humble/install/tracetools_test:/home/fierra/ros2_humble/install/tracetools_launch:/home/fierra/ros2_humble/install/topic_monitor:/home/fierra/ros2_humble/install/tf2_tools:/home/fierra/ros2_humble/install/examples_tf2_py:/home/fierra/ros2_humble/install/tf2_ros_py:/home/fierra/ros2_humble/install/sros2:/home/fierra/ros2_humble/install/rqt_topic:/home/fierra/ros2_humble/install/rqt_srv:/home/fierra/ros2_humble/install/rqt_shell:/home/fierra/ros2_humble/install/rqt_service_caller:/home/fierra/ros2_humble/install/rqt_reconfigure:/home/fierra/ros2_humble/install/rqt_py_console:/home/fierra/ros2_humble/install/rqt_publisher:/home/fierra/ros2_humble/install/rqt_plot:/home/fierra/ros2_humble/install/rqt_action:/home/fierra/ros2_humble/install/rqt_msg:/home/fierra/ros2_humble/install/rqt_console:/home/fierra/ros2_humble/install/rqt:/home/fierra/ros2_humble/install/rqt_graph:/home/fierra/ros2_humble/install/rqt_gui_py:/home/fierra/ros2_humble/install/rqt_gui:/home/fierra/ros2_humble/install/ros2trace:/home/fierra/ros2_humble/install/ros2topic:/home/fierra/ros2_humble/install/ros2test:/home/fierra/ros2_humble/install/ros2component:/home/fierra/ros2_humble/install/ros2param:/home/fierra/ros2_humble/install/ros2lifecycle:/home/fierra/ros2_humble/install/ros2service:/home/fierra/ros2_humble/install/ros2run:/home/fierra/ros2_humble/install/ros2launch:/home/fierra/ros2_humble/install/ros2pkg:/home/fierra/ros2_humble/install/ros2node:/home/fierra/ros2_humble/install/ros2multicast:/home/fierra/ros2_humble/install/ros2interface:/home/fierra/ros2_humble/install/ros2doctor:/home/fierra/ros2_humble/install/ros2action:/home/fierra/ros2_humble/install/ros2cli:/home/fierra/ros2_humble/install/quality_of_service_demo_py:/home/fierra/ros2_humble/install/lifecycle_py:/home/fierra/ros2_humble/install/launch_testing_ros:/home/fierra/ros2_humble/install/launch_ros:/home/fierra/ros2_humble/install/examples_rclpy_pointcloud_publisher:/home/fierra/ros2_humble/install/examples_rclpy_minimal_subscriber:/home/fierra/ros2_humble/install/examples_rclpy_minimal_service:/home/fierra/ros2_humble/install/examples_rclpy_minimal_publisher:/home/fierra/ros2_humble/install/examples_rclpy_minimal_client:/home/fierra/ros2_humble/install/examples_rclpy_minimal_action_server:/home/fierra/ros2_humble/install/examples_rclpy_minimal_action_client:/home/fierra/ros2_humble/install/examples_rclpy_guard_conditions:/home/fierra/ros2_humble/install/examples_rclpy_executors:/home/fierra/ros2_humble/install/demo_nodes_py:/home/fierra/ros2_humble/install/action_tutorials_py:/home/fierra/ros2_humble/install/ament_uncrustify:/home/fierra/ros2_humble/install/tracetools_trace:/home/fierra/ros2_humble/install/tracetools_read:/home/fierra/ros2_humble/install/test_tracetools_launch:/home/fierra/ros2_humble/install/test_launch_ros:/home/fierra/ros2_humble/install/sensor_msgs_py:/home/fierra/ros2_humble/install/rpyutils:/home/fierra/ros2_humble/install/rosidl_runtime_py:/home/fierra/ros2_humble/install/rosidl_cli:/home/fierra/ros2_humble/install/launch_pytest:/home/fierra/ros2_humble/install/launch_testing:/home/fierra/ros2_humble/install/launch_yaml:/home/fierra/ros2_humble/install/launch_xml:/home/fierra/ros2_humble/install/launch:/home/fierra/ros2_humble/install/osrf_pycommon:/home/fierra/ros2_humble/install/launch_testing_examples:/home/fierra/ros2_humble/install/domain_coordinator:/home/fierra/ros2_humble/install/ament_xmllint:/home/fierra/ros2_humble/install/ament_pyflakes:/home/fierra/ros2_humble/install/ament_pycodestyle:/home/fierra/ros2_humble/install/ament_pep257:/home/fierra/ros2_humble/install/ament_pclint:/home/fierra/ros2_humble/install/ament_package:/home/fierra/ros2_humble/install/ament_mypy:/home/fierra/ros2_humble/install/ament_lint_cmake:/home/fierra/ros2_humble/install/ament_flake8:/home/fierra/ros2_humble/install/ament_copyright:/home/fierra/ros2_humble/install/ament_lint:/home/fierra/ros2_humble/install/ament_index_python:/home/fierra/ros2_humble/install/ament_cpplint:/home/fierra/ros2_humble/install/ament_cppcheck:/home/fierra/ros2_humble/install/ament_clang_tidy:/home/fierra/ros2_humble/install/ament_clang_format /usr/bin/cmake --build /home/fierra/beginner_tutuorial/build/more_interfaces -- -j8 -l8
[0.579s] -- Found ament_cmake: 1.3.2 (/home/fierra/ros2_humble/install/ament_cmake/share/ament_cmake/cmake)
[2.023s] -- Found rosidl_default_generators: 1.2.0 (/home/fierra/ros2_humble/install/rosidl_default_generators/share/rosidl_default_generators/cmake)
[2.161s] -- Using all available rosidl_typesupport_c: rosidl_typesupport_introspection_c;rosidl_typesupport_fastrtps_c
[2.165s] -- Found rosidl_adapter: 3.1.3 (/home/fierra/ros2_humble/install/rosidl_adapter/share/rosidl_adapter/cmake)
[2.247s] -- Using all available rosidl_typesupport_cpp: rosidl_typesupport_introspection_cpp;rosidl_typesupport_fastrtps_cpp
[2.286s] -- Found rclcpp: 16.0.1 (/home/fierra/ros2_humble/install/rclcpp/share/rclcpp/cmake)
[2.434s] -- Found rmw_implementation_cmake: 6.1.0 (/home/fierra/ros2_humble/install/rmw_implementation_cmake/share/rmw_implementation_cmake/cmake)
[2.468s] -- Found rmw_fastrtps_cpp: 6.2.1 (/home/fierra/ros2_humble/install/rmw_fastrtps_cpp/share/rmw_fastrtps_cpp/cmake)
[2.777s] -- Using RMW implementation 'rmw_fastrtps_cpp' as default
[6.552s] -- Found ament_cmake_ros: 0.10.0 (/home/fierra/ros2_humble/install/ament_cmake_ros/share/ament_cmake_ros/cmake)
[8.570s] -- Using all available rosidl_typesupport_c: rosidl_typesupport_introspection_c;rosidl_typesupport_fastrtps_c
[12.508s] -- Using all available rosidl_typesupport_cpp: rosidl_typesupport_introspection_cpp;rosidl_typesupport_fastrtps_cpp
[12.722s] -- Found python_cmake_module: 0.10.0 (/home/fierra/ros2_humble/install/python_cmake_module/share/python_cmake_module/cmake)
[12.950s] -- Using PYTHON_EXECUTABLE: /usr/bin/python3
[12.950s] -- Using PYTHON_INCLUDE_DIRS: /usr/include/python3.8
[12.950s] -- Using PYTHON_LIBRARIES: /usr/lib/x86_64-linux-gnu/libpython3.8.so
[13.418s] -- Configuring done
[13.491s] -- Generating done
[13.500s] -- Build files have been written to: /home/fierra/beginner_tutuorial/build/more_interfaces
[13.654s] [  9%] Built target more_interfaces__rosidl_generator_c
[13.656s] [ 12%] Built target more_interfaces__cpp
[13.699s] [ 12%] Built target ament_cmake_python_copy_more_interfaces
[13.768s] [ 21%] Built target more_interfaces__rosidl_typesupport_c
[13.777s] [ 30%] Built target more_interfaces__rosidl_typesupport_introspection_c
[13.819s] [ 39%] Built target more_interfaces__rosidl_typesupport_introspection_cpp
[13.822s] [ 48%] Built target more_interfaces__rosidl_typesupport_fastrtps_cpp
[13.846s] [ 57%] Built target more_interfaces__rosidl_typesupport_cpp
[13.858s] [ 66%] Built target more_interfaces__rosidl_typesupport_fastrtps_c
[13.962s] [ 66%] Built target more_interfaces
[13.967s] [ 72%] Built target publish_address_book
[14.043s] [ 75%] Built target more_interfaces__py
[14.132s] [ 81%] Built target more_interfaces__rosidl_generator_py
[14.224s] [ 87%] Built target more_interfaces__rosidl_typesupport_fastrtps_c__pyext
[14.231s] [ 93%] Built target more_interfaces__rosidl_typesupport_introspection_c__pyext
[14.235s] [100%] Built target more_interfaces__rosidl_typesupport_c__pyext
[14.923s] running egg_info
[14.925s] writing more_interfaces.egg-info/PKG-INFO
[14.925s] writing dependency_links to more_interfaces.egg-info/dependency_links.txt
[14.925s] writing top-level names to more_interfaces.egg-info/top_level.txt
[15.012s] reading manifest file 'more_interfaces.egg-info/SOURCES.txt'
[15.013s] writing manifest file 'more_interfaces.egg-info/SOURCES.txt'
[15.075s] [100%] Built target ament_cmake_python_build_more_interfaces_egg
[15.117s] Invoked command in '/home/fierra/beginner_tutuorial/build/more_interfaces' returned '0': CMAKE_PREFIX_PATH=${CMAKE_PREFIX_PATH}:/home/fierra/ros2_humble/install/rqt_bag_plugins:/home/fierra/ros2_humble/install/rqt_bag:/home/fierra/ros2_humble/install/ros2bag:/home/fierra/ros2_humble/install/tracetools_test:/home/fierra/ros2_humble/install/tracetools_launch:/home/fierra/ros2_humble/install/topic_monitor:/home/fierra/ros2_humble/install/tf2_tools:/home/fierra/ros2_humble/install/examples_tf2_py:/home/fierra/ros2_humble/install/tf2_ros_py:/home/fierra/ros2_humble/install/sros2:/home/fierra/ros2_humble/install/rqt_topic:/home/fierra/ros2_humble/install/rqt_srv:/home/fierra/ros2_humble/install/rqt_shell:/home/fierra/ros2_humble/install/rqt_service_caller:/home/fierra/ros2_humble/install/rqt_reconfigure:/home/fierra/ros2_humble/install/rqt_py_console:/home/fierra/ros2_humble/install/rqt_publisher:/home/fierra/ros2_humble/install/rqt_plot:/home/fierra/ros2_humble/install/rqt_action:/home/fierra/ros2_humble/install/rqt_msg:/home/fierra/ros2_humble/install/rqt_console:/home/fierra/ros2_humble/install/rqt:/home/fierra/ros2_humble/install/rqt_graph:/home/fierra/ros2_humble/install/rqt_gui_py:/home/fierra/ros2_humble/install/rqt_gui:/home/fierra/ros2_humble/install/ros2trace:/home/fierra/ros2_humble/install/ros2topic:/home/fierra/ros2_humble/install/ros2test:/home/fierra/ros2_humble/install/ros2component:/home/fierra/ros2_humble/install/ros2param:/home/fierra/ros2_humble/install/ros2lifecycle:/home/fierra/ros2_humble/install/ros2service:/home/fierra/ros2_humble/install/ros2run:/home/fierra/ros2_humble/install/ros2launch:/home/fierra/ros2_humble/install/ros2pkg:/home/fierra/ros2_humble/install/ros2node:/home/fierra/ros2_humble/install/ros2multicast:/home/fierra/ros2_humble/install/ros2interface:/home/fierra/ros2_humble/install/ros2doctor:/home/fierra/ros2_humble/install/ros2action:/home/fierra/ros2_humble/install/ros2cli:/home/fierra/ros2_humble/install/quality_of_service_demo_py:/home/fierra/ros2_humble/install/lifecycle_py:/home/fierra/ros2_humble/install/launch_testing_ros:/home/fierra/ros2_humble/install/launch_ros:/home/fierra/ros2_humble/install/examples_rclpy_pointcloud_publisher:/home/fierra/ros2_humble/install/examples_rclpy_minimal_subscriber:/home/fierra/ros2_humble/install/examples_rclpy_minimal_service:/home/fierra/ros2_humble/install/examples_rclpy_minimal_publisher:/home/fierra/ros2_humble/install/examples_rclpy_minimal_client:/home/fierra/ros2_humble/install/examples_rclpy_minimal_action_server:/home/fierra/ros2_humble/install/examples_rclpy_minimal_action_client:/home/fierra/ros2_humble/install/examples_rclpy_guard_conditions:/home/fierra/ros2_humble/install/examples_rclpy_executors:/home/fierra/ros2_humble/install/demo_nodes_py:/home/fierra/ros2_humble/install/action_tutorials_py:/home/fierra/ros2_humble/install/ament_uncrustify:/home/fierra/ros2_humble/install/tracetools_trace:/home/fierra/ros2_humble/install/tracetools_read:/home/fierra/ros2_humble/install/test_tracetools_launch:/home/fierra/ros2_humble/install/test_launch_ros:/home/fierra/ros2_humble/install/sensor_msgs_py:/home/fierra/ros2_humble/install/rpyutils:/home/fierra/ros2_humble/install/rosidl_runtime_py:/home/fierra/ros2_humble/install/rosidl_cli:/home/fierra/ros2_humble/install/launch_pytest:/home/fierra/ros2_humble/install/launch_testing:/home/fierra/ros2_humble/install/launch_yaml:/home/fierra/ros2_humble/install/launch_xml:/home/fierra/ros2_humble/install/launch:/home/fierra/ros2_humble/install/osrf_pycommon:/home/fierra/ros2_humble/install/launch_testing_examples:/home/fierra/ros2_humble/install/domain_coordinator:/home/fierra/ros2_humble/install/ament_xmllint:/home/fierra/ros2_humble/install/ament_pyflakes:/home/fierra/ros2_humble/install/ament_pycodestyle:/home/fierra/ros2_humble/install/ament_pep257:/home/fierra/ros2_humble/install/ament_pclint:/home/fierra/ros2_humble/install/ament_package:/home/fierra/ros2_humble/install/ament_mypy:/home/fierra/ros2_humble/install/ament_lint_cmake:/home/fierra/ros2_humble/install/ament_flake8:/home/fierra/ros2_humble/install/ament_copyright:/home/fierra/ros2_humble/install/ament_lint:/home/fierra/ros2_humble/install/ament_index_python:/home/fierra/ros2_humble/install/ament_cpplint:/home/fierra/ros2_humble/install/ament_cppcheck:/home/fierra/ros2_humble/install/ament_clang_tidy:/home/fierra/ros2_humble/install/ament_clang_format /usr/bin/cmake --build /home/fierra/beginner_tutuorial/build/more_interfaces -- -j8 -l8
[15.501s] Invoking command in '/home/fierra/beginner_tutuorial/build/more_interfaces': CMAKE_PREFIX_PATH=${CMAKE_PREFIX_PATH}:/home/fierra/ros2_humble/install/rqt_bag_plugins:/home/fierra/ros2_humble/install/rqt_bag:/home/fierra/ros2_humble/install/ros2bag:/home/fierra/ros2_humble/install/tracetools_test:/home/fierra/ros2_humble/install/tracetools_launch:/home/fierra/ros2_humble/install/topic_monitor:/home/fierra/ros2_humble/install/tf2_tools:/home/fierra/ros2_humble/install/examples_tf2_py:/home/fierra/ros2_humble/install/tf2_ros_py:/home/fierra/ros2_humble/install/sros2:/home/fierra/ros2_humble/install/rqt_topic:/home/fierra/ros2_humble/install/rqt_srv:/home/fierra/ros2_humble/install/rqt_shell:/home/fierra/ros2_humble/install/rqt_service_caller:/home/fierra/ros2_humble/install/rqt_reconfigure:/home/fierra/ros2_humble/install/rqt_py_console:/home/fierra/ros2_humble/install/rqt_publisher:/home/fierra/ros2_humble/install/rqt_plot:/home/fierra/ros2_humble/install/rqt_action:/home/fierra/ros2_humble/install/rqt_msg:/home/fierra/ros2_humble/install/rqt_console:/home/fierra/ros2_humble/install/rqt:/home/fierra/ros2_humble/install/rqt_graph:/home/fierra/ros2_humble/install/rqt_gui_py:/home/fierra/ros2_humble/install/rqt_gui:/home/fierra/ros2_humble/install/ros2trace:/home/fierra/ros2_humble/install/ros2topic:/home/fierra/ros2_humble/install/ros2test:/home/fierra/ros2_humble/install/ros2component:/home/fierra/ros2_humble/install/ros2param:/home/fierra/ros2_humble/install/ros2lifecycle:/home/fierra/ros2_humble/install/ros2service:/home/fierra/ros2_humble/install/ros2run:/home/fierra/ros2_humble/install/ros2launch:/home/fierra/ros2_humble/install/ros2pkg:/home/fierra/ros2_humble/install/ros2node:/home/fierra/ros2_humble/install/ros2multicast:/home/fierra/ros2_humble/install/ros2interface:/home/fierra/ros2_humble/install/ros2doctor:/home/fierra/ros2_humble/install/ros2action:/home/fierra/ros2_humble/install/ros2cli:/home/fierra/ros2_humble/install/quality_of_service_demo_py:/home/fierra/ros2_humble/install/lifecycle_py:/home/fierra/ros2_humble/install/launch_testing_ros:/home/fierra/ros2_humble/install/launch_ros:/home/fierra/ros2_humble/install/examples_rclpy_pointcloud_publisher:/home/fierra/ros2_humble/install/examples_rclpy_minimal_subscriber:/home/fierra/ros2_humble/install/examples_rclpy_minimal_service:/home/fierra/ros2_humble/install/examples_rclpy_minimal_publisher:/home/fierra/ros2_humble/install/examples_rclpy_minimal_client:/home/fierra/ros2_humble/install/examples_rclpy_minimal_action_server:/home/fierra/ros2_humble/install/examples_rclpy_minimal_action_client:/home/fierra/ros2_humble/install/examples_rclpy_guard_conditions:/home/fierra/ros2_humble/install/examples_rclpy_executors:/home/fierra/ros2_humble/install/demo_nodes_py:/home/fierra/ros2_humble/install/action_tutorials_py:/home/fierra/ros2_humble/install/ament_uncrustify:/home/fierra/ros2_humble/install/tracetools_trace:/home/fierra/ros2_humble/install/tracetools_read:/home/fierra/ros2_humble/install/test_tracetools_launch:/home/fierra/ros2_humble/install/test_launch_ros:/home/fierra/ros2_humble/install/sensor_msgs_py:/home/fierra/ros2_humble/install/rpyutils:/home/fierra/ros2_humble/install/rosidl_runtime_py:/home/fierra/ros2_humble/install/rosidl_cli:/home/fierra/ros2_humble/install/launch_pytest:/home/fierra/ros2_humble/install/launch_testing:/home/fierra/ros2_humble/install/launch_yaml:/home/fierra/ros2_humble/install/launch_xml:/home/fierra/ros2_humble/install/launch:/home/fierra/ros2_humble/install/osrf_pycommon:/home/fierra/ros2_humble/install/launch_testing_examples:/home/fierra/ros2_humble/install/domain_coordinator:/home/fierra/ros2_humble/install/ament_xmllint:/home/fierra/ros2_humble/install/ament_pyflakes:/home/fierra/ros2_humble/install/ament_pycodestyle:/home/fierra/ros2_humble/install/ament_pep257:/home/fierra/ros2_humble/install/ament_pclint:/home/fierra/ros2_humble/install/ament_package:/home/fierra/ros2_humble/install/ament_mypy:/home/fierra/ros2_humble/install/ament_lint_cmake:/home/fierra/ros2_humble/install/ament_flake8:/home/fierra/ros2_humble/install/ament_copyright:/home/fierra/ros2_humble/install/ament_lint:/home/fierra/ros2_humble/install/ament_index_python:/home/fierra/ros2_humble/install/ament_cpplint:/home/fierra/ros2_humble/install/ament_cppcheck:/home/fierra/ros2_humble/install/ament_clang_tidy:/home/fierra/ros2_humble/install/ament_clang_format /usr/bin/cmake --install /home/fierra/beginner_tutuorial/build/more_interfaces
[15.540s] -- Install configuration: ""
[15.540s] -- Up-to-date: /home/fierra/beginner_tutuorial/install/more_interfaces/lib/more_interfaces/publish_address_book
[15.541s] -- Up-to-date: /home/fierra/beginner_tutuorial/install/more_interfaces/share/ament_index/resource_index/rosidl_interfaces/more_interfaces
[15.541s] -- Up-to-date: /home/fierra/beginner_tutuorial/install/more_interfaces/include/more_interfaces/more_interfaces
[15.541s] -- Up-to-date: /home/fierra/beginner_tutuorial/install/more_interfaces/include/more_interfaces/more_interfaces/msg
[15.541s] -- Up-to-date: /home/fierra/beginner_tutuorial/install/more_interfaces/include/more_interfaces/more_interfaces/msg/detail
[15.542s] -- Up-to-date: /home/fierra/beginner_tutuorial/install/more_interfaces/include/more_interfaces/more_interfaces/msg/detail/address_book__struct.h
[15.542s] -- Up-to-date: /home/fierra/beginner_tutuorial/install/more_interfaces/include/more_interfaces/more_interfaces/msg/detail/address_book__type_support.h
[15.542s] -- Up-to-date: /home/fierra/beginner_tutuorial/install/more_interfaces/include/more_interfaces/more_interfaces/msg/detail/address_book__functions.h
[15.542s] -- Up-to-date: /home/fierra/beginner_tutuorial/install/more_interfaces/include/more_interfaces/more_interfaces/msg/detail/address_book__functions.c
[15.542s] -- Up-to-date: /home/fierra/beginner_tutuorial/install/more_interfaces/include/more_interfaces/more_interfaces/msg/rosidl_generator_c__visibility_control.h
[15.543s] -- Up-to-date: /home/fierra/beginner_tutuorial/install/more_interfaces/include/more_interfaces/more_interfaces/msg/address_book.h
[15.543s] -- Up-to-date: /home/fierra/beginner_tutuorial/install/more_interfaces/share/more_interfaces/environment/library_path.sh
[15.543s] -- Installing: /home/fierra/beginner_tutuorial/install/more_interfaces/share/more_interfaces/environment/library_path.dsv
[15.543s] -- Up-to-date: /home/fierra/beginner_tutuorial/install/more_interfaces/lib/libmore_interfaces__rosidl_generator_c.so
[15.543s] -- Up-to-date: /home/fierra/beginner_tutuorial/install/more_interfaces/include/more_interfaces/more_interfaces
[15.544s] -- Up-to-date: /home/fierra/beginner_tutuorial/install/more_interfaces/include/more_interfaces/more_interfaces/msg
[15.544s] -- Up-to-date: /home/fierra/beginner_tutuorial/install/more_interfaces/include/more_interfaces/more_interfaces/msg/detail
[15.544s] -- Up-to-date: /home/fierra/beginner_tutuorial/install/more_interfaces/include/more_interfaces/more_interfaces/msg/detail/address_book__rosidl_typesupport_introspection_c.h
[15.544s] -- Up-to-date: /home/fierra/beginner_tutuorial/install/more_interfaces/include/more_interfaces/more_interfaces/msg/detail/address_book__type_support.c
[15.545s] -- Up-to-date: /home/fierra/beginner_tutuorial/install/more_interfaces/include/more_interfaces/more_interfaces/msg/rosidl_typesupport_introspection_c__visibility_control.h
[15.545s] -- Up-to-date: /home/fierra/beginner_tutuorial/install/more_interfaces/lib/libmore_interfaces__rosidl_typesupport_introspection_c.so
[15.545s] -- Up-to-date: /home/fierra/beginner_tutuorial/install/more_interfaces/include/more_interfaces/more_interfaces
[15.545s] -- Up-to-date: /home/fierra/beginner_tutuorial/install/more_interfaces/include/more_interfaces/more_interfaces/msg
[15.545s] -- Up-to-date: /home/fierra/beginner_tutuorial/install/more_interfaces/include/more_interfaces/more_interfaces/msg/detail
[15.546s] -- Up-to-date: /home/fierra/beginner_tutuorial/install/more_interfaces/include/more_interfaces/more_interfaces/msg/detail/address_book__rosidl_typesupport_fastrtps_c.h
[15.546s] -- Up-to-date: /home/fierra/beginner_tutuorial/install/more_interfaces/include/more_interfaces/more_interfaces/msg/rosidl_typesupport_fastrtps_c__visibility_control.h
[15.546s] -- Up-to-date: /home/fierra/beginner_tutuorial/install/more_interfaces/lib/libmore_interfaces__rosidl_typesupport_fastrtps_c.so
[15.546s] -- Up-to-date: /home/fierra/beginner_tutuorial/install/more_interfaces/lib/libmore_interfaces__rosidl_typesupport_c.so
[15.546s] -- Up-to-date: /home/fierra/beginner_tutuorial/install/more_interfaces/include/more_interfaces/more_interfaces
[15.547s] -- Up-to-date: /home/fierra/beginner_tutuorial/install/more_interfaces/include/more_interfaces/more_interfaces/msg
[15.547s] -- Up-to-date: /home/fierra/beginner_tutuorial/install/more_interfaces/include/more_interfaces/more_interfaces/msg/detail
[15.547s] -- Up-to-date: /home/fierra/beginner_tutuorial/install/more_interfaces/include/more_interfaces/more_interfaces/msg/detail/address_book__traits.hpp
[15.547s] -- Up-to-date: /home/fierra/beginner_tutuorial/install/more_interfaces/include/more_interfaces/more_interfaces/msg/detail/address_book__builder.hpp
[15.548s] -- Up-to-date: /home/fierra/beginner_tutuorial/install/more_interfaces/include/more_interfaces/more_interfaces/msg/detail/address_book__struct.hpp
[15.548s] -- Up-to-date: /home/fierra/beginner_tutuorial/install/more_interfaces/include/more_interfaces/more_interfaces/msg/address_book.hpp
[15.548s] -- Up-to-date: /home/fierra/beginner_tutuorial/install/more_interfaces/include/more_interfaces/more_interfaces
[15.548s] -- Up-to-date: /home/fierra/beginner_tutuorial/install/more_interfaces/include/more_interfaces/more_interfaces/msg
[15.548s] -- Up-to-date: /home/fierra/beginner_tutuorial/install/more_interfaces/include/more_interfaces/more_interfaces/msg/detail
[15.548s] -- Up-to-date: /home/fierra/beginner_tutuorial/install/more_interfaces/include/more_interfaces/more_interfaces/msg/detail/address_book__type_support.cpp
[15.549s] -- Up-to-date: /home/fierra/beginner_tutuorial/install/more_interfaces/include/more_interfaces/more_interfaces/msg/detail/address_book__rosidl_typesupport_introspection_cpp.hpp
[15.549s] -- Up-to-date: /home/fierra/beginner_tutuorial/install/more_interfaces/lib/libmore_interfaces__rosidl_typesupport_introspection_cpp.so
[15.549s] -- Up-to-date: /home/fierra/beginner_tutuorial/install/more_interfaces/include/more_interfaces/more_interfaces
[15.549s] -- Up-to-date: /home/fierra/beginner_tutuorial/install/more_interfaces/include/more_interfaces/more_interfaces/msg
[15.550s] -- Up-to-date: /home/fierra/beginner_tutuorial/install/more_interfaces/include/more_interfaces/more_interfaces/msg/rosidl_typesupport_fastrtps_cpp__visibility_control.h
[15.550s] -- Up-to-date: /home/fierra/beginner_tutuorial/install/more_interfaces/include/more_interfaces/more_interfaces/msg/detail
[15.550s] -- Up-to-date: /home/fierra/beginner_tutuorial/install/more_interfaces/include/more_interfaces/more_interfaces/msg/detail/address_book__rosidl_typesupport_fastrtps_cpp.hpp
[15.550s] -- Up-to-date: /home/fierra/beginner_tutuorial/install/more_interfaces/include/more_interfaces/more_interfaces/msg/detail/dds_fastrtps
[15.550s] -- Up-to-date: /home/fierra/beginner_tutuorial/install/more_interfaces/lib/libmore_interfaces__rosidl_typesupport_fastrtps_cpp.so
[15.551s] -- Up-to-date: /home/fierra/beginner_tutuorial/install/more_interfaces/lib/libmore_interfaces__rosidl_typesupport_cpp.so
[15.551s] -- Up-to-date: /home/fierra/beginner_tutuorial/install/more_interfaces/share/more_interfaces/environment/pythonpath.sh
[15.551s] -- Installing: /home/fierra/beginner_tutuorial/install/more_interfaces/share/more_interfaces/environment/pythonpath.dsv
[15.551s] -- Up-to-date: /home/fierra/beginner_tutuorial/install/more_interfaces/lib/python3.8/site-packages/more_interfaces-0.0.0-py3.8.egg-info
[15.552s] -- Installing: /home/fierra/beginner_tutuorial/install/more_interfaces/lib/python3.8/site-packages/more_interfaces-0.0.0-py3.8.egg-info/SOURCES.txt
[15.552s] -- Installing: /home/fierra/beginner_tutuorial/install/more_interfaces/lib/python3.8/site-packages/more_interfaces-0.0.0-py3.8.egg-info/dependency_links.txt
[15.552s] -- Installing: /home/fierra/beginner_tutuorial/install/more_interfaces/lib/python3.8/site-packages/more_interfaces-0.0.0-py3.8.egg-info/PKG-INFO
[15.552s] -- Installing: /home/fierra/beginner_tutuorial/install/more_interfaces/lib/python3.8/site-packages/more_interfaces-0.0.0-py3.8.egg-info/top_level.txt
[15.552s] -- Up-to-date: /home/fierra/beginner_tutuorial/install/more_interfaces/lib/python3.8/site-packages/more_interfaces
[15.552s] -- Up-to-date: /home/fierra/beginner_tutuorial/install/more_interfaces/lib/python3.8/site-packages/more_interfaces/msg
[15.552s] -- Up-to-date: /home/fierra/beginner_tutuorial/install/more_interfaces/lib/python3.8/site-packages/more_interfaces/msg/_address_book_s.c
[15.553s] -- Up-to-date: /home/fierra/beginner_tutuorial/install/more_interfaces/lib/python3.8/site-packages/more_interfaces/msg/__init__.py
[15.553s] -- Up-to-date: /home/fierra/beginner_tutuorial/install/more_interfaces/lib/python3.8/site-packages/more_interfaces/msg/_address_book.py
[15.553s] -- Installing: /home/fierra/beginner_tutuorial/install/more_interfaces/lib/python3.8/site-packages/more_interfaces/__init__.py
[15.553s] -- Up-to-date: /home/fierra/beginner_tutuorial/install/more_interfaces/lib/python3.8/site-packages/more_interfaces/more_interfaces_s__rosidl_typesupport_fastrtps_c.cpython-38-x86_64-linux-gnu.so
[15.553s] -- Up-to-date: /home/fierra/beginner_tutuorial/install/more_interfaces/lib/python3.8/site-packages/more_interfaces/more_interfaces_s__rosidl_typesupport_introspection_c.cpython-38-x86_64-linux-gnu.so
[15.553s] -- Up-to-date: /home/fierra/beginner_tutuorial/install/more_interfaces/lib/python3.8/site-packages/more_interfaces/_more_interfaces_s.ep.rosidl_typesupport_fastrtps_c.c
[15.553s] -- Up-to-date: /home/fierra/beginner_tutuorial/install/more_interfaces/lib/python3.8/site-packages/more_interfaces/libmore_interfaces__rosidl_generator_py.so
[15.553s] -- Up-to-date: /home/fierra/beginner_tutuorial/install/more_interfaces/lib/python3.8/site-packages/more_interfaces/more_interfaces_s__rosidl_typesupport_c.cpython-38-x86_64-linux-gnu.so
[15.554s] -- Up-to-date: /home/fierra/beginner_tutuorial/install/more_interfaces/lib/python3.8/site-packages/more_interfaces/_more_interfaces_s.ep.rosidl_typesupport_c.c
[15.554s] -- Up-to-date: /home/fierra/beginner_tutuorial/install/more_interfaces/lib/python3.8/site-packages/more_interfaces/_more_interfaces_s.ep.rosidl_typesupport_introspection_c.c
[15.840s] Listing '/home/fierra/beginner_tutuorial/install/more_interfaces/lib/python3.8/site-packages/more_interfaces'...
[15.840s] Compiling '/home/fierra/beginner_tutuorial/install/more_interfaces/lib/python3.8/site-packages/more_interfaces/__init__.py'...
[15.840s] Listing '/home/fierra/beginner_tutuorial/install/more_interfaces/lib/python3.8/site-packages/more_interfaces/msg'...
[15.846s] -- Up-to-date: /home/fierra/beginner_tutuorial/install/more_interfaces/lib/python3.8/site-packages/more_interfaces/more_interfaces_s__rosidl_typesupport_introspection_c.cpython-38-x86_64-linux-gnu.so
[15.847s] -- Up-to-date: /home/fierra/beginner_tutuorial/install/more_interfaces/lib/python3.8/site-packages/more_interfaces/more_interfaces_s__rosidl_typesupport_fastrtps_c.cpython-38-x86_64-linux-gnu.so
[15.848s] -- Up-to-date: /home/fierra/beginner_tutuorial/install/more_interfaces/lib/python3.8/site-packages/more_interfaces/more_interfaces_s__rosidl_typesupport_c.cpython-38-x86_64-linux-gnu.so
[15.849s] -- Up-to-date: /home/fierra/beginner_tutuorial/install/more_interfaces/lib/libmore_interfaces__rosidl_generator_py.so
[15.849s] -- Up-to-date: /home/fierra/beginner_tutuorial/install/more_interfaces/share/more_interfaces/msg/AddressBook.idl
[15.849s] -- Up-to-date: /home/fierra/beginner_tutuorial/install/more_interfaces/share/more_interfaces/msg/AddressBook.msg
[15.850s] -- Up-to-date: /home/fierra/beginner_tutuorial/install/more_interfaces/share/ament_index/resource_index/package_run_dependencies/more_interfaces
[15.850s] -- Up-to-date: /home/fierra/beginner_tutuorial/install/more_interfaces/share/ament_index/resource_index/parent_prefix_path/more_interfaces
[15.850s] -- Installing: /home/fierra/beginner_tutuorial/install/more_interfaces/share/more_interfaces/environment/ament_prefix_path.dsv
[15.850s] -- Installing: /home/fierra/beginner_tutuorial/install/more_interfaces/share/more_interfaces/environment/path.dsv
[15.850s] -- Up-to-date: /home/fierra/beginner_tutuorial/install/more_interfaces/share/more_interfaces/local_setup.bash
[15.850s] -- Up-to-date: /home/fierra/beginner_tutuorial/install/more_interfaces/share/more_interfaces/local_setup.sh
[15.850s] -- Up-to-date: /home/fierra/beginner_tutuorial/install/more_interfaces/share/more_interfaces/local_setup.zsh
[15.850s] -- Installing: /home/fierra/beginner_tutuorial/install/more_interfaces/share/more_interfaces/local_setup.dsv
[15.851s] -- Installing: /home/fierra/beginner_tutuorial/install/more_interfaces/share/more_interfaces/package.dsv
[15.851s] -- Up-to-date: /home/fierra/beginner_tutuorial/install/more_interfaces/share/ament_index/resource_index/packages/more_interfaces
[15.851s] -- Up-to-date: /home/fierra/beginner_tutuorial/install/more_interfaces/share/more_interfaces/cmake/export_more_interfaces__rosidl_generator_cExport.cmake
[15.851s] -- Installing: /home/fierra/beginner_tutuorial/install/more_interfaces/share/more_interfaces/cmake/export_more_interfaces__rosidl_generator_cExport-noconfig.cmake
[15.851s] -- Up-to-date: /home/fierra/beginner_tutuorial/install/more_interfaces/share/more_interfaces/cmake/more_interfaces__rosidl_typesupport_introspection_cExport.cmake
[15.851s] -- Installing: /home/fierra/beginner_tutuorial/install/more_interfaces/share/more_interfaces/cmake/more_interfaces__rosidl_typesupport_introspection_cExport-noconfig.cmake
[15.851s] -- Up-to-date: /home/fierra/beginner_tutuorial/install/more_interfaces/share/more_interfaces/cmake/export_more_interfaces__rosidl_typesupport_fastrtps_cExport.cmake
[15.851s] -- Installing: /home/fierra/beginner_tutuorial/install/more_interfaces/share/more_interfaces/cmake/export_more_interfaces__rosidl_typesupport_fastrtps_cExport-noconfig.cmake
[15.852s] -- Up-to-date: /home/fierra/beginner_tutuorial/install/more_interfaces/share/more_interfaces/cmake/more_interfaces__rosidl_typesupport_cExport.cmake
[15.852s] -- Installing: /home/fierra/beginner_tutuorial/install/more_interfaces/share/more_interfaces/cmake/more_interfaces__rosidl_typesupport_cExport-noconfig.cmake
[15.852s] -- Up-to-date: /home/fierra/beginner_tutuorial/install/more_interfaces/share/more_interfaces/cmake/export_more_interfaces__rosidl_generator_cppExport.cmake
[15.852s] -- Up-to-date: /home/fierra/beginner_tutuorial/install/more_interfaces/share/more_interfaces/cmake/more_interfaces__rosidl_typesupport_introspection_cppExport.cmake
[15.852s] -- Installing: /home/fierra/beginner_tutuorial/install/more_interfaces/share/more_interfaces/cmake/more_interfaces__rosidl_typesupport_introspection_cppExport-noconfig.cmake
[15.853s] -- Up-to-date: /home/fierra/beginner_tutuorial/install/more_interfaces/share/more_interfaces/cmake/export_more_interfaces__rosidl_typesupport_fastrtps_cppExport.cmake
[15.853s] -- Installing: /home/fierra/beginner_tutuorial/install/more_interfaces/share/more_interfaces/cmake/export_more_interfaces__rosidl_typesupport_fastrtps_cppExport-noconfig.cmake
[15.853s] -- Up-to-date: /home/fierra/beginner_tutuorial/install/more_interfaces/share/more_interfaces/cmake/more_interfaces__rosidl_typesupport_cppExport.cmake
[15.853s] -- Installing: /home/fierra/beginner_tutuorial/install/more_interfaces/share/more_interfaces/cmake/more_interfaces__rosidl_typesupport_cppExport-noconfig.cmake
[15.853s] -- Up-to-date: /home/fierra/beginner_tutuorial/install/more_interfaces/share/more_interfaces/cmake/export_more_interfaces__rosidl_generator_pyExport.cmake
[15.854s] -- Installing: /home/fierra/beginner_tutuorial/install/more_interfaces/share/more_interfaces/cmake/export_more_interfaces__rosidl_generator_pyExport-noconfig.cmake
[15.854s] -- Up-to-date: /home/fierra/beginner_tutuorial/install/more_interfaces/share/more_interfaces/cmake/rosidl_cmake-extras.cmake
[15.854s] -- Up-to-date: /home/fierra/beginner_tutuorial/install/more_interfaces/share/more_interfaces/cmake/ament_cmake_export_include_directories-extras.cmake
[15.854s] -- Up-to-date: /home/fierra/beginner_tutuorial/install/more_interfaces/share/more_interfaces/cmake/ament_cmake_export_libraries-extras.cmake
[15.854s] -- Up-to-date: /home/fierra/beginner_tutuorial/install/more_interfaces/share/more_interfaces/cmake/ament_cmake_export_targets-extras.cmake
[15.854s] -- Up-to-date: /home/fierra/beginner_tutuorial/install/more_interfaces/share/more_interfaces/cmake/rosidl_cmake_export_typesupport_targets-extras.cmake
[15.854s] -- Up-to-date: /home/fierra/beginner_tutuorial/install/more_interfaces/share/more_interfaces/cmake/ament_cmake_export_dependencies-extras.cmake
[15.855s] -- Up-to-date: /home/fierra/beginner_tutuorial/install/more_interfaces/share/more_interfaces/cmake/rosidl_cmake_export_typesupport_libraries-extras.cmake
[15.855s] -- Up-to-date: /home/fierra/beginner_tutuorial/install/more_interfaces/share/more_interfaces/cmake/more_interfacesConfig.cmake
[15.855s] -- Up-to-date: /home/fierra/beginner_tutuorial/install/more_interfaces/share/more_interfaces/cmake/more_interfacesConfig-version.cmake
[15.855s] -- Up-to-date: /home/fierra/beginner_tutuorial/install/more_interfaces/share/more_interfaces/package.xml
[15.858s] Invoked command in '/home/fierra/beginner_tutuorial/build/more_interfaces' returned '0': CMAKE_PREFIX_PATH=${CMAKE_PREFIX_PATH}:/home/fierra/ros2_humble/install/rqt_bag_plugins:/home/fierra/ros2_humble/install/rqt_bag:/home/fierra/ros2_humble/install/ros2bag:/home/fierra/ros2_humble/install/tracetools_test:/home/fierra/ros2_humble/install/tracetools_launch:/home/fierra/ros2_humble/install/topic_monitor:/home/fierra/ros2_humble/install/tf2_tools:/home/fierra/ros2_humble/install/examples_tf2_py:/home/fierra/ros2_humble/install/tf2_ros_py:/home/fierra/ros2_humble/install/sros2:/home/fierra/ros2_humble/install/rqt_topic:/home/fierra/ros2_humble/install/rqt_srv:/home/fierra/ros2_humble/install/rqt_shell:/home/fierra/ros2_humble/install/rqt_service_caller:/home/fierra/ros2_humble/install/rqt_reconfigure:/home/fierra/ros2_humble/install/rqt_py_console:/home/fierra/ros2_humble/install/rqt_publisher:/home/fierra/ros2_humble/install/rqt_plot:/home/fierra/ros2_humble/install/rqt_action:/home/fierra/ros2_humble/install/rqt_msg:/home/fierra/ros2_humble/install/rqt_console:/home/fierra/ros2_humble/install/rqt:/home/fierra/ros2_humble/install/rqt_graph:/home/fierra/ros2_humble/install/rqt_gui_py:/home/fierra/ros2_humble/install/rqt_gui:/home/fierra/ros2_humble/install/ros2trace:/home/fierra/ros2_humble/install/ros2topic:/home/fierra/ros2_humble/install/ros2test:/home/fierra/ros2_humble/install/ros2component:/home/fierra/ros2_humble/install/ros2param:/home/fierra/ros2_humble/install/ros2lifecycle:/home/fierra/ros2_humble/install/ros2service:/home/fierra/ros2_humble/install/ros2run:/home/fierra/ros2_humble/install/ros2launch:/home/fierra/ros2_humble/install/ros2pkg:/home/fierra/ros2_humble/install/ros2node:/home/fierra/ros2_humble/install/ros2multicast:/home/fierra/ros2_humble/install/ros2interface:/home/fierra/ros2_humble/install/ros2doctor:/home/fierra/ros2_humble/install/ros2action:/home/fierra/ros2_humble/install/ros2cli:/home/fierra/ros2_humble/install/quality_of_service_demo_py:/home/fierra/ros2_humble/install/lifecycle_py:/home/fierra/ros2_humble/install/launch_testing_ros:/home/fierra/ros2_humble/install/launch_ros:/home/fierra/ros2_humble/install/examples_rclpy_pointcloud_publisher:/home/fierra/ros2_humble/install/examples_rclpy_minimal_subscriber:/home/fierra/ros2_humble/install/examples_rclpy_minimal_service:/home/fierra/ros2_humble/install/examples_rclpy_minimal_publisher:/home/fierra/ros2_humble/install/examples_rclpy_minimal_client:/home/fierra/ros2_humble/install/examples_rclpy_minimal_action_server:/home/fierra/ros2_humble/install/examples_rclpy_minimal_action_client:/home/fierra/ros2_humble/install/examples_rclpy_guard_conditions:/home/fierra/ros2_humble/install/examples_rclpy_executors:/home/fierra/ros2_humble/install/demo_nodes_py:/home/fierra/ros2_humble/install/action_tutorials_py:/home/fierra/ros2_humble/install/ament_uncrustify:/home/fierra/ros2_humble/install/tracetools_trace:/home/fierra/ros2_humble/install/tracetools_read:/home/fierra/ros2_humble/install/test_tracetools_launch:/home/fierra/ros2_humble/install/test_launch_ros:/home/fierra/ros2_humble/install/sensor_msgs_py:/home/fierra/ros2_humble/install/rpyutils:/home/fierra/ros2_humble/install/rosidl_runtime_py:/home/fierra/ros2_humble/install/rosidl_cli:/home/fierra/ros2_humble/install/launch_pytest:/home/fierra/ros2_humble/install/launch_testing:/home/fierra/ros2_humble/install/launch_yaml:/home/fierra/ros2_humble/install/launch_xml:/home/fierra/ros2_humble/install/launch:/home/fierra/ros2_humble/install/osrf_pycommon:/home/fierra/ros2_humble/install/launch_testing_examples:/home/fierra/ros2_humble/install/domain_coordinator:/home/fierra/ros2_humble/install/ament_xmllint:/home/fierra/ros2_humble/install/ament_pyflakes:/home/fierra/ros2_humble/install/ament_pycodestyle:/home/fierra/ros2_humble/install/ament_pep257:/home/fierra/ros2_humble/install/ament_pclint:/home/fierra/ros2_humble/install/ament_package:/home/fierra/ros2_humble/install/ament_mypy:/home/fierra/ros2_humble/install/ament_lint_cmake:/home/fierra/ros2_humble/install/ament_flake8:/home/fierra/ros2_humble/install/ament_copyright:/home/fierra/ros2_humble/install/ament_lint:/home/fierra/ros2_humble/install/ament_index_python:/home/fierra/ros2_humble/install/ament_cpplint:/home/fierra/ros2_humble/install/ament_cppcheck:/home/fierra/ros2_humble/install/ament_clang_tidy:/home/fierra/ros2_humble/install/ament_clang_format /usr/bin/cmake --install /home/fierra/beginner_tutuorial/build/more_interfaces
