[3.898s] Invoking command in '/home/fierra/ros2_ws/build/examples_rclpy_minimal_service': PYTHONPATH=/home/fierra/ros2_ws/install/examples_rclpy_minimal_service/lib/python3.8/site-packages:${PYTHONPATH} /usr/bin/python3 setup.py develop --prefix /home/fierra/ros2_ws/install/examples_rclpy_minimal_service --uninstall --editable --build-directory /home/fierra/ros2_ws/build/examples_rclpy_minimal_service/build
[4.623s] running develop
[4.897s] Removing /home/fierra/ros2_ws/install/examples_rclpy_minimal_service/lib/python3.8/site-packages/examples-rclpy-minimal-service.egg-link (link to .)
[5.205s] Invoked command in '/home/fierra/ros2_ws/build/examples_rclpy_minimal_service' returned '0': PYTHONPATH=/home/fierra/ros2_ws/install/examples_rclpy_minimal_service/lib/python3.8/site-packages:${PYTHONPATH} /usr/bin/python3 setup.py develop --prefix /home/fierra/ros2_ws/install/examples_rclpy_minimal_service --uninstall --editable --build-directory /home/fierra/ros2_ws/build/examples_rclpy_minimal_service/build
[5.209s] Invoking command in '/home/fierra/ros2_ws/src/examples/rclpy/services/minimal_service': PYTHONPATH=/home/fierra/ros2_ws/install/examples_rclpy_minimal_service/lib/python3.8/site-packages:${PYTHONPATH} /usr/bin/python3 setup.py egg_info --egg-base ../../../../../build/examples_rclpy_minimal_service build --build-base /home/fierra/ros2_ws/build/examples_rclpy_minimal_service/build install --prefix /home/fierra/ros2_ws/install/examples_rclpy_minimal_service --record /home/fierra/ros2_ws/build/examples_rclpy_minimal_service/install.log --single-version-externally-managed
[6.016s] running egg_info
[6.017s] writing ../../../../../build/examples_rclpy_minimal_service/examples_rclpy_minimal_service.egg-info/PKG-INFO
[6.018s] writing dependency_links to ../../../../../build/examples_rclpy_minimal_service/examples_rclpy_minimal_service.egg-info/dependency_links.txt
[6.018s] writing entry points to ../../../../../build/examples_rclpy_minimal_service/examples_rclpy_minimal_service.egg-info/entry_points.txt
[6.018s] writing requirements to ../../../../../build/examples_rclpy_minimal_service/examples_rclpy_minimal_service.egg-info/requires.txt
[6.018s] writing top-level names to ../../../../../build/examples_rclpy_minimal_service/examples_rclpy_minimal_service.egg-info/top_level.txt
[6.065s] reading manifest file '../../../../../build/examples_rclpy_minimal_service/examples_rclpy_minimal_service.egg-info/SOURCES.txt'
[6.066s] writing manifest file '../../../../../build/examples_rclpy_minimal_service/examples_rclpy_minimal_service.egg-info/SOURCES.txt'
[6.066s] running build
[6.066s] running build_py
[6.066s] creating /home/fierra/ros2_ws/build/examples_rclpy_minimal_service/build
[6.067s] creating /home/fierra/ros2_ws/build/examples_rclpy_minimal_service/build/lib
[6.067s] creating /home/fierra/ros2_ws/build/examples_rclpy_minimal_service/build/lib/examples_rclpy_minimal_service
[6.067s] copying examples_rclpy_minimal_service/service.py -> /home/fierra/ros2_ws/build/examples_rclpy_minimal_service/build/lib/examples_rclpy_minimal_service
[6.067s] copying examples_rclpy_minimal_service/__init__.py -> /home/fierra/ros2_ws/build/examples_rclpy_minimal_service/build/lib/examples_rclpy_minimal_service
[6.067s] copying examples_rclpy_minimal_service/service_member_function.py -> /home/fierra/ros2_ws/build/examples_rclpy_minimal_service/build/lib/examples_rclpy_minimal_service
[6.067s] running install
[6.072s] running install_lib
[6.073s] creating /home/fierra/ros2_ws/install/examples_rclpy_minimal_service/lib/python3.8/site-packages/examples_rclpy_minimal_service
[6.073s] copying /home/fierra/ros2_ws/build/examples_rclpy_minimal_service/build/lib/examples_rclpy_minimal_service/service.py -> /home/fierra/ros2_ws/install/examples_rclpy_minimal_service/lib/python3.8/site-packages/examples_rclpy_minimal_service
[6.074s] copying /home/fierra/ros2_ws/build/examples_rclpy_minimal_service/build/lib/examples_rclpy_minimal_service/__init__.py -> /home/fierra/ros2_ws/install/examples_rclpy_minimal_service/lib/python3.8/site-packages/examples_rclpy_minimal_service
[6.074s] copying /home/fierra/ros2_ws/build/examples_rclpy_minimal_service/build/lib/examples_rclpy_minimal_service/service_member_function.py -> /home/fierra/ros2_ws/install/examples_rclpy_minimal_service/lib/python3.8/site-packages/examples_rclpy_minimal_service
[6.076s] byte-compiling /home/fierra/ros2_ws/install/examples_rclpy_minimal_service/lib/python3.8/site-packages/examples_rclpy_minimal_service/service.py to service.cpython-38.pyc
[6.078s] byte-compiling /home/fierra/ros2_ws/install/examples_rclpy_minimal_service/lib/python3.8/site-packages/examples_rclpy_minimal_service/__init__.py to __init__.cpython-38.pyc
[6.078s] byte-compiling /home/fierra/ros2_ws/install/examples_rclpy_minimal_service/lib/python3.8/site-packages/examples_rclpy_minimal_service/service_member_function.py to service_member_function.cpython-38.pyc
[6.078s] running install_data
[6.079s] running install_egg_info
[6.083s] Copying ../../../../../build/examples_rclpy_minimal_service/examples_rclpy_minimal_service.egg-info to /home/fierra/ros2_ws/install/examples_rclpy_minimal_service/lib/python3.8/site-packages/examples_rclpy_minimal_service-0.15.1-py3.8.egg-info
[6.084s] running install_scripts
[6.120s] Installing service script to /home/fierra/ros2_ws/install/examples_rclpy_minimal_service/lib/examples_rclpy_minimal_service
[6.121s] Installing service_member_function script to /home/fierra/ros2_ws/install/examples_rclpy_minimal_service/lib/examples_rclpy_minimal_service
[6.121s] writing list of installed files to '/home/fierra/ros2_ws/build/examples_rclpy_minimal_service/install.log'
[6.160s] Invoked command in '/home/fierra/ros2_ws/src/examples/rclpy/services/minimal_service' returned '0': PYTHONPATH=/home/fierra/ros2_ws/install/examples_rclpy_minimal_service/lib/python3.8/site-packages:${PYTHONPATH} /usr/bin/python3 setup.py egg_info --egg-base ../../../../../build/examples_rclpy_minimal_service build --build-base /home/fierra/ros2_ws/build/examples_rclpy_minimal_service/build install --prefix /home/fierra/ros2_ws/install/examples_rclpy_minimal_service --record /home/fierra/ros2_ws/build/examples_rclpy_minimal_service/install.log --single-version-externally-managed
