[0.050s] Invoking command in '/home/fierra/beginner_tutuorial/build/tutorial_interfaces': CMAKE_PREFIX_PATH=${CMAKE_PREFIX_PATH}:/home/fierra/beginner_tutuorial/install/launch_testing_examples:/home/fierra/beginner_tutuorial/install/examples_rclpy_pointcloud_publisher:/home/fierra/beginner_tutuorial/install/examples_rclpy_minimal_subscriber:/home/fierra/beginner_tutuorial/install/examples_rclpy_minimal_service:/home/fierra/beginner_tutuorial/install/examples_rclpy_minimal_publisher:/home/fierra/beginner_tutuorial/install/examples_rclpy_minimal_client:/home/fierra/beginner_tutuorial/install/examples_rclpy_minimal_action_server:/home/fierra/beginner_tutuorial/install/examples_rclpy_minimal_action_client:/home/fierra/beginner_tutuorial/install/examples_rclpy_guard_conditions:/home/fierra/beginner_tutuorial/install/examples_rclpy_executors:/home/fierra/ros2_humble/install/rqt_bag_plugins:/home/fierra/ros2_humble/install/rqt_bag:/home/fierra/ros2_humble/install/ros2bag:/home/fierra/ros2_humble/install/tracetools_test:/home/fierra/ros2_humble/install/tracetools_launch:/home/fierra/ros2_humble/install/topic_monitor:/home/fierra/ros2_humble/install/tf2_tools:/home/fierra/ros2_humble/install/examples_tf2_py:/home/fierra/ros2_humble/install/tf2_ros_py:/home/fierra/ros2_humble/install/sros2:/home/fierra/ros2_humble/install/rqt_topic:/home/fierra/ros2_humble/install/rqt_srv:/home/fierra/ros2_humble/install/rqt_shell:/home/fierra/ros2_humble/install/rqt_service_caller:/home/fierra/ros2_humble/install/rqt_reconfigure:/home/fierra/ros2_humble/install/rqt_py_console:/home/fierra/ros2_humble/install/rqt_publisher:/home/fierra/ros2_humble/install/rqt_plot:/home/fierra/ros2_humble/install/rqt_action:/home/fierra/ros2_humble/install/rqt_msg:/home/fierra/ros2_humble/install/rqt_console:/home/fierra/ros2_humble/install/rqt:/home/fierra/ros2_humble/install/rqt_graph:/home/fierra/ros2_humble/install/rqt_gui_py:/home/fierra/ros2_humble/install/rqt_gui:/home/fierra/ros2_humble/install/ros2trace:/home/fierra/ros2_humble/install/ros2topic:/home/fierra/ros2_humble/install/ros2test:/home/fierra/ros2_humble/install/ros2component:/home/fierra/ros2_humble/install/ros2param:/home/fierra/ros2_humble/install/ros2lifecycle:/home/fierra/ros2_humble/install/ros2service:/home/fierra/ros2_humble/install/ros2run:/home/fierra/ros2_humble/install/ros2launch:/home/fierra/ros2_humble/install/ros2pkg:/home/fierra/ros2_humble/install/ros2node:/home/fierra/ros2_humble/install/ros2multicast:/home/fierra/ros2_humble/install/ros2interface:/home/fierra/ros2_humble/install/ros2doctor:/home/fierra/ros2_humble/install/ros2action:/home/fierra/ros2_humble/install/ros2cli:/home/fierra/ros2_humble/install/quality_of_service_demo_py:/home/fierra/ros2_humble/install/lifecycle_py:/home/fierra/ros2_humble/install/launch_testing_ros:/home/fierra/ros2_humble/install/launch_ros:/home/fierra/ros2_humble/install/examples_rclpy_pointcloud_publisher:/home/fierra/ros2_humble/install/examples_rclpy_minimal_subscriber:/home/fierra/ros2_humble/install/examples_rclpy_minimal_service:/home/fierra/ros2_humble/install/examples_rclpy_minimal_publisher:/home/fierra/ros2_humble/install/examples_rclpy_minimal_client:/home/fierra/ros2_humble/install/examples_rclpy_minimal_action_server:/home/fierra/ros2_humble/install/examples_rclpy_minimal_action_client:/home/fierra/ros2_humble/install/examples_rclpy_guard_conditions:/home/fierra/ros2_humble/install/examples_rclpy_executors:/home/fierra/ros2_humble/install/demo_nodes_py:/home/fierra/ros2_humble/install/action_tutorials_py:/home/fierra/ros2_humble/install/ament_uncrustify:/home/fierra/ros2_humble/install/tracetools_trace:/home/fierra/ros2_humble/install/tracetools_read:/home/fierra/ros2_humble/install/test_tracetools_launch:/home/fierra/ros2_humble/install/test_launch_ros:/home/fierra/ros2_humble/install/sensor_msgs_py:/home/fierra/ros2_humble/install/rpyutils:/home/fierra/ros2_humble/install/rosidl_runtime_py:/home/fierra/ros2_humble/install/rosidl_cli:/home/fierra/ros2_humble/install/launch_pytest:/home/fierra/ros2_humble/install/launch_testing:/home/fierra/ros2_humble/install/launch_yaml:/home/fierra/ros2_humble/install/launch_xml:/home/fierra/ros2_humble/install/launch:/home/fierra/ros2_humble/install/osrf_pycommon:/home/fierra/ros2_humble/install/launch_testing_examples:/home/fierra/ros2_humble/install/domain_coordinator:/home/fierra/ros2_humble/install/ament_xmllint:/home/fierra/ros2_humble/install/ament_pyflakes:/home/fierra/ros2_humble/install/ament_pycodestyle:/home/fierra/ros2_humble/install/ament_pep257:/home/fierra/ros2_humble/install/ament_pclint:/home/fierra/ros2_humble/install/ament_package:/home/fierra/ros2_humble/install/ament_mypy:/home/fierra/ros2_humble/install/ament_lint_cmake:/home/fierra/ros2_humble/install/ament_flake8:/home/fierra/ros2_humble/install/ament_copyright:/home/fierra/ros2_humble/install/ament_lint:/home/fierra/ros2_humble/install/ament_index_python:/home/fierra/ros2_humble/install/ament_cpplint:/home/fierra/ros2_humble/install/ament_cppcheck:/home/fierra/ros2_humble/install/ament_clang_tidy:/home/fierra/ros2_humble/install/ament_clang_format /usr/bin/cmake --build /home/fierra/beginner_tutuorial/build/tutorial_interfaces -- -j8 -l8
[0.949s] [  0%] Built target ament_cmake_python_copy_tutorial_interfaces
[0.962s] [  2%] Built target tutorial_interfaces__cpp
[1.028s] [ 12%] Built target tutorial_interfaces__rosidl_generator_c
[1.052s] [ 23%] Built target tutorial_interfaces__rosidl_typesupport_introspection_cpp
[1.053s] [ 34%] Built target tutorial_interfaces__rosidl_typesupport_cpp
[1.099s] [ 44%] Built target tutorial_interfaces__rosidl_typesupport_fastrtps_cpp
[1.110s] [ 55%] Built target tutorial_interfaces__rosidl_typesupport_introspection_c
[1.129s] [ 65%] Built target tutorial_interfaces__rosidl_typesupport_c
[1.173s] [ 76%] Built target tutorial_interfaces__rosidl_typesupport_fastrtps_c
[1.233s] [ 76%] Built target tutorial_interfaces
[1.306s] [ 78%] Built target tutorial_interfaces__py
[1.338s] [35m[1mScanning dependencies of target tutorial_interfaces__rosidl_generator_py[0m
[1.387s] [ 82%] [32mBuilding C object CMakeFiles/tutorial_interfaces__rosidl_generator_py.dir/rosidl_generator_py/tutorial_interfaces/msg/_sphere_s.c.o[0m
[1.387s] [ 82%] [32mBuilding C object CMakeFiles/tutorial_interfaces__rosidl_generator_py.dir/rosidl_generator_py/tutorial_interfaces/msg/_num_s.c.o[0m
[1.388s] [ 85%] [32mBuilding C object CMakeFiles/tutorial_interfaces__rosidl_generator_py.dir/rosidl_generator_py/tutorial_interfaces/srv/_add_three_ints_s.c.o[0m
[1.591s] running egg_info
[1.592s] writing tutorial_interfaces.egg-info/PKG-INFO
[1.593s] writing dependency_links to tutorial_interfaces.egg-info/dependency_links.txt
[1.593s] writing top-level names to tutorial_interfaces.egg-info/top_level.txt
[1.610s] [ 87%] [32m[1mLinking C shared library rosidl_generator_py/tutorial_interfaces/libtutorial_interfaces__rosidl_generator_py.so[0m
[1.636s] reading manifest file 'tutorial_interfaces.egg-info/SOURCES.txt'
[1.637s] writing manifest file 'tutorial_interfaces.egg-info/SOURCES.txt'
[1.681s] [ 87%] Built target ament_cmake_python_build_tutorial_interfaces_egg
[1.764s] [ 87%] Built target tutorial_interfaces__rosidl_generator_py
[1.854s] [ 93%] [32m[1mLinking C shared library rosidl_generator_py/tutorial_interfaces/tutorial_interfaces_s__rosidl_typesupport_introspection_c.cpython-38-x86_64-linux-gnu.so[0m
[1.854s] [ 93%] [32m[1mLinking C shared library rosidl_generator_py/tutorial_interfaces/tutorial_interfaces_s__rosidl_typesupport_c.cpython-38-x86_64-linux-gnu.so[0m
[1.855s] [ 93%] [32m[1mLinking C shared library rosidl_generator_py/tutorial_interfaces/tutorial_interfaces_s__rosidl_typesupport_fastrtps_c.cpython-38-x86_64-linux-gnu.so[0m
[1.995s] [100%] Built target tutorial_interfaces__rosidl_typesupport_c__pyext
[1.995s] [100%] Built target tutorial_interfaces__rosidl_typesupport_introspection_c__pyext
[1.995s] [100%] Built target tutorial_interfaces__rosidl_typesupport_fastrtps_c__pyext
[2.023s] Invoked command in '/home/fierra/beginner_tutuorial/build/tutorial_interfaces' returned '0': CMAKE_PREFIX_PATH=${CMAKE_PREFIX_PATH}:/home/fierra/beginner_tutuorial/install/launch_testing_examples:/home/fierra/beginner_tutuorial/install/examples_rclpy_pointcloud_publisher:/home/fierra/beginner_tutuorial/install/examples_rclpy_minimal_subscriber:/home/fierra/beginner_tutuorial/install/examples_rclpy_minimal_service:/home/fierra/beginner_tutuorial/install/examples_rclpy_minimal_publisher:/home/fierra/beginner_tutuorial/install/examples_rclpy_minimal_client:/home/fierra/beginner_tutuorial/install/examples_rclpy_minimal_action_server:/home/fierra/beginner_tutuorial/install/examples_rclpy_minimal_action_client:/home/fierra/beginner_tutuorial/install/examples_rclpy_guard_conditions:/home/fierra/beginner_tutuorial/install/examples_rclpy_executors:/home/fierra/ros2_humble/install/rqt_bag_plugins:/home/fierra/ros2_humble/install/rqt_bag:/home/fierra/ros2_humble/install/ros2bag:/home/fierra/ros2_humble/install/tracetools_test:/home/fierra/ros2_humble/install/tracetools_launch:/home/fierra/ros2_humble/install/topic_monitor:/home/fierra/ros2_humble/install/tf2_tools:/home/fierra/ros2_humble/install/examples_tf2_py:/home/fierra/ros2_humble/install/tf2_ros_py:/home/fierra/ros2_humble/install/sros2:/home/fierra/ros2_humble/install/rqt_topic:/home/fierra/ros2_humble/install/rqt_srv:/home/fierra/ros2_humble/install/rqt_shell:/home/fierra/ros2_humble/install/rqt_service_caller:/home/fierra/ros2_humble/install/rqt_reconfigure:/home/fierra/ros2_humble/install/rqt_py_console:/home/fierra/ros2_humble/install/rqt_publisher:/home/fierra/ros2_humble/install/rqt_plot:/home/fierra/ros2_humble/install/rqt_action:/home/fierra/ros2_humble/install/rqt_msg:/home/fierra/ros2_humble/install/rqt_console:/home/fierra/ros2_humble/install/rqt:/home/fierra/ros2_humble/install/rqt_graph:/home/fierra/ros2_humble/install/rqt_gui_py:/home/fierra/ros2_humble/install/rqt_gui:/home/fierra/ros2_humble/install/ros2trace:/home/fierra/ros2_humble/install/ros2topic:/home/fierra/ros2_humble/install/ros2test:/home/fierra/ros2_humble/install/ros2component:/home/fierra/ros2_humble/install/ros2param:/home/fierra/ros2_humble/install/ros2lifecycle:/home/fierra/ros2_humble/install/ros2service:/home/fierra/ros2_humble/install/ros2run:/home/fierra/ros2_humble/install/ros2launch:/home/fierra/ros2_humble/install/ros2pkg:/home/fierra/ros2_humble/install/ros2node:/home/fierra/ros2_humble/install/ros2multicast:/home/fierra/ros2_humble/install/ros2interface:/home/fierra/ros2_humble/install/ros2doctor:/home/fierra/ros2_humble/install/ros2action:/home/fierra/ros2_humble/install/ros2cli:/home/fierra/ros2_humble/install/quality_of_service_demo_py:/home/fierra/ros2_humble/install/lifecycle_py:/home/fierra/ros2_humble/install/launch_testing_ros:/home/fierra/ros2_humble/install/launch_ros:/home/fierra/ros2_humble/install/examples_rclpy_pointcloud_publisher:/home/fierra/ros2_humble/install/examples_rclpy_minimal_subscriber:/home/fierra/ros2_humble/install/examples_rclpy_minimal_service:/home/fierra/ros2_humble/install/examples_rclpy_minimal_publisher:/home/fierra/ros2_humble/install/examples_rclpy_minimal_client:/home/fierra/ros2_humble/install/examples_rclpy_minimal_action_server:/home/fierra/ros2_humble/install/examples_rclpy_minimal_action_client:/home/fierra/ros2_humble/install/examples_rclpy_guard_conditions:/home/fierra/ros2_humble/install/examples_rclpy_executors:/home/fierra/ros2_humble/install/demo_nodes_py:/home/fierra/ros2_humble/install/action_tutorials_py:/home/fierra/ros2_humble/install/ament_uncrustify:/home/fierra/ros2_humble/install/tracetools_trace:/home/fierra/ros2_humble/install/tracetools_read:/home/fierra/ros2_humble/install/test_tracetools_launch:/home/fierra/ros2_humble/install/test_launch_ros:/home/fierra/ros2_humble/install/sensor_msgs_py:/home/fierra/ros2_humble/install/rpyutils:/home/fierra/ros2_humble/install/rosidl_runtime_py:/home/fierra/ros2_humble/install/rosidl_cli:/home/fierra/ros2_humble/install/launch_pytest:/home/fierra/ros2_humble/install/launch_testing:/home/fierra/ros2_humble/install/launch_yaml:/home/fierra/ros2_humble/install/launch_xml:/home/fierra/ros2_humble/install/launch:/home/fierra/ros2_humble/install/osrf_pycommon:/home/fierra/ros2_humble/install/launch_testing_examples:/home/fierra/ros2_humble/install/domain_coordinator:/home/fierra/ros2_humble/install/ament_xmllint:/home/fierra/ros2_humble/install/ament_pyflakes:/home/fierra/ros2_humble/install/ament_pycodestyle:/home/fierra/ros2_humble/install/ament_pep257:/home/fierra/ros2_humble/install/ament_pclint:/home/fierra/ros2_humble/install/ament_package:/home/fierra/ros2_humble/install/ament_mypy:/home/fierra/ros2_humble/install/ament_lint_cmake:/home/fierra/ros2_humble/install/ament_flake8:/home/fierra/ros2_humble/install/ament_copyright:/home/fierra/ros2_humble/install/ament_lint:/home/fierra/ros2_humble/install/ament_index_python:/home/fierra/ros2_humble/install/ament_cpplint:/home/fierra/ros2_humble/install/ament_cppcheck:/home/fierra/ros2_humble/install/ament_clang_tidy:/home/fierra/ros2_humble/install/ament_clang_format /usr/bin/cmake --build /home/fierra/beginner_tutuorial/build/tutorial_interfaces -- -j8 -l8
[2.455s] Invoking command in '/home/fierra/beginner_tutuorial/build/tutorial_interfaces': CMAKE_PREFIX_PATH=${CMAKE_PREFIX_PATH}:/home/fierra/beginner_tutuorial/install/launch_testing_examples:/home/fierra/beginner_tutuorial/install/examples_rclpy_pointcloud_publisher:/home/fierra/beginner_tutuorial/install/examples_rclpy_minimal_subscriber:/home/fierra/beginner_tutuorial/install/examples_rclpy_minimal_service:/home/fierra/beginner_tutuorial/install/examples_rclpy_minimal_publisher:/home/fierra/beginner_tutuorial/install/examples_rclpy_minimal_client:/home/fierra/beginner_tutuorial/install/examples_rclpy_minimal_action_server:/home/fierra/beginner_tutuorial/install/examples_rclpy_minimal_action_client:/home/fierra/beginner_tutuorial/install/examples_rclpy_guard_conditions:/home/fierra/beginner_tutuorial/install/examples_rclpy_executors:/home/fierra/ros2_humble/install/rqt_bag_plugins:/home/fierra/ros2_humble/install/rqt_bag:/home/fierra/ros2_humble/install/ros2bag:/home/fierra/ros2_humble/install/tracetools_test:/home/fierra/ros2_humble/install/tracetools_launch:/home/fierra/ros2_humble/install/topic_monitor:/home/fierra/ros2_humble/install/tf2_tools:/home/fierra/ros2_humble/install/examples_tf2_py:/home/fierra/ros2_humble/install/tf2_ros_py:/home/fierra/ros2_humble/install/sros2:/home/fierra/ros2_humble/install/rqt_topic:/home/fierra/ros2_humble/install/rqt_srv:/home/fierra/ros2_humble/install/rqt_shell:/home/fierra/ros2_humble/install/rqt_service_caller:/home/fierra/ros2_humble/install/rqt_reconfigure:/home/fierra/ros2_humble/install/rqt_py_console:/home/fierra/ros2_humble/install/rqt_publisher:/home/fierra/ros2_humble/install/rqt_plot:/home/fierra/ros2_humble/install/rqt_action:/home/fierra/ros2_humble/install/rqt_msg:/home/fierra/ros2_humble/install/rqt_console:/home/fierra/ros2_humble/install/rqt:/home/fierra/ros2_humble/install/rqt_graph:/home/fierra/ros2_humble/install/rqt_gui_py:/home/fierra/ros2_humble/install/rqt_gui:/home/fierra/ros2_humble/install/ros2trace:/home/fierra/ros2_humble/install/ros2topic:/home/fierra/ros2_humble/install/ros2test:/home/fierra/ros2_humble/install/ros2component:/home/fierra/ros2_humble/install/ros2param:/home/fierra/ros2_humble/install/ros2lifecycle:/home/fierra/ros2_humble/install/ros2service:/home/fierra/ros2_humble/install/ros2run:/home/fierra/ros2_humble/install/ros2launch:/home/fierra/ros2_humble/install/ros2pkg:/home/fierra/ros2_humble/install/ros2node:/home/fierra/ros2_humble/install/ros2multicast:/home/fierra/ros2_humble/install/ros2interface:/home/fierra/ros2_humble/install/ros2doctor:/home/fierra/ros2_humble/install/ros2action:/home/fierra/ros2_humble/install/ros2cli:/home/fierra/ros2_humble/install/quality_of_service_demo_py:/home/fierra/ros2_humble/install/lifecycle_py:/home/fierra/ros2_humble/install/launch_testing_ros:/home/fierra/ros2_humble/install/launch_ros:/home/fierra/ros2_humble/install/examples_rclpy_pointcloud_publisher:/home/fierra/ros2_humble/install/examples_rclpy_minimal_subscriber:/home/fierra/ros2_humble/install/examples_rclpy_minimal_service:/home/fierra/ros2_humble/install/examples_rclpy_minimal_publisher:/home/fierra/ros2_humble/install/examples_rclpy_minimal_client:/home/fierra/ros2_humble/install/examples_rclpy_minimal_action_server:/home/fierra/ros2_humble/install/examples_rclpy_minimal_action_client:/home/fierra/ros2_humble/install/examples_rclpy_guard_conditions:/home/fierra/ros2_humble/install/examples_rclpy_executors:/home/fierra/ros2_humble/install/demo_nodes_py:/home/fierra/ros2_humble/install/action_tutorials_py:/home/fierra/ros2_humble/install/ament_uncrustify:/home/fierra/ros2_humble/install/tracetools_trace:/home/fierra/ros2_humble/install/tracetools_read:/home/fierra/ros2_humble/install/test_tracetools_launch:/home/fierra/ros2_humble/install/test_launch_ros:/home/fierra/ros2_humble/install/sensor_msgs_py:/home/fierra/ros2_humble/install/rpyutils:/home/fierra/ros2_humble/install/rosidl_runtime_py:/home/fierra/ros2_humble/install/rosidl_cli:/home/fierra/ros2_humble/install/launch_pytest:/home/fierra/ros2_humble/install/launch_testing:/home/fierra/ros2_humble/install/launch_yaml:/home/fierra/ros2_humble/install/launch_xml:/home/fierra/ros2_humble/install/launch:/home/fierra/ros2_humble/install/osrf_pycommon:/home/fierra/ros2_humble/install/launch_testing_examples:/home/fierra/ros2_humble/install/domain_coordinator:/home/fierra/ros2_humble/install/ament_xmllint:/home/fierra/ros2_humble/install/ament_pyflakes:/home/fierra/ros2_humble/install/ament_pycodestyle:/home/fierra/ros2_humble/install/ament_pep257:/home/fierra/ros2_humble/install/ament_pclint:/home/fierra/ros2_humble/install/ament_package:/home/fierra/ros2_humble/install/ament_mypy:/home/fierra/ros2_humble/install/ament_lint_cmake:/home/fierra/ros2_humble/install/ament_flake8:/home/fierra/ros2_humble/install/ament_copyright:/home/fierra/ros2_humble/install/ament_lint:/home/fierra/ros2_humble/install/ament_index_python:/home/fierra/ros2_humble/install/ament_cpplint:/home/fierra/ros2_humble/install/ament_cppcheck:/home/fierra/ros2_humble/install/ament_clang_tidy:/home/fierra/ros2_humble/install/ament_clang_format /usr/bin/cmake --install /home/fierra/beginner_tutuorial/build/tutorial_interfaces
[2.478s] -- Install configuration: ""
[2.478s] -- Up-to-date: /home/fierra/beginner_tutuorial/install/tutorial_interfaces/share/ament_index/resource_index/rosidl_interfaces/tutorial_interfaces
[2.478s] -- Up-to-date: /home/fierra/beginner_tutuorial/install/tutorial_interfaces/include/tutorial_interfaces/tutorial_interfaces
[2.479s] -- Up-to-date: /home/fierra/beginner_tutuorial/install/tutorial_interfaces/include/tutorial_interfaces/tutorial_interfaces/msg
[2.479s] -- Up-to-date: /home/fierra/beginner_tutuorial/install/tutorial_interfaces/include/tutorial_interfaces/tutorial_interfaces/msg/detail
[2.479s] -- Up-to-date: /home/fierra/beginner_tutuorial/install/tutorial_interfaces/include/tutorial_interfaces/tutorial_interfaces/msg/detail/num__type_support.h
[2.479s] -- Up-to-date: /home/fierra/beginner_tutuorial/install/tutorial_interfaces/include/tutorial_interfaces/tutorial_interfaces/msg/detail/num__functions.c
[2.479s] -- Up-to-date: /home/fierra/beginner_tutuorial/install/tutorial_interfaces/include/tutorial_interfaces/tutorial_interfaces/msg/detail/sphere__functions.h
[2.479s] -- Up-to-date: /home/fierra/beginner_tutuorial/install/tutorial_interfaces/include/tutorial_interfaces/tutorial_interfaces/msg/detail/sphere__type_support.h
[2.479s] -- Up-to-date: /home/fierra/beginner_tutuorial/install/tutorial_interfaces/include/tutorial_interfaces/tutorial_interfaces/msg/detail/sphere__functions.c
[2.480s] -- Up-to-date: /home/fierra/beginner_tutuorial/install/tutorial_interfaces/include/tutorial_interfaces/tutorial_interfaces/msg/detail/num__functions.h
[2.480s] -- Up-to-date: /home/fierra/beginner_tutuorial/install/tutorial_interfaces/include/tutorial_interfaces/tutorial_interfaces/msg/detail/num__struct.h
[2.480s] -- Up-to-date: /home/fierra/beginner_tutuorial/install/tutorial_interfaces/include/tutorial_interfaces/tutorial_interfaces/msg/detail/sphere__struct.h
[2.480s] -- Up-to-date: /home/fierra/beginner_tutuorial/install/tutorial_interfaces/include/tutorial_interfaces/tutorial_interfaces/msg/sphere.h
[2.480s] -- Up-to-date: /home/fierra/beginner_tutuorial/install/tutorial_interfaces/include/tutorial_interfaces/tutorial_interfaces/msg/num.h
[2.480s] -- Up-to-date: /home/fierra/beginner_tutuorial/install/tutorial_interfaces/include/tutorial_interfaces/tutorial_interfaces/msg/rosidl_generator_c__visibility_control.h
[2.481s] -- Up-to-date: /home/fierra/beginner_tutuorial/install/tutorial_interfaces/include/tutorial_interfaces/tutorial_interfaces/srv
[2.481s] -- Up-to-date: /home/fierra/beginner_tutuorial/install/tutorial_interfaces/include/tutorial_interfaces/tutorial_interfaces/srv/add_three_ints.h
[2.481s] -- Up-to-date: /home/fierra/beginner_tutuorial/install/tutorial_interfaces/include/tutorial_interfaces/tutorial_interfaces/srv/detail
[2.481s] -- Up-to-date: /home/fierra/beginner_tutuorial/install/tutorial_interfaces/include/tutorial_interfaces/tutorial_interfaces/srv/detail/add_three_ints__type_support.h
[2.481s] -- Up-to-date: /home/fierra/beginner_tutuorial/install/tutorial_interfaces/include/tutorial_interfaces/tutorial_interfaces/srv/detail/add_three_ints__functions.h
[2.482s] -- Up-to-date: /home/fierra/beginner_tutuorial/install/tutorial_interfaces/include/tutorial_interfaces/tutorial_interfaces/srv/detail/add_three_ints__struct.h
[2.482s] -- Up-to-date: /home/fierra/beginner_tutuorial/install/tutorial_interfaces/include/tutorial_interfaces/tutorial_interfaces/srv/detail/add_three_ints__functions.c
[2.482s] -- Up-to-date: /home/fierra/beginner_tutuorial/install/tutorial_interfaces/share/tutorial_interfaces/environment/library_path.sh
[2.482s] -- Up-to-date: /home/fierra/beginner_tutuorial/install/tutorial_interfaces/share/tutorial_interfaces/environment/library_path.dsv
[2.482s] -- Up-to-date: /home/fierra/beginner_tutuorial/install/tutorial_interfaces/lib/libtutorial_interfaces__rosidl_generator_c.so
[2.482s] -- Up-to-date: /home/fierra/beginner_tutuorial/install/tutorial_interfaces/include/tutorial_interfaces/tutorial_interfaces
[2.482s] -- Up-to-date: /home/fierra/beginner_tutuorial/install/tutorial_interfaces/include/tutorial_interfaces/tutorial_interfaces/msg
[2.483s] -- Up-to-date: /home/fierra/beginner_tutuorial/install/tutorial_interfaces/include/tutorial_interfaces/tutorial_interfaces/msg/detail
[2.483s] -- Up-to-date: /home/fierra/beginner_tutuorial/install/tutorial_interfaces/include/tutorial_interfaces/tutorial_interfaces/msg/detail/num__rosidl_typesupport_fastrtps_c.h
[2.483s] -- Up-to-date: /home/fierra/beginner_tutuorial/install/tutorial_interfaces/include/tutorial_interfaces/tutorial_interfaces/msg/detail/sphere__rosidl_typesupport_fastrtps_c.h
[2.483s] -- Up-to-date: /home/fierra/beginner_tutuorial/install/tutorial_interfaces/include/tutorial_interfaces/tutorial_interfaces/msg/rosidl_typesupport_fastrtps_c__visibility_control.h
[2.483s] -- Up-to-date: /home/fierra/beginner_tutuorial/install/tutorial_interfaces/include/tutorial_interfaces/tutorial_interfaces/srv
[2.483s] -- Up-to-date: /home/fierra/beginner_tutuorial/install/tutorial_interfaces/include/tutorial_interfaces/tutorial_interfaces/srv/detail
[2.483s] -- Up-to-date: /home/fierra/beginner_tutuorial/install/tutorial_interfaces/include/tutorial_interfaces/tutorial_interfaces/srv/detail/add_three_ints__rosidl_typesupport_fastrtps_c.h
[2.484s] -- Up-to-date: /home/fierra/beginner_tutuorial/install/tutorial_interfaces/lib/libtutorial_interfaces__rosidl_typesupport_fastrtps_c.so
[2.484s] -- Up-to-date: /home/fierra/beginner_tutuorial/install/tutorial_interfaces/include/tutorial_interfaces/tutorial_interfaces
[2.484s] -- Up-to-date: /home/fierra/beginner_tutuorial/install/tutorial_interfaces/include/tutorial_interfaces/tutorial_interfaces/msg
[2.484s] -- Up-to-date: /home/fierra/beginner_tutuorial/install/tutorial_interfaces/include/tutorial_interfaces/tutorial_interfaces/msg/num.hpp
[2.484s] -- Up-to-date: /home/fierra/beginner_tutuorial/install/tutorial_interfaces/include/tutorial_interfaces/tutorial_interfaces/msg/sphere.hpp
[2.484s] -- Up-to-date: /home/fierra/beginner_tutuorial/install/tutorial_interfaces/include/tutorial_interfaces/tutorial_interfaces/msg/detail
[2.484s] -- Up-to-date: /home/fierra/beginner_tutuorial/install/tutorial_interfaces/include/tutorial_interfaces/tutorial_interfaces/msg/detail/sphere__builder.hpp
[2.485s] -- Up-to-date: /home/fierra/beginner_tutuorial/install/tutorial_interfaces/include/tutorial_interfaces/tutorial_interfaces/msg/detail/sphere__traits.hpp
[2.485s] -- Up-to-date: /home/fierra/beginner_tutuorial/install/tutorial_interfaces/include/tutorial_interfaces/tutorial_interfaces/msg/detail/num__struct.hpp
[2.488s] -- Up-to-date: /home/fierra/beginner_tutuorial/install/tutorial_interfaces/include/tutorial_interfaces/tutorial_interfaces/msg/detail/num__traits.hpp
[2.488s] -- Up-to-date: /home/fierra/beginner_tutuorial/install/tutorial_interfaces/include/tutorial_interfaces/tutorial_interfaces/msg/detail/sphere__struct.hpp
[2.488s] -- Up-to-date: /home/fierra/beginner_tutuorial/install/tutorial_interfaces/include/tutorial_interfaces/tutorial_interfaces/msg/detail/num__builder.hpp
[2.488s] -- Up-to-date: /home/fierra/beginner_tutuorial/install/tutorial_interfaces/include/tutorial_interfaces/tutorial_interfaces/srv
[2.489s] -- Up-to-date: /home/fierra/beginner_tutuorial/install/tutorial_interfaces/include/tutorial_interfaces/tutorial_interfaces/srv/add_three_ints.hpp
[2.489s] -- Up-to-date: /home/fierra/beginner_tutuorial/install/tutorial_interfaces/include/tutorial_interfaces/tutorial_interfaces/srv/detail
[2.489s] -- Up-to-date: /home/fierra/beginner_tutuorial/install/tutorial_interfaces/include/tutorial_interfaces/tutorial_interfaces/srv/detail/add_three_ints__builder.hpp
[2.489s] -- Up-to-date: /home/fierra/beginner_tutuorial/install/tutorial_interfaces/include/tutorial_interfaces/tutorial_interfaces/srv/detail/add_three_ints__struct.hpp
[2.489s] -- Up-to-date: /home/fierra/beginner_tutuorial/install/tutorial_interfaces/include/tutorial_interfaces/tutorial_interfaces/srv/detail/add_three_ints__traits.hpp
[2.489s] -- Up-to-date: /home/fierra/beginner_tutuorial/install/tutorial_interfaces/include/tutorial_interfaces/tutorial_interfaces
[2.489s] -- Up-to-date: /home/fierra/beginner_tutuorial/install/tutorial_interfaces/include/tutorial_interfaces/tutorial_interfaces/msg
[2.490s] -- Up-to-date: /home/fierra/beginner_tutuorial/install/tutorial_interfaces/include/tutorial_interfaces/tutorial_interfaces/msg/rosidl_typesupport_fastrtps_cpp__visibility_control.h
[2.490s] -- Up-to-date: /home/fierra/beginner_tutuorial/install/tutorial_interfaces/include/tutorial_interfaces/tutorial_interfaces/msg/detail
[2.490s] -- Up-to-date: /home/fierra/beginner_tutuorial/install/tutorial_interfaces/include/tutorial_interfaces/tutorial_interfaces/msg/detail/sphere__rosidl_typesupport_fastrtps_cpp.hpp
[2.490s] -- Up-to-date: /home/fierra/beginner_tutuorial/install/tutorial_interfaces/include/tutorial_interfaces/tutorial_interfaces/msg/detail/dds_fastrtps
[2.490s] -- Up-to-date: /home/fierra/beginner_tutuorial/install/tutorial_interfaces/include/tutorial_interfaces/tutorial_interfaces/msg/detail/num__rosidl_typesupport_fastrtps_cpp.hpp
[2.490s] -- Up-to-date: /home/fierra/beginner_tutuorial/install/tutorial_interfaces/include/tutorial_interfaces/tutorial_interfaces/srv
[2.490s] -- Up-to-date: /home/fierra/beginner_tutuorial/install/tutorial_interfaces/include/tutorial_interfaces/tutorial_interfaces/srv/detail
[2.491s] -- Up-to-date: /home/fierra/beginner_tutuorial/install/tutorial_interfaces/include/tutorial_interfaces/tutorial_interfaces/srv/detail/add_three_ints__rosidl_typesupport_fastrtps_cpp.hpp
[2.491s] -- Up-to-date: /home/fierra/beginner_tutuorial/install/tutorial_interfaces/include/tutorial_interfaces/tutorial_interfaces/srv/detail/dds_fastrtps
[2.491s] -- Up-to-date: /home/fierra/beginner_tutuorial/install/tutorial_interfaces/lib/libtutorial_interfaces__rosidl_typesupport_fastrtps_cpp.so
[2.491s] -- Up-to-date: /home/fierra/beginner_tutuorial/install/tutorial_interfaces/include/tutorial_interfaces/tutorial_interfaces
[2.491s] -- Up-to-date: /home/fierra/beginner_tutuorial/install/tutorial_interfaces/include/tutorial_interfaces/tutorial_interfaces/msg
[2.491s] -- Up-to-date: /home/fierra/beginner_tutuorial/install/tutorial_interfaces/include/tutorial_interfaces/tutorial_interfaces/msg/detail
[2.491s] -- Up-to-date: /home/fierra/beginner_tutuorial/install/tutorial_interfaces/include/tutorial_interfaces/tutorial_interfaces/msg/detail/sphere__type_support.c
[2.491s] -- Up-to-date: /home/fierra/beginner_tutuorial/install/tutorial_interfaces/include/tutorial_interfaces/tutorial_interfaces/msg/detail/num__rosidl_typesupport_introspection_c.h
[2.492s] -- Up-to-date: /home/fierra/beginner_tutuorial/install/tutorial_interfaces/include/tutorial_interfaces/tutorial_interfaces/msg/detail/sphere__rosidl_typesupport_introspection_c.h
[2.492s] -- Up-to-date: /home/fierra/beginner_tutuorial/install/tutorial_interfaces/include/tutorial_interfaces/tutorial_interfaces/msg/detail/num__type_support.c
[2.492s] -- Up-to-date: /home/fierra/beginner_tutuorial/install/tutorial_interfaces/include/tutorial_interfaces/tutorial_interfaces/msg/rosidl_typesupport_introspection_c__visibility_control.h
[2.492s] -- Up-to-date: /home/fierra/beginner_tutuorial/install/tutorial_interfaces/include/tutorial_interfaces/tutorial_interfaces/srv
[2.492s] -- Up-to-date: /home/fierra/beginner_tutuorial/install/tutorial_interfaces/include/tutorial_interfaces/tutorial_interfaces/srv/detail
[2.492s] -- Up-to-date: /home/fierra/beginner_tutuorial/install/tutorial_interfaces/include/tutorial_interfaces/tutorial_interfaces/srv/detail/add_three_ints__rosidl_typesupport_introspection_c.h
[2.492s] -- Up-to-date: /home/fierra/beginner_tutuorial/install/tutorial_interfaces/include/tutorial_interfaces/tutorial_interfaces/srv/detail/add_three_ints__type_support.c
[2.492s] -- Up-to-date: /home/fierra/beginner_tutuorial/install/tutorial_interfaces/lib/libtutorial_interfaces__rosidl_typesupport_introspection_c.so
[2.492s] -- Up-to-date: /home/fierra/beginner_tutuorial/install/tutorial_interfaces/lib/libtutorial_interfaces__rosidl_typesupport_c.so
[2.493s] -- Up-to-date: /home/fierra/beginner_tutuorial/install/tutorial_interfaces/include/tutorial_interfaces/tutorial_interfaces
[2.493s] -- Up-to-date: /home/fierra/beginner_tutuorial/install/tutorial_interfaces/include/tutorial_interfaces/tutorial_interfaces/msg
[2.493s] -- Up-to-date: /home/fierra/beginner_tutuorial/install/tutorial_interfaces/include/tutorial_interfaces/tutorial_interfaces/msg/detail
[2.493s] -- Up-to-date: /home/fierra/beginner_tutuorial/install/tutorial_interfaces/include/tutorial_interfaces/tutorial_interfaces/msg/detail/sphere__rosidl_typesupport_introspection_cpp.hpp
[2.493s] -- Up-to-date: /home/fierra/beginner_tutuorial/install/tutorial_interfaces/include/tutorial_interfaces/tutorial_interfaces/msg/detail/num__rosidl_typesupport_introspection_cpp.hpp
[2.493s] -- Up-to-date: /home/fierra/beginner_tutuorial/install/tutorial_interfaces/include/tutorial_interfaces/tutorial_interfaces/msg/detail/num__type_support.cpp
[2.493s] -- Up-to-date: /home/fierra/beginner_tutuorial/install/tutorial_interfaces/include/tutorial_interfaces/tutorial_interfaces/msg/detail/sphere__type_support.cpp
[2.493s] -- Up-to-date: /home/fierra/beginner_tutuorial/install/tutorial_interfaces/include/tutorial_interfaces/tutorial_interfaces/srv
[2.493s] -- Up-to-date: /home/fierra/beginner_tutuorial/install/tutorial_interfaces/include/tutorial_interfaces/tutorial_interfaces/srv/detail
[2.493s] -- Up-to-date: /home/fierra/beginner_tutuorial/install/tutorial_interfaces/include/tutorial_interfaces/tutorial_interfaces/srv/detail/add_three_ints__rosidl_typesupport_introspection_cpp.hpp
[2.494s] -- Up-to-date: /home/fierra/beginner_tutuorial/install/tutorial_interfaces/include/tutorial_interfaces/tutorial_interfaces/srv/detail/add_three_ints__type_support.cpp
[2.494s] -- Up-to-date: /home/fierra/beginner_tutuorial/install/tutorial_interfaces/lib/libtutorial_interfaces__rosidl_typesupport_introspection_cpp.so
[2.494s] -- Up-to-date: /home/fierra/beginner_tutuorial/install/tutorial_interfaces/lib/libtutorial_interfaces__rosidl_typesupport_cpp.so
[2.494s] -- Up-to-date: /home/fierra/beginner_tutuorial/install/tutorial_interfaces/share/tutorial_interfaces/environment/pythonpath.sh
[2.494s] -- Up-to-date: /home/fierra/beginner_tutuorial/install/tutorial_interfaces/share/tutorial_interfaces/environment/pythonpath.dsv
[2.494s] -- Up-to-date: /home/fierra/beginner_tutuorial/install/tutorial_interfaces/lib/python3.8/site-packages/tutorial_interfaces-0.0.0-py3.8.egg-info
[2.494s] -- Installing: /home/fierra/beginner_tutuorial/install/tutorial_interfaces/lib/python3.8/site-packages/tutorial_interfaces-0.0.0-py3.8.egg-info/SOURCES.txt
[2.615s] -- Installing: /home/fierra/beginner_tutuorial/install/tutorial_interfaces/lib/python3.8/site-packages/tutorial_interfaces-0.0.0-py3.8.egg-info/dependency_links.txt
[2.615s] -- Installing: /home/fierra/beginner_tutuorial/install/tutorial_interfaces/lib/python3.8/site-packages/tutorial_interfaces-0.0.0-py3.8.egg-info/PKG-INFO
[2.615s] -- Installing: /home/fierra/beginner_tutuorial/install/tutorial_interfaces/lib/python3.8/site-packages/tutorial_interfaces-0.0.0-py3.8.egg-info/top_level.txt
[2.615s] -- Up-to-date: /home/fierra/beginner_tutuorial/install/tutorial_interfaces/lib/python3.8/site-packages/tutorial_interfaces
[2.616s] -- Up-to-date: /home/fierra/beginner_tutuorial/install/tutorial_interfaces/lib/python3.8/site-packages/tutorial_interfaces/msg
[2.616s] -- Up-to-date: /home/fierra/beginner_tutuorial/install/tutorial_interfaces/lib/python3.8/site-packages/tutorial_interfaces/msg/_num_s.c
[2.616s] -- Up-to-date: /home/fierra/beginner_tutuorial/install/tutorial_interfaces/lib/python3.8/site-packages/tutorial_interfaces/msg/__init__.py
[2.616s] -- Up-to-date: /home/fierra/beginner_tutuorial/install/tutorial_interfaces/lib/python3.8/site-packages/tutorial_interfaces/msg/_num.py
[2.616s] -- Up-to-date: /home/fierra/beginner_tutuorial/install/tutorial_interfaces/lib/python3.8/site-packages/tutorial_interfaces/msg/_sphere.py
[2.616s] -- Up-to-date: /home/fierra/beginner_tutuorial/install/tutorial_interfaces/lib/python3.8/site-packages/tutorial_interfaces/msg/_sphere_s.c
[2.616s] -- Up-to-date: /home/fierra/beginner_tutuorial/install/tutorial_interfaces/lib/python3.8/site-packages/tutorial_interfaces/srv
[2.617s] -- Up-to-date: /home/fierra/beginner_tutuorial/install/tutorial_interfaces/lib/python3.8/site-packages/tutorial_interfaces/srv/__init__.py
[2.617s] -- Up-to-date: /home/fierra/beginner_tutuorial/install/tutorial_interfaces/lib/python3.8/site-packages/tutorial_interfaces/srv/_add_three_ints_s.c
[2.617s] -- Up-to-date: /home/fierra/beginner_tutuorial/install/tutorial_interfaces/lib/python3.8/site-packages/tutorial_interfaces/srv/_add_three_ints.py
[2.617s] -- Installing: /home/fierra/beginner_tutuorial/install/tutorial_interfaces/lib/python3.8/site-packages/tutorial_interfaces/tutorial_interfaces_s__rosidl_typesupport_c.cpython-38-x86_64-linux-gnu.so
[2.617s] -- Up-to-date: /home/fierra/beginner_tutuorial/install/tutorial_interfaces/lib/python3.8/site-packages/tutorial_interfaces/__init__.py
[2.617s] -- Installing: /home/fierra/beginner_tutuorial/install/tutorial_interfaces/lib/python3.8/site-packages/tutorial_interfaces/tutorial_interfaces_s__rosidl_typesupport_fastrtps_c.cpython-38-x86_64-linux-gnu.so
[2.617s] -- Up-to-date: /home/fierra/beginner_tutuorial/install/tutorial_interfaces/lib/python3.8/site-packages/tutorial_interfaces/_tutorial_interfaces_s.ep.rosidl_typesupport_c.c
[2.617s] -- Installing: /home/fierra/beginner_tutuorial/install/tutorial_interfaces/lib/python3.8/site-packages/tutorial_interfaces/libtutorial_interfaces__rosidl_generator_py.so
[2.617s] -- Up-to-date: /home/fierra/beginner_tutuorial/install/tutorial_interfaces/lib/python3.8/site-packages/tutorial_interfaces/_tutorial_interfaces_s.ep.rosidl_typesupport_introspection_c.c
[2.618s] -- Up-to-date: /home/fierra/beginner_tutuorial/install/tutorial_interfaces/lib/python3.8/site-packages/tutorial_interfaces/_tutorial_interfaces_s.ep.rosidl_typesupport_fastrtps_c.c
[2.618s] -- Installing: /home/fierra/beginner_tutuorial/install/tutorial_interfaces/lib/python3.8/site-packages/tutorial_interfaces/tutorial_interfaces_s__rosidl_typesupport_introspection_c.cpython-38-x86_64-linux-gnu.so
[2.893s] Listing '/home/fierra/beginner_tutuorial/install/tutorial_interfaces/lib/python3.8/site-packages/tutorial_interfaces'...
[2.894s] Listing '/home/fierra/beginner_tutuorial/install/tutorial_interfaces/lib/python3.8/site-packages/tutorial_interfaces/msg'...
[2.894s] Listing '/home/fierra/beginner_tutuorial/install/tutorial_interfaces/lib/python3.8/site-packages/tutorial_interfaces/srv'...
[2.898s] -- Installing: /home/fierra/beginner_tutuorial/install/tutorial_interfaces/lib/python3.8/site-packages/tutorial_interfaces/tutorial_interfaces_s__rosidl_typesupport_introspection_c.cpython-38-x86_64-linux-gnu.so
[2.899s] -- Set runtime path of "/home/fierra/beginner_tutuorial/install/tutorial_interfaces/lib/python3.8/site-packages/tutorial_interfaces/tutorial_interfaces_s__rosidl_typesupport_introspection_c.cpython-38-x86_64-linux-gnu.so" to ""
[2.900s] -- Installing: /home/fierra/beginner_tutuorial/install/tutorial_interfaces/lib/python3.8/site-packages/tutorial_interfaces/tutorial_interfaces_s__rosidl_typesupport_fastrtps_c.cpython-38-x86_64-linux-gnu.so
[2.901s] -- Set runtime path of "/home/fierra/beginner_tutuorial/install/tutorial_interfaces/lib/python3.8/site-packages/tutorial_interfaces/tutorial_interfaces_s__rosidl_typesupport_fastrtps_c.cpython-38-x86_64-linux-gnu.so" to ""
[2.901s] -- Installing: /home/fierra/beginner_tutuorial/install/tutorial_interfaces/lib/python3.8/site-packages/tutorial_interfaces/tutorial_interfaces_s__rosidl_typesupport_c.cpython-38-x86_64-linux-gnu.so
[2.902s] -- Set runtime path of "/home/fierra/beginner_tutuorial/install/tutorial_interfaces/lib/python3.8/site-packages/tutorial_interfaces/tutorial_interfaces_s__rosidl_typesupport_c.cpython-38-x86_64-linux-gnu.so" to ""
[2.902s] -- Installing: /home/fierra/beginner_tutuorial/install/tutorial_interfaces/lib/libtutorial_interfaces__rosidl_generator_py.so
[2.903s] -- Set runtime path of "/home/fierra/beginner_tutuorial/install/tutorial_interfaces/lib/libtutorial_interfaces__rosidl_generator_py.so" to ""
[2.903s] -- Up-to-date: /home/fierra/beginner_tutuorial/install/tutorial_interfaces/share/tutorial_interfaces/msg/Num.idl
[2.904s] -- Up-to-date: /home/fierra/beginner_tutuorial/install/tutorial_interfaces/share/tutorial_interfaces/msg/Sphere.idl
[2.904s] -- Up-to-date: /home/fierra/beginner_tutuorial/install/tutorial_interfaces/share/tutorial_interfaces/srv/AddThreeInts.idl
[2.904s] -- Up-to-date: /home/fierra/beginner_tutuorial/install/tutorial_interfaces/share/tutorial_interfaces/msg/Num.msg
[2.904s] -- Up-to-date: /home/fierra/beginner_tutuorial/install/tutorial_interfaces/share/tutorial_interfaces/msg/Sphere.msg
[2.904s] -- Up-to-date: /home/fierra/beginner_tutuorial/install/tutorial_interfaces/share/tutorial_interfaces/srv/AddThreeInts.srv
[2.904s] -- Up-to-date: /home/fierra/beginner_tutuorial/install/tutorial_interfaces/share/tutorial_interfaces/srv/AddThreeInts_Request.msg
[2.904s] -- Up-to-date: /home/fierra/beginner_tutuorial/install/tutorial_interfaces/share/tutorial_interfaces/srv/AddThreeInts_Response.msg
[2.905s] -- Up-to-date: /home/fierra/beginner_tutuorial/install/tutorial_interfaces/share/ament_index/resource_index/package_run_dependencies/tutorial_interfaces
[2.905s] -- Up-to-date: /home/fierra/beginner_tutuorial/install/tutorial_interfaces/share/ament_index/resource_index/parent_prefix_path/tutorial_interfaces
[2.905s] -- Up-to-date: /home/fierra/beginner_tutuorial/install/tutorial_interfaces/share/tutorial_interfaces/environment/ament_prefix_path.dsv
[2.905s] -- Up-to-date: /home/fierra/beginner_tutuorial/install/tutorial_interfaces/share/tutorial_interfaces/environment/path.dsv
[2.905s] -- Up-to-date: /home/fierra/beginner_tutuorial/install/tutorial_interfaces/share/tutorial_interfaces/local_setup.bash
[2.905s] -- Up-to-date: /home/fierra/beginner_tutuorial/install/tutorial_interfaces/share/tutorial_interfaces/local_setup.sh
[2.906s] -- Up-to-date: /home/fierra/beginner_tutuorial/install/tutorial_interfaces/share/tutorial_interfaces/local_setup.zsh
[2.906s] -- Up-to-date: /home/fierra/beginner_tutuorial/install/tutorial_interfaces/share/tutorial_interfaces/local_setup.dsv
[2.906s] -- Installing: /home/fierra/beginner_tutuorial/install/tutorial_interfaces/share/tutorial_interfaces/package.dsv
[2.906s] -- Up-to-date: /home/fierra/beginner_tutuorial/install/tutorial_interfaces/share/ament_index/resource_index/packages/tutorial_interfaces
[2.906s] -- Up-to-date: /home/fierra/beginner_tutuorial/install/tutorial_interfaces/share/tutorial_interfaces/cmake/export_tutorial_interfaces__rosidl_generator_cExport.cmake
[2.906s] -- Up-to-date: /home/fierra/beginner_tutuorial/install/tutorial_interfaces/share/tutorial_interfaces/cmake/export_tutorial_interfaces__rosidl_generator_cExport-noconfig.cmake
[2.906s] -- Up-to-date: /home/fierra/beginner_tutuorial/install/tutorial_interfaces/share/tutorial_interfaces/cmake/export_tutorial_interfaces__rosidl_typesupport_fastrtps_cExport.cmake
[2.907s] -- Up-to-date: /home/fierra/beginner_tutuorial/install/tutorial_interfaces/share/tutorial_interfaces/cmake/export_tutorial_interfaces__rosidl_typesupport_fastrtps_cExport-noconfig.cmake
[2.907s] -- Up-to-date: /home/fierra/beginner_tutuorial/install/tutorial_interfaces/share/tutorial_interfaces/cmake/export_tutorial_interfaces__rosidl_generator_cppExport.cmake
[2.907s] -- Up-to-date: /home/fierra/beginner_tutuorial/install/tutorial_interfaces/share/tutorial_interfaces/cmake/export_tutorial_interfaces__rosidl_typesupport_fastrtps_cppExport.cmake
[2.907s] -- Up-to-date: /home/fierra/beginner_tutuorial/install/tutorial_interfaces/share/tutorial_interfaces/cmake/export_tutorial_interfaces__rosidl_typesupport_fastrtps_cppExport-noconfig.cmake
[2.907s] -- Up-to-date: /home/fierra/beginner_tutuorial/install/tutorial_interfaces/share/tutorial_interfaces/cmake/tutorial_interfaces__rosidl_typesupport_introspection_cExport.cmake
[2.907s] -- Up-to-date: /home/fierra/beginner_tutuorial/install/tutorial_interfaces/share/tutorial_interfaces/cmake/tutorial_interfaces__rosidl_typesupport_introspection_cExport-noconfig.cmake
[2.908s] -- Up-to-date: /home/fierra/beginner_tutuorial/install/tutorial_interfaces/share/tutorial_interfaces/cmake/tutorial_interfaces__rosidl_typesupport_cExport.cmake
[2.908s] -- Up-to-date: /home/fierra/beginner_tutuorial/install/tutorial_interfaces/share/tutorial_interfaces/cmake/tutorial_interfaces__rosidl_typesupport_cExport-noconfig.cmake
[2.908s] -- Up-to-date: /home/fierra/beginner_tutuorial/install/tutorial_interfaces/share/tutorial_interfaces/cmake/tutorial_interfaces__rosidl_typesupport_introspection_cppExport.cmake
[2.908s] -- Up-to-date: /home/fierra/beginner_tutuorial/install/tutorial_interfaces/share/tutorial_interfaces/cmake/tutorial_interfaces__rosidl_typesupport_introspection_cppExport-noconfig.cmake
[2.909s] -- Up-to-date: /home/fierra/beginner_tutuorial/install/tutorial_interfaces/share/tutorial_interfaces/cmake/tutorial_interfaces__rosidl_typesupport_cppExport.cmake
[2.909s] -- Up-to-date: /home/fierra/beginner_tutuorial/install/tutorial_interfaces/share/tutorial_interfaces/cmake/tutorial_interfaces__rosidl_typesupport_cppExport-noconfig.cmake
[2.909s] -- Up-to-date: /home/fierra/beginner_tutuorial/install/tutorial_interfaces/share/tutorial_interfaces/cmake/export_tutorial_interfaces__rosidl_generator_pyExport.cmake
[2.909s] -- Up-to-date: /home/fierra/beginner_tutuorial/install/tutorial_interfaces/share/tutorial_interfaces/cmake/export_tutorial_interfaces__rosidl_generator_pyExport-noconfig.cmake
[2.909s] -- Up-to-date: /home/fierra/beginner_tutuorial/install/tutorial_interfaces/share/tutorial_interfaces/cmake/rosidl_cmake-extras.cmake
[2.909s] -- Up-to-date: /home/fierra/beginner_tutuorial/install/tutorial_interfaces/share/tutorial_interfaces/cmake/ament_cmake_export_dependencies-extras.cmake
[2.909s] -- Up-to-date: /home/fierra/beginner_tutuorial/install/tutorial_interfaces/share/tutorial_interfaces/cmake/ament_cmake_export_include_directories-extras.cmake
[2.910s] -- Up-to-date: /home/fierra/beginner_tutuorial/install/tutorial_interfaces/share/tutorial_interfaces/cmake/ament_cmake_export_libraries-extras.cmake
[2.910s] -- Up-to-date: /home/fierra/beginner_tutuorial/install/tutorial_interfaces/share/tutorial_interfaces/cmake/ament_cmake_export_targets-extras.cmake
[2.910s] -- Up-to-date: /home/fierra/beginner_tutuorial/install/tutorial_interfaces/share/tutorial_interfaces/cmake/rosidl_cmake_export_typesupport_targets-extras.cmake
[2.910s] -- Up-to-date: /home/fierra/beginner_tutuorial/install/tutorial_interfaces/share/tutorial_interfaces/cmake/rosidl_cmake_export_typesupport_libraries-extras.cmake
[2.910s] -- Up-to-date: /home/fierra/beginner_tutuorial/install/tutorial_interfaces/share/tutorial_interfaces/cmake/tutorial_interfacesConfig.cmake
[2.910s] -- Up-to-date: /home/fierra/beginner_tutuorial/install/tutorial_interfaces/share/tutorial_interfaces/cmake/tutorial_interfacesConfig-version.cmake
[2.910s] -- Up-to-date: /home/fierra/beginner_tutuorial/install/tutorial_interfaces/share/tutorial_interfaces/package.xml
[2.914s] Invoked command in '/home/fierra/beginner_tutuorial/build/tutorial_interfaces' returned '0': CMAKE_PREFIX_PATH=${CMAKE_PREFIX_PATH}:/home/fierra/beginner_tutuorial/install/launch_testing_examples:/home/fierra/beginner_tutuorial/install/examples_rclpy_pointcloud_publisher:/home/fierra/beginner_tutuorial/install/examples_rclpy_minimal_subscriber:/home/fierra/beginner_tutuorial/install/examples_rclpy_minimal_service:/home/fierra/beginner_tutuorial/install/examples_rclpy_minimal_publisher:/home/fierra/beginner_tutuorial/install/examples_rclpy_minimal_client:/home/fierra/beginner_tutuorial/install/examples_rclpy_minimal_action_server:/home/fierra/beginner_tutuorial/install/examples_rclpy_minimal_action_client:/home/fierra/beginner_tutuorial/install/examples_rclpy_guard_conditions:/home/fierra/beginner_tutuorial/install/examples_rclpy_executors:/home/fierra/ros2_humble/install/rqt_bag_plugins:/home/fierra/ros2_humble/install/rqt_bag:/home/fierra/ros2_humble/install/ros2bag:/home/fierra/ros2_humble/install/tracetools_test:/home/fierra/ros2_humble/install/tracetools_launch:/home/fierra/ros2_humble/install/topic_monitor:/home/fierra/ros2_humble/install/tf2_tools:/home/fierra/ros2_humble/install/examples_tf2_py:/home/fierra/ros2_humble/install/tf2_ros_py:/home/fierra/ros2_humble/install/sros2:/home/fierra/ros2_humble/install/rqt_topic:/home/fierra/ros2_humble/install/rqt_srv:/home/fierra/ros2_humble/install/rqt_shell:/home/fierra/ros2_humble/install/rqt_service_caller:/home/fierra/ros2_humble/install/rqt_reconfigure:/home/fierra/ros2_humble/install/rqt_py_console:/home/fierra/ros2_humble/install/rqt_publisher:/home/fierra/ros2_humble/install/rqt_plot:/home/fierra/ros2_humble/install/rqt_action:/home/fierra/ros2_humble/install/rqt_msg:/home/fierra/ros2_humble/install/rqt_console:/home/fierra/ros2_humble/install/rqt:/home/fierra/ros2_humble/install/rqt_graph:/home/fierra/ros2_humble/install/rqt_gui_py:/home/fierra/ros2_humble/install/rqt_gui:/home/fierra/ros2_humble/install/ros2trace:/home/fierra/ros2_humble/install/ros2topic:/home/fierra/ros2_humble/install/ros2test:/home/fierra/ros2_humble/install/ros2component:/home/fierra/ros2_humble/install/ros2param:/home/fierra/ros2_humble/install/ros2lifecycle:/home/fierra/ros2_humble/install/ros2service:/home/fierra/ros2_humble/install/ros2run:/home/fierra/ros2_humble/install/ros2launch:/home/fierra/ros2_humble/install/ros2pkg:/home/fierra/ros2_humble/install/ros2node:/home/fierra/ros2_humble/install/ros2multicast:/home/fierra/ros2_humble/install/ros2interface:/home/fierra/ros2_humble/install/ros2doctor:/home/fierra/ros2_humble/install/ros2action:/home/fierra/ros2_humble/install/ros2cli:/home/fierra/ros2_humble/install/quality_of_service_demo_py:/home/fierra/ros2_humble/install/lifecycle_py:/home/fierra/ros2_humble/install/launch_testing_ros:/home/fierra/ros2_humble/install/launch_ros:/home/fierra/ros2_humble/install/examples_rclpy_pointcloud_publisher:/home/fierra/ros2_humble/install/examples_rclpy_minimal_subscriber:/home/fierra/ros2_humble/install/examples_rclpy_minimal_service:/home/fierra/ros2_humble/install/examples_rclpy_minimal_publisher:/home/fierra/ros2_humble/install/examples_rclpy_minimal_client:/home/fierra/ros2_humble/install/examples_rclpy_minimal_action_server:/home/fierra/ros2_humble/install/examples_rclpy_minimal_action_client:/home/fierra/ros2_humble/install/examples_rclpy_guard_conditions:/home/fierra/ros2_humble/install/examples_rclpy_executors:/home/fierra/ros2_humble/install/demo_nodes_py:/home/fierra/ros2_humble/install/action_tutorials_py:/home/fierra/ros2_humble/install/ament_uncrustify:/home/fierra/ros2_humble/install/tracetools_trace:/home/fierra/ros2_humble/install/tracetools_read:/home/fierra/ros2_humble/install/test_tracetools_launch:/home/fierra/ros2_humble/install/test_launch_ros:/home/fierra/ros2_humble/install/sensor_msgs_py:/home/fierra/ros2_humble/install/rpyutils:/home/fierra/ros2_humble/install/rosidl_runtime_py:/home/fierra/ros2_humble/install/rosidl_cli:/home/fierra/ros2_humble/install/launch_pytest:/home/fierra/ros2_humble/install/launch_testing:/home/fierra/ros2_humble/install/launch_yaml:/home/fierra/ros2_humble/install/launch_xml:/home/fierra/ros2_humble/install/launch:/home/fierra/ros2_humble/install/osrf_pycommon:/home/fierra/ros2_humble/install/launch_testing_examples:/home/fierra/ros2_humble/install/domain_coordinator:/home/fierra/ros2_humble/install/ament_xmllint:/home/fierra/ros2_humble/install/ament_pyflakes:/home/fierra/ros2_humble/install/ament_pycodestyle:/home/fierra/ros2_humble/install/ament_pep257:/home/fierra/ros2_humble/install/ament_pclint:/home/fierra/ros2_humble/install/ament_package:/home/fierra/ros2_humble/install/ament_mypy:/home/fierra/ros2_humble/install/ament_lint_cmake:/home/fierra/ros2_humble/install/ament_flake8:/home/fierra/ros2_humble/install/ament_copyright:/home/fierra/ros2_humble/install/ament_lint:/home/fierra/ros2_humble/install/ament_index_python:/home/fierra/ros2_humble/install/ament_cpplint:/home/fierra/ros2_humble/install/ament_cppcheck:/home/fierra/ros2_humble/install/ament_clang_tidy:/home/fierra/ros2_humble/install/ament_clang_format /usr/bin/cmake --install /home/fierra/beginner_tutuorial/build/tutorial_interfaces
