[0.094s] Invoking command in '/home/fierra/beginner_tutuorial/build/assignment_w10': CMAKE_PREFIX_PATH=${CMAKE_PREFIX_PATH}:/home/fierra/ros2_humble/install/rqt_bag_plugins:/home/fierra/ros2_humble/install/rqt_bag:/home/fierra/ros2_humble/install/ros2bag:/home/fierra/ros2_humble/install/tracetools_test:/home/fierra/ros2_humble/install/tracetools_launch:/home/fierra/ros2_humble/install/topic_monitor:/home/fierra/ros2_humble/install/tf2_tools:/home/fierra/ros2_humble/install/examples_tf2_py:/home/fierra/ros2_humble/install/tf2_ros_py:/home/fierra/ros2_humble/install/sros2:/home/fierra/ros2_humble/install/rqt_topic:/home/fierra/ros2_humble/install/rqt_srv:/home/fierra/ros2_humble/install/rqt_shell:/home/fierra/ros2_humble/install/rqt_service_caller:/home/fierra/ros2_humble/install/rqt_reconfigure:/home/fierra/ros2_humble/install/rqt_py_console:/home/fierra/ros2_humble/install/rqt_publisher:/home/fierra/ros2_humble/install/rqt_plot:/home/fierra/ros2_humble/install/rqt_action:/home/fierra/ros2_humble/install/rqt_msg:/home/fierra/ros2_humble/install/rqt_console:/home/fierra/ros2_humble/install/rqt:/home/fierra/ros2_humble/install/rqt_graph:/home/fierra/ros2_humble/install/rqt_gui_py:/home/fierra/ros2_humble/install/rqt_gui:/home/fierra/ros2_humble/install/ros2trace:/home/fierra/ros2_humble/install/ros2topic:/home/fierra/ros2_humble/install/ros2test:/home/fierra/ros2_humble/install/ros2component:/home/fierra/ros2_humble/install/ros2param:/home/fierra/ros2_humble/install/ros2lifecycle:/home/fierra/ros2_humble/install/ros2service:/home/fierra/ros2_humble/install/ros2run:/home/fierra/ros2_humble/install/ros2launch:/home/fierra/ros2_humble/install/ros2pkg:/home/fierra/ros2_humble/install/ros2node:/home/fierra/ros2_humble/install/ros2multicast:/home/fierra/ros2_humble/install/ros2interface:/home/fierra/ros2_humble/install/ros2doctor:/home/fierra/ros2_humble/install/ros2action:/home/fierra/ros2_humble/install/ros2cli:/home/fierra/ros2_humble/install/quality_of_service_demo_py:/home/fierra/ros2_humble/install/lifecycle_py:/home/fierra/ros2_humble/install/launch_testing_ros:/home/fierra/ros2_humble/install/launch_ros:/home/fierra/ros2_humble/install/examples_rclpy_pointcloud_publisher:/home/fierra/ros2_humble/install/examples_rclpy_minimal_subscriber:/home/fierra/ros2_humble/install/examples_rclpy_minimal_service:/home/fierra/ros2_humble/install/examples_rclpy_minimal_publisher:/home/fierra/ros2_humble/install/examples_rclpy_minimal_client:/home/fierra/ros2_humble/install/examples_rclpy_minimal_action_server:/home/fierra/ros2_humble/install/examples_rclpy_minimal_action_client:/home/fierra/ros2_humble/install/examples_rclpy_guard_conditions:/home/fierra/ros2_humble/install/examples_rclpy_executors:/home/fierra/ros2_humble/install/demo_nodes_py:/home/fierra/ros2_humble/install/action_tutorials_py:/home/fierra/ros2_humble/install/ament_uncrustify:/home/fierra/ros2_humble/install/tracetools_trace:/home/fierra/ros2_humble/install/tracetools_read:/home/fierra/ros2_humble/install/test_tracetools_launch:/home/fierra/ros2_humble/install/test_launch_ros:/home/fierra/ros2_humble/install/sensor_msgs_py:/home/fierra/ros2_humble/install/rpyutils:/home/fierra/ros2_humble/install/rosidl_runtime_py:/home/fierra/ros2_humble/install/rosidl_cli:/home/fierra/ros2_humble/install/launch_pytest:/home/fierra/ros2_humble/install/launch_testing:/home/fierra/ros2_humble/install/launch_yaml:/home/fierra/ros2_humble/install/launch_xml:/home/fierra/ros2_humble/install/launch:/home/fierra/ros2_humble/install/osrf_pycommon:/home/fierra/ros2_humble/install/launch_testing_examples:/home/fierra/ros2_humble/install/domain_coordinator:/home/fierra/ros2_humble/install/ament_xmllint:/home/fierra/ros2_humble/install/ament_pyflakes:/home/fierra/ros2_humble/install/ament_pycodestyle:/home/fierra/ros2_humble/install/ament_pep257:/home/fierra/ros2_humble/install/ament_pclint:/home/fierra/ros2_humble/install/ament_package:/home/fierra/ros2_humble/install/ament_mypy:/home/fierra/ros2_humble/install/ament_lint_cmake:/home/fierra/ros2_humble/install/ament_flake8:/home/fierra/ros2_humble/install/ament_copyright:/home/fierra/ros2_humble/install/ament_lint:/home/fierra/ros2_humble/install/ament_index_python:/home/fierra/ros2_humble/install/ament_cpplint:/home/fierra/ros2_humble/install/ament_cppcheck:/home/fierra/ros2_humble/install/ament_clang_tidy:/home/fierra/ros2_humble/install/ament_clang_format /usr/bin/cmake --build /home/fierra/beginner_tutuorial/build/assignment_w10 -- -j8 -l8
[0.295s] [  8%] Built target assignment_w10__rosidl_generator_c
[0.306s] [ 10%] Built target assignment_w10__cpp
[0.341s] [ 10%] Built target ament_cmake_python_copy_assignment_w10
[0.427s] [ 18%] Built target assignment_w10__rosidl_typesupport_introspection_c
[0.457s] [ 27%] Built target assignment_w10__rosidl_typesupport_fastrtps_c
[0.460s] [ 35%] Built target assignment_w10__rosidl_typesupport_c
[0.464s] [ 43%] Built target assignment_w10__rosidl_typesupport_introspection_cpp
[0.467s] [ 51%] Built target assignment_w10__rosidl_typesupport_fastrtps_cpp
[0.490s] [ 59%] Built target assignment_w10__rosidl_typesupport_cpp
[0.583s] [ 59%] Built target assignment_w10
[0.695s] [ 62%] Built target assignment_w10__py
[0.706s] [ 67%] Built target client
[0.713s] [ 72%] Built target talker
[0.738s] [ 78%] Built target listener
[0.801s] [ 83%] Built target assignment_w10__rosidl_generator_py
[0.907s] [ 89%] Built target assignment_w10__rosidl_typesupport_introspection_c__pyext
[0.912s] [ 94%] Built target assignment_w10__rosidl_typesupport_c__pyext
[0.930s] [100%] Built target assignment_w10__rosidl_typesupport_fastrtps_c__pyext
[1.397s] running egg_info
[1.398s] writing assignment_w10.egg-info/PKG-INFO
[1.398s] writing dependency_links to assignment_w10.egg-info/dependency_links.txt
[1.399s] writing top-level names to assignment_w10.egg-info/top_level.txt
[1.476s] reading manifest file 'assignment_w10.egg-info/SOURCES.txt'
[1.477s] writing manifest file 'assignment_w10.egg-info/SOURCES.txt'
[1.535s] [100%] Built target ament_cmake_python_build_assignment_w10_egg
[1.569s] Invoked command in '/home/fierra/beginner_tutuorial/build/assignment_w10' returned '0': CMAKE_PREFIX_PATH=${CMAKE_PREFIX_PATH}:/home/fierra/ros2_humble/install/rqt_bag_plugins:/home/fierra/ros2_humble/install/rqt_bag:/home/fierra/ros2_humble/install/ros2bag:/home/fierra/ros2_humble/install/tracetools_test:/home/fierra/ros2_humble/install/tracetools_launch:/home/fierra/ros2_humble/install/topic_monitor:/home/fierra/ros2_humble/install/tf2_tools:/home/fierra/ros2_humble/install/examples_tf2_py:/home/fierra/ros2_humble/install/tf2_ros_py:/home/fierra/ros2_humble/install/sros2:/home/fierra/ros2_humble/install/rqt_topic:/home/fierra/ros2_humble/install/rqt_srv:/home/fierra/ros2_humble/install/rqt_shell:/home/fierra/ros2_humble/install/rqt_service_caller:/home/fierra/ros2_humble/install/rqt_reconfigure:/home/fierra/ros2_humble/install/rqt_py_console:/home/fierra/ros2_humble/install/rqt_publisher:/home/fierra/ros2_humble/install/rqt_plot:/home/fierra/ros2_humble/install/rqt_action:/home/fierra/ros2_humble/install/rqt_msg:/home/fierra/ros2_humble/install/rqt_console:/home/fierra/ros2_humble/install/rqt:/home/fierra/ros2_humble/install/rqt_graph:/home/fierra/ros2_humble/install/rqt_gui_py:/home/fierra/ros2_humble/install/rqt_gui:/home/fierra/ros2_humble/install/ros2trace:/home/fierra/ros2_humble/install/ros2topic:/home/fierra/ros2_humble/install/ros2test:/home/fierra/ros2_humble/install/ros2component:/home/fierra/ros2_humble/install/ros2param:/home/fierra/ros2_humble/install/ros2lifecycle:/home/fierra/ros2_humble/install/ros2service:/home/fierra/ros2_humble/install/ros2run:/home/fierra/ros2_humble/install/ros2launch:/home/fierra/ros2_humble/install/ros2pkg:/home/fierra/ros2_humble/install/ros2node:/home/fierra/ros2_humble/install/ros2multicast:/home/fierra/ros2_humble/install/ros2interface:/home/fierra/ros2_humble/install/ros2doctor:/home/fierra/ros2_humble/install/ros2action:/home/fierra/ros2_humble/install/ros2cli:/home/fierra/ros2_humble/install/quality_of_service_demo_py:/home/fierra/ros2_humble/install/lifecycle_py:/home/fierra/ros2_humble/install/launch_testing_ros:/home/fierra/ros2_humble/install/launch_ros:/home/fierra/ros2_humble/install/examples_rclpy_pointcloud_publisher:/home/fierra/ros2_humble/install/examples_rclpy_minimal_subscriber:/home/fierra/ros2_humble/install/examples_rclpy_minimal_service:/home/fierra/ros2_humble/install/examples_rclpy_minimal_publisher:/home/fierra/ros2_humble/install/examples_rclpy_minimal_client:/home/fierra/ros2_humble/install/examples_rclpy_minimal_action_server:/home/fierra/ros2_humble/install/examples_rclpy_minimal_action_client:/home/fierra/ros2_humble/install/examples_rclpy_guard_conditions:/home/fierra/ros2_humble/install/examples_rclpy_executors:/home/fierra/ros2_humble/install/demo_nodes_py:/home/fierra/ros2_humble/install/action_tutorials_py:/home/fierra/ros2_humble/install/ament_uncrustify:/home/fierra/ros2_humble/install/tracetools_trace:/home/fierra/ros2_humble/install/tracetools_read:/home/fierra/ros2_humble/install/test_tracetools_launch:/home/fierra/ros2_humble/install/test_launch_ros:/home/fierra/ros2_humble/install/sensor_msgs_py:/home/fierra/ros2_humble/install/rpyutils:/home/fierra/ros2_humble/install/rosidl_runtime_py:/home/fierra/ros2_humble/install/rosidl_cli:/home/fierra/ros2_humble/install/launch_pytest:/home/fierra/ros2_humble/install/launch_testing:/home/fierra/ros2_humble/install/launch_yaml:/home/fierra/ros2_humble/install/launch_xml:/home/fierra/ros2_humble/install/launch:/home/fierra/ros2_humble/install/osrf_pycommon:/home/fierra/ros2_humble/install/launch_testing_examples:/home/fierra/ros2_humble/install/domain_coordinator:/home/fierra/ros2_humble/install/ament_xmllint:/home/fierra/ros2_humble/install/ament_pyflakes:/home/fierra/ros2_humble/install/ament_pycodestyle:/home/fierra/ros2_humble/install/ament_pep257:/home/fierra/ros2_humble/install/ament_pclint:/home/fierra/ros2_humble/install/ament_package:/home/fierra/ros2_humble/install/ament_mypy:/home/fierra/ros2_humble/install/ament_lint_cmake:/home/fierra/ros2_humble/install/ament_flake8:/home/fierra/ros2_humble/install/ament_copyright:/home/fierra/ros2_humble/install/ament_lint:/home/fierra/ros2_humble/install/ament_index_python:/home/fierra/ros2_humble/install/ament_cpplint:/home/fierra/ros2_humble/install/ament_cppcheck:/home/fierra/ros2_humble/install/ament_clang_tidy:/home/fierra/ros2_humble/install/ament_clang_format /usr/bin/cmake --build /home/fierra/beginner_tutuorial/build/assignment_w10 -- -j8 -l8
[1.938s] Invoking command in '/home/fierra/beginner_tutuorial/build/assignment_w10': CMAKE_PREFIX_PATH=${CMAKE_PREFIX_PATH}:/home/fierra/ros2_humble/install/rqt_bag_plugins:/home/fierra/ros2_humble/install/rqt_bag:/home/fierra/ros2_humble/install/ros2bag:/home/fierra/ros2_humble/install/tracetools_test:/home/fierra/ros2_humble/install/tracetools_launch:/home/fierra/ros2_humble/install/topic_monitor:/home/fierra/ros2_humble/install/tf2_tools:/home/fierra/ros2_humble/install/examples_tf2_py:/home/fierra/ros2_humble/install/tf2_ros_py:/home/fierra/ros2_humble/install/sros2:/home/fierra/ros2_humble/install/rqt_topic:/home/fierra/ros2_humble/install/rqt_srv:/home/fierra/ros2_humble/install/rqt_shell:/home/fierra/ros2_humble/install/rqt_service_caller:/home/fierra/ros2_humble/install/rqt_reconfigure:/home/fierra/ros2_humble/install/rqt_py_console:/home/fierra/ros2_humble/install/rqt_publisher:/home/fierra/ros2_humble/install/rqt_plot:/home/fierra/ros2_humble/install/rqt_action:/home/fierra/ros2_humble/install/rqt_msg:/home/fierra/ros2_humble/install/rqt_console:/home/fierra/ros2_humble/install/rqt:/home/fierra/ros2_humble/install/rqt_graph:/home/fierra/ros2_humble/install/rqt_gui_py:/home/fierra/ros2_humble/install/rqt_gui:/home/fierra/ros2_humble/install/ros2trace:/home/fierra/ros2_humble/install/ros2topic:/home/fierra/ros2_humble/install/ros2test:/home/fierra/ros2_humble/install/ros2component:/home/fierra/ros2_humble/install/ros2param:/home/fierra/ros2_humble/install/ros2lifecycle:/home/fierra/ros2_humble/install/ros2service:/home/fierra/ros2_humble/install/ros2run:/home/fierra/ros2_humble/install/ros2launch:/home/fierra/ros2_humble/install/ros2pkg:/home/fierra/ros2_humble/install/ros2node:/home/fierra/ros2_humble/install/ros2multicast:/home/fierra/ros2_humble/install/ros2interface:/home/fierra/ros2_humble/install/ros2doctor:/home/fierra/ros2_humble/install/ros2action:/home/fierra/ros2_humble/install/ros2cli:/home/fierra/ros2_humble/install/quality_of_service_demo_py:/home/fierra/ros2_humble/install/lifecycle_py:/home/fierra/ros2_humble/install/launch_testing_ros:/home/fierra/ros2_humble/install/launch_ros:/home/fierra/ros2_humble/install/examples_rclpy_pointcloud_publisher:/home/fierra/ros2_humble/install/examples_rclpy_minimal_subscriber:/home/fierra/ros2_humble/install/examples_rclpy_minimal_service:/home/fierra/ros2_humble/install/examples_rclpy_minimal_publisher:/home/fierra/ros2_humble/install/examples_rclpy_minimal_client:/home/fierra/ros2_humble/install/examples_rclpy_minimal_action_server:/home/fierra/ros2_humble/install/examples_rclpy_minimal_action_client:/home/fierra/ros2_humble/install/examples_rclpy_guard_conditions:/home/fierra/ros2_humble/install/examples_rclpy_executors:/home/fierra/ros2_humble/install/demo_nodes_py:/home/fierra/ros2_humble/install/action_tutorials_py:/home/fierra/ros2_humble/install/ament_uncrustify:/home/fierra/ros2_humble/install/tracetools_trace:/home/fierra/ros2_humble/install/tracetools_read:/home/fierra/ros2_humble/install/test_tracetools_launch:/home/fierra/ros2_humble/install/test_launch_ros:/home/fierra/ros2_humble/install/sensor_msgs_py:/home/fierra/ros2_humble/install/rpyutils:/home/fierra/ros2_humble/install/rosidl_runtime_py:/home/fierra/ros2_humble/install/rosidl_cli:/home/fierra/ros2_humble/install/launch_pytest:/home/fierra/ros2_humble/install/launch_testing:/home/fierra/ros2_humble/install/launch_yaml:/home/fierra/ros2_humble/install/launch_xml:/home/fierra/ros2_humble/install/launch:/home/fierra/ros2_humble/install/osrf_pycommon:/home/fierra/ros2_humble/install/launch_testing_examples:/home/fierra/ros2_humble/install/domain_coordinator:/home/fierra/ros2_humble/install/ament_xmllint:/home/fierra/ros2_humble/install/ament_pyflakes:/home/fierra/ros2_humble/install/ament_pycodestyle:/home/fierra/ros2_humble/install/ament_pep257:/home/fierra/ros2_humble/install/ament_pclint:/home/fierra/ros2_humble/install/ament_package:/home/fierra/ros2_humble/install/ament_mypy:/home/fierra/ros2_humble/install/ament_lint_cmake:/home/fierra/ros2_humble/install/ament_flake8:/home/fierra/ros2_humble/install/ament_copyright:/home/fierra/ros2_humble/install/ament_lint:/home/fierra/ros2_humble/install/ament_index_python:/home/fierra/ros2_humble/install/ament_cpplint:/home/fierra/ros2_humble/install/ament_cppcheck:/home/fierra/ros2_humble/install/ament_clang_tidy:/home/fierra/ros2_humble/install/ament_clang_format /usr/bin/cmake --install /home/fierra/beginner_tutuorial/build/assignment_w10
[1.966s] -- Install configuration: ""
[1.966s] -- Up-to-date: /home/fierra/beginner_tutuorial/install/assignment_w10/share/ament_index/resource_index/rosidl_interfaces/assignment_w10
[1.967s] -- Up-to-date: /home/fierra/beginner_tutuorial/install/assignment_w10/include/assignment_w10/assignment_w10
[1.967s] -- Up-to-date: /home/fierra/beginner_tutuorial/install/assignment_w10/include/assignment_w10/assignment_w10/msg
[1.967s] -- Up-to-date: /home/fierra/beginner_tutuorial/install/assignment_w10/include/assignment_w10/assignment_w10/msg/rosidl_generator_c__visibility_control.h
[1.967s] -- Up-to-date: /home/fierra/beginner_tutuorial/install/assignment_w10/include/assignment_w10/assignment_w10/srv
[1.967s] -- Up-to-date: /home/fierra/beginner_tutuorial/install/assignment_w10/include/assignment_w10/assignment_w10/srv/detail
[1.968s] -- Up-to-date: /home/fierra/beginner_tutuorial/install/assignment_w10/include/assignment_w10/assignment_w10/srv/detail/change_string__type_support.h
[1.968s] -- Up-to-date: /home/fierra/beginner_tutuorial/install/assignment_w10/include/assignment_w10/assignment_w10/srv/detail/change_string__functions.c
[1.969s] -- Up-to-date: /home/fierra/beginner_tutuorial/install/assignment_w10/include/assignment_w10/assignment_w10/srv/detail/change_string__struct.h
[1.969s] -- Up-to-date: /home/fierra/beginner_tutuorial/install/assignment_w10/include/assignment_w10/assignment_w10/srv/detail/change_string__functions.h
[1.969s] -- Up-to-date: /home/fierra/beginner_tutuorial/install/assignment_w10/include/assignment_w10/assignment_w10/srv/change_string.h
[1.970s] -- Up-to-date: /home/fierra/beginner_tutuorial/install/assignment_w10/share/assignment_w10/environment/library_path.sh
[1.970s] -- Up-to-date: /home/fierra/beginner_tutuorial/install/assignment_w10/share/assignment_w10/environment/library_path.dsv
[1.970s] -- Up-to-date: /home/fierra/beginner_tutuorial/install/assignment_w10/lib/libassignment_w10__rosidl_generator_c.so
[1.971s] -- Up-to-date: /home/fierra/beginner_tutuorial/install/assignment_w10/include/assignment_w10/assignment_w10
[1.971s] -- Up-to-date: /home/fierra/beginner_tutuorial/install/assignment_w10/include/assignment_w10/assignment_w10/msg
[1.971s] -- Up-to-date: /home/fierra/beginner_tutuorial/install/assignment_w10/include/assignment_w10/assignment_w10/msg/rosidl_typesupport_fastrtps_c__visibility_control.h
[1.971s] -- Up-to-date: /home/fierra/beginner_tutuorial/install/assignment_w10/include/assignment_w10/assignment_w10/srv
[1.972s] -- Up-to-date: /home/fierra/beginner_tutuorial/install/assignment_w10/include/assignment_w10/assignment_w10/srv/detail
[1.972s] -- Up-to-date: /home/fierra/beginner_tutuorial/install/assignment_w10/include/assignment_w10/assignment_w10/srv/detail/change_string__rosidl_typesupport_fastrtps_c.h
[1.972s] -- Up-to-date: /home/fierra/beginner_tutuorial/install/assignment_w10/lib/libassignment_w10__rosidl_typesupport_fastrtps_c.so
[1.972s] -- Up-to-date: /home/fierra/beginner_tutuorial/install/assignment_w10/include/assignment_w10/assignment_w10
[1.972s] -- Up-to-date: /home/fierra/beginner_tutuorial/install/assignment_w10/include/assignment_w10/assignment_w10/srv
[1.973s] -- Up-to-date: /home/fierra/beginner_tutuorial/install/assignment_w10/include/assignment_w10/assignment_w10/srv/change_string.hpp
[1.973s] -- Up-to-date: /home/fierra/beginner_tutuorial/install/assignment_w10/include/assignment_w10/assignment_w10/srv/detail
[1.973s] -- Up-to-date: /home/fierra/beginner_tutuorial/install/assignment_w10/include/assignment_w10/assignment_w10/srv/detail/change_string__struct.hpp
[1.973s] -- Up-to-date: /home/fierra/beginner_tutuorial/install/assignment_w10/include/assignment_w10/assignment_w10/srv/detail/change_string__traits.hpp
[1.974s] -- Up-to-date: /home/fierra/beginner_tutuorial/install/assignment_w10/include/assignment_w10/assignment_w10/srv/detail/change_string__builder.hpp
[1.974s] -- Up-to-date: /home/fierra/beginner_tutuorial/install/assignment_w10/include/assignment_w10/assignment_w10
[1.974s] -- Up-to-date: /home/fierra/beginner_tutuorial/install/assignment_w10/include/assignment_w10/assignment_w10/msg
[1.974s] -- Up-to-date: /home/fierra/beginner_tutuorial/install/assignment_w10/include/assignment_w10/assignment_w10/msg/rosidl_typesupport_fastrtps_cpp__visibility_control.h
[1.975s] -- Up-to-date: /home/fierra/beginner_tutuorial/install/assignment_w10/include/assignment_w10/assignment_w10/srv
[1.975s] -- Up-to-date: /home/fierra/beginner_tutuorial/install/assignment_w10/include/assignment_w10/assignment_w10/srv/detail
[1.975s] -- Up-to-date: /home/fierra/beginner_tutuorial/install/assignment_w10/include/assignment_w10/assignment_w10/srv/detail/change_string__rosidl_typesupport_fastrtps_cpp.hpp
[1.975s] -- Up-to-date: /home/fierra/beginner_tutuorial/install/assignment_w10/include/assignment_w10/assignment_w10/srv/detail/dds_fastrtps
[1.975s] -- Up-to-date: /home/fierra/beginner_tutuorial/install/assignment_w10/lib/libassignment_w10__rosidl_typesupport_fastrtps_cpp.so
[1.976s] -- Up-to-date: /home/fierra/beginner_tutuorial/install/assignment_w10/include/assignment_w10/assignment_w10
[1.976s] -- Up-to-date: /home/fierra/beginner_tutuorial/install/assignment_w10/include/assignment_w10/assignment_w10/msg
[1.976s] -- Up-to-date: /home/fierra/beginner_tutuorial/install/assignment_w10/include/assignment_w10/assignment_w10/msg/rosidl_typesupport_introspection_c__visibility_control.h
[1.977s] -- Up-to-date: /home/fierra/beginner_tutuorial/install/assignment_w10/include/assignment_w10/assignment_w10/srv
[1.977s] -- Up-to-date: /home/fierra/beginner_tutuorial/install/assignment_w10/include/assignment_w10/assignment_w10/srv/detail
[1.977s] -- Up-to-date: /home/fierra/beginner_tutuorial/install/assignment_w10/include/assignment_w10/assignment_w10/srv/detail/change_string__type_support.c
[1.977s] -- Up-to-date: /home/fierra/beginner_tutuorial/install/assignment_w10/include/assignment_w10/assignment_w10/srv/detail/change_string__rosidl_typesupport_introspection_c.h
[1.977s] -- Up-to-date: /home/fierra/beginner_tutuorial/install/assignment_w10/lib/libassignment_w10__rosidl_typesupport_introspection_c.so
[1.978s] -- Up-to-date: /home/fierra/beginner_tutuorial/install/assignment_w10/lib/libassignment_w10__rosidl_typesupport_c.so
[1.978s] -- Up-to-date: /home/fierra/beginner_tutuorial/install/assignment_w10/include/assignment_w10/assignment_w10
[1.978s] -- Up-to-date: /home/fierra/beginner_tutuorial/install/assignment_w10/include/assignment_w10/assignment_w10/srv
[1.978s] -- Up-to-date: /home/fierra/beginner_tutuorial/install/assignment_w10/include/assignment_w10/assignment_w10/srv/detail
[1.979s] -- Up-to-date: /home/fierra/beginner_tutuorial/install/assignment_w10/include/assignment_w10/assignment_w10/srv/detail/change_string__rosidl_typesupport_introspection_cpp.hpp
[1.979s] -- Up-to-date: /home/fierra/beginner_tutuorial/install/assignment_w10/include/assignment_w10/assignment_w10/srv/detail/change_string__type_support.cpp
[1.979s] -- Up-to-date: /home/fierra/beginner_tutuorial/install/assignment_w10/lib/libassignment_w10__rosidl_typesupport_introspection_cpp.so
[1.979s] -- Up-to-date: /home/fierra/beginner_tutuorial/install/assignment_w10/lib/libassignment_w10__rosidl_typesupport_cpp.so
[1.979s] -- Up-to-date: /home/fierra/beginner_tutuorial/install/assignment_w10/share/assignment_w10/environment/pythonpath.sh
[1.980s] -- Up-to-date: /home/fierra/beginner_tutuorial/install/assignment_w10/share/assignment_w10/environment/pythonpath.dsv
[1.980s] -- Up-to-date: /home/fierra/beginner_tutuorial/install/assignment_w10/lib/python3.8/site-packages/assignment_w10-0.0.0-py3.8.egg-info
[1.980s] -- Installing: /home/fierra/beginner_tutuorial/install/assignment_w10/lib/python3.8/site-packages/assignment_w10-0.0.0-py3.8.egg-info/SOURCES.txt
[1.980s] -- Installing: /home/fierra/beginner_tutuorial/install/assignment_w10/lib/python3.8/site-packages/assignment_w10-0.0.0-py3.8.egg-info/dependency_links.txt
[1.981s] -- Installing: /home/fierra/beginner_tutuorial/install/assignment_w10/lib/python3.8/site-packages/assignment_w10-0.0.0-py3.8.egg-info/PKG-INFO
[1.981s] -- Installing: /home/fierra/beginner_tutuorial/install/assignment_w10/lib/python3.8/site-packages/assignment_w10-0.0.0-py3.8.egg-info/top_level.txt
[1.981s] -- Up-to-date: /home/fierra/beginner_tutuorial/install/assignment_w10/lib/python3.8/site-packages/assignment_w10
[1.981s] -- Up-to-date: /home/fierra/beginner_tutuorial/install/assignment_w10/lib/python3.8/site-packages/assignment_w10/srv
[1.981s] -- Up-to-date: /home/fierra/beginner_tutuorial/install/assignment_w10/lib/python3.8/site-packages/assignment_w10/srv/_change_string.py
[1.981s] -- Up-to-date: /home/fierra/beginner_tutuorial/install/assignment_w10/lib/python3.8/site-packages/assignment_w10/srv/__init__.py
[1.982s] -- Up-to-date: /home/fierra/beginner_tutuorial/install/assignment_w10/lib/python3.8/site-packages/assignment_w10/srv/_change_string_s.c
[1.982s] -- Up-to-date: /home/fierra/beginner_tutuorial/install/assignment_w10/lib/python3.8/site-packages/assignment_w10/__init__.py
[1.982s] -- Up-to-date: /home/fierra/beginner_tutuorial/install/assignment_w10/lib/python3.8/site-packages/assignment_w10/_assignment_w10_s.ep.rosidl_typesupport_c.c
[1.982s] -- Up-to-date: /home/fierra/beginner_tutuorial/install/assignment_w10/lib/python3.8/site-packages/assignment_w10/assignment_w10_s__rosidl_typesupport_introspection_c.cpython-38-x86_64-linux-gnu.so
[1.982s] -- Up-to-date: /home/fierra/beginner_tutuorial/install/assignment_w10/lib/python3.8/site-packages/assignment_w10/assignment_w10_s__rosidl_typesupport_fastrtps_c.cpython-38-x86_64-linux-gnu.so
[1.983s] -- Up-to-date: /home/fierra/beginner_tutuorial/install/assignment_w10/lib/python3.8/site-packages/assignment_w10/libassignment_w10__rosidl_generator_py.so
[1.983s] -- Up-to-date: /home/fierra/beginner_tutuorial/install/assignment_w10/lib/python3.8/site-packages/assignment_w10/_assignment_w10_s.ep.rosidl_typesupport_introspection_c.c
[1.983s] -- Up-to-date: /home/fierra/beginner_tutuorial/install/assignment_w10/lib/python3.8/site-packages/assignment_w10/_assignment_w10_s.ep.rosidl_typesupport_fastrtps_c.c
[1.983s] -- Up-to-date: /home/fierra/beginner_tutuorial/install/assignment_w10/lib/python3.8/site-packages/assignment_w10/assignment_w10_s__rosidl_typesupport_c.cpython-38-x86_64-linux-gnu.so
[2.657s] Listing '/home/fierra/beginner_tutuorial/install/assignment_w10/lib/python3.8/site-packages/assignment_w10'...
[2.657s] Listing '/home/fierra/beginner_tutuorial/install/assignment_w10/lib/python3.8/site-packages/assignment_w10/srv'...
[2.665s] -- Up-to-date: /home/fierra/beginner_tutuorial/install/assignment_w10/lib/python3.8/site-packages/assignment_w10/assignment_w10_s__rosidl_typesupport_introspection_c.cpython-38-x86_64-linux-gnu.so
[2.666s] -- Up-to-date: /home/fierra/beginner_tutuorial/install/assignment_w10/lib/python3.8/site-packages/assignment_w10/assignment_w10_s__rosidl_typesupport_fastrtps_c.cpython-38-x86_64-linux-gnu.so
[2.667s] -- Up-to-date: /home/fierra/beginner_tutuorial/install/assignment_w10/lib/python3.8/site-packages/assignment_w10/assignment_w10_s__rosidl_typesupport_c.cpython-38-x86_64-linux-gnu.so
[2.668s] -- Up-to-date: /home/fierra/beginner_tutuorial/install/assignment_w10/lib/libassignment_w10__rosidl_generator_py.so
[2.669s] -- Up-to-date: /home/fierra/beginner_tutuorial/install/assignment_w10/share/assignment_w10/srv/ChangeString.idl
[2.669s] -- Up-to-date: /home/fierra/beginner_tutuorial/install/assignment_w10/share/assignment_w10/srv/ChangeString.srv
[2.669s] -- Up-to-date: /home/fierra/beginner_tutuorial/install/assignment_w10/share/assignment_w10/srv/ChangeString_Request.msg
[2.670s] -- Up-to-date: /home/fierra/beginner_tutuorial/install/assignment_w10/share/assignment_w10/srv/ChangeString_Response.msg
[2.670s] -- Up-to-date: /home/fierra/beginner_tutuorial/install/assignment_w10/lib/assignment_w10/talker
[2.670s] -- Up-to-date: /home/fierra/beginner_tutuorial/install/assignment_w10/lib/assignment_w10/listener
[2.671s] -- Up-to-date: /home/fierra/beginner_tutuorial/install/assignment_w10/lib/assignment_w10/client
[2.672s] -- Up-to-date: /home/fierra/beginner_tutuorial/install/assignment_w10/share/assignment_w10/launch
[2.672s] -- Up-to-date: /home/fierra/beginner_tutuorial/install/assignment_w10/share/assignment_w10/launch/pub_sub.launch.yaml
[2.672s] -- Up-to-date: /home/fierra/beginner_tutuorial/install/assignment_w10/share/ament_index/resource_index/package_run_dependencies/assignment_w10
[2.673s] -- Up-to-date: /home/fierra/beginner_tutuorial/install/assignment_w10/share/ament_index/resource_index/parent_prefix_path/assignment_w10
[2.673s] -- Up-to-date: /home/fierra/beginner_tutuorial/install/assignment_w10/share/assignment_w10/environment/ament_prefix_path.dsv
[2.673s] -- Up-to-date: /home/fierra/beginner_tutuorial/install/assignment_w10/share/assignment_w10/environment/path.dsv
[2.673s] -- Up-to-date: /home/fierra/beginner_tutuorial/install/assignment_w10/share/assignment_w10/local_setup.bash
[2.674s] -- Up-to-date: /home/fierra/beginner_tutuorial/install/assignment_w10/share/assignment_w10/local_setup.sh
[2.674s] -- Up-to-date: /home/fierra/beginner_tutuorial/install/assignment_w10/share/assignment_w10/local_setup.zsh
[2.674s] -- Up-to-date: /home/fierra/beginner_tutuorial/install/assignment_w10/share/assignment_w10/local_setup.dsv
[2.674s] -- Installing: /home/fierra/beginner_tutuorial/install/assignment_w10/share/assignment_w10/package.dsv
[2.674s] -- Up-to-date: /home/fierra/beginner_tutuorial/install/assignment_w10/share/ament_index/resource_index/packages/assignment_w10
[2.675s] -- Up-to-date: /home/fierra/beginner_tutuorial/install/assignment_w10/share/assignment_w10/cmake/export_assignment_w10__rosidl_generator_cExport.cmake
[2.675s] -- Up-to-date: /home/fierra/beginner_tutuorial/install/assignment_w10/share/assignment_w10/cmake/export_assignment_w10__rosidl_generator_cExport-noconfig.cmake
[2.675s] -- Up-to-date: /home/fierra/beginner_tutuorial/install/assignment_w10/share/assignment_w10/cmake/export_assignment_w10__rosidl_typesupport_fastrtps_cExport.cmake
[2.675s] -- Up-to-date: /home/fierra/beginner_tutuorial/install/assignment_w10/share/assignment_w10/cmake/export_assignment_w10__rosidl_typesupport_fastrtps_cExport-noconfig.cmake
[2.676s] -- Up-to-date: /home/fierra/beginner_tutuorial/install/assignment_w10/share/assignment_w10/cmake/export_assignment_w10__rosidl_generator_cppExport.cmake
[2.676s] -- Up-to-date: /home/fierra/beginner_tutuorial/install/assignment_w10/share/assignment_w10/cmake/export_assignment_w10__rosidl_typesupport_fastrtps_cppExport.cmake
[2.676s] -- Up-to-date: /home/fierra/beginner_tutuorial/install/assignment_w10/share/assignment_w10/cmake/export_assignment_w10__rosidl_typesupport_fastrtps_cppExport-noconfig.cmake
[2.676s] -- Up-to-date: /home/fierra/beginner_tutuorial/install/assignment_w10/share/assignment_w10/cmake/assignment_w10__rosidl_typesupport_introspection_cExport.cmake
[2.677s] -- Up-to-date: /home/fierra/beginner_tutuorial/install/assignment_w10/share/assignment_w10/cmake/assignment_w10__rosidl_typesupport_introspection_cExport-noconfig.cmake
[2.677s] -- Up-to-date: /home/fierra/beginner_tutuorial/install/assignment_w10/share/assignment_w10/cmake/assignment_w10__rosidl_typesupport_cExport.cmake
[2.677s] -- Up-to-date: /home/fierra/beginner_tutuorial/install/assignment_w10/share/assignment_w10/cmake/assignment_w10__rosidl_typesupport_cExport-noconfig.cmake
[2.678s] -- Up-to-date: /home/fierra/beginner_tutuorial/install/assignment_w10/share/assignment_w10/cmake/assignment_w10__rosidl_typesupport_introspection_cppExport.cmake
[2.678s] -- Up-to-date: /home/fierra/beginner_tutuorial/install/assignment_w10/share/assignment_w10/cmake/assignment_w10__rosidl_typesupport_introspection_cppExport-noconfig.cmake
[2.678s] -- Up-to-date: /home/fierra/beginner_tutuorial/install/assignment_w10/share/assignment_w10/cmake/assignment_w10__rosidl_typesupport_cppExport.cmake
[2.679s] -- Up-to-date: /home/fierra/beginner_tutuorial/install/assignment_w10/share/assignment_w10/cmake/assignment_w10__rosidl_typesupport_cppExport-noconfig.cmake
[2.679s] -- Up-to-date: /home/fierra/beginner_tutuorial/install/assignment_w10/share/assignment_w10/cmake/export_assignment_w10__rosidl_generator_pyExport.cmake
[2.679s] -- Up-to-date: /home/fierra/beginner_tutuorial/install/assignment_w10/share/assignment_w10/cmake/export_assignment_w10__rosidl_generator_pyExport-noconfig.cmake
[2.679s] -- Up-to-date: /home/fierra/beginner_tutuorial/install/assignment_w10/share/assignment_w10/cmake/rosidl_cmake-extras.cmake
[2.679s] -- Up-to-date: /home/fierra/beginner_tutuorial/install/assignment_w10/share/assignment_w10/cmake/ament_cmake_export_include_directories-extras.cmake
[2.680s] -- Up-to-date: /home/fierra/beginner_tutuorial/install/assignment_w10/share/assignment_w10/cmake/ament_cmake_export_libraries-extras.cmake
[2.680s] -- Up-to-date: /home/fierra/beginner_tutuorial/install/assignment_w10/share/assignment_w10/cmake/ament_cmake_export_targets-extras.cmake
[2.680s] -- Up-to-date: /home/fierra/beginner_tutuorial/install/assignment_w10/share/assignment_w10/cmake/rosidl_cmake_export_typesupport_targets-extras.cmake
[2.680s] -- Up-to-date: /home/fierra/beginner_tutuorial/install/assignment_w10/share/assignment_w10/cmake/ament_cmake_export_dependencies-extras.cmake
[2.680s] -- Up-to-date: /home/fierra/beginner_tutuorial/install/assignment_w10/share/assignment_w10/cmake/rosidl_cmake_export_typesupport_libraries-extras.cmake
[2.680s] -- Up-to-date: /home/fierra/beginner_tutuorial/install/assignment_w10/share/assignment_w10/cmake/assignment_w10Config.cmake
[2.681s] -- Up-to-date: /home/fierra/beginner_tutuorial/install/assignment_w10/share/assignment_w10/cmake/assignment_w10Config-version.cmake
[2.681s] -- Up-to-date: /home/fierra/beginner_tutuorial/install/assignment_w10/share/assignment_w10/package.xml
[2.684s] Invoked command in '/home/fierra/beginner_tutuorial/build/assignment_w10' returned '0': CMAKE_PREFIX_PATH=${CMAKE_PREFIX_PATH}:/home/fierra/ros2_humble/install/rqt_bag_plugins:/home/fierra/ros2_humble/install/rqt_bag:/home/fierra/ros2_humble/install/ros2bag:/home/fierra/ros2_humble/install/tracetools_test:/home/fierra/ros2_humble/install/tracetools_launch:/home/fierra/ros2_humble/install/topic_monitor:/home/fierra/ros2_humble/install/tf2_tools:/home/fierra/ros2_humble/install/examples_tf2_py:/home/fierra/ros2_humble/install/tf2_ros_py:/home/fierra/ros2_humble/install/sros2:/home/fierra/ros2_humble/install/rqt_topic:/home/fierra/ros2_humble/install/rqt_srv:/home/fierra/ros2_humble/install/rqt_shell:/home/fierra/ros2_humble/install/rqt_service_caller:/home/fierra/ros2_humble/install/rqt_reconfigure:/home/fierra/ros2_humble/install/rqt_py_console:/home/fierra/ros2_humble/install/rqt_publisher:/home/fierra/ros2_humble/install/rqt_plot:/home/fierra/ros2_humble/install/rqt_action:/home/fierra/ros2_humble/install/rqt_msg:/home/fierra/ros2_humble/install/rqt_console:/home/fierra/ros2_humble/install/rqt:/home/fierra/ros2_humble/install/rqt_graph:/home/fierra/ros2_humble/install/rqt_gui_py:/home/fierra/ros2_humble/install/rqt_gui:/home/fierra/ros2_humble/install/ros2trace:/home/fierra/ros2_humble/install/ros2topic:/home/fierra/ros2_humble/install/ros2test:/home/fierra/ros2_humble/install/ros2component:/home/fierra/ros2_humble/install/ros2param:/home/fierra/ros2_humble/install/ros2lifecycle:/home/fierra/ros2_humble/install/ros2service:/home/fierra/ros2_humble/install/ros2run:/home/fierra/ros2_humble/install/ros2launch:/home/fierra/ros2_humble/install/ros2pkg:/home/fierra/ros2_humble/install/ros2node:/home/fierra/ros2_humble/install/ros2multicast:/home/fierra/ros2_humble/install/ros2interface:/home/fierra/ros2_humble/install/ros2doctor:/home/fierra/ros2_humble/install/ros2action:/home/fierra/ros2_humble/install/ros2cli:/home/fierra/ros2_humble/install/quality_of_service_demo_py:/home/fierra/ros2_humble/install/lifecycle_py:/home/fierra/ros2_humble/install/launch_testing_ros:/home/fierra/ros2_humble/install/launch_ros:/home/fierra/ros2_humble/install/examples_rclpy_pointcloud_publisher:/home/fierra/ros2_humble/install/examples_rclpy_minimal_subscriber:/home/fierra/ros2_humble/install/examples_rclpy_minimal_service:/home/fierra/ros2_humble/install/examples_rclpy_minimal_publisher:/home/fierra/ros2_humble/install/examples_rclpy_minimal_client:/home/fierra/ros2_humble/install/examples_rclpy_minimal_action_server:/home/fierra/ros2_humble/install/examples_rclpy_minimal_action_client:/home/fierra/ros2_humble/install/examples_rclpy_guard_conditions:/home/fierra/ros2_humble/install/examples_rclpy_executors:/home/fierra/ros2_humble/install/demo_nodes_py:/home/fierra/ros2_humble/install/action_tutorials_py:/home/fierra/ros2_humble/install/ament_uncrustify:/home/fierra/ros2_humble/install/tracetools_trace:/home/fierra/ros2_humble/install/tracetools_read:/home/fierra/ros2_humble/install/test_tracetools_launch:/home/fierra/ros2_humble/install/test_launch_ros:/home/fierra/ros2_humble/install/sensor_msgs_py:/home/fierra/ros2_humble/install/rpyutils:/home/fierra/ros2_humble/install/rosidl_runtime_py:/home/fierra/ros2_humble/install/rosidl_cli:/home/fierra/ros2_humble/install/launch_pytest:/home/fierra/ros2_humble/install/launch_testing:/home/fierra/ros2_humble/install/launch_yaml:/home/fierra/ros2_humble/install/launch_xml:/home/fierra/ros2_humble/install/launch:/home/fierra/ros2_humble/install/osrf_pycommon:/home/fierra/ros2_humble/install/launch_testing_examples:/home/fierra/ros2_humble/install/domain_coordinator:/home/fierra/ros2_humble/install/ament_xmllint:/home/fierra/ros2_humble/install/ament_pyflakes:/home/fierra/ros2_humble/install/ament_pycodestyle:/home/fierra/ros2_humble/install/ament_pep257:/home/fierra/ros2_humble/install/ament_pclint:/home/fierra/ros2_humble/install/ament_package:/home/fierra/ros2_humble/install/ament_mypy:/home/fierra/ros2_humble/install/ament_lint_cmake:/home/fierra/ros2_humble/install/ament_flake8:/home/fierra/ros2_humble/install/ament_copyright:/home/fierra/ros2_humble/install/ament_lint:/home/fierra/ros2_humble/install/ament_index_python:/home/fierra/ros2_humble/install/ament_cpplint:/home/fierra/ros2_humble/install/ament_cppcheck:/home/fierra/ros2_humble/install/ament_clang_tidy:/home/fierra/ros2_humble/install/ament_clang_format /usr/bin/cmake --install /home/fierra/beginner_tutuorial/build/assignment_w10
