[3.392s] Invoking command in '/home/fierra/ros2_ws/build/examples_rclpy_pointcloud_publisher': PYTHONPATH=/home/fierra/ros2_ws/install/examples_rclpy_pointcloud_publisher/lib/python3.8/site-packages:${PYTHONPATH} /usr/bin/python3 setup.py develop --prefix /home/fierra/ros2_ws/install/examples_rclpy_pointcloud_publisher --editable --build-directory /home/fierra/ros2_ws/build/examples_rclpy_pointcloud_publisher/build --no-deps install_data --install-dir /home/fierra/ros2_ws/install/examples_rclpy_pointcloud_publisher
[4.637s] running develop
[5.050s] running egg_info
[5.051s] creating examples_rclpy_pointcloud_publisher.egg-info
[5.051s] writing examples_rclpy_pointcloud_publisher.egg-info/PKG-INFO
[5.051s] writing dependency_links to examples_rclpy_pointcloud_publisher.egg-info/dependency_links.txt
[5.051s] writing entry points to examples_rclpy_pointcloud_publisher.egg-info/entry_points.txt
[5.052s] writing requirements to examples_rclpy_pointcloud_publisher.egg-info/requires.txt
[5.052s] writing top-level names to examples_rclpy_pointcloud_publisher.egg-info/top_level.txt
[5.052s] writing manifest file 'examples_rclpy_pointcloud_publisher.egg-info/SOURCES.txt'
[5.122s] reading manifest file 'examples_rclpy_pointcloud_publisher.egg-info/SOURCES.txt'
[5.123s] writing manifest file 'examples_rclpy_pointcloud_publisher.egg-info/SOURCES.txt'
[5.132s] running build_ext
[5.132s] Creating /home/fierra/ros2_ws/install/examples_rclpy_pointcloud_publisher/lib/python3.8/site-packages/site.py
[5.139s] Creating /home/fierra/ros2_ws/install/examples_rclpy_pointcloud_publisher/lib/python3.8/site-packages/examples-rclpy-pointcloud-publisher.egg-link (link to .)
[5.141s] Installing pointcloud_publisher script to /home/fierra/ros2_ws/install/examples_rclpy_pointcloud_publisher/lib/examples_rclpy_pointcloud_publisher
[5.141s] 
[5.142s] Installed /home/fierra/ros2_ws/build/examples_rclpy_pointcloud_publisher
[5.142s] running install_data
[5.142s] creating /home/fierra/ros2_ws/install/examples_rclpy_pointcloud_publisher/share/ament_index
[5.142s] creating /home/fierra/ros2_ws/install/examples_rclpy_pointcloud_publisher/share/ament_index/resource_index
[5.143s] creating /home/fierra/ros2_ws/install/examples_rclpy_pointcloud_publisher/share/ament_index/resource_index/packages
[5.143s] copying resource/examples_rclpy_pointcloud_publisher -> /home/fierra/ros2_ws/install/examples_rclpy_pointcloud_publisher/share/ament_index/resource_index/packages
[5.143s] copying package.xml -> /home/fierra/ros2_ws/install/examples_rclpy_pointcloud_publisher/share/examples_rclpy_pointcloud_publisher
[5.198s] Invoked command in '/home/fierra/ros2_ws/build/examples_rclpy_pointcloud_publisher' returned '0': PYTHONPATH=/home/fierra/ros2_ws/install/examples_rclpy_pointcloud_publisher/lib/python3.8/site-packages:${PYTHONPATH} /usr/bin/python3 setup.py develop --prefix /home/fierra/ros2_ws/install/examples_rclpy_pointcloud_publisher --editable --build-directory /home/fierra/ros2_ws/build/examples_rclpy_pointcloud_publisher/build --no-deps install_data --install-dir /home/fierra/ros2_ws/install/examples_rclpy_pointcloud_publisher
