[4.439s] Invoking command in '/home/fierra/ros2_ws/build/examples_rclpy_executors': PYTHONPATH=/home/fierra/ros2_ws/install/examples_rclpy_executors/lib/python3.8/site-packages:${PYTHONPATH} /usr/bin/python3 setup.py develop --prefix /home/fierra/ros2_ws/install/examples_rclpy_executors --uninstall --editable --build-directory /home/fierra/ros2_ws/build/examples_rclpy_executors/build
[5.827s] running develop
[6.364s] Removing /home/fierra/ros2_ws/install/examples_rclpy_executors/lib/python3.8/site-packages/examples-rclpy-executors.egg-link (link to .)
[6.662s] Invoked command in '/home/fierra/ros2_ws/build/examples_rclpy_executors' returned '0': PYTHONPATH=/home/fierra/ros2_ws/install/examples_rclpy_executors/lib/python3.8/site-packages:${PYTHONPATH} /usr/bin/python3 setup.py develop --prefix /home/fierra/ros2_ws/install/examples_rclpy_executors --uninstall --editable --build-directory /home/fierra/ros2_ws/build/examples_rclpy_executors/build
[6.666s] Invoking command in '/home/fierra/ros2_ws/src/examples/rclpy/executors': PYTHONPATH=/home/fierra/ros2_ws/install/examples_rclpy_executors/lib/python3.8/site-packages:${PYTHONPATH} /usr/bin/python3 setup.py egg_info --egg-base ../../../../build/examples_rclpy_executors build --build-base /home/fierra/ros2_ws/build/examples_rclpy_executors/build install --prefix /home/fierra/ros2_ws/install/examples_rclpy_executors --record /home/fierra/ros2_ws/build/examples_rclpy_executors/install.log --single-version-externally-managed
[7.664s] running egg_info
[7.664s] writing ../../../../build/examples_rclpy_executors/examples_rclpy_executors.egg-info/PKG-INFO
[7.664s] writing dependency_links to ../../../../build/examples_rclpy_executors/examples_rclpy_executors.egg-info/dependency_links.txt
[7.664s] writing entry points to ../../../../build/examples_rclpy_executors/examples_rclpy_executors.egg-info/entry_points.txt
[7.664s] writing requirements to ../../../../build/examples_rclpy_executors/examples_rclpy_executors.egg-info/requires.txt
[7.664s] writing top-level names to ../../../../build/examples_rclpy_executors/examples_rclpy_executors.egg-info/top_level.txt
[7.664s] reading manifest file '../../../../build/examples_rclpy_executors/examples_rclpy_executors.egg-info/SOURCES.txt'
[7.665s] writing manifest file '../../../../build/examples_rclpy_executors/examples_rclpy_executors.egg-info/SOURCES.txt'
[7.665s] running build
[7.665s] running build_py
[7.665s] creating /home/fierra/ros2_ws/build/examples_rclpy_executors/build
[7.665s] creating /home/fierra/ros2_ws/build/examples_rclpy_executors/build/lib
[7.665s] creating /home/fierra/ros2_ws/build/examples_rclpy_executors/build/lib/examples_rclpy_executors
[7.665s] copying examples_rclpy_executors/callback_group.py -> /home/fierra/ros2_ws/build/examples_rclpy_executors/build/lib/examples_rclpy_executors
[7.665s] copying examples_rclpy_executors/composed.py -> /home/fierra/ros2_ws/build/examples_rclpy_executors/build/lib/examples_rclpy_executors
[7.666s] copying examples_rclpy_executors/__init__.py -> /home/fierra/ros2_ws/build/examples_rclpy_executors/build/lib/examples_rclpy_executors
[7.666s] copying examples_rclpy_executors/talker.py -> /home/fierra/ros2_ws/build/examples_rclpy_executors/build/lib/examples_rclpy_executors
[7.666s] copying examples_rclpy_executors/custom_callback_group.py -> /home/fierra/ros2_ws/build/examples_rclpy_executors/build/lib/examples_rclpy_executors
[7.666s] copying examples_rclpy_executors/listener.py -> /home/fierra/ros2_ws/build/examples_rclpy_executors/build/lib/examples_rclpy_executors
[7.666s] copying examples_rclpy_executors/custom_executor.py -> /home/fierra/ros2_ws/build/examples_rclpy_executors/build/lib/examples_rclpy_executors
[7.666s] running install
[7.666s] running install_lib
[7.666s] creating /home/fierra/ros2_ws/install/examples_rclpy_executors/lib/python3.8/site-packages/examples_rclpy_executors
[7.667s] copying /home/fierra/ros2_ws/build/examples_rclpy_executors/build/lib/examples_rclpy_executors/callback_group.py -> /home/fierra/ros2_ws/install/examples_rclpy_executors/lib/python3.8/site-packages/examples_rclpy_executors
[7.667s] copying /home/fierra/ros2_ws/build/examples_rclpy_executors/build/lib/examples_rclpy_executors/composed.py -> /home/fierra/ros2_ws/install/examples_rclpy_executors/lib/python3.8/site-packages/examples_rclpy_executors
[7.667s] copying /home/fierra/ros2_ws/build/examples_rclpy_executors/build/lib/examples_rclpy_executors/__init__.py -> /home/fierra/ros2_ws/install/examples_rclpy_executors/lib/python3.8/site-packages/examples_rclpy_executors
[7.667s] copying /home/fierra/ros2_ws/build/examples_rclpy_executors/build/lib/examples_rclpy_executors/talker.py -> /home/fierra/ros2_ws/install/examples_rclpy_executors/lib/python3.8/site-packages/examples_rclpy_executors
[7.667s] copying /home/fierra/ros2_ws/build/examples_rclpy_executors/build/lib/examples_rclpy_executors/custom_callback_group.py -> /home/fierra/ros2_ws/install/examples_rclpy_executors/lib/python3.8/site-packages/examples_rclpy_executors
[7.667s] copying /home/fierra/ros2_ws/build/examples_rclpy_executors/build/lib/examples_rclpy_executors/listener.py -> /home/fierra/ros2_ws/install/examples_rclpy_executors/lib/python3.8/site-packages/examples_rclpy_executors
[7.667s] copying /home/fierra/ros2_ws/build/examples_rclpy_executors/build/lib/examples_rclpy_executors/custom_executor.py -> /home/fierra/ros2_ws/install/examples_rclpy_executors/lib/python3.8/site-packages/examples_rclpy_executors
[7.667s] byte-compiling /home/fierra/ros2_ws/install/examples_rclpy_executors/lib/python3.8/site-packages/examples_rclpy_executors/callback_group.py to callback_group.cpython-38.pyc
[7.669s] byte-compiling /home/fierra/ros2_ws/install/examples_rclpy_executors/lib/python3.8/site-packages/examples_rclpy_executors/composed.py to composed.cpython-38.pyc
[7.669s] byte-compiling /home/fierra/ros2_ws/install/examples_rclpy_executors/lib/python3.8/site-packages/examples_rclpy_executors/__init__.py to __init__.cpython-38.pyc
[7.670s] byte-compiling /home/fierra/ros2_ws/install/examples_rclpy_executors/lib/python3.8/site-packages/examples_rclpy_executors/talker.py to talker.cpython-38.pyc
[7.671s] byte-compiling /home/fierra/ros2_ws/install/examples_rclpy_executors/lib/python3.8/site-packages/examples_rclpy_executors/custom_callback_group.py to custom_callback_group.cpython-38.pyc
[7.672s] byte-compiling /home/fierra/ros2_ws/install/examples_rclpy_executors/lib/python3.8/site-packages/examples_rclpy_executors/listener.py to listener.cpython-38.pyc
[7.674s] byte-compiling /home/fierra/ros2_ws/install/examples_rclpy_executors/lib/python3.8/site-packages/examples_rclpy_executors/custom_executor.py to custom_executor.cpython-38.pyc
[7.674s] running install_data
[7.675s] running install_egg_info
[7.676s] Copying ../../../../build/examples_rclpy_executors/examples_rclpy_executors.egg-info to /home/fierra/ros2_ws/install/examples_rclpy_executors/lib/python3.8/site-packages/examples_rclpy_executors-0.15.1-py3.8.egg-info
[7.679s] running install_scripts
[7.684s] Installing callback_group script to /home/fierra/ros2_ws/install/examples_rclpy_executors/lib/examples_rclpy_executors
[7.684s] Installing composed script to /home/fierra/ros2_ws/install/examples_rclpy_executors/lib/examples_rclpy_executors
[7.685s] Installing custom_callback_group script to /home/fierra/ros2_ws/install/examples_rclpy_executors/lib/examples_rclpy_executors
[7.685s] Installing custom_executor script to /home/fierra/ros2_ws/install/examples_rclpy_executors/lib/examples_rclpy_executors
[7.685s] Installing listener script to /home/fierra/ros2_ws/install/examples_rclpy_executors/lib/examples_rclpy_executors
[7.685s] Installing talker script to /home/fierra/ros2_ws/install/examples_rclpy_executors/lib/examples_rclpy_executors
[7.685s] writing list of installed files to '/home/fierra/ros2_ws/build/examples_rclpy_executors/install.log'
[7.803s] Invoked command in '/home/fierra/ros2_ws/src/examples/rclpy/executors' returned '0': PYTHONPATH=/home/fierra/ros2_ws/install/examples_rclpy_executors/lib/python3.8/site-packages:${PYTHONPATH} /usr/bin/python3 setup.py egg_info --egg-base ../../../../build/examples_rclpy_executors build --build-base /home/fierra/ros2_ws/build/examples_rclpy_executors/build install --prefix /home/fierra/ros2_ws/install/examples_rclpy_executors --record /home/fierra/ros2_ws/build/examples_rclpy_executors/install.log --single-version-externally-managed
