[3.795s] Invoking command in '/home/fierra/ros2_ws/build/examples_rclpy_minimal_publisher': PYTHONPATH=/home/fierra/ros2_ws/install/examples_rclpy_minimal_publisher/lib/python3.8/site-packages:${PYTHONPATH} /usr/bin/python3 setup.py develop --prefix /home/fierra/ros2_ws/install/examples_rclpy_minimal_publisher --uninstall --editable --build-directory /home/fierra/ros2_ws/build/examples_rclpy_minimal_publisher/build
[5.089s] running develop
[5.441s] Removing /home/fierra/ros2_ws/install/examples_rclpy_minimal_publisher/lib/python3.8/site-packages/examples-rclpy-minimal-publisher.egg-link (link to .)
[5.701s] Invoked command in '/home/fierra/ros2_ws/build/examples_rclpy_minimal_publisher' returned '0': PYTHONPATH=/home/fierra/ros2_ws/install/examples_rclpy_minimal_publisher/lib/python3.8/site-packages:${PYTHONPATH} /usr/bin/python3 setup.py develop --prefix /home/fierra/ros2_ws/install/examples_rclpy_minimal_publisher --uninstall --editable --build-directory /home/fierra/ros2_ws/build/examples_rclpy_minimal_publisher/build
[5.706s] Invoking command in '/home/fierra/ros2_ws/src/examples/rclpy/topics/minimal_publisher': PYTHONPATH=/home/fierra/ros2_ws/install/examples_rclpy_minimal_publisher/lib/python3.8/site-packages:${PYTHONPATH} /usr/bin/python3 setup.py egg_info --egg-base ../../../../../build/examples_rclpy_minimal_publisher build --build-base /home/fierra/ros2_ws/build/examples_rclpy_minimal_publisher/build install --prefix /home/fierra/ros2_ws/install/examples_rclpy_minimal_publisher --record /home/fierra/ros2_ws/build/examples_rclpy_minimal_publisher/install.log --single-version-externally-managed
[6.380s] running egg_info
[6.381s] writing ../../../../../build/examples_rclpy_minimal_publisher/examples_rclpy_minimal_publisher.egg-info/PKG-INFO
[6.381s] writing dependency_links to ../../../../../build/examples_rclpy_minimal_publisher/examples_rclpy_minimal_publisher.egg-info/dependency_links.txt
[6.382s] writing entry points to ../../../../../build/examples_rclpy_minimal_publisher/examples_rclpy_minimal_publisher.egg-info/entry_points.txt
[6.382s] writing requirements to ../../../../../build/examples_rclpy_minimal_publisher/examples_rclpy_minimal_publisher.egg-info/requires.txt
[6.382s] writing top-level names to ../../../../../build/examples_rclpy_minimal_publisher/examples_rclpy_minimal_publisher.egg-info/top_level.txt
[6.427s] reading manifest file '../../../../../build/examples_rclpy_minimal_publisher/examples_rclpy_minimal_publisher.egg-info/SOURCES.txt'
[6.429s] writing manifest file '../../../../../build/examples_rclpy_minimal_publisher/examples_rclpy_minimal_publisher.egg-info/SOURCES.txt'
[6.429s] running build
[6.429s] running build_py
[6.429s] creating /home/fierra/ros2_ws/build/examples_rclpy_minimal_publisher/build
[6.430s] creating /home/fierra/ros2_ws/build/examples_rclpy_minimal_publisher/build/lib
[6.430s] creating /home/fierra/ros2_ws/build/examples_rclpy_minimal_publisher/build/lib/examples_rclpy_minimal_publisher
[6.430s] copying examples_rclpy_minimal_publisher/publisher_member_function.py -> /home/fierra/ros2_ws/build/examples_rclpy_minimal_publisher/build/lib/examples_rclpy_minimal_publisher
[6.430s] copying examples_rclpy_minimal_publisher/publisher_local_function.py -> /home/fierra/ros2_ws/build/examples_rclpy_minimal_publisher/build/lib/examples_rclpy_minimal_publisher
[6.430s] copying examples_rclpy_minimal_publisher/__init__.py -> /home/fierra/ros2_ws/build/examples_rclpy_minimal_publisher/build/lib/examples_rclpy_minimal_publisher
[6.430s] copying examples_rclpy_minimal_publisher/publisher_old_school.py -> /home/fierra/ros2_ws/build/examples_rclpy_minimal_publisher/build/lib/examples_rclpy_minimal_publisher
[6.430s] running install
[6.435s] running install_lib
[6.436s] creating /home/fierra/ros2_ws/install/examples_rclpy_minimal_publisher/lib/python3.8/site-packages/examples_rclpy_minimal_publisher
[6.436s] copying /home/fierra/ros2_ws/build/examples_rclpy_minimal_publisher/build/lib/examples_rclpy_minimal_publisher/publisher_member_function.py -> /home/fierra/ros2_ws/install/examples_rclpy_minimal_publisher/lib/python3.8/site-packages/examples_rclpy_minimal_publisher
[6.437s] copying /home/fierra/ros2_ws/build/examples_rclpy_minimal_publisher/build/lib/examples_rclpy_minimal_publisher/publisher_local_function.py -> /home/fierra/ros2_ws/install/examples_rclpy_minimal_publisher/lib/python3.8/site-packages/examples_rclpy_minimal_publisher
[6.437s] copying /home/fierra/ros2_ws/build/examples_rclpy_minimal_publisher/build/lib/examples_rclpy_minimal_publisher/__init__.py -> /home/fierra/ros2_ws/install/examples_rclpy_minimal_publisher/lib/python3.8/site-packages/examples_rclpy_minimal_publisher
[6.437s] copying /home/fierra/ros2_ws/build/examples_rclpy_minimal_publisher/build/lib/examples_rclpy_minimal_publisher/publisher_old_school.py -> /home/fierra/ros2_ws/install/examples_rclpy_minimal_publisher/lib/python3.8/site-packages/examples_rclpy_minimal_publisher
[6.440s] byte-compiling /home/fierra/ros2_ws/install/examples_rclpy_minimal_publisher/lib/python3.8/site-packages/examples_rclpy_minimal_publisher/publisher_member_function.py to publisher_member_function.cpython-38.pyc
[6.442s] byte-compiling /home/fierra/ros2_ws/install/examples_rclpy_minimal_publisher/lib/python3.8/site-packages/examples_rclpy_minimal_publisher/publisher_local_function.py to publisher_local_function.cpython-38.pyc
[6.443s] byte-compiling /home/fierra/ros2_ws/install/examples_rclpy_minimal_publisher/lib/python3.8/site-packages/examples_rclpy_minimal_publisher/__init__.py to __init__.cpython-38.pyc
[6.443s] byte-compiling /home/fierra/ros2_ws/install/examples_rclpy_minimal_publisher/lib/python3.8/site-packages/examples_rclpy_minimal_publisher/publisher_old_school.py to publisher_old_school.cpython-38.pyc
[6.443s] running install_data
[6.444s] running install_egg_info
[6.448s] Copying ../../../../../build/examples_rclpy_minimal_publisher/examples_rclpy_minimal_publisher.egg-info to /home/fierra/ros2_ws/install/examples_rclpy_minimal_publisher/lib/python3.8/site-packages/examples_rclpy_minimal_publisher-0.15.1-py3.8.egg-info
[6.449s] running install_scripts
[6.480s] Installing publisher_local_function script to /home/fierra/ros2_ws/install/examples_rclpy_minimal_publisher/lib/examples_rclpy_minimal_publisher
[6.481s] Installing publisher_member_function script to /home/fierra/ros2_ws/install/examples_rclpy_minimal_publisher/lib/examples_rclpy_minimal_publisher
[6.481s] Installing publisher_old_school script to /home/fierra/ros2_ws/install/examples_rclpy_minimal_publisher/lib/examples_rclpy_minimal_publisher
[6.481s] writing list of installed files to '/home/fierra/ros2_ws/build/examples_rclpy_minimal_publisher/install.log'
[6.983s] Invoked command in '/home/fierra/ros2_ws/src/examples/rclpy/topics/minimal_publisher' returned '0': PYTHONPATH=/home/fierra/ros2_ws/install/examples_rclpy_minimal_publisher/lib/python3.8/site-packages:${PYTHONPATH} /usr/bin/python3 setup.py egg_info --egg-base ../../../../../build/examples_rclpy_minimal_publisher build --build-base /home/fierra/ros2_ws/build/examples_rclpy_minimal_publisher/build install --prefix /home/fierra/ros2_ws/install/examples_rclpy_minimal_publisher --record /home/fierra/ros2_ws/build/examples_rclpy_minimal_publisher/install.log --single-version-externally-managed
