[0.051s] Invoking command in '/home/fierra/beginner_tutuorial/build/more_interfaces': CMAKE_PREFIX_PATH=${CMAKE_PREFIX_PATH}:/home/fierra/ros2_humble/install/rqt_bag_plugins:/home/fierra/ros2_humble/install/rqt_bag:/home/fierra/ros2_humble/install/ros2bag:/home/fierra/ros2_humble/install/tracetools_test:/home/fierra/ros2_humble/install/tracetools_launch:/home/fierra/ros2_humble/install/topic_monitor:/home/fierra/ros2_humble/install/tf2_tools:/home/fierra/ros2_humble/install/examples_tf2_py:/home/fierra/ros2_humble/install/tf2_ros_py:/home/fierra/ros2_humble/install/sros2:/home/fierra/ros2_humble/install/rqt_topic:/home/fierra/ros2_humble/install/rqt_srv:/home/fierra/ros2_humble/install/rqt_shell:/home/fierra/ros2_humble/install/rqt_service_caller:/home/fierra/ros2_humble/install/rqt_reconfigure:/home/fierra/ros2_humble/install/rqt_py_console:/home/fierra/ros2_humble/install/rqt_publisher:/home/fierra/ros2_humble/install/rqt_plot:/home/fierra/ros2_humble/install/rqt_action:/home/fierra/ros2_humble/install/rqt_msg:/home/fierra/ros2_humble/install/rqt_console:/home/fierra/ros2_humble/install/rqt:/home/fierra/ros2_humble/install/rqt_graph:/home/fierra/ros2_humble/install/rqt_gui_py:/home/fierra/ros2_humble/install/rqt_gui:/home/fierra/ros2_humble/install/ros2trace:/home/fierra/ros2_humble/install/ros2topic:/home/fierra/ros2_humble/install/ros2test:/home/fierra/ros2_humble/install/ros2component:/home/fierra/ros2_humble/install/ros2param:/home/fierra/ros2_humble/install/ros2lifecycle:/home/fierra/ros2_humble/install/ros2service:/home/fierra/ros2_humble/install/ros2run:/home/fierra/ros2_humble/install/ros2launch:/home/fierra/ros2_humble/install/ros2pkg:/home/fierra/ros2_humble/install/ros2node:/home/fierra/ros2_humble/install/ros2multicast:/home/fierra/ros2_humble/install/ros2interface:/home/fierra/ros2_humble/install/ros2doctor:/home/fierra/ros2_humble/install/ros2action:/home/fierra/ros2_humble/install/ros2cli:/home/fierra/ros2_humble/install/quality_of_service_demo_py:/home/fierra/ros2_humble/install/lifecycle_py:/home/fierra/ros2_humble/install/launch_testing_ros:/home/fierra/ros2_humble/install/launch_ros:/home/fierra/ros2_humble/install/examples_rclpy_pointcloud_publisher:/home/fierra/ros2_humble/install/examples_rclpy_minimal_subscriber:/home/fierra/ros2_humble/install/examples_rclpy_minimal_service:/home/fierra/ros2_humble/install/examples_rclpy_minimal_publisher:/home/fierra/ros2_humble/install/examples_rclpy_minimal_client:/home/fierra/ros2_humble/install/examples_rclpy_minimal_action_server:/home/fierra/ros2_humble/install/examples_rclpy_minimal_action_client:/home/fierra/ros2_humble/install/examples_rclpy_guard_conditions:/home/fierra/ros2_humble/install/examples_rclpy_executors:/home/fierra/ros2_humble/install/demo_nodes_py:/home/fierra/ros2_humble/install/action_tutorials_py:/home/fierra/ros2_humble/install/ament_uncrustify:/home/fierra/ros2_humble/install/tracetools_trace:/home/fierra/ros2_humble/install/tracetools_read:/home/fierra/ros2_humble/install/test_tracetools_launch:/home/fierra/ros2_humble/install/test_launch_ros:/home/fierra/ros2_humble/install/sensor_msgs_py:/home/fierra/ros2_humble/install/rpyutils:/home/fierra/ros2_humble/install/rosidl_runtime_py:/home/fierra/ros2_humble/install/rosidl_cli:/home/fierra/ros2_humble/install/launch_pytest:/home/fierra/ros2_humble/install/launch_testing:/home/fierra/ros2_humble/install/launch_yaml:/home/fierra/ros2_humble/install/launch_xml:/home/fierra/ros2_humble/install/launch:/home/fierra/ros2_humble/install/osrf_pycommon:/home/fierra/ros2_humble/install/launch_testing_examples:/home/fierra/ros2_humble/install/domain_coordinator:/home/fierra/ros2_humble/install/ament_xmllint:/home/fierra/ros2_humble/install/ament_pyflakes:/home/fierra/ros2_humble/install/ament_pycodestyle:/home/fierra/ros2_humble/install/ament_pep257:/home/fierra/ros2_humble/install/ament_pclint:/home/fierra/ros2_humble/install/ament_package:/home/fierra/ros2_humble/install/ament_mypy:/home/fierra/ros2_humble/install/ament_lint_cmake:/home/fierra/ros2_humble/install/ament_flake8:/home/fierra/ros2_humble/install/ament_copyright:/home/fierra/ros2_humble/install/ament_lint:/home/fierra/ros2_humble/install/ament_index_python:/home/fierra/ros2_humble/install/ament_cpplint:/home/fierra/ros2_humble/install/ament_cppcheck:/home/fierra/ros2_humble/install/ament_clang_tidy:/home/fierra/ros2_humble/install/ament_clang_format /usr/bin/cmake --build /home/fierra/beginner_tutuorial/build/more_interfaces -- -j8 -l8
[0.124s] -- Found ament_cmake: 1.3.2 (/home/fierra/ros2_humble/install/ament_cmake/share/ament_cmake/cmake)
[1.529s] -- Found rosidl_default_generators: 1.2.0 (/home/fierra/ros2_humble/install/rosidl_default_generators/share/rosidl_default_generators/cmake)
[1.665s] -- Using all available rosidl_typesupport_c: rosidl_typesupport_introspection_c;rosidl_typesupport_fastrtps_c
[1.668s] -- Found rosidl_adapter: 3.1.3 (/home/fierra/ros2_humble/install/rosidl_adapter/share/rosidl_adapter/cmake)
[1.752s] -- Using all available rosidl_typesupport_cpp: rosidl_typesupport_introspection_cpp;rosidl_typesupport_fastrtps_cpp
[1.793s] -- Found rclcpp: 16.0.1 (/home/fierra/ros2_humble/install/rclcpp/share/rclcpp/cmake)
[1.946s] -- Found rmw_implementation_cmake: 6.1.0 (/home/fierra/ros2_humble/install/rmw_implementation_cmake/share/rmw_implementation_cmake/cmake)
[1.980s] -- Found rmw_fastrtps_cpp: 6.2.1 (/home/fierra/ros2_humble/install/rmw_fastrtps_cpp/share/rmw_fastrtps_cpp/cmake)
[2.313s] -- Using RMW implementation 'rmw_fastrtps_cpp' as default
[6.294s] -- Found ament_cmake_ros: 0.10.0 (/home/fierra/ros2_humble/install/ament_cmake_ros/share/ament_cmake_ros/cmake)
[8.237s] -- Using all available rosidl_typesupport_c: rosidl_typesupport_introspection_c;rosidl_typesupport_fastrtps_c
[12.124s] -- Using all available rosidl_typesupport_cpp: rosidl_typesupport_introspection_cpp;rosidl_typesupport_fastrtps_cpp
[12.352s] -- Found python_cmake_module: 0.10.0 (/home/fierra/ros2_humble/install/python_cmake_module/share/python_cmake_module/cmake)
[12.583s] -- Using PYTHON_EXECUTABLE: /usr/bin/python3
[12.583s] -- Using PYTHON_INCLUDE_DIRS: /usr/include/python3.8
[12.583s] -- Using PYTHON_LIBRARIES: /usr/lib/x86_64-linux-gnu/libpython3.8.so
[13.023s] -- Configuring done
[13.094s] -- Generating done
[13.105s] -- Build files have been written to: /home/fierra/beginner_tutuorial/build/more_interfaces
[13.273s] [  3%] Built target more_interfaces__cpp
[13.292s] [ 12%] Built target more_interfaces__rosidl_generator_c
[13.318s] [ 15%] [32mBuilding CXX object CMakeFiles/publish_address_book.dir/src/publish_address_book.cpp.o[0m
[13.329s] [ 18%] [34m[1mGenerating C++ introspection for ROS interfaces[0m
[13.337s] [ 18%] Built target ament_cmake_python_copy_more_interfaces
[13.348s] [ 21%] [34m[1mGenerating C++ type support for eProsima Fast-RTPS[0m
[13.369s] [ 24%] [34m[1mGenerating C++ type support dispatch for ROS interfaces[0m
[13.389s] [ 27%] [34m[1mGenerating C type support for eProsima Fast-RTPS[0m
[13.457s] [ 30%] [34m[1mGenerating C type support dispatch for ROS interfaces[0m
[13.489s] [ 33%] [34m[1mGenerating C introspection for ROS interfaces[0m
[14.128s] [01m[K/home/fierra/beginner_tutuorial/src/more_interfaces/src/publish_address_book.cpp:5:10:[m[K [01;31m[Kfatal error: [m[Kmore_interfaces/msg/address_book.hpp: No such file or directory
[14.129s]     5 | #include [01;31m[K"more_interfaces/msg/address_book.hpp"[m[K
[14.129s]       |          [01;31m[K^~~~~~~~~~~~~~~~~~~~~~~~~~~~~~~~~~~~~~[m[K
[14.129s] compilation terminated.
[14.134s] make[2]: *** [CMakeFiles/publish_address_book.dir/build.make:63: CMakeFiles/publish_address_book.dir/src/publish_address_book.cpp.o] Error 1
[14.134s] make[1]: *** [CMakeFiles/Makefile2:387: CMakeFiles/publish_address_book.dir/all] Error 2
[14.135s] make[1]: *** Waiting for unfinished jobs....
[14.838s] [35m[1mScanning dependencies of target more_interfaces__rosidl_typesupport_fastrtps_cpp[0m
[14.860s] [35m[1mScanning dependencies of target more_interfaces__rosidl_typesupport_cpp[0m
[14.863s] [35m[1mScanning dependencies of target more_interfaces__rosidl_typesupport_introspection_c[0m
[14.890s] [35m[1mScanning dependencies of target more_interfaces__rosidl_typesupport_introspection_cpp[0m
[14.905s] [35m[1mScanning dependencies of target more_interfaces__rosidl_typesupport_c[0m
[14.915s] [ 36%] [32mBuilding CXX object CMakeFiles/more_interfaces__rosidl_typesupport_fastrtps_cpp.dir/rosidl_typesupport_fastrtps_cpp/more_interfaces/msg/detail/dds_fastrtps/address_book__type_support.cpp.o[0m
[14.931s] [ 39%] [32mBuilding CXX object CMakeFiles/more_interfaces__rosidl_typesupport_cpp.dir/rosidl_typesupport_cpp/more_interfaces/msg/address_book__type_support.cpp.o[0m
[14.943s] [ 42%] [32mBuilding C object CMakeFiles/more_interfaces__rosidl_typesupport_introspection_c.dir/rosidl_typesupport_introspection_c/more_interfaces/msg/detail/address_book__type_support.c.o[0m
[14.948s] [ 45%] [32mBuilding CXX object CMakeFiles/more_interfaces__rosidl_typesupport_introspection_cpp.dir/rosidl_typesupport_introspection_cpp/more_interfaces/msg/detail/address_book__type_support.cpp.o[0m
[14.964s] [ 48%] [32mBuilding CXX object CMakeFiles/more_interfaces__rosidl_typesupport_c.dir/rosidl_typesupport_c/more_interfaces/msg/address_book__type_support.cpp.o[0m
[15.003s] [35m[1mScanning dependencies of target more_interfaces__rosidl_typesupport_fastrtps_c[0m
[15.129s] [ 51%] [32mBuilding CXX object CMakeFiles/more_interfaces__rosidl_typesupport_fastrtps_c.dir/rosidl_typesupport_fastrtps_c/more_interfaces/msg/detail/address_book__type_support_c.cpp.o[0m
[15.173s] running egg_info
[15.175s] writing more_interfaces.egg-info/PKG-INFO
[15.176s] writing dependency_links to more_interfaces.egg-info/dependency_links.txt
[15.177s] writing top-level names to more_interfaces.egg-info/top_level.txt
[15.199s] [ 54%] [32m[1mLinking CXX shared library libmore_interfaces__rosidl_typesupport_c.so[0m
[15.201s] [ 57%] [32m[1mLinking C shared library libmore_interfaces__rosidl_typesupport_introspection_c.so[0m
[15.272s] reading manifest file 'more_interfaces.egg-info/SOURCES.txt'
[15.274s] writing manifest file 'more_interfaces.egg-info/SOURCES.txt'
[15.400s] [ 57%] Built target more_interfaces__rosidl_typesupport_c
[15.512s] [ 57%] Built target ament_cmake_python_build_more_interfaces_egg
[15.514s] [ 57%] Built target more_interfaces__rosidl_typesupport_introspection_c
[15.771s] [ 60%] [32m[1mLinking CXX shared library libmore_interfaces__rosidl_typesupport_cpp.so[0m
[15.864s] [ 63%] [32m[1mLinking CXX shared library libmore_interfaces__rosidl_typesupport_introspection_cpp.so[0m
[15.906s] [ 66%] [32m[1mLinking CXX shared library libmore_interfaces__rosidl_typesupport_fastrtps_cpp.so[0m
[15.919s] [ 66%] Built target more_interfaces__rosidl_typesupport_cpp
[16.007s] [ 69%] [32m[1mLinking CXX shared library libmore_interfaces__rosidl_typesupport_fastrtps_c.so[0m
[16.050s] [ 69%] Built target more_interfaces__rosidl_typesupport_introspection_cpp
[16.099s] [ 69%] Built target more_interfaces__rosidl_typesupport_fastrtps_cpp
[16.184s] [ 69%] Built target more_interfaces__rosidl_typesupport_fastrtps_c
[16.186s] make: *** [Makefile:141: all] Error 2
[16.189s] Invoked command in '/home/fierra/beginner_tutuorial/build/more_interfaces' returned '2': CMAKE_PREFIX_PATH=${CMAKE_PREFIX_PATH}:/home/fierra/ros2_humble/install/rqt_bag_plugins:/home/fierra/ros2_humble/install/rqt_bag:/home/fierra/ros2_humble/install/ros2bag:/home/fierra/ros2_humble/install/tracetools_test:/home/fierra/ros2_humble/install/tracetools_launch:/home/fierra/ros2_humble/install/topic_monitor:/home/fierra/ros2_humble/install/tf2_tools:/home/fierra/ros2_humble/install/examples_tf2_py:/home/fierra/ros2_humble/install/tf2_ros_py:/home/fierra/ros2_humble/install/sros2:/home/fierra/ros2_humble/install/rqt_topic:/home/fierra/ros2_humble/install/rqt_srv:/home/fierra/ros2_humble/install/rqt_shell:/home/fierra/ros2_humble/install/rqt_service_caller:/home/fierra/ros2_humble/install/rqt_reconfigure:/home/fierra/ros2_humble/install/rqt_py_console:/home/fierra/ros2_humble/install/rqt_publisher:/home/fierra/ros2_humble/install/rqt_plot:/home/fierra/ros2_humble/install/rqt_action:/home/fierra/ros2_humble/install/rqt_msg:/home/fierra/ros2_humble/install/rqt_console:/home/fierra/ros2_humble/install/rqt:/home/fierra/ros2_humble/install/rqt_graph:/home/fierra/ros2_humble/install/rqt_gui_py:/home/fierra/ros2_humble/install/rqt_gui:/home/fierra/ros2_humble/install/ros2trace:/home/fierra/ros2_humble/install/ros2topic:/home/fierra/ros2_humble/install/ros2test:/home/fierra/ros2_humble/install/ros2component:/home/fierra/ros2_humble/install/ros2param:/home/fierra/ros2_humble/install/ros2lifecycle:/home/fierra/ros2_humble/install/ros2service:/home/fierra/ros2_humble/install/ros2run:/home/fierra/ros2_humble/install/ros2launch:/home/fierra/ros2_humble/install/ros2pkg:/home/fierra/ros2_humble/install/ros2node:/home/fierra/ros2_humble/install/ros2multicast:/home/fierra/ros2_humble/install/ros2interface:/home/fierra/ros2_humble/install/ros2doctor:/home/fierra/ros2_humble/install/ros2action:/home/fierra/ros2_humble/install/ros2cli:/home/fierra/ros2_humble/install/quality_of_service_demo_py:/home/fierra/ros2_humble/install/lifecycle_py:/home/fierra/ros2_humble/install/launch_testing_ros:/home/fierra/ros2_humble/install/launch_ros:/home/fierra/ros2_humble/install/examples_rclpy_pointcloud_publisher:/home/fierra/ros2_humble/install/examples_rclpy_minimal_subscriber:/home/fierra/ros2_humble/install/examples_rclpy_minimal_service:/home/fierra/ros2_humble/install/examples_rclpy_minimal_publisher:/home/fierra/ros2_humble/install/examples_rclpy_minimal_client:/home/fierra/ros2_humble/install/examples_rclpy_minimal_action_server:/home/fierra/ros2_humble/install/examples_rclpy_minimal_action_client:/home/fierra/ros2_humble/install/examples_rclpy_guard_conditions:/home/fierra/ros2_humble/install/examples_rclpy_executors:/home/fierra/ros2_humble/install/demo_nodes_py:/home/fierra/ros2_humble/install/action_tutorials_py:/home/fierra/ros2_humble/install/ament_uncrustify:/home/fierra/ros2_humble/install/tracetools_trace:/home/fierra/ros2_humble/install/tracetools_read:/home/fierra/ros2_humble/install/test_tracetools_launch:/home/fierra/ros2_humble/install/test_launch_ros:/home/fierra/ros2_humble/install/sensor_msgs_py:/home/fierra/ros2_humble/install/rpyutils:/home/fierra/ros2_humble/install/rosidl_runtime_py:/home/fierra/ros2_humble/install/rosidl_cli:/home/fierra/ros2_humble/install/launch_pytest:/home/fierra/ros2_humble/install/launch_testing:/home/fierra/ros2_humble/install/launch_yaml:/home/fierra/ros2_humble/install/launch_xml:/home/fierra/ros2_humble/install/launch:/home/fierra/ros2_humble/install/osrf_pycommon:/home/fierra/ros2_humble/install/launch_testing_examples:/home/fierra/ros2_humble/install/domain_coordinator:/home/fierra/ros2_humble/install/ament_xmllint:/home/fierra/ros2_humble/install/ament_pyflakes:/home/fierra/ros2_humble/install/ament_pycodestyle:/home/fierra/ros2_humble/install/ament_pep257:/home/fierra/ros2_humble/install/ament_pclint:/home/fierra/ros2_humble/install/ament_package:/home/fierra/ros2_humble/install/ament_mypy:/home/fierra/ros2_humble/install/ament_lint_cmake:/home/fierra/ros2_humble/install/ament_flake8:/home/fierra/ros2_humble/install/ament_copyright:/home/fierra/ros2_humble/install/ament_lint:/home/fierra/ros2_humble/install/ament_index_python:/home/fierra/ros2_humble/install/ament_cpplint:/home/fierra/ros2_humble/install/ament_cppcheck:/home/fierra/ros2_humble/install/ament_clang_tidy:/home/fierra/ros2_humble/install/ament_clang_format /usr/bin/cmake --build /home/fierra/beginner_tutuorial/build/more_interfaces -- -j8 -l8
