[0.264s] DEBUG:colcon:Command line arguments: ['/usr/bin/colcon', 'build', '--packages-select', 'tutorial_interfaces']
[0.264s] DEBUG:colcon:Parsed command line arguments: Namespace(allow_overriding=[], ament_cmake_args=None, base_paths=['.'], build_base='build', catkin_cmake_args=None, catkin_skip_building_tests=False, cmake_args=None, cmake_clean_cache=False, cmake_clean_first=False, cmake_force_configure=False, cmake_target=None, cmake_target_skip_unavailable=False, continue_on_error=False, event_handlers=None, executor='parallel', ignore_user_meta=False, install_base='install', log_base=None, log_level=None, main=<bound method BuildVerb.main of <colcon_core.verb.build.BuildVerb object at 0x7f4706df8be0>>, merge_install=False, metas=['./colcon.meta'], packages_above=None, packages_above_and_dependencies=None, packages_above_depth=None, packages_end=None, packages_ignore=None, packages_ignore_regex=None, packages_select=['tutorial_interfaces'], packages_select_build_failed=False, packages_select_by_dep=None, packages_select_regex=None, packages_select_test_failures=False, packages_skip=None, packages_skip_build_finished=False, packages_skip_by_dep=None, packages_skip_regex=None, packages_skip_test_passed=False, packages_skip_up_to=None, packages_start=None, packages_up_to=None, packages_up_to_regex=None, parallel_workers=8, paths=None, symlink_install=False, test_result_base=None, verb_extension=<colcon_core.verb.build.BuildVerb object at 0x7f4706df8be0>, verb_name='build', verb_parser=<colcon_defaults.argument_parser.defaults.DefaultArgumentsDecorator object at 0x7f4706e05190>)
[0.317s] Level 1:colcon.colcon_core.package_discovery:discover_packages(colcon_meta) check parameters
[0.318s] Level 1:colcon.colcon_core.package_discovery:discover_packages(recursive) check parameters
[0.318s] Level 1:colcon.colcon_core.package_discovery:discover_packages(ignore) check parameters
[0.318s] Level 1:colcon.colcon_core.package_discovery:discover_packages(path) check parameters
[0.318s] Level 1:colcon.colcon_core.package_discovery:discover_packages(colcon_meta) discover
[0.318s] Level 1:colcon.colcon_core.package_discovery:discover_packages(recursive) discover
[0.318s] INFO:colcon.colcon_core.package_discovery:Crawling recursively for packages in '/home/fierra/beginner_tutuorial'
[0.318s] Level 1:colcon.colcon_core.package_identification:_identify(.) by extensions ['ignore', 'ignore_ament_install']
[0.318s] Level 1:colcon.colcon_core.package_identification:_identify(.) by extension 'ignore'
[0.318s] Level 1:colcon.colcon_core.package_identification:_identify(.) by extension 'ignore_ament_install'
[0.319s] Level 1:colcon.colcon_core.package_identification:_identify(.) by extensions ['colcon_pkg']
[0.319s] Level 1:colcon.colcon_core.package_identification:_identify(.) by extension 'colcon_pkg'
[0.319s] Level 1:colcon.colcon_core.package_identification:_identify(.) by extensions ['colcon_meta']
[0.319s] Level 1:colcon.colcon_core.package_identification:_identify(.) by extension 'colcon_meta'
[0.319s] Level 1:colcon.colcon_core.package_identification:_identify(.) by extensions ['ros']
[0.319s] Level 1:colcon.colcon_core.package_identification:_identify(.) by extension 'ros'
[0.356s] Level 1:colcon.colcon_core.package_identification:_identify(.) by extensions ['cmake', 'python']
[0.356s] Level 1:colcon.colcon_core.package_identification:_identify(.) by extension 'cmake'
[0.356s] Level 1:colcon.colcon_core.package_identification:_identify(.) by extension 'python'
[0.356s] Level 1:colcon.colcon_core.package_identification:_identify(.) by extensions ['python_setup_py']
[0.356s] Level 1:colcon.colcon_core.package_identification:_identify(.) by extension 'python_setup_py'
[0.357s] Level 1:colcon.colcon_core.package_identification:_identify(build) by extensions ['ignore', 'ignore_ament_install']
[0.357s] Level 1:colcon.colcon_core.package_identification:_identify(build) by extension 'ignore'
[0.357s] Level 1:colcon.colcon_core.package_identification:_identify(build) ignored
[0.357s] Level 1:colcon.colcon_core.package_identification:_identify(install) by extensions ['ignore', 'ignore_ament_install']
[0.357s] Level 1:colcon.colcon_core.package_identification:_identify(install) by extension 'ignore'
[0.357s] Level 1:colcon.colcon_core.package_identification:_identify(install) ignored
[0.358s] Level 1:colcon.colcon_core.package_identification:_identify(log) by extensions ['ignore', 'ignore_ament_install']
[0.358s] Level 1:colcon.colcon_core.package_identification:_identify(log) by extension 'ignore'
[0.358s] Level 1:colcon.colcon_core.package_identification:_identify(log) ignored
[0.358s] Level 1:colcon.colcon_core.package_identification:_identify(results) by extensions ['ignore', 'ignore_ament_install']
[0.358s] Level 1:colcon.colcon_core.package_identification:_identify(results) by extension 'ignore'
[0.358s] Level 1:colcon.colcon_core.package_identification:_identify(results) by extension 'ignore_ament_install'
[0.358s] Level 1:colcon.colcon_core.package_identification:_identify(results) by extensions ['colcon_pkg']
[0.358s] Level 1:colcon.colcon_core.package_identification:_identify(results) by extension 'colcon_pkg'
[0.358s] Level 1:colcon.colcon_core.package_identification:_identify(results) by extensions ['colcon_meta']
[0.359s] Level 1:colcon.colcon_core.package_identification:_identify(results) by extension 'colcon_meta'
[0.359s] Level 1:colcon.colcon_core.package_identification:_identify(results) by extensions ['ros']
[0.359s] Level 1:colcon.colcon_core.package_identification:_identify(results) by extension 'ros'
[0.359s] Level 1:colcon.colcon_core.package_identification:_identify(results) by extensions ['cmake', 'python']
[0.359s] Level 1:colcon.colcon_core.package_identification:_identify(results) by extension 'cmake'
[0.359s] Level 1:colcon.colcon_core.package_identification:_identify(results) by extension 'python'
[0.359s] Level 1:colcon.colcon_core.package_identification:_identify(results) by extensions ['python_setup_py']
[0.359s] Level 1:colcon.colcon_core.package_identification:_identify(results) by extension 'python_setup_py'
[0.359s] Level 1:colcon.colcon_core.package_identification:_identify(src) by extensions ['ignore', 'ignore_ament_install']
[0.359s] Level 1:colcon.colcon_core.package_identification:_identify(src) by extension 'ignore'
[0.359s] Level 1:colcon.colcon_core.package_identification:_identify(src) by extension 'ignore_ament_install'
[0.360s] Level 1:colcon.colcon_core.package_identification:_identify(src) by extensions ['colcon_pkg']
[0.360s] Level 1:colcon.colcon_core.package_identification:_identify(src) by extension 'colcon_pkg'
[0.360s] Level 1:colcon.colcon_core.package_identification:_identify(src) by extensions ['colcon_meta']
[0.360s] Level 1:colcon.colcon_core.package_identification:_identify(src) by extension 'colcon_meta'
[0.360s] Level 1:colcon.colcon_core.package_identification:_identify(src) by extensions ['ros']
[0.360s] Level 1:colcon.colcon_core.package_identification:_identify(src) by extension 'ros'
[0.360s] Level 1:colcon.colcon_core.package_identification:_identify(src) by extensions ['cmake', 'python']
[0.360s] Level 1:colcon.colcon_core.package_identification:_identify(src) by extension 'cmake'
[0.360s] Level 1:colcon.colcon_core.package_identification:_identify(src) by extension 'python'
[0.360s] Level 1:colcon.colcon_core.package_identification:_identify(src) by extensions ['python_setup_py']
[0.360s] Level 1:colcon.colcon_core.package_identification:_identify(src) by extension 'python_setup_py'
[0.361s] Level 1:colcon.colcon_core.package_identification:_identify(src/assignment_2) by extensions ['ignore', 'ignore_ament_install']
[0.361s] Level 1:colcon.colcon_core.package_identification:_identify(src/assignment_2) by extension 'ignore'
[0.361s] Level 1:colcon.colcon_core.package_identification:_identify(src/assignment_2) by extension 'ignore_ament_install'
[0.361s] Level 1:colcon.colcon_core.package_identification:_identify(src/assignment_2) by extensions ['colcon_pkg']
[0.361s] Level 1:colcon.colcon_core.package_identification:_identify(src/assignment_2) by extension 'colcon_pkg'
[0.361s] Level 1:colcon.colcon_core.package_identification:_identify(src/assignment_2) by extensions ['colcon_meta']
[0.361s] Level 1:colcon.colcon_core.package_identification:_identify(src/assignment_2) by extension 'colcon_meta'
[0.361s] Level 1:colcon.colcon_core.package_identification:_identify(src/assignment_2) by extensions ['ros']
[0.361s] Level 1:colcon.colcon_core.package_identification:_identify(src/assignment_2) by extension 'ros'
[0.366s] DEBUG:colcon.colcon_core.package_identification:Package 'src/assignment_2' with type 'ros.ament_cmake' and name 'assignment_2'
[0.367s] Level 1:colcon.colcon_core.package_identification:_identify(src/assignment_w10) by extensions ['ignore', 'ignore_ament_install']
[0.367s] Level 1:colcon.colcon_core.package_identification:_identify(src/assignment_w10) by extension 'ignore'
[0.367s] Level 1:colcon.colcon_core.package_identification:_identify(src/assignment_w10) by extension 'ignore_ament_install'
[0.367s] Level 1:colcon.colcon_core.package_identification:_identify(src/assignment_w10) by extensions ['colcon_pkg']
[0.367s] Level 1:colcon.colcon_core.package_identification:_identify(src/assignment_w10) by extension 'colcon_pkg'
[0.367s] Level 1:colcon.colcon_core.package_identification:_identify(src/assignment_w10) by extensions ['colcon_meta']
[0.367s] Level 1:colcon.colcon_core.package_identification:_identify(src/assignment_w10) by extension 'colcon_meta'
[0.367s] Level 1:colcon.colcon_core.package_identification:_identify(src/assignment_w10) by extensions ['ros']
[0.367s] Level 1:colcon.colcon_core.package_identification:_identify(src/assignment_w10) by extension 'ros'
[0.369s] DEBUG:colcon.colcon_core.package_identification:Package 'src/assignment_w10' with type 'ros.ament_cmake' and name 'assignment_w10'
[0.369s] Level 1:colcon.colcon_core.package_identification:_identify(src/cpp_parameters) by extensions ['ignore', 'ignore_ament_install']
[0.370s] Level 1:colcon.colcon_core.package_identification:_identify(src/cpp_parameters) by extension 'ignore'
[0.370s] Level 1:colcon.colcon_core.package_identification:_identify(src/cpp_parameters) by extension 'ignore_ament_install'
[0.370s] Level 1:colcon.colcon_core.package_identification:_identify(src/cpp_parameters) by extensions ['colcon_pkg']
[0.370s] Level 1:colcon.colcon_core.package_identification:_identify(src/cpp_parameters) by extension 'colcon_pkg'
[0.370s] Level 1:colcon.colcon_core.package_identification:_identify(src/cpp_parameters) by extensions ['colcon_meta']
[0.370s] Level 1:colcon.colcon_core.package_identification:_identify(src/cpp_parameters) by extension 'colcon_meta'
[0.370s] Level 1:colcon.colcon_core.package_identification:_identify(src/cpp_parameters) by extensions ['ros']
[0.370s] Level 1:colcon.colcon_core.package_identification:_identify(src/cpp_parameters) by extension 'ros'
[0.371s] DEBUG:colcon.colcon_core.package_identification:Package 'src/cpp_parameters' with type 'ros.ament_cmake' and name 'cpp_parameters'
[0.371s] Level 1:colcon.colcon_core.package_identification:_identify(src/cpp_pubsub) by extensions ['ignore', 'ignore_ament_install']
[0.372s] Level 1:colcon.colcon_core.package_identification:_identify(src/cpp_pubsub) by extension 'ignore'
[0.372s] Level 1:colcon.colcon_core.package_identification:_identify(src/cpp_pubsub) by extension 'ignore_ament_install'
[0.372s] Level 1:colcon.colcon_core.package_identification:_identify(src/cpp_pubsub) by extensions ['colcon_pkg']
[0.372s] Level 1:colcon.colcon_core.package_identification:_identify(src/cpp_pubsub) by extension 'colcon_pkg'
[0.372s] Level 1:colcon.colcon_core.package_identification:_identify(src/cpp_pubsub) by extensions ['colcon_meta']
[0.372s] Level 1:colcon.colcon_core.package_identification:_identify(src/cpp_pubsub) by extension 'colcon_meta'
[0.372s] Level 1:colcon.colcon_core.package_identification:_identify(src/cpp_pubsub) by extensions ['ros']
[0.372s] Level 1:colcon.colcon_core.package_identification:_identify(src/cpp_pubsub) by extension 'ros'
[0.374s] DEBUG:colcon.colcon_core.package_identification:Package 'src/cpp_pubsub' with type 'ros.ament_cmake' and name 'cpp_pubsub'
[0.374s] Level 1:colcon.colcon_core.package_identification:_identify(src/cpp_srvcli) by extensions ['ignore', 'ignore_ament_install']
[0.374s] Level 1:colcon.colcon_core.package_identification:_identify(src/cpp_srvcli) by extension 'ignore'
[0.374s] Level 1:colcon.colcon_core.package_identification:_identify(src/cpp_srvcli) by extension 'ignore_ament_install'
[0.374s] Level 1:colcon.colcon_core.package_identification:_identify(src/cpp_srvcli) by extensions ['colcon_pkg']
[0.374s] Level 1:colcon.colcon_core.package_identification:_identify(src/cpp_srvcli) by extension 'colcon_pkg'
[0.375s] Level 1:colcon.colcon_core.package_identification:_identify(src/cpp_srvcli) by extensions ['colcon_meta']
[0.375s] Level 1:colcon.colcon_core.package_identification:_identify(src/cpp_srvcli) by extension 'colcon_meta'
[0.375s] Level 1:colcon.colcon_core.package_identification:_identify(src/cpp_srvcli) by extensions ['ros']
[0.375s] Level 1:colcon.colcon_core.package_identification:_identify(src/cpp_srvcli) by extension 'ros'
[0.376s] DEBUG:colcon.colcon_core.package_identification:Package 'src/cpp_srvcli' with type 'ros.ament_cmake' and name 'cpp_srvcli'
[0.377s] Level 1:colcon.colcon_core.package_identification:_identify(src/more_interfaces) by extensions ['ignore', 'ignore_ament_install']
[0.377s] Level 1:colcon.colcon_core.package_identification:_identify(src/more_interfaces) by extension 'ignore'
[0.378s] Level 1:colcon.colcon_core.package_identification:_identify(src/more_interfaces) by extension 'ignore_ament_install'
[0.378s] Level 1:colcon.colcon_core.package_identification:_identify(src/more_interfaces) by extensions ['colcon_pkg']
[0.378s] Level 1:colcon.colcon_core.package_identification:_identify(src/more_interfaces) by extension 'colcon_pkg'
[0.378s] Level 1:colcon.colcon_core.package_identification:_identify(src/more_interfaces) by extensions ['colcon_meta']
[0.378s] Level 1:colcon.colcon_core.package_identification:_identify(src/more_interfaces) by extension 'colcon_meta'
[0.379s] Level 1:colcon.colcon_core.package_identification:_identify(src/more_interfaces) by extensions ['ros']
[0.379s] Level 1:colcon.colcon_core.package_identification:_identify(src/more_interfaces) by extension 'ros'
[0.380s] DEBUG:colcon.colcon_core.package_identification:Package 'src/more_interfaces' with type 'ros.ament_cmake' and name 'more_interfaces'
[0.380s] Level 1:colcon.colcon_core.package_identification:_identify(src/my_package) by extensions ['ignore', 'ignore_ament_install']
[0.380s] Level 1:colcon.colcon_core.package_identification:_identify(src/my_package) by extension 'ignore'
[0.380s] Level 1:colcon.colcon_core.package_identification:_identify(src/my_package) by extension 'ignore_ament_install'
[0.380s] Level 1:colcon.colcon_core.package_identification:_identify(src/my_package) by extensions ['colcon_pkg']
[0.381s] Level 1:colcon.colcon_core.package_identification:_identify(src/my_package) by extension 'colcon_pkg'
[0.381s] Level 1:colcon.colcon_core.package_identification:_identify(src/my_package) by extensions ['colcon_meta']
[0.381s] Level 1:colcon.colcon_core.package_identification:_identify(src/my_package) by extension 'colcon_meta'
[0.381s] Level 1:colcon.colcon_core.package_identification:_identify(src/my_package) by extensions ['ros']
[0.381s] Level 1:colcon.colcon_core.package_identification:_identify(src/my_package) by extension 'ros'
[0.382s] DEBUG:colcon.colcon_core.package_identification:Package 'src/my_package' with type 'ros.ament_cmake' and name 'my_package'
[0.382s] Level 1:colcon.colcon_core.package_identification:_identify(src/tutorial_interfaces) by extensions ['ignore', 'ignore_ament_install']
[0.382s] Level 1:colcon.colcon_core.package_identification:_identify(src/tutorial_interfaces) by extension 'ignore'
[0.382s] Level 1:colcon.colcon_core.package_identification:_identify(src/tutorial_interfaces) by extension 'ignore_ament_install'
[0.382s] Level 1:colcon.colcon_core.package_identification:_identify(src/tutorial_interfaces) by extensions ['colcon_pkg']
[0.382s] Level 1:colcon.colcon_core.package_identification:_identify(src/tutorial_interfaces) by extension 'colcon_pkg'
[0.383s] Level 1:colcon.colcon_core.package_identification:_identify(src/tutorial_interfaces) by extensions ['colcon_meta']
[0.383s] Level 1:colcon.colcon_core.package_identification:_identify(src/tutorial_interfaces) by extension 'colcon_meta'
[0.383s] Level 1:colcon.colcon_core.package_identification:_identify(src/tutorial_interfaces) by extensions ['ros']
[0.383s] Level 1:colcon.colcon_core.package_identification:_identify(src/tutorial_interfaces) by extension 'ros'
[0.384s] DEBUG:colcon.colcon_core.package_identification:Package 'src/tutorial_interfaces' with type 'ros.ament_cmake' and name 'tutorial_interfaces'
[0.384s] Level 1:colcon.colcon_core.package_discovery:discover_packages(recursive) using defaults
[0.384s] Level 1:colcon.colcon_core.package_discovery:discover_packages(ignore) discover
[0.384s] Level 1:colcon.colcon_core.package_discovery:discover_packages(ignore) using defaults
[0.384s] Level 1:colcon.colcon_core.package_discovery:discover_packages(path) discover
[0.384s] Level 1:colcon.colcon_core.package_discovery:discover_packages(path) using defaults
[0.470s] INFO:colcon.colcon_core.package_selection:Skipping not selected package 'assignment_2' in 'src/assignment_2'
[0.470s] INFO:colcon.colcon_core.package_selection:Skipping not selected package 'assignment_w10' in 'src/assignment_w10'
[0.470s] INFO:colcon.colcon_core.package_selection:Skipping not selected package 'cpp_parameters' in 'src/cpp_parameters'
[0.470s] INFO:colcon.colcon_core.package_selection:Skipping not selected package 'cpp_srvcli' in 'src/cpp_srvcli'
[0.470s] INFO:colcon.colcon_core.package_selection:Skipping not selected package 'more_interfaces' in 'src/more_interfaces'
[0.470s] INFO:colcon.colcon_core.package_selection:Skipping not selected package 'my_package' in 'src/my_package'
[0.470s] INFO:colcon.colcon_core.package_selection:Skipping not selected package 'cpp_pubsub' in 'src/cpp_pubsub'
[0.472s] Level 1:colcon.colcon_core.package_discovery:discover_packages(prefix_path) check parameters
[0.472s] Level 1:colcon.colcon_core.package_discovery:discover_packages(prefix_path) discover
[0.530s] DEBUG:colcon.colcon_installed_package_information.package_discovery:Found 340 installed packages in /home/fierra/ros2_humble/install
[0.535s] Level 1:colcon.colcon_core.package_discovery:discover_packages(prefix_path) using defaults
[0.595s] Level 5:colcon.colcon_core.verb:set package 'tutorial_interfaces' build argument 'cmake_args' from command line to 'None'
[0.595s] Level 5:colcon.colcon_core.verb:set package 'tutorial_interfaces' build argument 'cmake_target' from command line to 'None'
[0.595s] Level 5:colcon.colcon_core.verb:set package 'tutorial_interfaces' build argument 'cmake_target_skip_unavailable' from command line to 'False'
[0.595s] Level 5:colcon.colcon_core.verb:set package 'tutorial_interfaces' build argument 'cmake_clean_cache' from command line to 'False'
[0.595s] Level 5:colcon.colcon_core.verb:set package 'tutorial_interfaces' build argument 'cmake_clean_first' from command line to 'False'
[0.595s] Level 5:colcon.colcon_core.verb:set package 'tutorial_interfaces' build argument 'cmake_force_configure' from command line to 'False'
[0.596s] Level 5:colcon.colcon_core.verb:set package 'tutorial_interfaces' build argument 'ament_cmake_args' from command line to 'None'
[0.596s] Level 5:colcon.colcon_core.verb:set package 'tutorial_interfaces' build argument 'catkin_cmake_args' from command line to 'None'
[0.596s] Level 5:colcon.colcon_core.verb:set package 'tutorial_interfaces' build argument 'catkin_skip_building_tests' from command line to 'False'
[0.596s] DEBUG:colcon.colcon_core.verb:Building package 'tutorial_interfaces' with the following arguments: {'ament_cmake_args': None, 'build_base': '/home/fierra/beginner_tutuorial/build/tutorial_interfaces', 'catkin_cmake_args': None, 'catkin_skip_building_tests': False, 'cmake_args': None, 'cmake_clean_cache': False, 'cmake_clean_first': False, 'cmake_force_configure': False, 'cmake_target': None, 'cmake_target_skip_unavailable': False, 'install_base': '/home/fierra/beginner_tutuorial/install/tutorial_interfaces', 'merge_install': False, 'path': '/home/fierra/beginner_tutuorial/src/tutorial_interfaces', 'symlink_install': False, 'test_result_base': None}
[0.598s] INFO:colcon.colcon_core.executor:Executing jobs using 'parallel' executor
[0.615s] DEBUG:colcon.colcon_parallel_executor.executor.parallel:run_until_complete
[0.616s] INFO:colcon.colcon_ros.task.ament_cmake.build:Building ROS package in '/home/fierra/beginner_tutuorial/src/tutorial_interfaces' with build type 'ament_cmake'
[0.616s] INFO:colcon.colcon_cmake.task.cmake.build:Building CMake package in '/home/fierra/beginner_tutuorial/src/tutorial_interfaces'
[0.633s] INFO:colcon.colcon_core.plugin_system:Skipping extension 'colcon_core.shell.bat': Not used on non-Windows systems
[0.634s] INFO:colcon.colcon_core.shell:Skip shell extension 'powershell' for command environment: Not usable outside of PowerShell
[0.634s] DEBUG:colcon.colcon_core.shell:Skip shell extension 'dsv' for command environment
[0.713s] DEBUG:colcon.colcon_core.event_handler.log_command:Invoking command in '/home/fierra/beginner_tutuorial/build/tutorial_interfaces': CMAKE_PREFIX_PATH=${CMAKE_PREFIX_PATH}:/home/fierra/ros2_humble/install/rqt_bag_plugins:/home/fierra/ros2_humble/install/rqt_bag:/home/fierra/ros2_humble/install/ros2bag:/home/fierra/ros2_humble/install/tracetools_test:/home/fierra/ros2_humble/install/tracetools_launch:/home/fierra/ros2_humble/install/topic_monitor:/home/fierra/ros2_humble/install/tf2_tools:/home/fierra/ros2_humble/install/examples_tf2_py:/home/fierra/ros2_humble/install/tf2_ros_py:/home/fierra/ros2_humble/install/sros2:/home/fierra/ros2_humble/install/rqt_topic:/home/fierra/ros2_humble/install/rqt_srv:/home/fierra/ros2_humble/install/rqt_shell:/home/fierra/ros2_humble/install/rqt_service_caller:/home/fierra/ros2_humble/install/rqt_reconfigure:/home/fierra/ros2_humble/install/rqt_py_console:/home/fierra/ros2_humble/install/rqt_publisher:/home/fierra/ros2_humble/install/rqt_plot:/home/fierra/ros2_humble/install/rqt_action:/home/fierra/ros2_humble/install/rqt_msg:/home/fierra/ros2_humble/install/rqt_console:/home/fierra/ros2_humble/install/rqt:/home/fierra/ros2_humble/install/rqt_graph:/home/fierra/ros2_humble/install/rqt_gui_py:/home/fierra/ros2_humble/install/rqt_gui:/home/fierra/ros2_humble/install/ros2trace:/home/fierra/ros2_humble/install/ros2topic:/home/fierra/ros2_humble/install/ros2test:/home/fierra/ros2_humble/install/ros2component:/home/fierra/ros2_humble/install/ros2param:/home/fierra/ros2_humble/install/ros2lifecycle:/home/fierra/ros2_humble/install/ros2service:/home/fierra/ros2_humble/install/ros2run:/home/fierra/ros2_humble/install/ros2launch:/home/fierra/ros2_humble/install/ros2pkg:/home/fierra/ros2_humble/install/ros2node:/home/fierra/ros2_humble/install/ros2multicast:/home/fierra/ros2_humble/install/ros2interface:/home/fierra/ros2_humble/install/ros2doctor:/home/fierra/ros2_humble/install/ros2action:/home/fierra/ros2_humble/install/ros2cli:/home/fierra/ros2_humble/install/quality_of_service_demo_py:/home/fierra/ros2_humble/install/lifecycle_py:/home/fierra/ros2_humble/install/launch_testing_ros:/home/fierra/ros2_humble/install/launch_ros:/home/fierra/ros2_humble/install/examples_rclpy_pointcloud_publisher:/home/fierra/ros2_humble/install/examples_rclpy_minimal_subscriber:/home/fierra/ros2_humble/install/examples_rclpy_minimal_service:/home/fierra/ros2_humble/install/examples_rclpy_minimal_publisher:/home/fierra/ros2_humble/install/examples_rclpy_minimal_client:/home/fierra/ros2_humble/install/examples_rclpy_minimal_action_server:/home/fierra/ros2_humble/install/examples_rclpy_minimal_action_client:/home/fierra/ros2_humble/install/examples_rclpy_guard_conditions:/home/fierra/ros2_humble/install/examples_rclpy_executors:/home/fierra/ros2_humble/install/demo_nodes_py:/home/fierra/ros2_humble/install/action_tutorials_py:/home/fierra/ros2_humble/install/ament_uncrustify:/home/fierra/ros2_humble/install/tracetools_trace:/home/fierra/ros2_humble/install/tracetools_read:/home/fierra/ros2_humble/install/test_tracetools_launch:/home/fierra/ros2_humble/install/test_launch_ros:/home/fierra/ros2_humble/install/sensor_msgs_py:/home/fierra/ros2_humble/install/rpyutils:/home/fierra/ros2_humble/install/rosidl_runtime_py:/home/fierra/ros2_humble/install/rosidl_cli:/home/fierra/ros2_humble/install/launch_pytest:/home/fierra/ros2_humble/install/launch_testing:/home/fierra/ros2_humble/install/launch_yaml:/home/fierra/ros2_humble/install/launch_xml:/home/fierra/ros2_humble/install/launch:/home/fierra/ros2_humble/install/osrf_pycommon:/home/fierra/ros2_humble/install/launch_testing_examples:/home/fierra/ros2_humble/install/domain_coordinator:/home/fierra/ros2_humble/install/ament_xmllint:/home/fierra/ros2_humble/install/ament_pyflakes:/home/fierra/ros2_humble/install/ament_pycodestyle:/home/fierra/ros2_humble/install/ament_pep257:/home/fierra/ros2_humble/install/ament_pclint:/home/fierra/ros2_humble/install/ament_package:/home/fierra/ros2_humble/install/ament_mypy:/home/fierra/ros2_humble/install/ament_lint_cmake:/home/fierra/ros2_humble/install/ament_flake8:/home/fierra/ros2_humble/install/ament_copyright:/home/fierra/ros2_humble/install/ament_lint:/home/fierra/ros2_humble/install/ament_index_python:/home/fierra/ros2_humble/install/ament_cpplint:/home/fierra/ros2_humble/install/ament_cppcheck:/home/fierra/ros2_humble/install/ament_clang_tidy:/home/fierra/ros2_humble/install/ament_clang_format /usr/bin/cmake /home/fierra/beginner_tutuorial/src/tutorial_interfaces -DCMAKE_INSTALL_PREFIX=/home/fierra/beginner_tutuorial/install/tutorial_interfaces
[23.472s] DEBUG:colcon.colcon_core.event_handler.log_command:Invoked command in '/home/fierra/beginner_tutuorial/build/tutorial_interfaces' returned '0': CMAKE_PREFIX_PATH=${CMAKE_PREFIX_PATH}:/home/fierra/ros2_humble/install/rqt_bag_plugins:/home/fierra/ros2_humble/install/rqt_bag:/home/fierra/ros2_humble/install/ros2bag:/home/fierra/ros2_humble/install/tracetools_test:/home/fierra/ros2_humble/install/tracetools_launch:/home/fierra/ros2_humble/install/topic_monitor:/home/fierra/ros2_humble/install/tf2_tools:/home/fierra/ros2_humble/install/examples_tf2_py:/home/fierra/ros2_humble/install/tf2_ros_py:/home/fierra/ros2_humble/install/sros2:/home/fierra/ros2_humble/install/rqt_topic:/home/fierra/ros2_humble/install/rqt_srv:/home/fierra/ros2_humble/install/rqt_shell:/home/fierra/ros2_humble/install/rqt_service_caller:/home/fierra/ros2_humble/install/rqt_reconfigure:/home/fierra/ros2_humble/install/rqt_py_console:/home/fierra/ros2_humble/install/rqt_publisher:/home/fierra/ros2_humble/install/rqt_plot:/home/fierra/ros2_humble/install/rqt_action:/home/fierra/ros2_humble/install/rqt_msg:/home/fierra/ros2_humble/install/rqt_console:/home/fierra/ros2_humble/install/rqt:/home/fierra/ros2_humble/install/rqt_graph:/home/fierra/ros2_humble/install/rqt_gui_py:/home/fierra/ros2_humble/install/rqt_gui:/home/fierra/ros2_humble/install/ros2trace:/home/fierra/ros2_humble/install/ros2topic:/home/fierra/ros2_humble/install/ros2test:/home/fierra/ros2_humble/install/ros2component:/home/fierra/ros2_humble/install/ros2param:/home/fierra/ros2_humble/install/ros2lifecycle:/home/fierra/ros2_humble/install/ros2service:/home/fierra/ros2_humble/install/ros2run:/home/fierra/ros2_humble/install/ros2launch:/home/fierra/ros2_humble/install/ros2pkg:/home/fierra/ros2_humble/install/ros2node:/home/fierra/ros2_humble/install/ros2multicast:/home/fierra/ros2_humble/install/ros2interface:/home/fierra/ros2_humble/install/ros2doctor:/home/fierra/ros2_humble/install/ros2action:/home/fierra/ros2_humble/install/ros2cli:/home/fierra/ros2_humble/install/quality_of_service_demo_py:/home/fierra/ros2_humble/install/lifecycle_py:/home/fierra/ros2_humble/install/launch_testing_ros:/home/fierra/ros2_humble/install/launch_ros:/home/fierra/ros2_humble/install/examples_rclpy_pointcloud_publisher:/home/fierra/ros2_humble/install/examples_rclpy_minimal_subscriber:/home/fierra/ros2_humble/install/examples_rclpy_minimal_service:/home/fierra/ros2_humble/install/examples_rclpy_minimal_publisher:/home/fierra/ros2_humble/install/examples_rclpy_minimal_client:/home/fierra/ros2_humble/install/examples_rclpy_minimal_action_server:/home/fierra/ros2_humble/install/examples_rclpy_minimal_action_client:/home/fierra/ros2_humble/install/examples_rclpy_guard_conditions:/home/fierra/ros2_humble/install/examples_rclpy_executors:/home/fierra/ros2_humble/install/demo_nodes_py:/home/fierra/ros2_humble/install/action_tutorials_py:/home/fierra/ros2_humble/install/ament_uncrustify:/home/fierra/ros2_humble/install/tracetools_trace:/home/fierra/ros2_humble/install/tracetools_read:/home/fierra/ros2_humble/install/test_tracetools_launch:/home/fierra/ros2_humble/install/test_launch_ros:/home/fierra/ros2_humble/install/sensor_msgs_py:/home/fierra/ros2_humble/install/rpyutils:/home/fierra/ros2_humble/install/rosidl_runtime_py:/home/fierra/ros2_humble/install/rosidl_cli:/home/fierra/ros2_humble/install/launch_pytest:/home/fierra/ros2_humble/install/launch_testing:/home/fierra/ros2_humble/install/launch_yaml:/home/fierra/ros2_humble/install/launch_xml:/home/fierra/ros2_humble/install/launch:/home/fierra/ros2_humble/install/osrf_pycommon:/home/fierra/ros2_humble/install/launch_testing_examples:/home/fierra/ros2_humble/install/domain_coordinator:/home/fierra/ros2_humble/install/ament_xmllint:/home/fierra/ros2_humble/install/ament_pyflakes:/home/fierra/ros2_humble/install/ament_pycodestyle:/home/fierra/ros2_humble/install/ament_pep257:/home/fierra/ros2_humble/install/ament_pclint:/home/fierra/ros2_humble/install/ament_package:/home/fierra/ros2_humble/install/ament_mypy:/home/fierra/ros2_humble/install/ament_lint_cmake:/home/fierra/ros2_humble/install/ament_flake8:/home/fierra/ros2_humble/install/ament_copyright:/home/fierra/ros2_humble/install/ament_lint:/home/fierra/ros2_humble/install/ament_index_python:/home/fierra/ros2_humble/install/ament_cpplint:/home/fierra/ros2_humble/install/ament_cppcheck:/home/fierra/ros2_humble/install/ament_clang_tidy:/home/fierra/ros2_humble/install/ament_clang_format /usr/bin/cmake /home/fierra/beginner_tutuorial/src/tutorial_interfaces -DCMAKE_INSTALL_PREFIX=/home/fierra/beginner_tutuorial/install/tutorial_interfaces
[23.475s] DEBUG:colcon.colcon_core.event_handler.log_command:Invoking command in '/home/fierra/beginner_tutuorial/build/tutorial_interfaces': CMAKE_PREFIX_PATH=${CMAKE_PREFIX_PATH}:/home/fierra/ros2_humble/install/rqt_bag_plugins:/home/fierra/ros2_humble/install/rqt_bag:/home/fierra/ros2_humble/install/ros2bag:/home/fierra/ros2_humble/install/tracetools_test:/home/fierra/ros2_humble/install/tracetools_launch:/home/fierra/ros2_humble/install/topic_monitor:/home/fierra/ros2_humble/install/tf2_tools:/home/fierra/ros2_humble/install/examples_tf2_py:/home/fierra/ros2_humble/install/tf2_ros_py:/home/fierra/ros2_humble/install/sros2:/home/fierra/ros2_humble/install/rqt_topic:/home/fierra/ros2_humble/install/rqt_srv:/home/fierra/ros2_humble/install/rqt_shell:/home/fierra/ros2_humble/install/rqt_service_caller:/home/fierra/ros2_humble/install/rqt_reconfigure:/home/fierra/ros2_humble/install/rqt_py_console:/home/fierra/ros2_humble/install/rqt_publisher:/home/fierra/ros2_humble/install/rqt_plot:/home/fierra/ros2_humble/install/rqt_action:/home/fierra/ros2_humble/install/rqt_msg:/home/fierra/ros2_humble/install/rqt_console:/home/fierra/ros2_humble/install/rqt:/home/fierra/ros2_humble/install/rqt_graph:/home/fierra/ros2_humble/install/rqt_gui_py:/home/fierra/ros2_humble/install/rqt_gui:/home/fierra/ros2_humble/install/ros2trace:/home/fierra/ros2_humble/install/ros2topic:/home/fierra/ros2_humble/install/ros2test:/home/fierra/ros2_humble/install/ros2component:/home/fierra/ros2_humble/install/ros2param:/home/fierra/ros2_humble/install/ros2lifecycle:/home/fierra/ros2_humble/install/ros2service:/home/fierra/ros2_humble/install/ros2run:/home/fierra/ros2_humble/install/ros2launch:/home/fierra/ros2_humble/install/ros2pkg:/home/fierra/ros2_humble/install/ros2node:/home/fierra/ros2_humble/install/ros2multicast:/home/fierra/ros2_humble/install/ros2interface:/home/fierra/ros2_humble/install/ros2doctor:/home/fierra/ros2_humble/install/ros2action:/home/fierra/ros2_humble/install/ros2cli:/home/fierra/ros2_humble/install/quality_of_service_demo_py:/home/fierra/ros2_humble/install/lifecycle_py:/home/fierra/ros2_humble/install/launch_testing_ros:/home/fierra/ros2_humble/install/launch_ros:/home/fierra/ros2_humble/install/examples_rclpy_pointcloud_publisher:/home/fierra/ros2_humble/install/examples_rclpy_minimal_subscriber:/home/fierra/ros2_humble/install/examples_rclpy_minimal_service:/home/fierra/ros2_humble/install/examples_rclpy_minimal_publisher:/home/fierra/ros2_humble/install/examples_rclpy_minimal_client:/home/fierra/ros2_humble/install/examples_rclpy_minimal_action_server:/home/fierra/ros2_humble/install/examples_rclpy_minimal_action_client:/home/fierra/ros2_humble/install/examples_rclpy_guard_conditions:/home/fierra/ros2_humble/install/examples_rclpy_executors:/home/fierra/ros2_humble/install/demo_nodes_py:/home/fierra/ros2_humble/install/action_tutorials_py:/home/fierra/ros2_humble/install/ament_uncrustify:/home/fierra/ros2_humble/install/tracetools_trace:/home/fierra/ros2_humble/install/tracetools_read:/home/fierra/ros2_humble/install/test_tracetools_launch:/home/fierra/ros2_humble/install/test_launch_ros:/home/fierra/ros2_humble/install/sensor_msgs_py:/home/fierra/ros2_humble/install/rpyutils:/home/fierra/ros2_humble/install/rosidl_runtime_py:/home/fierra/ros2_humble/install/rosidl_cli:/home/fierra/ros2_humble/install/launch_pytest:/home/fierra/ros2_humble/install/launch_testing:/home/fierra/ros2_humble/install/launch_yaml:/home/fierra/ros2_humble/install/launch_xml:/home/fierra/ros2_humble/install/launch:/home/fierra/ros2_humble/install/osrf_pycommon:/home/fierra/ros2_humble/install/launch_testing_examples:/home/fierra/ros2_humble/install/domain_coordinator:/home/fierra/ros2_humble/install/ament_xmllint:/home/fierra/ros2_humble/install/ament_pyflakes:/home/fierra/ros2_humble/install/ament_pycodestyle:/home/fierra/ros2_humble/install/ament_pep257:/home/fierra/ros2_humble/install/ament_pclint:/home/fierra/ros2_humble/install/ament_package:/home/fierra/ros2_humble/install/ament_mypy:/home/fierra/ros2_humble/install/ament_lint_cmake:/home/fierra/ros2_humble/install/ament_flake8:/home/fierra/ros2_humble/install/ament_copyright:/home/fierra/ros2_humble/install/ament_lint:/home/fierra/ros2_humble/install/ament_index_python:/home/fierra/ros2_humble/install/ament_cpplint:/home/fierra/ros2_humble/install/ament_cppcheck:/home/fierra/ros2_humble/install/ament_clang_tidy:/home/fierra/ros2_humble/install/ament_clang_format /usr/bin/cmake --build /home/fierra/beginner_tutuorial/build/tutorial_interfaces -- -j8 -l8
[35.015s] DEBUG:colcon.colcon_core.event_handler.log_command:Invoked command in '/home/fierra/beginner_tutuorial/build/tutorial_interfaces' returned '0': CMAKE_PREFIX_PATH=${CMAKE_PREFIX_PATH}:/home/fierra/ros2_humble/install/rqt_bag_plugins:/home/fierra/ros2_humble/install/rqt_bag:/home/fierra/ros2_humble/install/ros2bag:/home/fierra/ros2_humble/install/tracetools_test:/home/fierra/ros2_humble/install/tracetools_launch:/home/fierra/ros2_humble/install/topic_monitor:/home/fierra/ros2_humble/install/tf2_tools:/home/fierra/ros2_humble/install/examples_tf2_py:/home/fierra/ros2_humble/install/tf2_ros_py:/home/fierra/ros2_humble/install/sros2:/home/fierra/ros2_humble/install/rqt_topic:/home/fierra/ros2_humble/install/rqt_srv:/home/fierra/ros2_humble/install/rqt_shell:/home/fierra/ros2_humble/install/rqt_service_caller:/home/fierra/ros2_humble/install/rqt_reconfigure:/home/fierra/ros2_humble/install/rqt_py_console:/home/fierra/ros2_humble/install/rqt_publisher:/home/fierra/ros2_humble/install/rqt_plot:/home/fierra/ros2_humble/install/rqt_action:/home/fierra/ros2_humble/install/rqt_msg:/home/fierra/ros2_humble/install/rqt_console:/home/fierra/ros2_humble/install/rqt:/home/fierra/ros2_humble/install/rqt_graph:/home/fierra/ros2_humble/install/rqt_gui_py:/home/fierra/ros2_humble/install/rqt_gui:/home/fierra/ros2_humble/install/ros2trace:/home/fierra/ros2_humble/install/ros2topic:/home/fierra/ros2_humble/install/ros2test:/home/fierra/ros2_humble/install/ros2component:/home/fierra/ros2_humble/install/ros2param:/home/fierra/ros2_humble/install/ros2lifecycle:/home/fierra/ros2_humble/install/ros2service:/home/fierra/ros2_humble/install/ros2run:/home/fierra/ros2_humble/install/ros2launch:/home/fierra/ros2_humble/install/ros2pkg:/home/fierra/ros2_humble/install/ros2node:/home/fierra/ros2_humble/install/ros2multicast:/home/fierra/ros2_humble/install/ros2interface:/home/fierra/ros2_humble/install/ros2doctor:/home/fierra/ros2_humble/install/ros2action:/home/fierra/ros2_humble/install/ros2cli:/home/fierra/ros2_humble/install/quality_of_service_demo_py:/home/fierra/ros2_humble/install/lifecycle_py:/home/fierra/ros2_humble/install/launch_testing_ros:/home/fierra/ros2_humble/install/launch_ros:/home/fierra/ros2_humble/install/examples_rclpy_pointcloud_publisher:/home/fierra/ros2_humble/install/examples_rclpy_minimal_subscriber:/home/fierra/ros2_humble/install/examples_rclpy_minimal_service:/home/fierra/ros2_humble/install/examples_rclpy_minimal_publisher:/home/fierra/ros2_humble/install/examples_rclpy_minimal_client:/home/fierra/ros2_humble/install/examples_rclpy_minimal_action_server:/home/fierra/ros2_humble/install/examples_rclpy_minimal_action_client:/home/fierra/ros2_humble/install/examples_rclpy_guard_conditions:/home/fierra/ros2_humble/install/examples_rclpy_executors:/home/fierra/ros2_humble/install/demo_nodes_py:/home/fierra/ros2_humble/install/action_tutorials_py:/home/fierra/ros2_humble/install/ament_uncrustify:/home/fierra/ros2_humble/install/tracetools_trace:/home/fierra/ros2_humble/install/tracetools_read:/home/fierra/ros2_humble/install/test_tracetools_launch:/home/fierra/ros2_humble/install/test_launch_ros:/home/fierra/ros2_humble/install/sensor_msgs_py:/home/fierra/ros2_humble/install/rpyutils:/home/fierra/ros2_humble/install/rosidl_runtime_py:/home/fierra/ros2_humble/install/rosidl_cli:/home/fierra/ros2_humble/install/launch_pytest:/home/fierra/ros2_humble/install/launch_testing:/home/fierra/ros2_humble/install/launch_yaml:/home/fierra/ros2_humble/install/launch_xml:/home/fierra/ros2_humble/install/launch:/home/fierra/ros2_humble/install/osrf_pycommon:/home/fierra/ros2_humble/install/launch_testing_examples:/home/fierra/ros2_humble/install/domain_coordinator:/home/fierra/ros2_humble/install/ament_xmllint:/home/fierra/ros2_humble/install/ament_pyflakes:/home/fierra/ros2_humble/install/ament_pycodestyle:/home/fierra/ros2_humble/install/ament_pep257:/home/fierra/ros2_humble/install/ament_pclint:/home/fierra/ros2_humble/install/ament_package:/home/fierra/ros2_humble/install/ament_mypy:/home/fierra/ros2_humble/install/ament_lint_cmake:/home/fierra/ros2_humble/install/ament_flake8:/home/fierra/ros2_humble/install/ament_copyright:/home/fierra/ros2_humble/install/ament_lint:/home/fierra/ros2_humble/install/ament_index_python:/home/fierra/ros2_humble/install/ament_cpplint:/home/fierra/ros2_humble/install/ament_cppcheck:/home/fierra/ros2_humble/install/ament_clang_tidy:/home/fierra/ros2_humble/install/ament_clang_format /usr/bin/cmake --build /home/fierra/beginner_tutuorial/build/tutorial_interfaces -- -j8 -l8
[35.811s] DEBUG:colcon.colcon_core.event_handler.log_command:Invoking command in '/home/fierra/beginner_tutuorial/build/tutorial_interfaces': CMAKE_PREFIX_PATH=${CMAKE_PREFIX_PATH}:/home/fierra/ros2_humble/install/rqt_bag_plugins:/home/fierra/ros2_humble/install/rqt_bag:/home/fierra/ros2_humble/install/ros2bag:/home/fierra/ros2_humble/install/tracetools_test:/home/fierra/ros2_humble/install/tracetools_launch:/home/fierra/ros2_humble/install/topic_monitor:/home/fierra/ros2_humble/install/tf2_tools:/home/fierra/ros2_humble/install/examples_tf2_py:/home/fierra/ros2_humble/install/tf2_ros_py:/home/fierra/ros2_humble/install/sros2:/home/fierra/ros2_humble/install/rqt_topic:/home/fierra/ros2_humble/install/rqt_srv:/home/fierra/ros2_humble/install/rqt_shell:/home/fierra/ros2_humble/install/rqt_service_caller:/home/fierra/ros2_humble/install/rqt_reconfigure:/home/fierra/ros2_humble/install/rqt_py_console:/home/fierra/ros2_humble/install/rqt_publisher:/home/fierra/ros2_humble/install/rqt_plot:/home/fierra/ros2_humble/install/rqt_action:/home/fierra/ros2_humble/install/rqt_msg:/home/fierra/ros2_humble/install/rqt_console:/home/fierra/ros2_humble/install/rqt:/home/fierra/ros2_humble/install/rqt_graph:/home/fierra/ros2_humble/install/rqt_gui_py:/home/fierra/ros2_humble/install/rqt_gui:/home/fierra/ros2_humble/install/ros2trace:/home/fierra/ros2_humble/install/ros2topic:/home/fierra/ros2_humble/install/ros2test:/home/fierra/ros2_humble/install/ros2component:/home/fierra/ros2_humble/install/ros2param:/home/fierra/ros2_humble/install/ros2lifecycle:/home/fierra/ros2_humble/install/ros2service:/home/fierra/ros2_humble/install/ros2run:/home/fierra/ros2_humble/install/ros2launch:/home/fierra/ros2_humble/install/ros2pkg:/home/fierra/ros2_humble/install/ros2node:/home/fierra/ros2_humble/install/ros2multicast:/home/fierra/ros2_humble/install/ros2interface:/home/fierra/ros2_humble/install/ros2doctor:/home/fierra/ros2_humble/install/ros2action:/home/fierra/ros2_humble/install/ros2cli:/home/fierra/ros2_humble/install/quality_of_service_demo_py:/home/fierra/ros2_humble/install/lifecycle_py:/home/fierra/ros2_humble/install/launch_testing_ros:/home/fierra/ros2_humble/install/launch_ros:/home/fierra/ros2_humble/install/examples_rclpy_pointcloud_publisher:/home/fierra/ros2_humble/install/examples_rclpy_minimal_subscriber:/home/fierra/ros2_humble/install/examples_rclpy_minimal_service:/home/fierra/ros2_humble/install/examples_rclpy_minimal_publisher:/home/fierra/ros2_humble/install/examples_rclpy_minimal_client:/home/fierra/ros2_humble/install/examples_rclpy_minimal_action_server:/home/fierra/ros2_humble/install/examples_rclpy_minimal_action_client:/home/fierra/ros2_humble/install/examples_rclpy_guard_conditions:/home/fierra/ros2_humble/install/examples_rclpy_executors:/home/fierra/ros2_humble/install/demo_nodes_py:/home/fierra/ros2_humble/install/action_tutorials_py:/home/fierra/ros2_humble/install/ament_uncrustify:/home/fierra/ros2_humble/install/tracetools_trace:/home/fierra/ros2_humble/install/tracetools_read:/home/fierra/ros2_humble/install/test_tracetools_launch:/home/fierra/ros2_humble/install/test_launch_ros:/home/fierra/ros2_humble/install/sensor_msgs_py:/home/fierra/ros2_humble/install/rpyutils:/home/fierra/ros2_humble/install/rosidl_runtime_py:/home/fierra/ros2_humble/install/rosidl_cli:/home/fierra/ros2_humble/install/launch_pytest:/home/fierra/ros2_humble/install/launch_testing:/home/fierra/ros2_humble/install/launch_yaml:/home/fierra/ros2_humble/install/launch_xml:/home/fierra/ros2_humble/install/launch:/home/fierra/ros2_humble/install/osrf_pycommon:/home/fierra/ros2_humble/install/launch_testing_examples:/home/fierra/ros2_humble/install/domain_coordinator:/home/fierra/ros2_humble/install/ament_xmllint:/home/fierra/ros2_humble/install/ament_pyflakes:/home/fierra/ros2_humble/install/ament_pycodestyle:/home/fierra/ros2_humble/install/ament_pep257:/home/fierra/ros2_humble/install/ament_pclint:/home/fierra/ros2_humble/install/ament_package:/home/fierra/ros2_humble/install/ament_mypy:/home/fierra/ros2_humble/install/ament_lint_cmake:/home/fierra/ros2_humble/install/ament_flake8:/home/fierra/ros2_humble/install/ament_copyright:/home/fierra/ros2_humble/install/ament_lint:/home/fierra/ros2_humble/install/ament_index_python:/home/fierra/ros2_humble/install/ament_cpplint:/home/fierra/ros2_humble/install/ament_cppcheck:/home/fierra/ros2_humble/install/ament_clang_tidy:/home/fierra/ros2_humble/install/ament_clang_format /usr/bin/cmake --install /home/fierra/beginner_tutuorial/build/tutorial_interfaces
[36.716s] Level 1:colcon.colcon_core.environment:create_environment_scripts_only(tutorial_interfaces)
[36.720s] DEBUG:colcon.colcon_core.event_handler.log_command:Invoked command in '/home/fierra/beginner_tutuorial/build/tutorial_interfaces' returned '0': CMAKE_PREFIX_PATH=${CMAKE_PREFIX_PATH}:/home/fierra/ros2_humble/install/rqt_bag_plugins:/home/fierra/ros2_humble/install/rqt_bag:/home/fierra/ros2_humble/install/ros2bag:/home/fierra/ros2_humble/install/tracetools_test:/home/fierra/ros2_humble/install/tracetools_launch:/home/fierra/ros2_humble/install/topic_monitor:/home/fierra/ros2_humble/install/tf2_tools:/home/fierra/ros2_humble/install/examples_tf2_py:/home/fierra/ros2_humble/install/tf2_ros_py:/home/fierra/ros2_humble/install/sros2:/home/fierra/ros2_humble/install/rqt_topic:/home/fierra/ros2_humble/install/rqt_srv:/home/fierra/ros2_humble/install/rqt_shell:/home/fierra/ros2_humble/install/rqt_service_caller:/home/fierra/ros2_humble/install/rqt_reconfigure:/home/fierra/ros2_humble/install/rqt_py_console:/home/fierra/ros2_humble/install/rqt_publisher:/home/fierra/ros2_humble/install/rqt_plot:/home/fierra/ros2_humble/install/rqt_action:/home/fierra/ros2_humble/install/rqt_msg:/home/fierra/ros2_humble/install/rqt_console:/home/fierra/ros2_humble/install/rqt:/home/fierra/ros2_humble/install/rqt_graph:/home/fierra/ros2_humble/install/rqt_gui_py:/home/fierra/ros2_humble/install/rqt_gui:/home/fierra/ros2_humble/install/ros2trace:/home/fierra/ros2_humble/install/ros2topic:/home/fierra/ros2_humble/install/ros2test:/home/fierra/ros2_humble/install/ros2component:/home/fierra/ros2_humble/install/ros2param:/home/fierra/ros2_humble/install/ros2lifecycle:/home/fierra/ros2_humble/install/ros2service:/home/fierra/ros2_humble/install/ros2run:/home/fierra/ros2_humble/install/ros2launch:/home/fierra/ros2_humble/install/ros2pkg:/home/fierra/ros2_humble/install/ros2node:/home/fierra/ros2_humble/install/ros2multicast:/home/fierra/ros2_humble/install/ros2interface:/home/fierra/ros2_humble/install/ros2doctor:/home/fierra/ros2_humble/install/ros2action:/home/fierra/ros2_humble/install/ros2cli:/home/fierra/ros2_humble/install/quality_of_service_demo_py:/home/fierra/ros2_humble/install/lifecycle_py:/home/fierra/ros2_humble/install/launch_testing_ros:/home/fierra/ros2_humble/install/launch_ros:/home/fierra/ros2_humble/install/examples_rclpy_pointcloud_publisher:/home/fierra/ros2_humble/install/examples_rclpy_minimal_subscriber:/home/fierra/ros2_humble/install/examples_rclpy_minimal_service:/home/fierra/ros2_humble/install/examples_rclpy_minimal_publisher:/home/fierra/ros2_humble/install/examples_rclpy_minimal_client:/home/fierra/ros2_humble/install/examples_rclpy_minimal_action_server:/home/fierra/ros2_humble/install/examples_rclpy_minimal_action_client:/home/fierra/ros2_humble/install/examples_rclpy_guard_conditions:/home/fierra/ros2_humble/install/examples_rclpy_executors:/home/fierra/ros2_humble/install/demo_nodes_py:/home/fierra/ros2_humble/install/action_tutorials_py:/home/fierra/ros2_humble/install/ament_uncrustify:/home/fierra/ros2_humble/install/tracetools_trace:/home/fierra/ros2_humble/install/tracetools_read:/home/fierra/ros2_humble/install/test_tracetools_launch:/home/fierra/ros2_humble/install/test_launch_ros:/home/fierra/ros2_humble/install/sensor_msgs_py:/home/fierra/ros2_humble/install/rpyutils:/home/fierra/ros2_humble/install/rosidl_runtime_py:/home/fierra/ros2_humble/install/rosidl_cli:/home/fierra/ros2_humble/install/launch_pytest:/home/fierra/ros2_humble/install/launch_testing:/home/fierra/ros2_humble/install/launch_yaml:/home/fierra/ros2_humble/install/launch_xml:/home/fierra/ros2_humble/install/launch:/home/fierra/ros2_humble/install/osrf_pycommon:/home/fierra/ros2_humble/install/launch_testing_examples:/home/fierra/ros2_humble/install/domain_coordinator:/home/fierra/ros2_humble/install/ament_xmllint:/home/fierra/ros2_humble/install/ament_pyflakes:/home/fierra/ros2_humble/install/ament_pycodestyle:/home/fierra/ros2_humble/install/ament_pep257:/home/fierra/ros2_humble/install/ament_pclint:/home/fierra/ros2_humble/install/ament_package:/home/fierra/ros2_humble/install/ament_mypy:/home/fierra/ros2_humble/install/ament_lint_cmake:/home/fierra/ros2_humble/install/ament_flake8:/home/fierra/ros2_humble/install/ament_copyright:/home/fierra/ros2_humble/install/ament_lint:/home/fierra/ros2_humble/install/ament_index_python:/home/fierra/ros2_humble/install/ament_cpplint:/home/fierra/ros2_humble/install/ament_cppcheck:/home/fierra/ros2_humble/install/ament_clang_tidy:/home/fierra/ros2_humble/install/ament_clang_format /usr/bin/cmake --install /home/fierra/beginner_tutuorial/build/tutorial_interfaces
[36.750s] Level 1:colcon.colcon_core.environment:checking '/home/fierra/beginner_tutuorial/install/tutorial_interfaces' for CMake module files
[36.752s] Level 1:colcon.colcon_core.environment:checking '/home/fierra/beginner_tutuorial/install/tutorial_interfaces' for CMake config files
[36.754s] Level 1:colcon.colcon_core.shell:create_environment_hook('tutorial_interfaces', 'cmake_prefix_path')
[36.763s] INFO:colcon.colcon_core.shell:Creating environment hook '/home/fierra/beginner_tutuorial/install/tutorial_interfaces/share/tutorial_interfaces/hook/cmake_prefix_path.ps1'
[36.765s] INFO:colcon.colcon_core.shell:Creating environment descriptor '/home/fierra/beginner_tutuorial/install/tutorial_interfaces/share/tutorial_interfaces/hook/cmake_prefix_path.dsv'
[36.766s] INFO:colcon.colcon_core.shell:Creating environment hook '/home/fierra/beginner_tutuorial/install/tutorial_interfaces/share/tutorial_interfaces/hook/cmake_prefix_path.sh'
[36.769s] Level 1:colcon.colcon_core.environment:checking '/home/fierra/beginner_tutuorial/install/tutorial_interfaces/lib'
[36.770s] Level 1:colcon.colcon_core.shell:create_environment_hook('tutorial_interfaces', 'ld_library_path_lib')
[36.778s] INFO:colcon.colcon_core.shell:Creating environment hook '/home/fierra/beginner_tutuorial/install/tutorial_interfaces/share/tutorial_interfaces/hook/ld_library_path_lib.ps1'
[36.779s] INFO:colcon.colcon_core.shell:Creating environment descriptor '/home/fierra/beginner_tutuorial/install/tutorial_interfaces/share/tutorial_interfaces/hook/ld_library_path_lib.dsv'
[36.780s] INFO:colcon.colcon_core.shell:Creating environment hook '/home/fierra/beginner_tutuorial/install/tutorial_interfaces/share/tutorial_interfaces/hook/ld_library_path_lib.sh'
[36.781s] Level 1:colcon.colcon_core.environment:checking '/home/fierra/beginner_tutuorial/install/tutorial_interfaces/bin'
[36.781s] Level 1:colcon.colcon_core.environment:checking '/home/fierra/beginner_tutuorial/install/tutorial_interfaces/lib/pkgconfig/tutorial_interfaces.pc'
[36.789s] Level 1:colcon.colcon_core.environment:checking '/home/fierra/beginner_tutuorial/install/tutorial_interfaces/lib/python3.8/site-packages'
[36.789s] Level 1:colcon.colcon_core.shell:create_environment_hook('tutorial_interfaces', 'pythonpath')
[36.799s] INFO:colcon.colcon_core.shell:Creating environment hook '/home/fierra/beginner_tutuorial/install/tutorial_interfaces/share/tutorial_interfaces/hook/pythonpath.ps1'
[36.800s] INFO:colcon.colcon_core.shell:Creating environment descriptor '/home/fierra/beginner_tutuorial/install/tutorial_interfaces/share/tutorial_interfaces/hook/pythonpath.dsv'
[36.801s] INFO:colcon.colcon_core.shell:Creating environment hook '/home/fierra/beginner_tutuorial/install/tutorial_interfaces/share/tutorial_interfaces/hook/pythonpath.sh'
[36.802s] Level 1:colcon.colcon_core.environment:checking '/home/fierra/beginner_tutuorial/install/tutorial_interfaces/bin'
[36.811s] INFO:colcon.colcon_core.shell:Creating package script '/home/fierra/beginner_tutuorial/install/tutorial_interfaces/share/tutorial_interfaces/package.ps1'
[36.814s] INFO:colcon.colcon_core.shell:Creating package descriptor '/home/fierra/beginner_tutuorial/install/tutorial_interfaces/share/tutorial_interfaces/package.dsv'
[36.816s] INFO:colcon.colcon_core.shell:Creating package script '/home/fierra/beginner_tutuorial/install/tutorial_interfaces/share/tutorial_interfaces/package.sh'
[36.820s] INFO:colcon.colcon_core.shell:Creating package script '/home/fierra/beginner_tutuorial/install/tutorial_interfaces/share/tutorial_interfaces/package.bash'
[36.822s] INFO:colcon.colcon_core.shell:Creating package script '/home/fierra/beginner_tutuorial/install/tutorial_interfaces/share/tutorial_interfaces/package.zsh'
[36.824s] Level 1:colcon.colcon_core.environment:create_file_with_runtime_dependencies(/home/fierra/beginner_tutuorial/install/tutorial_interfaces/share/colcon-core/packages/tutorial_interfaces)
[37.662s] Level 1:colcon.colcon_core.environment:create_environment_scripts_only(tutorial_interfaces)
[37.671s] Level 1:colcon.colcon_core.environment:checking '/home/fierra/beginner_tutuorial/install/tutorial_interfaces' for CMake module files
[37.673s] Level 1:colcon.colcon_core.environment:checking '/home/fierra/beginner_tutuorial/install/tutorial_interfaces' for CMake config files
[37.674s] Level 1:colcon.colcon_core.shell:create_environment_hook('tutorial_interfaces', 'cmake_prefix_path')
[37.679s] INFO:colcon.colcon_core.shell:Creating environment hook '/home/fierra/beginner_tutuorial/install/tutorial_interfaces/share/tutorial_interfaces/hook/cmake_prefix_path.ps1'
[37.680s] INFO:colcon.colcon_core.shell:Creating environment descriptor '/home/fierra/beginner_tutuorial/install/tutorial_interfaces/share/tutorial_interfaces/hook/cmake_prefix_path.dsv'
[37.681s] INFO:colcon.colcon_core.shell:Creating environment hook '/home/fierra/beginner_tutuorial/install/tutorial_interfaces/share/tutorial_interfaces/hook/cmake_prefix_path.sh'
[37.682s] Level 1:colcon.colcon_core.environment:checking '/home/fierra/beginner_tutuorial/install/tutorial_interfaces/lib'
[37.682s] Level 1:colcon.colcon_core.shell:create_environment_hook('tutorial_interfaces', 'ld_library_path_lib')
[37.686s] INFO:colcon.colcon_core.shell:Creating environment hook '/home/fierra/beginner_tutuorial/install/tutorial_interfaces/share/tutorial_interfaces/hook/ld_library_path_lib.ps1'
[37.687s] INFO:colcon.colcon_core.shell:Creating environment descriptor '/home/fierra/beginner_tutuorial/install/tutorial_interfaces/share/tutorial_interfaces/hook/ld_library_path_lib.dsv'
[37.688s] INFO:colcon.colcon_core.shell:Creating environment hook '/home/fierra/beginner_tutuorial/install/tutorial_interfaces/share/tutorial_interfaces/hook/ld_library_path_lib.sh'
[37.689s] Level 1:colcon.colcon_core.environment:checking '/home/fierra/beginner_tutuorial/install/tutorial_interfaces/bin'
[37.689s] Level 1:colcon.colcon_core.environment:checking '/home/fierra/beginner_tutuorial/install/tutorial_interfaces/lib/pkgconfig/tutorial_interfaces.pc'
[37.690s] Level 1:colcon.colcon_core.environment:checking '/home/fierra/beginner_tutuorial/install/tutorial_interfaces/lib/python3.8/site-packages'
[37.690s] Level 1:colcon.colcon_core.shell:create_environment_hook('tutorial_interfaces', 'pythonpath')
[37.695s] INFO:colcon.colcon_core.shell:Creating environment hook '/home/fierra/beginner_tutuorial/install/tutorial_interfaces/share/tutorial_interfaces/hook/pythonpath.ps1'
[37.696s] INFO:colcon.colcon_core.shell:Creating environment descriptor '/home/fierra/beginner_tutuorial/install/tutorial_interfaces/share/tutorial_interfaces/hook/pythonpath.dsv'
[37.696s] INFO:colcon.colcon_core.shell:Creating environment hook '/home/fierra/beginner_tutuorial/install/tutorial_interfaces/share/tutorial_interfaces/hook/pythonpath.sh'
[37.698s] Level 1:colcon.colcon_core.environment:checking '/home/fierra/beginner_tutuorial/install/tutorial_interfaces/bin'
[37.702s] INFO:colcon.colcon_core.shell:Creating package script '/home/fierra/beginner_tutuorial/install/tutorial_interfaces/share/tutorial_interfaces/package.ps1'
[37.704s] INFO:colcon.colcon_core.shell:Creating package descriptor '/home/fierra/beginner_tutuorial/install/tutorial_interfaces/share/tutorial_interfaces/package.dsv'
[37.705s] INFO:colcon.colcon_core.shell:Creating package script '/home/fierra/beginner_tutuorial/install/tutorial_interfaces/share/tutorial_interfaces/package.sh'
[37.706s] INFO:colcon.colcon_core.shell:Creating package script '/home/fierra/beginner_tutuorial/install/tutorial_interfaces/share/tutorial_interfaces/package.bash'
[37.707s] INFO:colcon.colcon_core.shell:Creating package script '/home/fierra/beginner_tutuorial/install/tutorial_interfaces/share/tutorial_interfaces/package.zsh'
[37.708s] Level 1:colcon.colcon_core.environment:create_file_with_runtime_dependencies(/home/fierra/beginner_tutuorial/install/tutorial_interfaces/share/colcon-core/packages/tutorial_interfaces)
[37.710s] DEBUG:colcon.colcon_parallel_executor.executor.parallel:closing loop
[37.710s] DEBUG:colcon.colcon_parallel_executor.executor.parallel:loop closed
[37.711s] DEBUG:colcon.colcon_parallel_executor.executor.parallel:run_until_complete finished with '0'
[37.711s] DEBUG:colcon.colcon_core.event_reactor:joining thread
[37.738s] INFO:colcon.colcon_core.plugin_system:Skipping extension 'colcon_notification.desktop_notification.terminal_notifier': Not used on non-Darwin systems
[37.739s] INFO:colcon.colcon_core.plugin_system:Skipping extension 'colcon_notification.desktop_notification.win32': Not used on non-Windows systems
[37.739s] INFO:colcon.colcon_notification.desktop_notification:Sending desktop notification using 'notify2'
[37.776s] DEBUG:colcon.colcon_core.event_reactor:joined thread
[37.781s] INFO:colcon.colcon_core.shell:Creating prefix script '/home/fierra/beginner_tutuorial/install/local_setup.ps1'
[37.783s] INFO:colcon.colcon_core.shell:Creating prefix util module '/home/fierra/beginner_tutuorial/install/_local_setup_util_ps1.py'
[37.786s] INFO:colcon.colcon_core.shell:Creating prefix chain script '/home/fierra/beginner_tutuorial/install/setup.ps1'
[37.821s] INFO:colcon.colcon_core.shell:Creating prefix script '/home/fierra/beginner_tutuorial/install/local_setup.sh'
[37.822s] INFO:colcon.colcon_core.shell:Creating prefix util module '/home/fierra/beginner_tutuorial/install/_local_setup_util_sh.py'
[37.823s] INFO:colcon.colcon_core.shell:Creating prefix chain script '/home/fierra/beginner_tutuorial/install/setup.sh'
[37.862s] INFO:colcon.colcon_core.shell:Creating prefix script '/home/fierra/beginner_tutuorial/install/local_setup.bash'
[37.863s] INFO:colcon.colcon_core.shell:Creating prefix chain script '/home/fierra/beginner_tutuorial/install/setup.bash'
[37.895s] INFO:colcon.colcon_core.shell:Creating prefix script '/home/fierra/beginner_tutuorial/install/local_setup.zsh'
[37.896s] INFO:colcon.colcon_core.shell:Creating prefix chain script '/home/fierra/beginner_tutuorial/install/setup.zsh'
