[3.907s] Invoking command in '/home/fierra/ros2_ws/build/examples_rclpy_minimal_client': PYTHONPATH=/home/fierra/ros2_ws/install/examples_rclpy_minimal_client/lib/python3.8/site-packages:${PYTHONPATH} /usr/bin/python3 setup.py develop --prefix /home/fierra/ros2_ws/install/examples_rclpy_minimal_client --uninstall --editable --build-directory /home/fierra/ros2_ws/build/examples_rclpy_minimal_client/build
[5.109s] running develop
[5.396s] Removing /home/fierra/ros2_ws/install/examples_rclpy_minimal_client/lib/python3.8/site-packages/examples-rclpy-minimal-client.egg-link (link to .)
[5.929s] Invoked command in '/home/fierra/ros2_ws/build/examples_rclpy_minimal_client' returned '0': PYTHONPATH=/home/fierra/ros2_ws/install/examples_rclpy_minimal_client/lib/python3.8/site-packages:${PYTHONPATH} /usr/bin/python3 setup.py develop --prefix /home/fierra/ros2_ws/install/examples_rclpy_minimal_client --uninstall --editable --build-directory /home/fierra/ros2_ws/build/examples_rclpy_minimal_client/build
[5.933s] Invoking command in '/home/fierra/ros2_ws/src/examples/rclpy/services/minimal_client': PYTHONPATH=/home/fierra/ros2_ws/install/examples_rclpy_minimal_client/lib/python3.8/site-packages:${PYTHONPATH} /usr/bin/python3 setup.py egg_info --egg-base ../../../../../build/examples_rclpy_minimal_client build --build-base /home/fierra/ros2_ws/build/examples_rclpy_minimal_client/build install --prefix /home/fierra/ros2_ws/install/examples_rclpy_minimal_client --record /home/fierra/ros2_ws/build/examples_rclpy_minimal_client/install.log --single-version-externally-managed
[7.020s] running egg_info
[7.021s] writing ../../../../../build/examples_rclpy_minimal_client/examples_rclpy_minimal_client.egg-info/PKG-INFO
[7.021s] writing dependency_links to ../../../../../build/examples_rclpy_minimal_client/examples_rclpy_minimal_client.egg-info/dependency_links.txt
[7.022s] writing entry points to ../../../../../build/examples_rclpy_minimal_client/examples_rclpy_minimal_client.egg-info/entry_points.txt
[7.022s] writing requirements to ../../../../../build/examples_rclpy_minimal_client/examples_rclpy_minimal_client.egg-info/requires.txt
[7.022s] writing top-level names to ../../../../../build/examples_rclpy_minimal_client/examples_rclpy_minimal_client.egg-info/top_level.txt
[7.074s] reading manifest file '../../../../../build/examples_rclpy_minimal_client/examples_rclpy_minimal_client.egg-info/SOURCES.txt'
[7.075s] writing manifest file '../../../../../build/examples_rclpy_minimal_client/examples_rclpy_minimal_client.egg-info/SOURCES.txt'
[7.083s] running build
[7.084s] running build_py
[7.084s] creating /home/fierra/ros2_ws/build/examples_rclpy_minimal_client/build
[7.084s] creating /home/fierra/ros2_ws/build/examples_rclpy_minimal_client/build/lib
[7.084s] creating /home/fierra/ros2_ws/build/examples_rclpy_minimal_client/build/lib/examples_rclpy_minimal_client
[7.085s] copying examples_rclpy_minimal_client/client_async_member_function.py -> /home/fierra/ros2_ws/build/examples_rclpy_minimal_client/build/lib/examples_rclpy_minimal_client
[7.085s] copying examples_rclpy_minimal_client/__init__.py -> /home/fierra/ros2_ws/build/examples_rclpy_minimal_client/build/lib/examples_rclpy_minimal_client
[7.085s] copying examples_rclpy_minimal_client/client_async_callback.py -> /home/fierra/ros2_ws/build/examples_rclpy_minimal_client/build/lib/examples_rclpy_minimal_client
[7.085s] copying examples_rclpy_minimal_client/client.py -> /home/fierra/ros2_ws/build/examples_rclpy_minimal_client/build/lib/examples_rclpy_minimal_client
[7.086s] copying examples_rclpy_minimal_client/client_async.py -> /home/fierra/ros2_ws/build/examples_rclpy_minimal_client/build/lib/examples_rclpy_minimal_client
[7.086s] running install
[7.086s] running install_lib
[7.087s] creating /home/fierra/ros2_ws/install/examples_rclpy_minimal_client/lib/python3.8/site-packages/examples_rclpy_minimal_client
[7.087s] copying /home/fierra/ros2_ws/build/examples_rclpy_minimal_client/build/lib/examples_rclpy_minimal_client/client_async_member_function.py -> /home/fierra/ros2_ws/install/examples_rclpy_minimal_client/lib/python3.8/site-packages/examples_rclpy_minimal_client
[7.087s] copying /home/fierra/ros2_ws/build/examples_rclpy_minimal_client/build/lib/examples_rclpy_minimal_client/__init__.py -> /home/fierra/ros2_ws/install/examples_rclpy_minimal_client/lib/python3.8/site-packages/examples_rclpy_minimal_client
[7.088s] copying /home/fierra/ros2_ws/build/examples_rclpy_minimal_client/build/lib/examples_rclpy_minimal_client/client_async_callback.py -> /home/fierra/ros2_ws/install/examples_rclpy_minimal_client/lib/python3.8/site-packages/examples_rclpy_minimal_client
[7.088s] copying /home/fierra/ros2_ws/build/examples_rclpy_minimal_client/build/lib/examples_rclpy_minimal_client/client.py -> /home/fierra/ros2_ws/install/examples_rclpy_minimal_client/lib/python3.8/site-packages/examples_rclpy_minimal_client
[7.088s] copying /home/fierra/ros2_ws/build/examples_rclpy_minimal_client/build/lib/examples_rclpy_minimal_client/client_async.py -> /home/fierra/ros2_ws/install/examples_rclpy_minimal_client/lib/python3.8/site-packages/examples_rclpy_minimal_client
[7.088s] byte-compiling /home/fierra/ros2_ws/install/examples_rclpy_minimal_client/lib/python3.8/site-packages/examples_rclpy_minimal_client/client_async_member_function.py to client_async_member_function.cpython-38.pyc
[7.088s] byte-compiling /home/fierra/ros2_ws/install/examples_rclpy_minimal_client/lib/python3.8/site-packages/examples_rclpy_minimal_client/__init__.py to __init__.cpython-38.pyc
[7.088s] byte-compiling /home/fierra/ros2_ws/install/examples_rclpy_minimal_client/lib/python3.8/site-packages/examples_rclpy_minimal_client/client_async_callback.py to client_async_callback.cpython-38.pyc
[7.088s] byte-compiling /home/fierra/ros2_ws/install/examples_rclpy_minimal_client/lib/python3.8/site-packages/examples_rclpy_minimal_client/client.py to client.cpython-38.pyc
[7.088s] byte-compiling /home/fierra/ros2_ws/install/examples_rclpy_minimal_client/lib/python3.8/site-packages/examples_rclpy_minimal_client/client_async.py to client_async.cpython-38.pyc
[7.089s] running install_data
[7.089s] running install_egg_info
[7.089s] Copying ../../../../../build/examples_rclpy_minimal_client/examples_rclpy_minimal_client.egg-info to /home/fierra/ros2_ws/install/examples_rclpy_minimal_client/lib/python3.8/site-packages/examples_rclpy_minimal_client-0.15.1-py3.8.egg-info
[7.089s] running install_scripts
[7.121s] Installing client script to /home/fierra/ros2_ws/install/examples_rclpy_minimal_client/lib/examples_rclpy_minimal_client
[7.121s] Installing client_async script to /home/fierra/ros2_ws/install/examples_rclpy_minimal_client/lib/examples_rclpy_minimal_client
[7.121s] Installing client_async_callback script to /home/fierra/ros2_ws/install/examples_rclpy_minimal_client/lib/examples_rclpy_minimal_client
[7.122s] Installing client_async_member_function script to /home/fierra/ros2_ws/install/examples_rclpy_minimal_client/lib/examples_rclpy_minimal_client
[7.122s] writing list of installed files to '/home/fierra/ros2_ws/build/examples_rclpy_minimal_client/install.log'
[7.166s] Invoked command in '/home/fierra/ros2_ws/src/examples/rclpy/services/minimal_client' returned '0': PYTHONPATH=/home/fierra/ros2_ws/install/examples_rclpy_minimal_client/lib/python3.8/site-packages:${PYTHONPATH} /usr/bin/python3 setup.py egg_info --egg-base ../../../../../build/examples_rclpy_minimal_client build --build-base /home/fierra/ros2_ws/build/examples_rclpy_minimal_client/build install --prefix /home/fierra/ros2_ws/install/examples_rclpy_minimal_client --record /home/fierra/ros2_ws/build/examples_rclpy_minimal_client/install.log --single-version-externally-managed
