[  2%] Built target beginner_tutorials__cpp
[  6%] Built target gtest
[ 11%] Built target gtest_main
[ 18%] Built target beginner_tutorials__rosidl_generator_c
[ 18%] Built target ament_cmake_python_copy_beginner_tutorials
[ 25%] Built target beginner_tutorials__rosidl_typesupport_fastrtps_c
[ 32%] Built target beginner_tutorials__rosidl_typesupport_fastrtps_cpp
[ 34%] [32mBuilding CXX object CMakeFiles/beginner_tutorials_test.dir/test/basic_test.cpp.o[0m
[ 41%] Built target beginner_tutorials__rosidl_typesupport_cpp
[ 48%] Built target beginner_tutorials__rosidl_typesupport_introspection_cpp
[ 55%] Built target beginner_tutorials__rosidl_typesupport_introspection_c
[ 62%] Built target beginner_tutorials__rosidl_typesupport_c
[ 62%] Built target beginner_tutorials
[ 65%] Built target beginner_tutorials__py
[ 69%] Built target listener
[ 74%] Built target talker
[ 79%] Built target client
[ 83%] Built target beginner_tutorials__rosidl_generator_py
[ 88%] Built target beginner_tutorials__rosidl_typesupport_c__pyext
[ 93%] Built target beginner_tutorials__rosidl_typesupport_fastrtps_c__pyext
[ 97%] Built target beginner_tutorials__rosidl_typesupport_introspection_c__pyext
running egg_info
writing beginner_tutorials.egg-info/PKG-INFO
writing dependency_links to beginner_tutorials.egg-info/dependency_links.txt
writing top-level names to beginner_tutorials.egg-info/top_level.txt
reading manifest file 'beginner_tutorials.egg-info/SOURCES.txt'
writing manifest file 'beginner_tutorials.egg-info/SOURCES.txt'
[ 97%] Built target ament_cmake_python_build_beginner_tutorials_egg
