[3.198s] Invoking command in '/home/fierra/ros2_ws/build/examples_rclpy_minimal_client': PYTHONPATH=/home/fierra/ros2_ws/install/examples_rclpy_minimal_client/lib/python3.8/site-packages:${PYTHONPATH} /usr/bin/python3 setup.py develop --prefix /home/fierra/ros2_ws/install/examples_rclpy_minimal_client --editable --build-directory /home/fierra/ros2_ws/build/examples_rclpy_minimal_client/build --no-deps install_data --install-dir /home/fierra/ros2_ws/install/examples_rclpy_minimal_client
[4.703s] running develop
[5.106s] running egg_info
[5.107s] creating examples_rclpy_minimal_client.egg-info
[5.108s] writing examples_rclpy_minimal_client.egg-info/PKG-INFO
[5.109s] writing dependency_links to examples_rclpy_minimal_client.egg-info/dependency_links.txt
[5.109s] writing entry points to examples_rclpy_minimal_client.egg-info/entry_points.txt
[5.110s] writing requirements to examples_rclpy_minimal_client.egg-info/requires.txt
[5.111s] writing top-level names to examples_rclpy_minimal_client.egg-info/top_level.txt
[5.111s] writing manifest file 'examples_rclpy_minimal_client.egg-info/SOURCES.txt'
[5.192s] reading manifest file 'examples_rclpy_minimal_client.egg-info/SOURCES.txt'
[5.194s] writing manifest file 'examples_rclpy_minimal_client.egg-info/SOURCES.txt'
[5.203s] running build_ext
[5.203s] Creating /home/fierra/ros2_ws/install/examples_rclpy_minimal_client/lib/python3.8/site-packages/site.py
[5.212s] Creating /home/fierra/ros2_ws/install/examples_rclpy_minimal_client/lib/python3.8/site-packages/examples-rclpy-minimal-client.egg-link (link to .)
[5.213s] Installing client script to /home/fierra/ros2_ws/install/examples_rclpy_minimal_client/lib/examples_rclpy_minimal_client
[5.214s] Installing client_async script to /home/fierra/ros2_ws/install/examples_rclpy_minimal_client/lib/examples_rclpy_minimal_client
[5.215s] Installing client_async_callback script to /home/fierra/ros2_ws/install/examples_rclpy_minimal_client/lib/examples_rclpy_minimal_client
[5.215s] Installing client_async_member_function script to /home/fierra/ros2_ws/install/examples_rclpy_minimal_client/lib/examples_rclpy_minimal_client
[5.216s] 
[5.216s] Installed /home/fierra/ros2_ws/build/examples_rclpy_minimal_client
[5.216s] running install_data
[5.217s] creating /home/fierra/ros2_ws/install/examples_rclpy_minimal_client/share/ament_index
[5.217s] creating /home/fierra/ros2_ws/install/examples_rclpy_minimal_client/share/ament_index/resource_index
[5.217s] creating /home/fierra/ros2_ws/install/examples_rclpy_minimal_client/share/ament_index/resource_index/packages
[5.218s] copying resource/examples_rclpy_minimal_client -> /home/fierra/ros2_ws/install/examples_rclpy_minimal_client/share/ament_index/resource_index/packages
[5.218s] copying package.xml -> /home/fierra/ros2_ws/install/examples_rclpy_minimal_client/share/examples_rclpy_minimal_client
[5.284s] Invoked command in '/home/fierra/ros2_ws/build/examples_rclpy_minimal_client' returned '0': PYTHONPATH=/home/fierra/ros2_ws/install/examples_rclpy_minimal_client/lib/python3.8/site-packages:${PYTHONPATH} /usr/bin/python3 setup.py develop --prefix /home/fierra/ros2_ws/install/examples_rclpy_minimal_client --editable --build-directory /home/fierra/ros2_ws/build/examples_rclpy_minimal_client/build --no-deps install_data --install-dir /home/fierra/ros2_ws/install/examples_rclpy_minimal_client
