[2.925s] Invoking command in '/home/fierra/ros2_ws/build/examples_rclpy_pointcloud_publisher': PYTHONPATH=/home/fierra/ros2_ws/install/examples_rclpy_pointcloud_publisher/lib/python3.8/site-packages:${PYTHONPATH} /usr/bin/python3 setup.py develop --prefix /home/fierra/ros2_ws/install/examples_rclpy_pointcloud_publisher --uninstall --editable --build-directory /home/fierra/ros2_ws/build/examples_rclpy_pointcloud_publisher/build
[3.857s] running develop
[4.182s] Removing /home/fierra/ros2_ws/install/examples_rclpy_pointcloud_publisher/lib/python3.8/site-packages/examples-rclpy-pointcloud-publisher.egg-link (link to .)
[4.208s] Invoked command in '/home/fierra/ros2_ws/build/examples_rclpy_pointcloud_publisher' returned '0': PYTHONPATH=/home/fierra/ros2_ws/install/examples_rclpy_pointcloud_publisher/lib/python3.8/site-packages:${PYTHONPATH} /usr/bin/python3 setup.py develop --prefix /home/fierra/ros2_ws/install/examples_rclpy_pointcloud_publisher --uninstall --editable --build-directory /home/fierra/ros2_ws/build/examples_rclpy_pointcloud_publisher/build
[4.211s] Invoking command in '/home/fierra/ros2_ws/src/examples/rclpy/topics/pointcloud_publisher': PYTHONPATH=/home/fierra/ros2_ws/install/examples_rclpy_pointcloud_publisher/lib/python3.8/site-packages:${PYTHONPATH} /usr/bin/python3 setup.py egg_info --egg-base ../../../../../build/examples_rclpy_pointcloud_publisher build --build-base /home/fierra/ros2_ws/build/examples_rclpy_pointcloud_publisher/build install --prefix /home/fierra/ros2_ws/install/examples_rclpy_pointcloud_publisher --record /home/fierra/ros2_ws/build/examples_rclpy_pointcloud_publisher/install.log --single-version-externally-managed
[4.831s] running egg_info
[4.832s] writing ../../../../../build/examples_rclpy_pointcloud_publisher/examples_rclpy_pointcloud_publisher.egg-info/PKG-INFO
[4.832s] writing dependency_links to ../../../../../build/examples_rclpy_pointcloud_publisher/examples_rclpy_pointcloud_publisher.egg-info/dependency_links.txt
[4.832s] writing entry points to ../../../../../build/examples_rclpy_pointcloud_publisher/examples_rclpy_pointcloud_publisher.egg-info/entry_points.txt
[4.832s] writing requirements to ../../../../../build/examples_rclpy_pointcloud_publisher/examples_rclpy_pointcloud_publisher.egg-info/requires.txt
[4.832s] writing top-level names to ../../../../../build/examples_rclpy_pointcloud_publisher/examples_rclpy_pointcloud_publisher.egg-info/top_level.txt
[4.921s] reading manifest file '../../../../../build/examples_rclpy_pointcloud_publisher/examples_rclpy_pointcloud_publisher.egg-info/SOURCES.txt'
[4.922s] writing manifest file '../../../../../build/examples_rclpy_pointcloud_publisher/examples_rclpy_pointcloud_publisher.egg-info/SOURCES.txt'
[4.922s] running build
[4.923s] running build_py
[4.923s] creating /home/fierra/ros2_ws/build/examples_rclpy_pointcloud_publisher/build
[4.923s] creating /home/fierra/ros2_ws/build/examples_rclpy_pointcloud_publisher/build/lib
[4.923s] creating /home/fierra/ros2_ws/build/examples_rclpy_pointcloud_publisher/build/lib/examples_rclpy_pointcloud_publisher
[4.923s] copying examples_rclpy_pointcloud_publisher/pointcloud_publisher.py -> /home/fierra/ros2_ws/build/examples_rclpy_pointcloud_publisher/build/lib/examples_rclpy_pointcloud_publisher
[4.923s] copying examples_rclpy_pointcloud_publisher/__init__.py -> /home/fierra/ros2_ws/build/examples_rclpy_pointcloud_publisher/build/lib/examples_rclpy_pointcloud_publisher
[4.923s] running install
[4.926s] running install_lib
[4.927s] creating /home/fierra/ros2_ws/install/examples_rclpy_pointcloud_publisher/lib/python3.8/site-packages/examples_rclpy_pointcloud_publisher
[4.927s] copying /home/fierra/ros2_ws/build/examples_rclpy_pointcloud_publisher/build/lib/examples_rclpy_pointcloud_publisher/pointcloud_publisher.py -> /home/fierra/ros2_ws/install/examples_rclpy_pointcloud_publisher/lib/python3.8/site-packages/examples_rclpy_pointcloud_publisher
[4.927s] copying /home/fierra/ros2_ws/build/examples_rclpy_pointcloud_publisher/build/lib/examples_rclpy_pointcloud_publisher/__init__.py -> /home/fierra/ros2_ws/install/examples_rclpy_pointcloud_publisher/lib/python3.8/site-packages/examples_rclpy_pointcloud_publisher
[4.929s] byte-compiling /home/fierra/ros2_ws/install/examples_rclpy_pointcloud_publisher/lib/python3.8/site-packages/examples_rclpy_pointcloud_publisher/pointcloud_publisher.py to pointcloud_publisher.cpython-38.pyc
[4.931s] byte-compiling /home/fierra/ros2_ws/install/examples_rclpy_pointcloud_publisher/lib/python3.8/site-packages/examples_rclpy_pointcloud_publisher/__init__.py to __init__.cpython-38.pyc
[4.931s] running install_data
[4.932s] running install_egg_info
[4.935s] Copying ../../../../../build/examples_rclpy_pointcloud_publisher/examples_rclpy_pointcloud_publisher.egg-info to /home/fierra/ros2_ws/install/examples_rclpy_pointcloud_publisher/lib/python3.8/site-packages/examples_rclpy_pointcloud_publisher-0.15.1-py3.8.egg-info
[4.936s] running install_scripts
[4.966s] Installing pointcloud_publisher script to /home/fierra/ros2_ws/install/examples_rclpy_pointcloud_publisher/lib/examples_rclpy_pointcloud_publisher
[4.966s] writing list of installed files to '/home/fierra/ros2_ws/build/examples_rclpy_pointcloud_publisher/install.log'
[4.998s] Invoked command in '/home/fierra/ros2_ws/src/examples/rclpy/topics/pointcloud_publisher' returned '0': PYTHONPATH=/home/fierra/ros2_ws/install/examples_rclpy_pointcloud_publisher/lib/python3.8/site-packages:${PYTHONPATH} /usr/bin/python3 setup.py egg_info --egg-base ../../../../../build/examples_rclpy_pointcloud_publisher build --build-base /home/fierra/ros2_ws/build/examples_rclpy_pointcloud_publisher/build install --prefix /home/fierra/ros2_ws/install/examples_rclpy_pointcloud_publisher --record /home/fierra/ros2_ws/build/examples_rclpy_pointcloud_publisher/install.log --single-version-externally-managed
