[3.484s] Invoking command in '/home/fierra/ros2_ws/build/examples_rclpy_minimal_publisher': PYTHONPATH=/home/fierra/ros2_ws/install/examples_rclpy_minimal_publisher/lib/python3.8/site-packages:${PYTHONPATH} /usr/bin/python3 setup.py develop --prefix /home/fierra/ros2_ws/install/examples_rclpy_minimal_publisher --editable --build-directory /home/fierra/ros2_ws/build/examples_rclpy_minimal_publisher/build --no-deps install_data --install-dir /home/fierra/ros2_ws/install/examples_rclpy_minimal_publisher
[4.848s] running develop
[5.317s] running egg_info
[5.318s] creating examples_rclpy_minimal_publisher.egg-info
[5.318s] writing examples_rclpy_minimal_publisher.egg-info/PKG-INFO
[5.319s] writing dependency_links to examples_rclpy_minimal_publisher.egg-info/dependency_links.txt
[5.319s] writing entry points to examples_rclpy_minimal_publisher.egg-info/entry_points.txt
[5.319s] writing requirements to examples_rclpy_minimal_publisher.egg-info/requires.txt
[5.320s] writing top-level names to examples_rclpy_minimal_publisher.egg-info/top_level.txt
[5.320s] writing manifest file 'examples_rclpy_minimal_publisher.egg-info/SOURCES.txt'
[5.396s] reading manifest file 'examples_rclpy_minimal_publisher.egg-info/SOURCES.txt'
[5.396s] writing manifest file 'examples_rclpy_minimal_publisher.egg-info/SOURCES.txt'
[5.404s] running build_ext
[5.404s] Creating /home/fierra/ros2_ws/install/examples_rclpy_minimal_publisher/lib/python3.8/site-packages/site.py
[5.412s] Creating /home/fierra/ros2_ws/install/examples_rclpy_minimal_publisher/lib/python3.8/site-packages/examples-rclpy-minimal-publisher.egg-link (link to .)
[5.414s] Installing publisher_local_function script to /home/fierra/ros2_ws/install/examples_rclpy_minimal_publisher/lib/examples_rclpy_minimal_publisher
[5.414s] Installing publisher_member_function script to /home/fierra/ros2_ws/install/examples_rclpy_minimal_publisher/lib/examples_rclpy_minimal_publisher
[5.414s] Installing publisher_old_school script to /home/fierra/ros2_ws/install/examples_rclpy_minimal_publisher/lib/examples_rclpy_minimal_publisher
[5.415s] 
[5.415s] Installed /home/fierra/ros2_ws/build/examples_rclpy_minimal_publisher
[5.415s] running install_data
[5.415s] creating /home/fierra/ros2_ws/install/examples_rclpy_minimal_publisher/share/ament_index
[5.415s] creating /home/fierra/ros2_ws/install/examples_rclpy_minimal_publisher/share/ament_index/resource_index
[5.415s] creating /home/fierra/ros2_ws/install/examples_rclpy_minimal_publisher/share/ament_index/resource_index/packages
[5.416s] copying resource/examples_rclpy_minimal_publisher -> /home/fierra/ros2_ws/install/examples_rclpy_minimal_publisher/share/ament_index/resource_index/packages
[5.416s] copying package.xml -> /home/fierra/ros2_ws/install/examples_rclpy_minimal_publisher/share/examples_rclpy_minimal_publisher
[5.481s] Invoked command in '/home/fierra/ros2_ws/build/examples_rclpy_minimal_publisher' returned '0': PYTHONPATH=/home/fierra/ros2_ws/install/examples_rclpy_minimal_publisher/lib/python3.8/site-packages:${PYTHONPATH} /usr/bin/python3 setup.py develop --prefix /home/fierra/ros2_ws/install/examples_rclpy_minimal_publisher --editable --build-directory /home/fierra/ros2_ws/build/examples_rclpy_minimal_publisher/build --no-deps install_data --install-dir /home/fierra/ros2_ws/install/examples_rclpy_minimal_publisher
