[3.689s] Invoking command in '/home/fierra/ros2_ws/build/examples_rclpy_minimal_action_server': PYTHONPATH=/home/fierra/ros2_ws/install/examples_rclpy_minimal_action_server/lib/python3.8/site-packages:${PYTHONPATH} /usr/bin/python3 setup.py develop --prefix /home/fierra/ros2_ws/install/examples_rclpy_minimal_action_server --editable --build-directory /home/fierra/ros2_ws/build/examples_rclpy_minimal_action_server/build --no-deps install_data --install-dir /home/fierra/ros2_ws/install/examples_rclpy_minimal_action_server
[5.009s] running develop
[5.452s] running egg_info
[5.453s] creating examples_rclpy_minimal_action_server.egg-info
[5.453s] writing examples_rclpy_minimal_action_server.egg-info/PKG-INFO
[5.453s] writing dependency_links to examples_rclpy_minimal_action_server.egg-info/dependency_links.txt
[5.453s] writing entry points to examples_rclpy_minimal_action_server.egg-info/entry_points.txt
[5.453s] writing requirements to examples_rclpy_minimal_action_server.egg-info/requires.txt
[5.453s] writing top-level names to examples_rclpy_minimal_action_server.egg-info/top_level.txt
[5.453s] writing manifest file 'examples_rclpy_minimal_action_server.egg-info/SOURCES.txt'
[5.530s] reading manifest file 'examples_rclpy_minimal_action_server.egg-info/SOURCES.txt'
[5.531s] writing manifest file 'examples_rclpy_minimal_action_server.egg-info/SOURCES.txt'
[5.539s] running build_ext
[5.540s] Creating /home/fierra/ros2_ws/install/examples_rclpy_minimal_action_server/lib/python3.8/site-packages/site.py
[5.547s] Creating /home/fierra/ros2_ws/install/examples_rclpy_minimal_action_server/lib/python3.8/site-packages/examples-rclpy-minimal-action-server.egg-link (link to .)
[5.549s] Installing server script to /home/fierra/ros2_ws/install/examples_rclpy_minimal_action_server/lib/examples_rclpy_minimal_action_server
[5.549s] Installing server_defer script to /home/fierra/ros2_ws/install/examples_rclpy_minimal_action_server/lib/examples_rclpy_minimal_action_server
[5.549s] Installing server_not_composable script to /home/fierra/ros2_ws/install/examples_rclpy_minimal_action_server/lib/examples_rclpy_minimal_action_server
[5.549s] Installing server_queue_goals script to /home/fierra/ros2_ws/install/examples_rclpy_minimal_action_server/lib/examples_rclpy_minimal_action_server
[5.549s] Installing server_single_goal script to /home/fierra/ros2_ws/install/examples_rclpy_minimal_action_server/lib/examples_rclpy_minimal_action_server
[5.550s] 
[5.550s] Installed /home/fierra/ros2_ws/build/examples_rclpy_minimal_action_server
[5.550s] running install_data
[5.550s] creating /home/fierra/ros2_ws/install/examples_rclpy_minimal_action_server/share/ament_index
[5.551s] creating /home/fierra/ros2_ws/install/examples_rclpy_minimal_action_server/share/ament_index/resource_index
[5.551s] creating /home/fierra/ros2_ws/install/examples_rclpy_minimal_action_server/share/ament_index/resource_index/packages
[5.551s] copying resource/examples_rclpy_minimal_action_server -> /home/fierra/ros2_ws/install/examples_rclpy_minimal_action_server/share/ament_index/resource_index/packages
[5.551s] copying package.xml -> /home/fierra/ros2_ws/install/examples_rclpy_minimal_action_server/share/examples_rclpy_minimal_action_server
[5.615s] Invoked command in '/home/fierra/ros2_ws/build/examples_rclpy_minimal_action_server' returned '0': PYTHONPATH=/home/fierra/ros2_ws/install/examples_rclpy_minimal_action_server/lib/python3.8/site-packages:${PYTHONPATH} /usr/bin/python3 setup.py develop --prefix /home/fierra/ros2_ws/install/examples_rclpy_minimal_action_server --editable --build-directory /home/fierra/ros2_ws/build/examples_rclpy_minimal_action_server/build --no-deps install_data --install-dir /home/fierra/ros2_ws/install/examples_rclpy_minimal_action_server
