[4.475s] Invoking command in '/home/fierra/ros2_ws/build/examples_rclpy_guard_conditions': PYTHONPATH=/home/fierra/ros2_ws/install/examples_rclpy_guard_conditions/lib/python3.8/site-packages:${PYTHONPATH} /usr/bin/python3 setup.py develop --prefix /home/fierra/ros2_ws/install/examples_rclpy_guard_conditions --uninstall --editable --build-directory /home/fierra/ros2_ws/build/examples_rclpy_guard_conditions/build
[5.770s] running develop
[6.011s] Removing /home/fierra/ros2_ws/install/examples_rclpy_guard_conditions/lib/python3.8/site-packages/examples-rclpy-guard-conditions.egg-link (link to .)
[6.172s] Invoked command in '/home/fierra/ros2_ws/build/examples_rclpy_guard_conditions' returned '0': PYTHONPATH=/home/fierra/ros2_ws/install/examples_rclpy_guard_conditions/lib/python3.8/site-packages:${PYTHONPATH} /usr/bin/python3 setup.py develop --prefix /home/fierra/ros2_ws/install/examples_rclpy_guard_conditions --uninstall --editable --build-directory /home/fierra/ros2_ws/build/examples_rclpy_guard_conditions/build
[6.176s] Invoking command in '/home/fierra/ros2_ws/src/examples/rclpy/guard_conditions': PYTHONPATH=/home/fierra/ros2_ws/install/examples_rclpy_guard_conditions/lib/python3.8/site-packages:${PYTHONPATH} /usr/bin/python3 setup.py egg_info --egg-base ../../../../build/examples_rclpy_guard_conditions build --build-base /home/fierra/ros2_ws/build/examples_rclpy_guard_conditions/build install --prefix /home/fierra/ros2_ws/install/examples_rclpy_guard_conditions --record /home/fierra/ros2_ws/build/examples_rclpy_guard_conditions/install.log --single-version-externally-managed
[7.148s] running egg_info
[7.149s] writing ../../../../build/examples_rclpy_guard_conditions/examples_rclpy_guard_conditions.egg-info/PKG-INFO
[7.149s] writing dependency_links to ../../../../build/examples_rclpy_guard_conditions/examples_rclpy_guard_conditions.egg-info/dependency_links.txt
[7.150s] writing entry points to ../../../../build/examples_rclpy_guard_conditions/examples_rclpy_guard_conditions.egg-info/entry_points.txt
[7.151s] writing requirements to ../../../../build/examples_rclpy_guard_conditions/examples_rclpy_guard_conditions.egg-info/requires.txt
[7.153s] writing top-level names to ../../../../build/examples_rclpy_guard_conditions/examples_rclpy_guard_conditions.egg-info/top_level.txt
[7.154s] reading manifest file '../../../../build/examples_rclpy_guard_conditions/examples_rclpy_guard_conditions.egg-info/SOURCES.txt'
[7.154s] writing manifest file '../../../../build/examples_rclpy_guard_conditions/examples_rclpy_guard_conditions.egg-info/SOURCES.txt'
[7.154s] running build
[7.154s] running build_py
[7.154s] creating /home/fierra/ros2_ws/build/examples_rclpy_guard_conditions/build
[7.154s] creating /home/fierra/ros2_ws/build/examples_rclpy_guard_conditions/build/lib
[7.155s] creating /home/fierra/ros2_ws/build/examples_rclpy_guard_conditions/build/lib/examples_rclpy_guard_conditions
[7.155s] copying examples_rclpy_guard_conditions/__init__.py -> /home/fierra/ros2_ws/build/examples_rclpy_guard_conditions/build/lib/examples_rclpy_guard_conditions
[7.157s] copying examples_rclpy_guard_conditions/trigger_guard_condition.py -> /home/fierra/ros2_ws/build/examples_rclpy_guard_conditions/build/lib/examples_rclpy_guard_conditions
[7.158s] running install
[7.158s] running install_lib
[7.161s] creating /home/fierra/ros2_ws/install/examples_rclpy_guard_conditions/lib/python3.8/site-packages/examples_rclpy_guard_conditions
[7.162s] copying /home/fierra/ros2_ws/build/examples_rclpy_guard_conditions/build/lib/examples_rclpy_guard_conditions/__init__.py -> /home/fierra/ros2_ws/install/examples_rclpy_guard_conditions/lib/python3.8/site-packages/examples_rclpy_guard_conditions
[7.162s] copying /home/fierra/ros2_ws/build/examples_rclpy_guard_conditions/build/lib/examples_rclpy_guard_conditions/trigger_guard_condition.py -> /home/fierra/ros2_ws/install/examples_rclpy_guard_conditions/lib/python3.8/site-packages/examples_rclpy_guard_conditions
[7.162s] byte-compiling /home/fierra/ros2_ws/install/examples_rclpy_guard_conditions/lib/python3.8/site-packages/examples_rclpy_guard_conditions/__init__.py to __init__.cpython-38.pyc
[7.162s] byte-compiling /home/fierra/ros2_ws/install/examples_rclpy_guard_conditions/lib/python3.8/site-packages/examples_rclpy_guard_conditions/trigger_guard_condition.py to trigger_guard_condition.cpython-38.pyc
[7.163s] running install_data
[7.163s] running install_egg_info
[7.164s] Copying ../../../../build/examples_rclpy_guard_conditions/examples_rclpy_guard_conditions.egg-info to /home/fierra/ros2_ws/install/examples_rclpy_guard_conditions/lib/python3.8/site-packages/examples_rclpy_guard_conditions-0.15.1-py3.8.egg-info
[7.165s] running install_scripts
[7.168s] Installing trigger_guard_condition script to /home/fierra/ros2_ws/install/examples_rclpy_guard_conditions/lib/examples_rclpy_guard_conditions
[7.168s] writing list of installed files to '/home/fierra/ros2_ws/build/examples_rclpy_guard_conditions/install.log'
[7.201s] Invoked command in '/home/fierra/ros2_ws/src/examples/rclpy/guard_conditions' returned '0': PYTHONPATH=/home/fierra/ros2_ws/install/examples_rclpy_guard_conditions/lib/python3.8/site-packages:${PYTHONPATH} /usr/bin/python3 setup.py egg_info --egg-base ../../../../build/examples_rclpy_guard_conditions build --build-base /home/fierra/ros2_ws/build/examples_rclpy_guard_conditions/build install --prefix /home/fierra/ros2_ws/install/examples_rclpy_guard_conditions --record /home/fierra/ros2_ws/build/examples_rclpy_guard_conditions/install.log --single-version-externally-managed
