[  5%] Built target assignment_w10__cpp
[ 10%] Built target assignment_w10__rosidl_generator_c
[ 10%] Built target ament_cmake_python_copy_assignment_w10
[ 27%] Built target assignment_w10__rosidl_typesupport_introspection_c
[ 27%] Built target assignment_w10__rosidl_typesupport_introspection_cpp
[ 35%] Built target assignment_w10__rosidl_typesupport_cpp
[ 43%] Built target assignment_w10__rosidl_typesupport_fastrtps_c
[ 51%] Built target assignment_w10__rosidl_typesupport_fastrtps_cpp
[ 59%] Built target assignment_w10__rosidl_typesupport_c
[ 59%] Built target assignment_w10
[ 62%] Built target assignment_w10__py
[ 67%] Built target talker
[ 72%] Built target client
[ 78%] Built target listener
[ 83%] Built target assignment_w10__rosidl_generator_py
[ 89%] Built target assignment_w10__rosidl_typesupport_introspection_c__pyext
[ 94%] Built target assignment_w10__rosidl_typesupport_c__pyext
[100%] Built target assignment_w10__rosidl_typesupport_fastrtps_c__pyext
running egg_info
writing assignment_w10.egg-info/PKG-INFO
writing dependency_links to assignment_w10.egg-info/dependency_links.txt
writing top-level names to assignment_w10.egg-info/top_level.txt
reading manifest file 'assignment_w10.egg-info/SOURCES.txt'
writing manifest file 'assignment_w10.egg-info/SOURCES.txt'
[100%] Built target ament_cmake_python_build_assignment_w10_egg
-- Install configuration: ""
-- Up-to-date: /home/fierra/beginner_tutuorial/install/assignment_w10/share/ament_index/resource_index/rosidl_interfaces/assignment_w10
-- Up-to-date: /home/fierra/beginner_tutuorial/install/assignment_w10/include/assignment_w10/assignment_w10
-- Up-to-date: /home/fierra/beginner_tutuorial/install/assignment_w10/include/assignment_w10/assignment_w10/msg
-- Up-to-date: /home/fierra/beginner_tutuorial/install/assignment_w10/include/assignment_w10/assignment_w10/msg/rosidl_generator_c__visibility_control.h
-- Up-to-date: /home/fierra/beginner_tutuorial/install/assignment_w10/include/assignment_w10/assignment_w10/srv
-- Up-to-date: /home/fierra/beginner_tutuorial/install/assignment_w10/include/assignment_w10/assignment_w10/srv/detail
-- Up-to-date: /home/fierra/beginner_tutuorial/install/assignment_w10/include/assignment_w10/assignment_w10/srv/detail/change_string__type_support.h
-- Up-to-date: /home/fierra/beginner_tutuorial/install/assignment_w10/include/assignment_w10/assignment_w10/srv/detail/change_string__functions.c
-- Up-to-date: /home/fierra/beginner_tutuorial/install/assignment_w10/include/assignment_w10/assignment_w10/srv/detail/change_string__struct.h
-- Up-to-date: /home/fierra/beginner_tutuorial/install/assignment_w10/include/assignment_w10/assignment_w10/srv/detail/change_string__functions.h
-- Up-to-date: /home/fierra/beginner_tutuorial/install/assignment_w10/include/assignment_w10/assignment_w10/srv/change_string.h
-- Up-to-date: /home/fierra/beginner_tutuorial/install/assignment_w10/share/assignment_w10/environment/library_path.sh
-- Up-to-date: /home/fierra/beginner_tutuorial/install/assignment_w10/share/assignment_w10/environment/library_path.dsv
-- Up-to-date: /home/fierra/beginner_tutuorial/install/assignment_w10/lib/libassignment_w10__rosidl_generator_c.so
-- Up-to-date: /home/fierra/beginner_tutuorial/install/assignment_w10/include/assignment_w10/assignment_w10
-- Up-to-date: /home/fierra/beginner_tutuorial/install/assignment_w10/include/assignment_w10/assignment_w10/msg
-- Up-to-date: /home/fierra/beginner_tutuorial/install/assignment_w10/include/assignment_w10/assignment_w10/msg/rosidl_typesupport_fastrtps_c__visibility_control.h
-- Up-to-date: /home/fierra/beginner_tutuorial/install/assignment_w10/include/assignment_w10/assignment_w10/srv
-- Up-to-date: /home/fierra/beginner_tutuorial/install/assignment_w10/include/assignment_w10/assignment_w10/srv/detail
-- Up-to-date: /home/fierra/beginner_tutuorial/install/assignment_w10/include/assignment_w10/assignment_w10/srv/detail/change_string__rosidl_typesupport_fastrtps_c.h
-- Up-to-date: /home/fierra/beginner_tutuorial/install/assignment_w10/lib/libassignment_w10__rosidl_typesupport_fastrtps_c.so
-- Up-to-date: /home/fierra/beginner_tutuorial/install/assignment_w10/include/assignment_w10/assignment_w10
-- Up-to-date: /home/fierra/beginner_tutuorial/install/assignment_w10/include/assignment_w10/assignment_w10/srv
-- Up-to-date: /home/fierra/beginner_tutuorial/install/assignment_w10/include/assignment_w10/assignment_w10/srv/change_string.hpp
-- Up-to-date: /home/fierra/beginner_tutuorial/install/assignment_w10/include/assignment_w10/assignment_w10/srv/detail
-- Up-to-date: /home/fierra/beginner_tutuorial/install/assignment_w10/include/assignment_w10/assignment_w10/srv/detail/change_string__struct.hpp
-- Up-to-date: /home/fierra/beginner_tutuorial/install/assignment_w10/include/assignment_w10/assignment_w10/srv/detail/change_string__traits.hpp
-- Up-to-date: /home/fierra/beginner_tutuorial/install/assignment_w10/include/assignment_w10/assignment_w10/srv/detail/change_string__builder.hpp
-- Up-to-date: /home/fierra/beginner_tutuorial/install/assignment_w10/include/assignment_w10/assignment_w10
-- Up-to-date: /home/fierra/beginner_tutuorial/install/assignment_w10/include/assignment_w10/assignment_w10/msg
-- Up-to-date: /home/fierra/beginner_tutuorial/install/assignment_w10/include/assignment_w10/assignment_w10/msg/rosidl_typesupport_fastrtps_cpp__visibility_control.h
-- Up-to-date: /home/fierra/beginner_tutuorial/install/assignment_w10/include/assignment_w10/assignment_w10/srv
-- Up-to-date: /home/fierra/beginner_tutuorial/install/assignment_w10/include/assignment_w10/assignment_w10/srv/detail
-- Up-to-date: /home/fierra/beginner_tutuorial/install/assignment_w10/include/assignment_w10/assignment_w10/srv/detail/change_string__rosidl_typesupport_fastrtps_cpp.hpp
-- Up-to-date: /home/fierra/beginner_tutuorial/install/assignment_w10/include/assignment_w10/assignment_w10/srv/detail/dds_fastrtps
-- Up-to-date: /home/fierra/beginner_tutuorial/install/assignment_w10/lib/libassignment_w10__rosidl_typesupport_fastrtps_cpp.so
-- Up-to-date: /home/fierra/beginner_tutuorial/install/assignment_w10/include/assignment_w10/assignment_w10
-- Up-to-date: /home/fierra/beginner_tutuorial/install/assignment_w10/include/assignment_w10/assignment_w10/msg
-- Up-to-date: /home/fierra/beginner_tutuorial/install/assignment_w10/include/assignment_w10/assignment_w10/msg/rosidl_typesupport_introspection_c__visibility_control.h
-- Up-to-date: /home/fierra/beginner_tutuorial/install/assignment_w10/include/assignment_w10/assignment_w10/srv
-- Up-to-date: /home/fierra/beginner_tutuorial/install/assignment_w10/include/assignment_w10/assignment_w10/srv/detail
-- Up-to-date: /home/fierra/beginner_tutuorial/install/assignment_w10/include/assignment_w10/assignment_w10/srv/detail/change_string__type_support.c
-- Up-to-date: /home/fierra/beginner_tutuorial/install/assignment_w10/include/assignment_w10/assignment_w10/srv/detail/change_string__rosidl_typesupport_introspection_c.h
-- Up-to-date: /home/fierra/beginner_tutuorial/install/assignment_w10/lib/libassignment_w10__rosidl_typesupport_introspection_c.so
-- Up-to-date: /home/fierra/beginner_tutuorial/install/assignment_w10/lib/libassignment_w10__rosidl_typesupport_c.so
-- Up-to-date: /home/fierra/beginner_tutuorial/install/assignment_w10/include/assignment_w10/assignment_w10
-- Up-to-date: /home/fierra/beginner_tutuorial/install/assignment_w10/include/assignment_w10/assignment_w10/srv
-- Up-to-date: /home/fierra/beginner_tutuorial/install/assignment_w10/include/assignment_w10/assignment_w10/srv/detail
-- Up-to-date: /home/fierra/beginner_tutuorial/install/assignment_w10/include/assignment_w10/assignment_w10/srv/detail/change_string__rosidl_typesupport_introspection_cpp.hpp
-- Up-to-date: /home/fierra/beginner_tutuorial/install/assignment_w10/include/assignment_w10/assignment_w10/srv/detail/change_string__type_support.cpp
-- Up-to-date: /home/fierra/beginner_tutuorial/install/assignment_w10/lib/libassignment_w10__rosidl_typesupport_introspection_cpp.so
-- Up-to-date: /home/fierra/beginner_tutuorial/install/assignment_w10/lib/libassignment_w10__rosidl_typesupport_cpp.so
-- Up-to-date: /home/fierra/beginner_tutuorial/install/assignment_w10/share/assignment_w10/environment/pythonpath.sh
-- Up-to-date: /home/fierra/beginner_tutuorial/install/assignment_w10/share/assignment_w10/environment/pythonpath.dsv
-- Up-to-date: /home/fierra/beginner_tutuorial/install/assignment_w10/lib/python3.8/site-packages/assignment_w10-0.0.0-py3.8.egg-info
-- Installing: /home/fierra/beginner_tutuorial/install/assignment_w10/lib/python3.8/site-packages/assignment_w10-0.0.0-py3.8.egg-info/SOURCES.txt
-- Installing: /home/fierra/beginner_tutuorial/install/assignment_w10/lib/python3.8/site-packages/assignment_w10-0.0.0-py3.8.egg-info/dependency_links.txt
-- Installing: /home/fierra/beginner_tutuorial/install/assignment_w10/lib/python3.8/site-packages/assignment_w10-0.0.0-py3.8.egg-info/PKG-INFO
-- Installing: /home/fierra/beginner_tutuorial/install/assignment_w10/lib/python3.8/site-packages/assignment_w10-0.0.0-py3.8.egg-info/top_level.txt
-- Up-to-date: /home/fierra/beginner_tutuorial/install/assignment_w10/lib/python3.8/site-packages/assignment_w10
-- Up-to-date: /home/fierra/beginner_tutuorial/install/assignment_w10/lib/python3.8/site-packages/assignment_w10/srv
-- Up-to-date: /home/fierra/beginner_tutuorial/install/assignment_w10/lib/python3.8/site-packages/assignment_w10/srv/_change_string.py
-- Up-to-date: /home/fierra/beginner_tutuorial/install/assignment_w10/lib/python3.8/site-packages/assignment_w10/srv/__init__.py
-- Up-to-date: /home/fierra/beginner_tutuorial/install/assignment_w10/lib/python3.8/site-packages/assignment_w10/srv/_change_string_s.c
-- Up-to-date: /home/fierra/beginner_tutuorial/install/assignment_w10/lib/python3.8/site-packages/assignment_w10/__init__.py
-- Up-to-date: /home/fierra/beginner_tutuorial/install/assignment_w10/lib/python3.8/site-packages/assignment_w10/_assignment_w10_s.ep.rosidl_typesupport_c.c
-- Up-to-date: /home/fierra/beginner_tutuorial/install/assignment_w10/lib/python3.8/site-packages/assignment_w10/assignment_w10_s__rosidl_typesupport_introspection_c.cpython-38-x86_64-linux-gnu.so
-- Up-to-date: /home/fierra/beginner_tutuorial/install/assignment_w10/lib/python3.8/site-packages/assignment_w10/assignment_w10_s__rosidl_typesupport_fastrtps_c.cpython-38-x86_64-linux-gnu.so
-- Up-to-date: /home/fierra/beginner_tutuorial/install/assignment_w10/lib/python3.8/site-packages/assignment_w10/libassignment_w10__rosidl_generator_py.so
-- Up-to-date: /home/fierra/beginner_tutuorial/install/assignment_w10/lib/python3.8/site-packages/assignment_w10/_assignment_w10_s.ep.rosidl_typesupport_introspection_c.c
-- Up-to-date: /home/fierra/beginner_tutuorial/install/assignment_w10/lib/python3.8/site-packages/assignment_w10/_assignment_w10_s.ep.rosidl_typesupport_fastrtps_c.c
-- Up-to-date: /home/fierra/beginner_tutuorial/install/assignment_w10/lib/python3.8/site-packages/assignment_w10/assignment_w10_s__rosidl_typesupport_c.cpython-38-x86_64-linux-gnu.so
Listing '/home/fierra/beginner_tutuorial/install/assignment_w10/lib/python3.8/site-packages/assignment_w10'...
Listing '/home/fierra/beginner_tutuorial/install/assignment_w10/lib/python3.8/site-packages/assignment_w10/srv'...
-- Up-to-date: /home/fierra/beginner_tutuorial/install/assignment_w10/lib/python3.8/site-packages/assignment_w10/assignment_w10_s__rosidl_typesupport_introspection_c.cpython-38-x86_64-linux-gnu.so
-- Up-to-date: /home/fierra/beginner_tutuorial/install/assignment_w10/lib/python3.8/site-packages/assignment_w10/assignment_w10_s__rosidl_typesupport_fastrtps_c.cpython-38-x86_64-linux-gnu.so
-- Up-to-date: /home/fierra/beginner_tutuorial/install/assignment_w10/lib/python3.8/site-packages/assignment_w10/assignment_w10_s__rosidl_typesupport_c.cpython-38-x86_64-linux-gnu.so
-- Up-to-date: /home/fierra/beginner_tutuorial/install/assignment_w10/lib/libassignment_w10__rosidl_generator_py.so
-- Up-to-date: /home/fierra/beginner_tutuorial/install/assignment_w10/share/assignment_w10/srv/ChangeString.idl
-- Up-to-date: /home/fierra/beginner_tutuorial/install/assignment_w10/share/assignment_w10/srv/ChangeString.srv
-- Up-to-date: /home/fierra/beginner_tutuorial/install/assignment_w10/share/assignment_w10/srv/ChangeString_Request.msg
-- Up-to-date: /home/fierra/beginner_tutuorial/install/assignment_w10/share/assignment_w10/srv/ChangeString_Response.msg
-- Up-to-date: /home/fierra/beginner_tutuorial/install/assignment_w10/lib/assignment_w10/talker
-- Up-to-date: /home/fierra/beginner_tutuorial/install/assignment_w10/lib/assignment_w10/listener
-- Up-to-date: /home/fierra/beginner_tutuorial/install/assignment_w10/lib/assignment_w10/client
-- Up-to-date: /home/fierra/beginner_tutuorial/install/assignment_w10/share/assignment_w10/launch
-- Up-to-date: /home/fierra/beginner_tutuorial/install/assignment_w10/share/assignment_w10/launch/pub_sub.launch.yaml
-- Up-to-date: /home/fierra/beginner_tutuorial/install/assignment_w10/share/ament_index/resource_index/package_run_dependencies/assignment_w10
-- Up-to-date: /home/fierra/beginner_tutuorial/install/assignment_w10/share/ament_index/resource_index/parent_prefix_path/assignment_w10
-- Up-to-date: /home/fierra/beginner_tutuorial/install/assignment_w10/share/assignment_w10/environment/ament_prefix_path.dsv
-- Up-to-date: /home/fierra/beginner_tutuorial/install/assignment_w10/share/assignment_w10/environment/path.dsv
-- Up-to-date: /home/fierra/beginner_tutuorial/install/assignment_w10/share/assignment_w10/local_setup.bash
-- Up-to-date: /home/fierra/beginner_tutuorial/install/assignment_w10/share/assignment_w10/local_setup.sh
-- Up-to-date: /home/fierra/beginner_tutuorial/install/assignment_w10/share/assignment_w10/local_setup.zsh
-- Up-to-date: /home/fierra/beginner_tutuorial/install/assignment_w10/share/assignment_w10/local_setup.dsv
-- Installing: /home/fierra/beginner_tutuorial/install/assignment_w10/share/assignment_w10/package.dsv
-- Up-to-date: /home/fierra/beginner_tutuorial/install/assignment_w10/share/ament_index/resource_index/packages/assignment_w10
-- Up-to-date: /home/fierra/beginner_tutuorial/install/assignment_w10/share/assignment_w10/cmake/export_assignment_w10__rosidl_generator_cExport.cmake
-- Up-to-date: /home/fierra/beginner_tutuorial/install/assignment_w10/share/assignment_w10/cmake/export_assignment_w10__rosidl_generator_cExport-noconfig.cmake
-- Up-to-date: /home/fierra/beginner_tutuorial/install/assignment_w10/share/assignment_w10/cmake/export_assignment_w10__rosidl_typesupport_fastrtps_cExport.cmake
-- Up-to-date: /home/fierra/beginner_tutuorial/install/assignment_w10/share/assignment_w10/cmake/export_assignment_w10__rosidl_typesupport_fastrtps_cExport-noconfig.cmake
-- Up-to-date: /home/fierra/beginner_tutuorial/install/assignment_w10/share/assignment_w10/cmake/export_assignment_w10__rosidl_generator_cppExport.cmake
-- Up-to-date: /home/fierra/beginner_tutuorial/install/assignment_w10/share/assignment_w10/cmake/export_assignment_w10__rosidl_typesupport_fastrtps_cppExport.cmake
-- Up-to-date: /home/fierra/beginner_tutuorial/install/assignment_w10/share/assignment_w10/cmake/export_assignment_w10__rosidl_typesupport_fastrtps_cppExport-noconfig.cmake
-- Up-to-date: /home/fierra/beginner_tutuorial/install/assignment_w10/share/assignment_w10/cmake/assignment_w10__rosidl_typesupport_introspection_cExport.cmake
-- Up-to-date: /home/fierra/beginner_tutuorial/install/assignment_w10/share/assignment_w10/cmake/assignment_w10__rosidl_typesupport_introspection_cExport-noconfig.cmake
-- Up-to-date: /home/fierra/beginner_tutuorial/install/assignment_w10/share/assignment_w10/cmake/assignment_w10__rosidl_typesupport_cExport.cmake
-- Up-to-date: /home/fierra/beginner_tutuorial/install/assignment_w10/share/assignment_w10/cmake/assignment_w10__rosidl_typesupport_cExport-noconfig.cmake
-- Up-to-date: /home/fierra/beginner_tutuorial/install/assignment_w10/share/assignment_w10/cmake/assignment_w10__rosidl_typesupport_introspection_cppExport.cmake
-- Up-to-date: /home/fierra/beginner_tutuorial/install/assignment_w10/share/assignment_w10/cmake/assignment_w10__rosidl_typesupport_introspection_cppExport-noconfig.cmake
-- Up-to-date: /home/fierra/beginner_tutuorial/install/assignment_w10/share/assignment_w10/cmake/assignment_w10__rosidl_typesupport_cppExport.cmake
-- Up-to-date: /home/fierra/beginner_tutuorial/install/assignment_w10/share/assignment_w10/cmake/assignment_w10__rosidl_typesupport_cppExport-noconfig.cmake
-- Up-to-date: /home/fierra/beginner_tutuorial/install/assignment_w10/share/assignment_w10/cmake/export_assignment_w10__rosidl_generator_pyExport.cmake
-- Up-to-date: /home/fierra/beginner_tutuorial/install/assignment_w10/share/assignment_w10/cmake/export_assignment_w10__rosidl_generator_pyExport-noconfig.cmake
-- Up-to-date: /home/fierra/beginner_tutuorial/install/assignment_w10/share/assignment_w10/cmake/rosidl_cmake-extras.cmake
-- Up-to-date: /home/fierra/beginner_tutuorial/install/assignment_w10/share/assignment_w10/cmake/ament_cmake_export_include_directories-extras.cmake
-- Up-to-date: /home/fierra/beginner_tutuorial/install/assignment_w10/share/assignment_w10/cmake/ament_cmake_export_libraries-extras.cmake
-- Up-to-date: /home/fierra/beginner_tutuorial/install/assignment_w10/share/assignment_w10/cmake/ament_cmake_export_targets-extras.cmake
-- Up-to-date: /home/fierra/beginner_tutuorial/install/assignment_w10/share/assignment_w10/cmake/rosidl_cmake_export_typesupport_targets-extras.cmake
-- Up-to-date: /home/fierra/beginner_tutuorial/install/assignment_w10/share/assignment_w10/cmake/ament_cmake_export_dependencies-extras.cmake
-- Up-to-date: /home/fierra/beginner_tutuorial/install/assignment_w10/share/assignment_w10/cmake/rosidl_cmake_export_typesupport_libraries-extras.cmake
-- Up-to-date: /home/fierra/beginner_tutuorial/install/assignment_w10/share/assignment_w10/cmake/assignment_w10Config.cmake
-- Up-to-date: /home/fierra/beginner_tutuorial/install/assignment_w10/share/assignment_w10/cmake/assignment_w10Config-version.cmake
-- Up-to-date: /home/fierra/beginner_tutuorial/install/assignment_w10/share/assignment_w10/package.xml
