[0.084s] Invoking command in '/home/fierra/beginner_tutuorial/build/assignment_w10': CMAKE_PREFIX_PATH=${CMAKE_PREFIX_PATH}:/home/fierra/ros2_humble/install/rqt_bag_plugins:/home/fierra/ros2_humble/install/rqt_bag:/home/fierra/ros2_humble/install/ros2bag:/home/fierra/ros2_humble/install/tracetools_test:/home/fierra/ros2_humble/install/tracetools_launch:/home/fierra/ros2_humble/install/topic_monitor:/home/fierra/ros2_humble/install/tf2_tools:/home/fierra/ros2_humble/install/examples_tf2_py:/home/fierra/ros2_humble/install/tf2_ros_py:/home/fierra/ros2_humble/install/sros2:/home/fierra/ros2_humble/install/rqt_topic:/home/fierra/ros2_humble/install/rqt_srv:/home/fierra/ros2_humble/install/rqt_shell:/home/fierra/ros2_humble/install/rqt_service_caller:/home/fierra/ros2_humble/install/rqt_reconfigure:/home/fierra/ros2_humble/install/rqt_py_console:/home/fierra/ros2_humble/install/rqt_publisher:/home/fierra/ros2_humble/install/rqt_plot:/home/fierra/ros2_humble/install/rqt_action:/home/fierra/ros2_humble/install/rqt_msg:/home/fierra/ros2_humble/install/rqt_console:/home/fierra/ros2_humble/install/rqt:/home/fierra/ros2_humble/install/rqt_graph:/home/fierra/ros2_humble/install/rqt_gui_py:/home/fierra/ros2_humble/install/rqt_gui:/home/fierra/ros2_humble/install/ros2trace:/home/fierra/ros2_humble/install/ros2topic:/home/fierra/ros2_humble/install/ros2test:/home/fierra/ros2_humble/install/ros2component:/home/fierra/ros2_humble/install/ros2param:/home/fierra/ros2_humble/install/ros2lifecycle:/home/fierra/ros2_humble/install/ros2service:/home/fierra/ros2_humble/install/ros2run:/home/fierra/ros2_humble/install/ros2launch:/home/fierra/ros2_humble/install/ros2pkg:/home/fierra/ros2_humble/install/ros2node:/home/fierra/ros2_humble/install/ros2multicast:/home/fierra/ros2_humble/install/ros2interface:/home/fierra/ros2_humble/install/ros2doctor:/home/fierra/ros2_humble/install/ros2action:/home/fierra/ros2_humble/install/ros2cli:/home/fierra/ros2_humble/install/quality_of_service_demo_py:/home/fierra/ros2_humble/install/lifecycle_py:/home/fierra/ros2_humble/install/launch_testing_ros:/home/fierra/ros2_humble/install/launch_ros:/home/fierra/ros2_humble/install/examples_rclpy_pointcloud_publisher:/home/fierra/ros2_humble/install/examples_rclpy_minimal_subscriber:/home/fierra/ros2_humble/install/examples_rclpy_minimal_service:/home/fierra/ros2_humble/install/examples_rclpy_minimal_publisher:/home/fierra/ros2_humble/install/examples_rclpy_minimal_client:/home/fierra/ros2_humble/install/examples_rclpy_minimal_action_server:/home/fierra/ros2_humble/install/examples_rclpy_minimal_action_client:/home/fierra/ros2_humble/install/examples_rclpy_guard_conditions:/home/fierra/ros2_humble/install/examples_rclpy_executors:/home/fierra/ros2_humble/install/demo_nodes_py:/home/fierra/ros2_humble/install/action_tutorials_py:/home/fierra/ros2_humble/install/ament_uncrustify:/home/fierra/ros2_humble/install/tracetools_trace:/home/fierra/ros2_humble/install/tracetools_read:/home/fierra/ros2_humble/install/test_tracetools_launch:/home/fierra/ros2_humble/install/test_launch_ros:/home/fierra/ros2_humble/install/sensor_msgs_py:/home/fierra/ros2_humble/install/rpyutils:/home/fierra/ros2_humble/install/rosidl_runtime_py:/home/fierra/ros2_humble/install/rosidl_cli:/home/fierra/ros2_humble/install/launch_pytest:/home/fierra/ros2_humble/install/launch_testing:/home/fierra/ros2_humble/install/launch_yaml:/home/fierra/ros2_humble/install/launch_xml:/home/fierra/ros2_humble/install/launch:/home/fierra/ros2_humble/install/osrf_pycommon:/home/fierra/ros2_humble/install/launch_testing_examples:/home/fierra/ros2_humble/install/domain_coordinator:/home/fierra/ros2_humble/install/ament_xmllint:/home/fierra/ros2_humble/install/ament_pyflakes:/home/fierra/ros2_humble/install/ament_pycodestyle:/home/fierra/ros2_humble/install/ament_pep257:/home/fierra/ros2_humble/install/ament_pclint:/home/fierra/ros2_humble/install/ament_package:/home/fierra/ros2_humble/install/ament_mypy:/home/fierra/ros2_humble/install/ament_lint_cmake:/home/fierra/ros2_humble/install/ament_flake8:/home/fierra/ros2_humble/install/ament_copyright:/home/fierra/ros2_humble/install/ament_lint:/home/fierra/ros2_humble/install/ament_index_python:/home/fierra/ros2_humble/install/ament_cpplint:/home/fierra/ros2_humble/install/ament_cppcheck:/home/fierra/ros2_humble/install/ament_clang_tidy:/home/fierra/ros2_humble/install/ament_clang_format /usr/bin/cmake --build /home/fierra/beginner_tutuorial/build/assignment_w10 -- -j8 -l8
[0.325s] [  5%] Built target assignment_w10__cpp
[0.326s] [ 10%] Built target assignment_w10__rosidl_generator_c
[0.372s] [ 10%] Built target ament_cmake_python_copy_assignment_w10
[0.478s] [ 27%] Built target assignment_w10__rosidl_typesupport_introspection_c
[0.478s] [ 27%] Built target assignment_w10__rosidl_typesupport_introspection_cpp
[0.490s] [ 35%] Built target assignment_w10__rosidl_typesupport_cpp
[0.511s] [ 43%] Built target assignment_w10__rosidl_typesupport_fastrtps_c
[0.519s] [ 51%] Built target assignment_w10__rosidl_typesupport_fastrtps_cpp
[0.523s] [ 59%] Built target assignment_w10__rosidl_typesupport_c
[0.618s] [ 59%] Built target assignment_w10
[0.734s] [ 62%] Built target assignment_w10__py
[0.766s] [ 67%] Built target talker
[0.770s] [ 72%] Built target client
[0.780s] [ 78%] Built target listener
[0.852s] [ 83%] Built target assignment_w10__rosidl_generator_py
[0.966s] [ 89%] Built target assignment_w10__rosidl_typesupport_introspection_c__pyext
[0.969s] [ 94%] Built target assignment_w10__rosidl_typesupport_c__pyext
[0.974s] [100%] Built target assignment_w10__rosidl_typesupport_fastrtps_c__pyext
[1.678s] running egg_info
[1.679s] writing assignment_w10.egg-info/PKG-INFO
[1.680s] writing dependency_links to assignment_w10.egg-info/dependency_links.txt
[1.680s] writing top-level names to assignment_w10.egg-info/top_level.txt
[1.779s] reading manifest file 'assignment_w10.egg-info/SOURCES.txt'
[1.780s] writing manifest file 'assignment_w10.egg-info/SOURCES.txt'
[1.848s] [100%] Built target ament_cmake_python_build_assignment_w10_egg
[1.885s] Invoked command in '/home/fierra/beginner_tutuorial/build/assignment_w10' returned '0': CMAKE_PREFIX_PATH=${CMAKE_PREFIX_PATH}:/home/fierra/ros2_humble/install/rqt_bag_plugins:/home/fierra/ros2_humble/install/rqt_bag:/home/fierra/ros2_humble/install/ros2bag:/home/fierra/ros2_humble/install/tracetools_test:/home/fierra/ros2_humble/install/tracetools_launch:/home/fierra/ros2_humble/install/topic_monitor:/home/fierra/ros2_humble/install/tf2_tools:/home/fierra/ros2_humble/install/examples_tf2_py:/home/fierra/ros2_humble/install/tf2_ros_py:/home/fierra/ros2_humble/install/sros2:/home/fierra/ros2_humble/install/rqt_topic:/home/fierra/ros2_humble/install/rqt_srv:/home/fierra/ros2_humble/install/rqt_shell:/home/fierra/ros2_humble/install/rqt_service_caller:/home/fierra/ros2_humble/install/rqt_reconfigure:/home/fierra/ros2_humble/install/rqt_py_console:/home/fierra/ros2_humble/install/rqt_publisher:/home/fierra/ros2_humble/install/rqt_plot:/home/fierra/ros2_humble/install/rqt_action:/home/fierra/ros2_humble/install/rqt_msg:/home/fierra/ros2_humble/install/rqt_console:/home/fierra/ros2_humble/install/rqt:/home/fierra/ros2_humble/install/rqt_graph:/home/fierra/ros2_humble/install/rqt_gui_py:/home/fierra/ros2_humble/install/rqt_gui:/home/fierra/ros2_humble/install/ros2trace:/home/fierra/ros2_humble/install/ros2topic:/home/fierra/ros2_humble/install/ros2test:/home/fierra/ros2_humble/install/ros2component:/home/fierra/ros2_humble/install/ros2param:/home/fierra/ros2_humble/install/ros2lifecycle:/home/fierra/ros2_humble/install/ros2service:/home/fierra/ros2_humble/install/ros2run:/home/fierra/ros2_humble/install/ros2launch:/home/fierra/ros2_humble/install/ros2pkg:/home/fierra/ros2_humble/install/ros2node:/home/fierra/ros2_humble/install/ros2multicast:/home/fierra/ros2_humble/install/ros2interface:/home/fierra/ros2_humble/install/ros2doctor:/home/fierra/ros2_humble/install/ros2action:/home/fierra/ros2_humble/install/ros2cli:/home/fierra/ros2_humble/install/quality_of_service_demo_py:/home/fierra/ros2_humble/install/lifecycle_py:/home/fierra/ros2_humble/install/launch_testing_ros:/home/fierra/ros2_humble/install/launch_ros:/home/fierra/ros2_humble/install/examples_rclpy_pointcloud_publisher:/home/fierra/ros2_humble/install/examples_rclpy_minimal_subscriber:/home/fierra/ros2_humble/install/examples_rclpy_minimal_service:/home/fierra/ros2_humble/install/examples_rclpy_minimal_publisher:/home/fierra/ros2_humble/install/examples_rclpy_minimal_client:/home/fierra/ros2_humble/install/examples_rclpy_minimal_action_server:/home/fierra/ros2_humble/install/examples_rclpy_minimal_action_client:/home/fierra/ros2_humble/install/examples_rclpy_guard_conditions:/home/fierra/ros2_humble/install/examples_rclpy_executors:/home/fierra/ros2_humble/install/demo_nodes_py:/home/fierra/ros2_humble/install/action_tutorials_py:/home/fierra/ros2_humble/install/ament_uncrustify:/home/fierra/ros2_humble/install/tracetools_trace:/home/fierra/ros2_humble/install/tracetools_read:/home/fierra/ros2_humble/install/test_tracetools_launch:/home/fierra/ros2_humble/install/test_launch_ros:/home/fierra/ros2_humble/install/sensor_msgs_py:/home/fierra/ros2_humble/install/rpyutils:/home/fierra/ros2_humble/install/rosidl_runtime_py:/home/fierra/ros2_humble/install/rosidl_cli:/home/fierra/ros2_humble/install/launch_pytest:/home/fierra/ros2_humble/install/launch_testing:/home/fierra/ros2_humble/install/launch_yaml:/home/fierra/ros2_humble/install/launch_xml:/home/fierra/ros2_humble/install/launch:/home/fierra/ros2_humble/install/osrf_pycommon:/home/fierra/ros2_humble/install/launch_testing_examples:/home/fierra/ros2_humble/install/domain_coordinator:/home/fierra/ros2_humble/install/ament_xmllint:/home/fierra/ros2_humble/install/ament_pyflakes:/home/fierra/ros2_humble/install/ament_pycodestyle:/home/fierra/ros2_humble/install/ament_pep257:/home/fierra/ros2_humble/install/ament_pclint:/home/fierra/ros2_humble/install/ament_package:/home/fierra/ros2_humble/install/ament_mypy:/home/fierra/ros2_humble/install/ament_lint_cmake:/home/fierra/ros2_humble/install/ament_flake8:/home/fierra/ros2_humble/install/ament_copyright:/home/fierra/ros2_humble/install/ament_lint:/home/fierra/ros2_humble/install/ament_index_python:/home/fierra/ros2_humble/install/ament_cpplint:/home/fierra/ros2_humble/install/ament_cppcheck:/home/fierra/ros2_humble/install/ament_clang_tidy:/home/fierra/ros2_humble/install/ament_clang_format /usr/bin/cmake --build /home/fierra/beginner_tutuorial/build/assignment_w10 -- -j8 -l8
[2.328s] Invoking command in '/home/fierra/beginner_tutuorial/build/assignment_w10': CMAKE_PREFIX_PATH=${CMAKE_PREFIX_PATH}:/home/fierra/ros2_humble/install/rqt_bag_plugins:/home/fierra/ros2_humble/install/rqt_bag:/home/fierra/ros2_humble/install/ros2bag:/home/fierra/ros2_humble/install/tracetools_test:/home/fierra/ros2_humble/install/tracetools_launch:/home/fierra/ros2_humble/install/topic_monitor:/home/fierra/ros2_humble/install/tf2_tools:/home/fierra/ros2_humble/install/examples_tf2_py:/home/fierra/ros2_humble/install/tf2_ros_py:/home/fierra/ros2_humble/install/sros2:/home/fierra/ros2_humble/install/rqt_topic:/home/fierra/ros2_humble/install/rqt_srv:/home/fierra/ros2_humble/install/rqt_shell:/home/fierra/ros2_humble/install/rqt_service_caller:/home/fierra/ros2_humble/install/rqt_reconfigure:/home/fierra/ros2_humble/install/rqt_py_console:/home/fierra/ros2_humble/install/rqt_publisher:/home/fierra/ros2_humble/install/rqt_plot:/home/fierra/ros2_humble/install/rqt_action:/home/fierra/ros2_humble/install/rqt_msg:/home/fierra/ros2_humble/install/rqt_console:/home/fierra/ros2_humble/install/rqt:/home/fierra/ros2_humble/install/rqt_graph:/home/fierra/ros2_humble/install/rqt_gui_py:/home/fierra/ros2_humble/install/rqt_gui:/home/fierra/ros2_humble/install/ros2trace:/home/fierra/ros2_humble/install/ros2topic:/home/fierra/ros2_humble/install/ros2test:/home/fierra/ros2_humble/install/ros2component:/home/fierra/ros2_humble/install/ros2param:/home/fierra/ros2_humble/install/ros2lifecycle:/home/fierra/ros2_humble/install/ros2service:/home/fierra/ros2_humble/install/ros2run:/home/fierra/ros2_humble/install/ros2launch:/home/fierra/ros2_humble/install/ros2pkg:/home/fierra/ros2_humble/install/ros2node:/home/fierra/ros2_humble/install/ros2multicast:/home/fierra/ros2_humble/install/ros2interface:/home/fierra/ros2_humble/install/ros2doctor:/home/fierra/ros2_humble/install/ros2action:/home/fierra/ros2_humble/install/ros2cli:/home/fierra/ros2_humble/install/quality_of_service_demo_py:/home/fierra/ros2_humble/install/lifecycle_py:/home/fierra/ros2_humble/install/launch_testing_ros:/home/fierra/ros2_humble/install/launch_ros:/home/fierra/ros2_humble/install/examples_rclpy_pointcloud_publisher:/home/fierra/ros2_humble/install/examples_rclpy_minimal_subscriber:/home/fierra/ros2_humble/install/examples_rclpy_minimal_service:/home/fierra/ros2_humble/install/examples_rclpy_minimal_publisher:/home/fierra/ros2_humble/install/examples_rclpy_minimal_client:/home/fierra/ros2_humble/install/examples_rclpy_minimal_action_server:/home/fierra/ros2_humble/install/examples_rclpy_minimal_action_client:/home/fierra/ros2_humble/install/examples_rclpy_guard_conditions:/home/fierra/ros2_humble/install/examples_rclpy_executors:/home/fierra/ros2_humble/install/demo_nodes_py:/home/fierra/ros2_humble/install/action_tutorials_py:/home/fierra/ros2_humble/install/ament_uncrustify:/home/fierra/ros2_humble/install/tracetools_trace:/home/fierra/ros2_humble/install/tracetools_read:/home/fierra/ros2_humble/install/test_tracetools_launch:/home/fierra/ros2_humble/install/test_launch_ros:/home/fierra/ros2_humble/install/sensor_msgs_py:/home/fierra/ros2_humble/install/rpyutils:/home/fierra/ros2_humble/install/rosidl_runtime_py:/home/fierra/ros2_humble/install/rosidl_cli:/home/fierra/ros2_humble/install/launch_pytest:/home/fierra/ros2_humble/install/launch_testing:/home/fierra/ros2_humble/install/launch_yaml:/home/fierra/ros2_humble/install/launch_xml:/home/fierra/ros2_humble/install/launch:/home/fierra/ros2_humble/install/osrf_pycommon:/home/fierra/ros2_humble/install/launch_testing_examples:/home/fierra/ros2_humble/install/domain_coordinator:/home/fierra/ros2_humble/install/ament_xmllint:/home/fierra/ros2_humble/install/ament_pyflakes:/home/fierra/ros2_humble/install/ament_pycodestyle:/home/fierra/ros2_humble/install/ament_pep257:/home/fierra/ros2_humble/install/ament_pclint:/home/fierra/ros2_humble/install/ament_package:/home/fierra/ros2_humble/install/ament_mypy:/home/fierra/ros2_humble/install/ament_lint_cmake:/home/fierra/ros2_humble/install/ament_flake8:/home/fierra/ros2_humble/install/ament_copyright:/home/fierra/ros2_humble/install/ament_lint:/home/fierra/ros2_humble/install/ament_index_python:/home/fierra/ros2_humble/install/ament_cpplint:/home/fierra/ros2_humble/install/ament_cppcheck:/home/fierra/ros2_humble/install/ament_clang_tidy:/home/fierra/ros2_humble/install/ament_clang_format /usr/bin/cmake --install /home/fierra/beginner_tutuorial/build/assignment_w10
[2.362s] -- Install configuration: ""
[2.362s] -- Up-to-date: /home/fierra/beginner_tutuorial/install/assignment_w10/share/ament_index/resource_index/rosidl_interfaces/assignment_w10
[2.362s] -- Up-to-date: /home/fierra/beginner_tutuorial/install/assignment_w10/include/assignment_w10/assignment_w10
[2.362s] -- Up-to-date: /home/fierra/beginner_tutuorial/install/assignment_w10/include/assignment_w10/assignment_w10/msg
[2.363s] -- Up-to-date: /home/fierra/beginner_tutuorial/install/assignment_w10/include/assignment_w10/assignment_w10/msg/rosidl_generator_c__visibility_control.h
[2.363s] -- Up-to-date: /home/fierra/beginner_tutuorial/install/assignment_w10/include/assignment_w10/assignment_w10/srv
[2.363s] -- Up-to-date: /home/fierra/beginner_tutuorial/install/assignment_w10/include/assignment_w10/assignment_w10/srv/detail
[2.364s] -- Up-to-date: /home/fierra/beginner_tutuorial/install/assignment_w10/include/assignment_w10/assignment_w10/srv/detail/change_string__type_support.h
[2.364s] -- Up-to-date: /home/fierra/beginner_tutuorial/install/assignment_w10/include/assignment_w10/assignment_w10/srv/detail/change_string__functions.c
[2.364s] -- Up-to-date: /home/fierra/beginner_tutuorial/install/assignment_w10/include/assignment_w10/assignment_w10/srv/detail/change_string__struct.h
[2.364s] -- Up-to-date: /home/fierra/beginner_tutuorial/install/assignment_w10/include/assignment_w10/assignment_w10/srv/detail/change_string__functions.h
[2.365s] -- Up-to-date: /home/fierra/beginner_tutuorial/install/assignment_w10/include/assignment_w10/assignment_w10/srv/change_string.h
[2.365s] -- Up-to-date: /home/fierra/beginner_tutuorial/install/assignment_w10/share/assignment_w10/environment/library_path.sh
[2.365s] -- Up-to-date: /home/fierra/beginner_tutuorial/install/assignment_w10/share/assignment_w10/environment/library_path.dsv
[2.366s] -- Up-to-date: /home/fierra/beginner_tutuorial/install/assignment_w10/lib/libassignment_w10__rosidl_generator_c.so
[2.366s] -- Up-to-date: /home/fierra/beginner_tutuorial/install/assignment_w10/include/assignment_w10/assignment_w10
[2.366s] -- Up-to-date: /home/fierra/beginner_tutuorial/install/assignment_w10/include/assignment_w10/assignment_w10/msg
[2.366s] -- Up-to-date: /home/fierra/beginner_tutuorial/install/assignment_w10/include/assignment_w10/assignment_w10/msg/rosidl_typesupport_fastrtps_c__visibility_control.h
[2.366s] -- Up-to-date: /home/fierra/beginner_tutuorial/install/assignment_w10/include/assignment_w10/assignment_w10/srv
[2.367s] -- Up-to-date: /home/fierra/beginner_tutuorial/install/assignment_w10/include/assignment_w10/assignment_w10/srv/detail
[2.367s] -- Up-to-date: /home/fierra/beginner_tutuorial/install/assignment_w10/include/assignment_w10/assignment_w10/srv/detail/change_string__rosidl_typesupport_fastrtps_c.h
[2.367s] -- Up-to-date: /home/fierra/beginner_tutuorial/install/assignment_w10/lib/libassignment_w10__rosidl_typesupport_fastrtps_c.so
[2.367s] -- Up-to-date: /home/fierra/beginner_tutuorial/install/assignment_w10/include/assignment_w10/assignment_w10
[2.368s] -- Up-to-date: /home/fierra/beginner_tutuorial/install/assignment_w10/include/assignment_w10/assignment_w10/srv
[2.368s] -- Up-to-date: /home/fierra/beginner_tutuorial/install/assignment_w10/include/assignment_w10/assignment_w10/srv/change_string.hpp
[2.368s] -- Up-to-date: /home/fierra/beginner_tutuorial/install/assignment_w10/include/assignment_w10/assignment_w10/srv/detail
[2.368s] -- Up-to-date: /home/fierra/beginner_tutuorial/install/assignment_w10/include/assignment_w10/assignment_w10/srv/detail/change_string__struct.hpp
[2.368s] -- Up-to-date: /home/fierra/beginner_tutuorial/install/assignment_w10/include/assignment_w10/assignment_w10/srv/detail/change_string__traits.hpp
[2.368s] -- Up-to-date: /home/fierra/beginner_tutuorial/install/assignment_w10/include/assignment_w10/assignment_w10/srv/detail/change_string__builder.hpp
[2.369s] -- Up-to-date: /home/fierra/beginner_tutuorial/install/assignment_w10/include/assignment_w10/assignment_w10
[2.369s] -- Up-to-date: /home/fierra/beginner_tutuorial/install/assignment_w10/include/assignment_w10/assignment_w10/msg
[2.369s] -- Up-to-date: /home/fierra/beginner_tutuorial/install/assignment_w10/include/assignment_w10/assignment_w10/msg/rosidl_typesupport_fastrtps_cpp__visibility_control.h
[2.369s] -- Up-to-date: /home/fierra/beginner_tutuorial/install/assignment_w10/include/assignment_w10/assignment_w10/srv
[2.370s] -- Up-to-date: /home/fierra/beginner_tutuorial/install/assignment_w10/include/assignment_w10/assignment_w10/srv/detail
[2.370s] -- Up-to-date: /home/fierra/beginner_tutuorial/install/assignment_w10/include/assignment_w10/assignment_w10/srv/detail/change_string__rosidl_typesupport_fastrtps_cpp.hpp
[2.370s] -- Up-to-date: /home/fierra/beginner_tutuorial/install/assignment_w10/include/assignment_w10/assignment_w10/srv/detail/dds_fastrtps
[2.370s] -- Up-to-date: /home/fierra/beginner_tutuorial/install/assignment_w10/lib/libassignment_w10__rosidl_typesupport_fastrtps_cpp.so
[2.370s] -- Up-to-date: /home/fierra/beginner_tutuorial/install/assignment_w10/include/assignment_w10/assignment_w10
[2.370s] -- Up-to-date: /home/fierra/beginner_tutuorial/install/assignment_w10/include/assignment_w10/assignment_w10/msg
[2.370s] -- Up-to-date: /home/fierra/beginner_tutuorial/install/assignment_w10/include/assignment_w10/assignment_w10/msg/rosidl_typesupport_introspection_c__visibility_control.h
[2.371s] -- Up-to-date: /home/fierra/beginner_tutuorial/install/assignment_w10/include/assignment_w10/assignment_w10/srv
[2.371s] -- Up-to-date: /home/fierra/beginner_tutuorial/install/assignment_w10/include/assignment_w10/assignment_w10/srv/detail
[2.371s] -- Up-to-date: /home/fierra/beginner_tutuorial/install/assignment_w10/include/assignment_w10/assignment_w10/srv/detail/change_string__type_support.c
[2.371s] -- Up-to-date: /home/fierra/beginner_tutuorial/install/assignment_w10/include/assignment_w10/assignment_w10/srv/detail/change_string__rosidl_typesupport_introspection_c.h
[2.372s] -- Up-to-date: /home/fierra/beginner_tutuorial/install/assignment_w10/lib/libassignment_w10__rosidl_typesupport_introspection_c.so
[2.372s] -- Up-to-date: /home/fierra/beginner_tutuorial/install/assignment_w10/lib/libassignment_w10__rosidl_typesupport_c.so
[2.372s] -- Up-to-date: /home/fierra/beginner_tutuorial/install/assignment_w10/include/assignment_w10/assignment_w10
[2.373s] -- Up-to-date: /home/fierra/beginner_tutuorial/install/assignment_w10/include/assignment_w10/assignment_w10/srv
[2.373s] -- Up-to-date: /home/fierra/beginner_tutuorial/install/assignment_w10/include/assignment_w10/assignment_w10/srv/detail
[2.373s] -- Up-to-date: /home/fierra/beginner_tutuorial/install/assignment_w10/include/assignment_w10/assignment_w10/srv/detail/change_string__rosidl_typesupport_introspection_cpp.hpp
[2.374s] -- Up-to-date: /home/fierra/beginner_tutuorial/install/assignment_w10/include/assignment_w10/assignment_w10/srv/detail/change_string__type_support.cpp
[2.374s] -- Up-to-date: /home/fierra/beginner_tutuorial/install/assignment_w10/lib/libassignment_w10__rosidl_typesupport_introspection_cpp.so
[2.374s] -- Up-to-date: /home/fierra/beginner_tutuorial/install/assignment_w10/lib/libassignment_w10__rosidl_typesupport_cpp.so
[2.374s] -- Up-to-date: /home/fierra/beginner_tutuorial/install/assignment_w10/share/assignment_w10/environment/pythonpath.sh
[2.374s] -- Up-to-date: /home/fierra/beginner_tutuorial/install/assignment_w10/share/assignment_w10/environment/pythonpath.dsv
[2.375s] -- Up-to-date: /home/fierra/beginner_tutuorial/install/assignment_w10/lib/python3.8/site-packages/assignment_w10-0.0.0-py3.8.egg-info
[2.375s] -- Installing: /home/fierra/beginner_tutuorial/install/assignment_w10/lib/python3.8/site-packages/assignment_w10-0.0.0-py3.8.egg-info/SOURCES.txt
[2.375s] -- Installing: /home/fierra/beginner_tutuorial/install/assignment_w10/lib/python3.8/site-packages/assignment_w10-0.0.0-py3.8.egg-info/dependency_links.txt
[2.375s] -- Installing: /home/fierra/beginner_tutuorial/install/assignment_w10/lib/python3.8/site-packages/assignment_w10-0.0.0-py3.8.egg-info/PKG-INFO
[2.375s] -- Installing: /home/fierra/beginner_tutuorial/install/assignment_w10/lib/python3.8/site-packages/assignment_w10-0.0.0-py3.8.egg-info/top_level.txt
[2.376s] -- Up-to-date: /home/fierra/beginner_tutuorial/install/assignment_w10/lib/python3.8/site-packages/assignment_w10
[2.376s] -- Up-to-date: /home/fierra/beginner_tutuorial/install/assignment_w10/lib/python3.8/site-packages/assignment_w10/srv
[2.376s] -- Up-to-date: /home/fierra/beginner_tutuorial/install/assignment_w10/lib/python3.8/site-packages/assignment_w10/srv/_change_string.py
[2.376s] -- Up-to-date: /home/fierra/beginner_tutuorial/install/assignment_w10/lib/python3.8/site-packages/assignment_w10/srv/__init__.py
[2.376s] -- Up-to-date: /home/fierra/beginner_tutuorial/install/assignment_w10/lib/python3.8/site-packages/assignment_w10/srv/_change_string_s.c
[2.376s] -- Up-to-date: /home/fierra/beginner_tutuorial/install/assignment_w10/lib/python3.8/site-packages/assignment_w10/__init__.py
[2.377s] -- Up-to-date: /home/fierra/beginner_tutuorial/install/assignment_w10/lib/python3.8/site-packages/assignment_w10/_assignment_w10_s.ep.rosidl_typesupport_c.c
[2.377s] -- Up-to-date: /home/fierra/beginner_tutuorial/install/assignment_w10/lib/python3.8/site-packages/assignment_w10/assignment_w10_s__rosidl_typesupport_introspection_c.cpython-38-x86_64-linux-gnu.so
[2.377s] -- Up-to-date: /home/fierra/beginner_tutuorial/install/assignment_w10/lib/python3.8/site-packages/assignment_w10/assignment_w10_s__rosidl_typesupport_fastrtps_c.cpython-38-x86_64-linux-gnu.so
[2.377s] -- Up-to-date: /home/fierra/beginner_tutuorial/install/assignment_w10/lib/python3.8/site-packages/assignment_w10/libassignment_w10__rosidl_generator_py.so
[2.377s] -- Up-to-date: /home/fierra/beginner_tutuorial/install/assignment_w10/lib/python3.8/site-packages/assignment_w10/_assignment_w10_s.ep.rosidl_typesupport_introspection_c.c
[2.378s] -- Up-to-date: /home/fierra/beginner_tutuorial/install/assignment_w10/lib/python3.8/site-packages/assignment_w10/_assignment_w10_s.ep.rosidl_typesupport_fastrtps_c.c
[2.378s] -- Up-to-date: /home/fierra/beginner_tutuorial/install/assignment_w10/lib/python3.8/site-packages/assignment_w10/assignment_w10_s__rosidl_typesupport_c.cpython-38-x86_64-linux-gnu.so
[3.249s] Listing '/home/fierra/beginner_tutuorial/install/assignment_w10/lib/python3.8/site-packages/assignment_w10'...
[3.249s] Listing '/home/fierra/beginner_tutuorial/install/assignment_w10/lib/python3.8/site-packages/assignment_w10/srv'...
[3.261s] -- Up-to-date: /home/fierra/beginner_tutuorial/install/assignment_w10/lib/python3.8/site-packages/assignment_w10/assignment_w10_s__rosidl_typesupport_introspection_c.cpython-38-x86_64-linux-gnu.so
[3.263s] -- Up-to-date: /home/fierra/beginner_tutuorial/install/assignment_w10/lib/python3.8/site-packages/assignment_w10/assignment_w10_s__rosidl_typesupport_fastrtps_c.cpython-38-x86_64-linux-gnu.so
[3.265s] -- Up-to-date: /home/fierra/beginner_tutuorial/install/assignment_w10/lib/python3.8/site-packages/assignment_w10/assignment_w10_s__rosidl_typesupport_c.cpython-38-x86_64-linux-gnu.so
[3.266s] -- Up-to-date: /home/fierra/beginner_tutuorial/install/assignment_w10/lib/libassignment_w10__rosidl_generator_py.so
[3.267s] -- Up-to-date: /home/fierra/beginner_tutuorial/install/assignment_w10/share/assignment_w10/srv/ChangeString.idl
[3.267s] -- Up-to-date: /home/fierra/beginner_tutuorial/install/assignment_w10/share/assignment_w10/srv/ChangeString.srv
[3.268s] -- Up-to-date: /home/fierra/beginner_tutuorial/install/assignment_w10/share/assignment_w10/srv/ChangeString_Request.msg
[3.268s] -- Up-to-date: /home/fierra/beginner_tutuorial/install/assignment_w10/share/assignment_w10/srv/ChangeString_Response.msg
[3.268s] -- Up-to-date: /home/fierra/beginner_tutuorial/install/assignment_w10/lib/assignment_w10/talker
[3.269s] -- Up-to-date: /home/fierra/beginner_tutuorial/install/assignment_w10/lib/assignment_w10/listener
[3.271s] -- Up-to-date: /home/fierra/beginner_tutuorial/install/assignment_w10/lib/assignment_w10/client
[3.271s] -- Up-to-date: /home/fierra/beginner_tutuorial/install/assignment_w10/share/assignment_w10/launch
[3.272s] -- Up-to-date: /home/fierra/beginner_tutuorial/install/assignment_w10/share/assignment_w10/launch/pub_sub.launch.yaml
[3.272s] -- Up-to-date: /home/fierra/beginner_tutuorial/install/assignment_w10/share/ament_index/resource_index/package_run_dependencies/assignment_w10
[3.273s] -- Up-to-date: /home/fierra/beginner_tutuorial/install/assignment_w10/share/ament_index/resource_index/parent_prefix_path/assignment_w10
[3.273s] -- Up-to-date: /home/fierra/beginner_tutuorial/install/assignment_w10/share/assignment_w10/environment/ament_prefix_path.dsv
[3.273s] -- Up-to-date: /home/fierra/beginner_tutuorial/install/assignment_w10/share/assignment_w10/environment/path.dsv
[3.274s] -- Up-to-date: /home/fierra/beginner_tutuorial/install/assignment_w10/share/assignment_w10/local_setup.bash
[3.274s] -- Up-to-date: /home/fierra/beginner_tutuorial/install/assignment_w10/share/assignment_w10/local_setup.sh
[3.274s] -- Up-to-date: /home/fierra/beginner_tutuorial/install/assignment_w10/share/assignment_w10/local_setup.zsh
[3.275s] -- Up-to-date: /home/fierra/beginner_tutuorial/install/assignment_w10/share/assignment_w10/local_setup.dsv
[3.275s] -- Installing: /home/fierra/beginner_tutuorial/install/assignment_w10/share/assignment_w10/package.dsv
[3.276s] -- Up-to-date: /home/fierra/beginner_tutuorial/install/assignment_w10/share/ament_index/resource_index/packages/assignment_w10
[3.276s] -- Up-to-date: /home/fierra/beginner_tutuorial/install/assignment_w10/share/assignment_w10/cmake/export_assignment_w10__rosidl_generator_cExport.cmake
[3.276s] -- Up-to-date: /home/fierra/beginner_tutuorial/install/assignment_w10/share/assignment_w10/cmake/export_assignment_w10__rosidl_generator_cExport-noconfig.cmake
[3.277s] -- Up-to-date: /home/fierra/beginner_tutuorial/install/assignment_w10/share/assignment_w10/cmake/export_assignment_w10__rosidl_typesupport_fastrtps_cExport.cmake
[3.277s] -- Up-to-date: /home/fierra/beginner_tutuorial/install/assignment_w10/share/assignment_w10/cmake/export_assignment_w10__rosidl_typesupport_fastrtps_cExport-noconfig.cmake
[3.277s] -- Up-to-date: /home/fierra/beginner_tutuorial/install/assignment_w10/share/assignment_w10/cmake/export_assignment_w10__rosidl_generator_cppExport.cmake
[3.277s] -- Up-to-date: /home/fierra/beginner_tutuorial/install/assignment_w10/share/assignment_w10/cmake/export_assignment_w10__rosidl_typesupport_fastrtps_cppExport.cmake
[3.278s] -- Up-to-date: /home/fierra/beginner_tutuorial/install/assignment_w10/share/assignment_w10/cmake/export_assignment_w10__rosidl_typesupport_fastrtps_cppExport-noconfig.cmake
[3.278s] -- Up-to-date: /home/fierra/beginner_tutuorial/install/assignment_w10/share/assignment_w10/cmake/assignment_w10__rosidl_typesupport_introspection_cExport.cmake
[3.279s] -- Up-to-date: /home/fierra/beginner_tutuorial/install/assignment_w10/share/assignment_w10/cmake/assignment_w10__rosidl_typesupport_introspection_cExport-noconfig.cmake
[3.279s] -- Up-to-date: /home/fierra/beginner_tutuorial/install/assignment_w10/share/assignment_w10/cmake/assignment_w10__rosidl_typesupport_cExport.cmake
[3.279s] -- Up-to-date: /home/fierra/beginner_tutuorial/install/assignment_w10/share/assignment_w10/cmake/assignment_w10__rosidl_typesupport_cExport-noconfig.cmake
[3.280s] -- Up-to-date: /home/fierra/beginner_tutuorial/install/assignment_w10/share/assignment_w10/cmake/assignment_w10__rosidl_typesupport_introspection_cppExport.cmake
[3.280s] -- Up-to-date: /home/fierra/beginner_tutuorial/install/assignment_w10/share/assignment_w10/cmake/assignment_w10__rosidl_typesupport_introspection_cppExport-noconfig.cmake
[3.281s] -- Up-to-date: /home/fierra/beginner_tutuorial/install/assignment_w10/share/assignment_w10/cmake/assignment_w10__rosidl_typesupport_cppExport.cmake
[3.281s] -- Up-to-date: /home/fierra/beginner_tutuorial/install/assignment_w10/share/assignment_w10/cmake/assignment_w10__rosidl_typesupport_cppExport-noconfig.cmake
[3.281s] -- Up-to-date: /home/fierra/beginner_tutuorial/install/assignment_w10/share/assignment_w10/cmake/export_assignment_w10__rosidl_generator_pyExport.cmake
[3.282s] -- Up-to-date: /home/fierra/beginner_tutuorial/install/assignment_w10/share/assignment_w10/cmake/export_assignment_w10__rosidl_generator_pyExport-noconfig.cmake
[3.282s] -- Up-to-date: /home/fierra/beginner_tutuorial/install/assignment_w10/share/assignment_w10/cmake/rosidl_cmake-extras.cmake
[3.282s] -- Up-to-date: /home/fierra/beginner_tutuorial/install/assignment_w10/share/assignment_w10/cmake/ament_cmake_export_include_directories-extras.cmake
[3.283s] -- Up-to-date: /home/fierra/beginner_tutuorial/install/assignment_w10/share/assignment_w10/cmake/ament_cmake_export_libraries-extras.cmake
[3.283s] -- Up-to-date: /home/fierra/beginner_tutuorial/install/assignment_w10/share/assignment_w10/cmake/ament_cmake_export_targets-extras.cmake
[3.283s] -- Up-to-date: /home/fierra/beginner_tutuorial/install/assignment_w10/share/assignment_w10/cmake/rosidl_cmake_export_typesupport_targets-extras.cmake
[3.283s] -- Up-to-date: /home/fierra/beginner_tutuorial/install/assignment_w10/share/assignment_w10/cmake/ament_cmake_export_dependencies-extras.cmake
[3.284s] -- Up-to-date: /home/fierra/beginner_tutuorial/install/assignment_w10/share/assignment_w10/cmake/rosidl_cmake_export_typesupport_libraries-extras.cmake
[3.284s] -- Up-to-date: /home/fierra/beginner_tutuorial/install/assignment_w10/share/assignment_w10/cmake/assignment_w10Config.cmake
[3.284s] -- Up-to-date: /home/fierra/beginner_tutuorial/install/assignment_w10/share/assignment_w10/cmake/assignment_w10Config-version.cmake
[3.285s] -- Up-to-date: /home/fierra/beginner_tutuorial/install/assignment_w10/share/assignment_w10/package.xml
[3.288s] Invoked command in '/home/fierra/beginner_tutuorial/build/assignment_w10' returned '0': CMAKE_PREFIX_PATH=${CMAKE_PREFIX_PATH}:/home/fierra/ros2_humble/install/rqt_bag_plugins:/home/fierra/ros2_humble/install/rqt_bag:/home/fierra/ros2_humble/install/ros2bag:/home/fierra/ros2_humble/install/tracetools_test:/home/fierra/ros2_humble/install/tracetools_launch:/home/fierra/ros2_humble/install/topic_monitor:/home/fierra/ros2_humble/install/tf2_tools:/home/fierra/ros2_humble/install/examples_tf2_py:/home/fierra/ros2_humble/install/tf2_ros_py:/home/fierra/ros2_humble/install/sros2:/home/fierra/ros2_humble/install/rqt_topic:/home/fierra/ros2_humble/install/rqt_srv:/home/fierra/ros2_humble/install/rqt_shell:/home/fierra/ros2_humble/install/rqt_service_caller:/home/fierra/ros2_humble/install/rqt_reconfigure:/home/fierra/ros2_humble/install/rqt_py_console:/home/fierra/ros2_humble/install/rqt_publisher:/home/fierra/ros2_humble/install/rqt_plot:/home/fierra/ros2_humble/install/rqt_action:/home/fierra/ros2_humble/install/rqt_msg:/home/fierra/ros2_humble/install/rqt_console:/home/fierra/ros2_humble/install/rqt:/home/fierra/ros2_humble/install/rqt_graph:/home/fierra/ros2_humble/install/rqt_gui_py:/home/fierra/ros2_humble/install/rqt_gui:/home/fierra/ros2_humble/install/ros2trace:/home/fierra/ros2_humble/install/ros2topic:/home/fierra/ros2_humble/install/ros2test:/home/fierra/ros2_humble/install/ros2component:/home/fierra/ros2_humble/install/ros2param:/home/fierra/ros2_humble/install/ros2lifecycle:/home/fierra/ros2_humble/install/ros2service:/home/fierra/ros2_humble/install/ros2run:/home/fierra/ros2_humble/install/ros2launch:/home/fierra/ros2_humble/install/ros2pkg:/home/fierra/ros2_humble/install/ros2node:/home/fierra/ros2_humble/install/ros2multicast:/home/fierra/ros2_humble/install/ros2interface:/home/fierra/ros2_humble/install/ros2doctor:/home/fierra/ros2_humble/install/ros2action:/home/fierra/ros2_humble/install/ros2cli:/home/fierra/ros2_humble/install/quality_of_service_demo_py:/home/fierra/ros2_humble/install/lifecycle_py:/home/fierra/ros2_humble/install/launch_testing_ros:/home/fierra/ros2_humble/install/launch_ros:/home/fierra/ros2_humble/install/examples_rclpy_pointcloud_publisher:/home/fierra/ros2_humble/install/examples_rclpy_minimal_subscriber:/home/fierra/ros2_humble/install/examples_rclpy_minimal_service:/home/fierra/ros2_humble/install/examples_rclpy_minimal_publisher:/home/fierra/ros2_humble/install/examples_rclpy_minimal_client:/home/fierra/ros2_humble/install/examples_rclpy_minimal_action_server:/home/fierra/ros2_humble/install/examples_rclpy_minimal_action_client:/home/fierra/ros2_humble/install/examples_rclpy_guard_conditions:/home/fierra/ros2_humble/install/examples_rclpy_executors:/home/fierra/ros2_humble/install/demo_nodes_py:/home/fierra/ros2_humble/install/action_tutorials_py:/home/fierra/ros2_humble/install/ament_uncrustify:/home/fierra/ros2_humble/install/tracetools_trace:/home/fierra/ros2_humble/install/tracetools_read:/home/fierra/ros2_humble/install/test_tracetools_launch:/home/fierra/ros2_humble/install/test_launch_ros:/home/fierra/ros2_humble/install/sensor_msgs_py:/home/fierra/ros2_humble/install/rpyutils:/home/fierra/ros2_humble/install/rosidl_runtime_py:/home/fierra/ros2_humble/install/rosidl_cli:/home/fierra/ros2_humble/install/launch_pytest:/home/fierra/ros2_humble/install/launch_testing:/home/fierra/ros2_humble/install/launch_yaml:/home/fierra/ros2_humble/install/launch_xml:/home/fierra/ros2_humble/install/launch:/home/fierra/ros2_humble/install/osrf_pycommon:/home/fierra/ros2_humble/install/launch_testing_examples:/home/fierra/ros2_humble/install/domain_coordinator:/home/fierra/ros2_humble/install/ament_xmllint:/home/fierra/ros2_humble/install/ament_pyflakes:/home/fierra/ros2_humble/install/ament_pycodestyle:/home/fierra/ros2_humble/install/ament_pep257:/home/fierra/ros2_humble/install/ament_pclint:/home/fierra/ros2_humble/install/ament_package:/home/fierra/ros2_humble/install/ament_mypy:/home/fierra/ros2_humble/install/ament_lint_cmake:/home/fierra/ros2_humble/install/ament_flake8:/home/fierra/ros2_humble/install/ament_copyright:/home/fierra/ros2_humble/install/ament_lint:/home/fierra/ros2_humble/install/ament_index_python:/home/fierra/ros2_humble/install/ament_cpplint:/home/fierra/ros2_humble/install/ament_cppcheck:/home/fierra/ros2_humble/install/ament_clang_tidy:/home/fierra/ros2_humble/install/ament_clang_format /usr/bin/cmake --install /home/fierra/beginner_tutuorial/build/assignment_w10
