-- Found ament_cmake: 1.3.2 (/home/fierra/ros2_humble/install/ament_cmake/share/ament_cmake/cmake)
-- Found rclcpp: 16.0.1 (/home/fierra/ros2_humble/install/rclcpp/share/rclcpp/cmake)
-- Found rosidl_generator_c: 3.1.3 (/home/fierra/ros2_humble/install/rosidl_generator_c/share/rosidl_generator_c/cmake)
-- Found rosidl_adapter: 3.1.3 (/home/fierra/ros2_humble/install/rosidl_adapter/share/rosidl_adapter/cmake)
-- Found rosidl_generator_cpp: 3.1.3 (/home/fierra/ros2_humble/install/rosidl_generator_cpp/share/rosidl_generator_cpp/cmake)
-- Using all available rosidl_typesupport_c: rosidl_typesupport_introspection_c;rosidl_typesupport_fastrtps_c
-- Using all available rosidl_typesupport_cpp: rosidl_typesupport_introspection_cpp;rosidl_typesupport_fastrtps_cpp
-- Found rmw_implementation_cmake: 6.1.0 (/home/fierra/ros2_humble/install/rmw_implementation_cmake/share/rmw_implementation_cmake/cmake)
-- Found rmw_fastrtps_cpp: 6.2.1 (/home/fierra/ros2_humble/install/rmw_fastrtps_cpp/share/rmw_fastrtps_cpp/cmake)
-- Using RMW implementation 'rmw_fastrtps_cpp' as default
-- Found example_interfaces: 0.9.3 (/home/fierra/ros2_humble/install/example_interfaces/share/example_interfaces/cmake)
-- Found rosidl_default_generators: 1.2.0 (/home/fierra/ros2_humble/install/rosidl_default_generators/share/rosidl_default_generators/cmake)
-- Found ament_cmake_ros: 0.10.0 (/home/fierra/ros2_humble/install/ament_cmake_ros/share/ament_cmake_ros/cmake)
-- Using all available rosidl_typesupport_c: rosidl_typesupport_introspection_c;rosidl_typesupport_fastrtps_c
-- Using all available rosidl_typesupport_cpp: rosidl_typesupport_introspection_cpp;rosidl_typesupport_fastrtps_cpp
-- Found PythonInterp: /usr/bin/python3 (found suitable version "3.8.10", minimum required is "3.6") 
-- Found python_cmake_module: 0.10.0 (/home/fierra/ros2_humble/install/python_cmake_module/share/python_cmake_module/cmake)
-- Found PythonLibs: /usr/lib/x86_64-linux-gnu/libpython3.8.so (found suitable version "3.8.10", minimum required is "3.5") 
-- Using PYTHON_EXECUTABLE: /usr/bin/python3
-- Using PYTHON_INCLUDE_DIRS: /usr/include/python3.8
-- Using PYTHON_LIBRARIES: /usr/lib/x86_64-linux-gnu/libpython3.8.so
-- Found PythonExtra: .so  
-- Found ament_lint_auto: 0.12.4 (/home/fierra/ros2_humble/install/ament_lint_auto/share/ament_lint_auto/cmake)
-- Added test 'cppcheck' to perform static code analysis on C / C++ code
-- Configured cppcheck include dirs: 
-- Configured cppcheck exclude dirs and/or files: 
-- Added test 'lint_cmake' to check CMake code style
-- Added test 'uncrustify' to check C / C++ code style
-- Configured uncrustify additional arguments: 
-- Added test 'xmllint' to check XML markup files
-- Configuring done
-- Generating done
-- Build files have been written to: /home/fierra/beginner_tutuorial/build/assignment_w10
[  2%] [34m[1mGenerating C code for ROS interfaces[0m
[35m[1mScanning dependencies of target assignment_w10__cpp[0m
[35m[1mScanning dependencies of target ament_cmake_python_copy_assignment_w10[0m
[  5%] [34m[1mGenerating C++ code for ROS interfaces[0m
[  5%] Built target ament_cmake_python_copy_assignment_w10
[35m[1mScanning dependencies of target ament_cmake_python_build_assignment_w10_egg[0m
[35m[1mScanning dependencies of target assignment_w10__rosidl_generator_c[0m
[  5%] Built target assignment_w10__cpp
[  8%] [32mBuilding C object CMakeFiles/assignment_w10__rosidl_generator_c.dir/rosidl_generator_c/assignment_w10/srv/detail/change_string__functions.c.o[0m
[ 10%] [34m[1mGenerating C++ introspection for ROS interfaces[0m
[ 13%] [34m[1mGenerating C++ type support dispatch for ROS interfaces[0m
[ 16%] [34m[1mGenerating C++ type support for eProsima Fast-RTPS[0m
running egg_info
creating assignment_w10.egg-info
writing assignment_w10.egg-info/PKG-INFO
writing dependency_links to assignment_w10.egg-info/dependency_links.txt
writing top-level names to assignment_w10.egg-info/top_level.txt
writing manifest file 'assignment_w10.egg-info/SOURCES.txt'
reading manifest file 'assignment_w10.egg-info/SOURCES.txt'
writing manifest file 'assignment_w10.egg-info/SOURCES.txt'
[ 16%] Built target ament_cmake_python_build_assignment_w10_egg
[ 18%] [32m[1mLinking C shared library libassignment_w10__rosidl_generator_c.so[0m
[ 18%] Built target assignment_w10__rosidl_generator_c
[ 21%] [34m[1mGenerating C introspection for ROS interfaces[0m
[ 24%] [34m[1mGenerating C type support for eProsima Fast-RTPS[0m
[ 27%] [34m[1mGenerating C type support dispatch for ROS interfaces[0m
[35m[1mScanning dependencies of target assignment_w10__rosidl_typesupport_cpp[0m
[ 29%] [32mBuilding CXX object CMakeFiles/assignment_w10__rosidl_typesupport_cpp.dir/rosidl_typesupport_cpp/assignment_w10/srv/change_string__type_support.cpp.o[0m
[35m[1mScanning dependencies of target assignment_w10__rosidl_typesupport_fastrtps_cpp[0m
[ 32%] [32mBuilding CXX object CMakeFiles/assignment_w10__rosidl_typesupport_fastrtps_cpp.dir/rosidl_typesupport_fastrtps_cpp/assignment_w10/srv/detail/dds_fastrtps/change_string__type_support.cpp.o[0m
[35m[1mScanning dependencies of target assignment_w10__rosidl_typesupport_introspection_cpp[0m
[35m[1mScanning dependencies of target assignment_w10__rosidl_typesupport_c[0m
[ 35%] [32mBuilding CXX object CMakeFiles/assignment_w10__rosidl_typesupport_introspection_cpp.dir/rosidl_typesupport_introspection_cpp/assignment_w10/srv/detail/change_string__type_support.cpp.o[0m
[ 37%] [32mBuilding CXX object CMakeFiles/assignment_w10__rosidl_typesupport_c.dir/rosidl_typesupport_c/assignment_w10/srv/change_string__type_support.cpp.o[0m
[35m[1mScanning dependencies of target assignment_w10__rosidl_typesupport_fastrtps_c[0m
[35m[1mScanning dependencies of target assignment_w10__rosidl_typesupport_introspection_c[0m
[ 40%] [32m[1mLinking CXX shared library libassignment_w10__rosidl_typesupport_c.so[0m
[ 43%] [32mBuilding CXX object CMakeFiles/assignment_w10__rosidl_typesupport_fastrtps_c.dir/rosidl_typesupport_fastrtps_c/assignment_w10/srv/detail/change_string__type_support_c.cpp.o[0m
[ 45%] [32mBuilding C object CMakeFiles/assignment_w10__rosidl_typesupport_introspection_c.dir/rosidl_typesupport_introspection_c/assignment_w10/srv/detail/change_string__type_support.c.o[0m
[ 48%] [32m[1mLinking CXX shared library libassignment_w10__rosidl_typesupport_cpp.so[0m
[ 48%] Built target assignment_w10__rosidl_typesupport_c
[ 51%] [32m[1mLinking C shared library libassignment_w10__rosidl_typesupport_introspection_c.so[0m
[ 51%] Built target assignment_w10__rosidl_typesupport_cpp
[ 51%] Built target assignment_w10__rosidl_typesupport_introspection_c
[ 54%] [32m[1mLinking CXX shared library libassignment_w10__rosidl_typesupport_fastrtps_cpp.so[0m
[ 54%] Built target assignment_w10__rosidl_typesupport_fastrtps_cpp
[ 56%] [32m[1mLinking CXX shared library libassignment_w10__rosidl_typesupport_introspection_cpp.so[0m
[ 59%] [32m[1mLinking CXX shared library libassignment_w10__rosidl_typesupport_fastrtps_c.so[0m
[ 59%] Built target assignment_w10__rosidl_typesupport_introspection_cpp
[ 59%] Built target assignment_w10__rosidl_typesupport_fastrtps_c
[35m[1mScanning dependencies of target assignment_w10[0m
[ 59%] Built target assignment_w10
[35m[1mScanning dependencies of target talker[0m
[35m[1mScanning dependencies of target client[0m
[35m[1mScanning dependencies of target assignment_w10__py[0m
[35m[1mScanning dependencies of target listener[0m
[ 62%] [34m[1mGenerating Python code for ROS interfaces[0m
[ 64%] [32mBuilding CXX object CMakeFiles/talker.dir/src/publisher_member_function.cpp.o[0m
[ 67%] [32mBuilding CXX object CMakeFiles/listener.dir/src/subscriber_member_function.cpp.o[0m
[ 70%] [32mBuilding CXX object CMakeFiles/client.dir/src/change_string_client.cpp.o[0m
[ 70%] Built target assignment_w10__py
[35m[1mScanning dependencies of target assignment_w10__rosidl_generator_py[0m
[ 72%] [32mBuilding C object CMakeFiles/assignment_w10__rosidl_generator_py.dir/rosidl_generator_py/assignment_w10/srv/_change_string_s.c.o[0m
[ 75%] [32m[1mLinking C shared library rosidl_generator_py/assignment_w10/libassignment_w10__rosidl_generator_py.so[0m
[ 75%] Built target assignment_w10__rosidl_generator_py
[35m[1mScanning dependencies of target assignment_w10__rosidl_typesupport_c__pyext[0m
[35m[1mScanning dependencies of target assignment_w10__rosidl_typesupport_introspection_c__pyext[0m
[35m[1mScanning dependencies of target assignment_w10__rosidl_typesupport_fastrtps_c__pyext[0m
[ 78%] [32mBuilding C object CMakeFiles/assignment_w10__rosidl_typesupport_c__pyext.dir/rosidl_generator_py/assignment_w10/_assignment_w10_s.ep.rosidl_typesupport_c.c.o[0m
[ 81%] [32mBuilding C object CMakeFiles/assignment_w10__rosidl_typesupport_fastrtps_c__pyext.dir/rosidl_generator_py/assignment_w10/_assignment_w10_s.ep.rosidl_typesupport_fastrtps_c.c.o[0m
[ 83%] [32mBuilding C object CMakeFiles/assignment_w10__rosidl_typesupport_introspection_c__pyext.dir/rosidl_generator_py/assignment_w10/_assignment_w10_s.ep.rosidl_typesupport_introspection_c.c.o[0m
[ 86%] [32m[1mLinking C shared library rosidl_generator_py/assignment_w10/assignment_w10_s__rosidl_typesupport_introspection_c.cpython-38-x86_64-linux-gnu.so[0m
[ 89%] [32m[1mLinking C shared library rosidl_generator_py/assignment_w10/assignment_w10_s__rosidl_typesupport_c.cpython-38-x86_64-linux-gnu.so[0m
[ 91%] [32m[1mLinking C shared library rosidl_generator_py/assignment_w10/assignment_w10_s__rosidl_typesupport_fastrtps_c.cpython-38-x86_64-linux-gnu.so[0m
[ 91%] Built target assignment_w10__rosidl_typesupport_c__pyext
[ 91%] Built target assignment_w10__rosidl_typesupport_introspection_c__pyext
[ 91%] Built target assignment_w10__rosidl_typesupport_fastrtps_c__pyext
[ 94%] [32m[1mLinking CXX executable client[0m
[ 94%] Built target client
[ 97%] [32m[1mLinking CXX executable talker[0m
[ 97%] Built target talker
[100%] [32m[1mLinking CXX executable listener[0m
[100%] Built target listener
-- Install configuration: ""
-- Installing: /home/fierra/beginner_tutuorial/install/assignment_w10/share/ament_index/resource_index/rosidl_interfaces/assignment_w10
-- Installing: /home/fierra/beginner_tutuorial/install/assignment_w10/include/assignment_w10/assignment_w10
-- Installing: /home/fierra/beginner_tutuorial/install/assignment_w10/include/assignment_w10/assignment_w10/msg
-- Installing: /home/fierra/beginner_tutuorial/install/assignment_w10/include/assignment_w10/assignment_w10/msg/rosidl_generator_c__visibility_control.h
-- Installing: /home/fierra/beginner_tutuorial/install/assignment_w10/include/assignment_w10/assignment_w10/srv
-- Installing: /home/fierra/beginner_tutuorial/install/assignment_w10/include/assignment_w10/assignment_w10/srv/detail
-- Installing: /home/fierra/beginner_tutuorial/install/assignment_w10/include/assignment_w10/assignment_w10/srv/detail/change_string__type_support.h
-- Installing: /home/fierra/beginner_tutuorial/install/assignment_w10/include/assignment_w10/assignment_w10/srv/detail/change_string__functions.c
-- Installing: /home/fierra/beginner_tutuorial/install/assignment_w10/include/assignment_w10/assignment_w10/srv/detail/change_string__struct.h
-- Installing: /home/fierra/beginner_tutuorial/install/assignment_w10/include/assignment_w10/assignment_w10/srv/detail/change_string__functions.h
-- Installing: /home/fierra/beginner_tutuorial/install/assignment_w10/include/assignment_w10/assignment_w10/srv/change_string.h
-- Installing: /home/fierra/beginner_tutuorial/install/assignment_w10/share/assignment_w10/environment/library_path.sh
-- Installing: /home/fierra/beginner_tutuorial/install/assignment_w10/share/assignment_w10/environment/library_path.dsv
-- Installing: /home/fierra/beginner_tutuorial/install/assignment_w10/lib/libassignment_w10__rosidl_generator_c.so
-- Set runtime path of "/home/fierra/beginner_tutuorial/install/assignment_w10/lib/libassignment_w10__rosidl_generator_c.so" to ""
-- Up-to-date: /home/fierra/beginner_tutuorial/install/assignment_w10/include/assignment_w10/assignment_w10
-- Up-to-date: /home/fierra/beginner_tutuorial/install/assignment_w10/include/assignment_w10/assignment_w10/msg
-- Installing: /home/fierra/beginner_tutuorial/install/assignment_w10/include/assignment_w10/assignment_w10/msg/rosidl_typesupport_fastrtps_c__visibility_control.h
-- Up-to-date: /home/fierra/beginner_tutuorial/install/assignment_w10/include/assignment_w10/assignment_w10/srv
-- Up-to-date: /home/fierra/beginner_tutuorial/install/assignment_w10/include/assignment_w10/assignment_w10/srv/detail
-- Installing: /home/fierra/beginner_tutuorial/install/assignment_w10/include/assignment_w10/assignment_w10/srv/detail/change_string__rosidl_typesupport_fastrtps_c.h
-- Installing: /home/fierra/beginner_tutuorial/install/assignment_w10/lib/libassignment_w10__rosidl_typesupport_fastrtps_c.so
-- Set runtime path of "/home/fierra/beginner_tutuorial/install/assignment_w10/lib/libassignment_w10__rosidl_typesupport_fastrtps_c.so" to ""
-- Up-to-date: /home/fierra/beginner_tutuorial/install/assignment_w10/include/assignment_w10/assignment_w10
-- Up-to-date: /home/fierra/beginner_tutuorial/install/assignment_w10/include/assignment_w10/assignment_w10/srv
-- Installing: /home/fierra/beginner_tutuorial/install/assignment_w10/include/assignment_w10/assignment_w10/srv/change_string.hpp
-- Up-to-date: /home/fierra/beginner_tutuorial/install/assignment_w10/include/assignment_w10/assignment_w10/srv/detail
-- Installing: /home/fierra/beginner_tutuorial/install/assignment_w10/include/assignment_w10/assignment_w10/srv/detail/change_string__struct.hpp
-- Installing: /home/fierra/beginner_tutuorial/install/assignment_w10/include/assignment_w10/assignment_w10/srv/detail/change_string__traits.hpp
-- Installing: /home/fierra/beginner_tutuorial/install/assignment_w10/include/assignment_w10/assignment_w10/srv/detail/change_string__builder.hpp
-- Up-to-date: /home/fierra/beginner_tutuorial/install/assignment_w10/include/assignment_w10/assignment_w10
-- Up-to-date: /home/fierra/beginner_tutuorial/install/assignment_w10/include/assignment_w10/assignment_w10/msg
-- Installing: /home/fierra/beginner_tutuorial/install/assignment_w10/include/assignment_w10/assignment_w10/msg/rosidl_typesupport_fastrtps_cpp__visibility_control.h
-- Up-to-date: /home/fierra/beginner_tutuorial/install/assignment_w10/include/assignment_w10/assignment_w10/srv
-- Up-to-date: /home/fierra/beginner_tutuorial/install/assignment_w10/include/assignment_w10/assignment_w10/srv/detail
-- Installing: /home/fierra/beginner_tutuorial/install/assignment_w10/include/assignment_w10/assignment_w10/srv/detail/change_string__rosidl_typesupport_fastrtps_cpp.hpp
-- Installing: /home/fierra/beginner_tutuorial/install/assignment_w10/include/assignment_w10/assignment_w10/srv/detail/dds_fastrtps
-- Installing: /home/fierra/beginner_tutuorial/install/assignment_w10/lib/libassignment_w10__rosidl_typesupport_fastrtps_cpp.so
-- Set runtime path of "/home/fierra/beginner_tutuorial/install/assignment_w10/lib/libassignment_w10__rosidl_typesupport_fastrtps_cpp.so" to ""
-- Up-to-date: /home/fierra/beginner_tutuorial/install/assignment_w10/include/assignment_w10/assignment_w10
-- Up-to-date: /home/fierra/beginner_tutuorial/install/assignment_w10/include/assignment_w10/assignment_w10/msg
-- Installing: /home/fierra/beginner_tutuorial/install/assignment_w10/include/assignment_w10/assignment_w10/msg/rosidl_typesupport_introspection_c__visibility_control.h
-- Up-to-date: /home/fierra/beginner_tutuorial/install/assignment_w10/include/assignment_w10/assignment_w10/srv
-- Up-to-date: /home/fierra/beginner_tutuorial/install/assignment_w10/include/assignment_w10/assignment_w10/srv/detail
-- Installing: /home/fierra/beginner_tutuorial/install/assignment_w10/include/assignment_w10/assignment_w10/srv/detail/change_string__type_support.c
-- Installing: /home/fierra/beginner_tutuorial/install/assignment_w10/include/assignment_w10/assignment_w10/srv/detail/change_string__rosidl_typesupport_introspection_c.h
-- Installing: /home/fierra/beginner_tutuorial/install/assignment_w10/lib/libassignment_w10__rosidl_typesupport_introspection_c.so
-- Set runtime path of "/home/fierra/beginner_tutuorial/install/assignment_w10/lib/libassignment_w10__rosidl_typesupport_introspection_c.so" to ""
-- Installing: /home/fierra/beginner_tutuorial/install/assignment_w10/lib/libassignment_w10__rosidl_typesupport_c.so
-- Set runtime path of "/home/fierra/beginner_tutuorial/install/assignment_w10/lib/libassignment_w10__rosidl_typesupport_c.so" to ""
-- Up-to-date: /home/fierra/beginner_tutuorial/install/assignment_w10/include/assignment_w10/assignment_w10
-- Up-to-date: /home/fierra/beginner_tutuorial/install/assignment_w10/include/assignment_w10/assignment_w10/srv
-- Up-to-date: /home/fierra/beginner_tutuorial/install/assignment_w10/include/assignment_w10/assignment_w10/srv/detail
-- Installing: /home/fierra/beginner_tutuorial/install/assignment_w10/include/assignment_w10/assignment_w10/srv/detail/change_string__rosidl_typesupport_introspection_cpp.hpp
-- Installing: /home/fierra/beginner_tutuorial/install/assignment_w10/include/assignment_w10/assignment_w10/srv/detail/change_string__type_support.cpp
-- Installing: /home/fierra/beginner_tutuorial/install/assignment_w10/lib/libassignment_w10__rosidl_typesupport_introspection_cpp.so
-- Set runtime path of "/home/fierra/beginner_tutuorial/install/assignment_w10/lib/libassignment_w10__rosidl_typesupport_introspection_cpp.so" to ""
-- Installing: /home/fierra/beginner_tutuorial/install/assignment_w10/lib/libassignment_w10__rosidl_typesupport_cpp.so
-- Set runtime path of "/home/fierra/beginner_tutuorial/install/assignment_w10/lib/libassignment_w10__rosidl_typesupport_cpp.so" to ""
-- Installing: /home/fierra/beginner_tutuorial/install/assignment_w10/share/assignment_w10/environment/pythonpath.sh
-- Installing: /home/fierra/beginner_tutuorial/install/assignment_w10/share/assignment_w10/environment/pythonpath.dsv
-- Installing: /home/fierra/beginner_tutuorial/install/assignment_w10/lib/python3.8/site-packages/assignment_w10-0.0.0-py3.8.egg-info
-- Installing: /home/fierra/beginner_tutuorial/install/assignment_w10/lib/python3.8/site-packages/assignment_w10-0.0.0-py3.8.egg-info/SOURCES.txt
-- Installing: /home/fierra/beginner_tutuorial/install/assignment_w10/lib/python3.8/site-packages/assignment_w10-0.0.0-py3.8.egg-info/dependency_links.txt
-- Installing: /home/fierra/beginner_tutuorial/install/assignment_w10/lib/python3.8/site-packages/assignment_w10-0.0.0-py3.8.egg-info/PKG-INFO
-- Installing: /home/fierra/beginner_tutuorial/install/assignment_w10/lib/python3.8/site-packages/assignment_w10-0.0.0-py3.8.egg-info/top_level.txt
-- Installing: /home/fierra/beginner_tutuorial/install/assignment_w10/lib/python3.8/site-packages/assignment_w10
-- Installing: /home/fierra/beginner_tutuorial/install/assignment_w10/lib/python3.8/site-packages/assignment_w10/srv
-- Installing: /home/fierra/beginner_tutuorial/install/assignment_w10/lib/python3.8/site-packages/assignment_w10/srv/_change_string.py
-- Installing: /home/fierra/beginner_tutuorial/install/assignment_w10/lib/python3.8/site-packages/assignment_w10/srv/__init__.py
-- Installing: /home/fierra/beginner_tutuorial/install/assignment_w10/lib/python3.8/site-packages/assignment_w10/srv/_change_string_s.c
-- Installing: /home/fierra/beginner_tutuorial/install/assignment_w10/lib/python3.8/site-packages/assignment_w10/__init__.py
-- Installing: /home/fierra/beginner_tutuorial/install/assignment_w10/lib/python3.8/site-packages/assignment_w10/_assignment_w10_s.ep.rosidl_typesupport_c.c
-- Installing: /home/fierra/beginner_tutuorial/install/assignment_w10/lib/python3.8/site-packages/assignment_w10/assignment_w10_s__rosidl_typesupport_introspection_c.cpython-38-x86_64-linux-gnu.so
-- Installing: /home/fierra/beginner_tutuorial/install/assignment_w10/lib/python3.8/site-packages/assignment_w10/assignment_w10_s__rosidl_typesupport_fastrtps_c.cpython-38-x86_64-linux-gnu.so
-- Installing: /home/fierra/beginner_tutuorial/install/assignment_w10/lib/python3.8/site-packages/assignment_w10/libassignment_w10__rosidl_generator_py.so
-- Installing: /home/fierra/beginner_tutuorial/install/assignment_w10/lib/python3.8/site-packages/assignment_w10/_assignment_w10_s.ep.rosidl_typesupport_introspection_c.c
-- Installing: /home/fierra/beginner_tutuorial/install/assignment_w10/lib/python3.8/site-packages/assignment_w10/_assignment_w10_s.ep.rosidl_typesupport_fastrtps_c.c
-- Installing: /home/fierra/beginner_tutuorial/install/assignment_w10/lib/python3.8/site-packages/assignment_w10/assignment_w10_s__rosidl_typesupport_c.cpython-38-x86_64-linux-gnu.so
Listing '/home/fierra/beginner_tutuorial/install/assignment_w10/lib/python3.8/site-packages/assignment_w10'...
Compiling '/home/fierra/beginner_tutuorial/install/assignment_w10/lib/python3.8/site-packages/assignment_w10/__init__.py'...
Listing '/home/fierra/beginner_tutuorial/install/assignment_w10/lib/python3.8/site-packages/assignment_w10/srv'...
Compiling '/home/fierra/beginner_tutuorial/install/assignment_w10/lib/python3.8/site-packages/assignment_w10/srv/__init__.py'...
Compiling '/home/fierra/beginner_tutuorial/install/assignment_w10/lib/python3.8/site-packages/assignment_w10/srv/_change_string.py'...
-- Installing: /home/fierra/beginner_tutuorial/install/assignment_w10/lib/python3.8/site-packages/assignment_w10/assignment_w10_s__rosidl_typesupport_introspection_c.cpython-38-x86_64-linux-gnu.so
-- Set runtime path of "/home/fierra/beginner_tutuorial/install/assignment_w10/lib/python3.8/site-packages/assignment_w10/assignment_w10_s__rosidl_typesupport_introspection_c.cpython-38-x86_64-linux-gnu.so" to ""
-- Installing: /home/fierra/beginner_tutuorial/install/assignment_w10/lib/python3.8/site-packages/assignment_w10/assignment_w10_s__rosidl_typesupport_fastrtps_c.cpython-38-x86_64-linux-gnu.so
-- Set runtime path of "/home/fierra/beginner_tutuorial/install/assignment_w10/lib/python3.8/site-packages/assignment_w10/assignment_w10_s__rosidl_typesupport_fastrtps_c.cpython-38-x86_64-linux-gnu.so" to ""
-- Installing: /home/fierra/beginner_tutuorial/install/assignment_w10/lib/python3.8/site-packages/assignment_w10/assignment_w10_s__rosidl_typesupport_c.cpython-38-x86_64-linux-gnu.so
-- Set runtime path of "/home/fierra/beginner_tutuorial/install/assignment_w10/lib/python3.8/site-packages/assignment_w10/assignment_w10_s__rosidl_typesupport_c.cpython-38-x86_64-linux-gnu.so" to ""
-- Installing: /home/fierra/beginner_tutuorial/install/assignment_w10/lib/libassignment_w10__rosidl_generator_py.so
-- Set runtime path of "/home/fierra/beginner_tutuorial/install/assignment_w10/lib/libassignment_w10__rosidl_generator_py.so" to ""
-- Installing: /home/fierra/beginner_tutuorial/install/assignment_w10/share/assignment_w10/srv/ChangeString.idl
-- Installing: /home/fierra/beginner_tutuorial/install/assignment_w10/share/assignment_w10/srv/ChangeString.srv
-- Installing: /home/fierra/beginner_tutuorial/install/assignment_w10/share/assignment_w10/srv/ChangeString_Request.msg
-- Installing: /home/fierra/beginner_tutuorial/install/assignment_w10/share/assignment_w10/srv/ChangeString_Response.msg
-- Installing: /home/fierra/beginner_tutuorial/install/assignment_w10/lib/assignment_w10/talker
-- Set runtime path of "/home/fierra/beginner_tutuorial/install/assignment_w10/lib/assignment_w10/talker" to ""
-- Installing: /home/fierra/beginner_tutuorial/install/assignment_w10/lib/assignment_w10/listener
-- Set runtime path of "/home/fierra/beginner_tutuorial/install/assignment_w10/lib/assignment_w10/listener" to ""
-- Installing: /home/fierra/beginner_tutuorial/install/assignment_w10/lib/assignment_w10/client
-- Set runtime path of "/home/fierra/beginner_tutuorial/install/assignment_w10/lib/assignment_w10/client" to ""
-- Installing: /home/fierra/beginner_tutuorial/install/assignment_w10/share/assignment_w10/launch
-- Installing: /home/fierra/beginner_tutuorial/install/assignment_w10/share/assignment_w10/launch/pub_sub.launch.yaml
-- Installing: /home/fierra/beginner_tutuorial/install/assignment_w10/share/ament_index/resource_index/package_run_dependencies/assignment_w10
-- Installing: /home/fierra/beginner_tutuorial/install/assignment_w10/share/ament_index/resource_index/parent_prefix_path/assignment_w10
-- Installing: /home/fierra/beginner_tutuorial/install/assignment_w10/share/assignment_w10/environment/ament_prefix_path.sh
-- Installing: /home/fierra/beginner_tutuorial/install/assignment_w10/share/assignment_w10/environment/ament_prefix_path.dsv
-- Installing: /home/fierra/beginner_tutuorial/install/assignment_w10/share/assignment_w10/environment/path.sh
-- Installing: /home/fierra/beginner_tutuorial/install/assignment_w10/share/assignment_w10/environment/path.dsv
-- Installing: /home/fierra/beginner_tutuorial/install/assignment_w10/share/assignment_w10/local_setup.bash
-- Installing: /home/fierra/beginner_tutuorial/install/assignment_w10/share/assignment_w10/local_setup.sh
-- Installing: /home/fierra/beginner_tutuorial/install/assignment_w10/share/assignment_w10/local_setup.zsh
-- Installing: /home/fierra/beginner_tutuorial/install/assignment_w10/share/assignment_w10/local_setup.dsv
-- Installing: /home/fierra/beginner_tutuorial/install/assignment_w10/share/assignment_w10/package.dsv
-- Installing: /home/fierra/beginner_tutuorial/install/assignment_w10/share/ament_index/resource_index/packages/assignment_w10
-- Installing: /home/fierra/beginner_tutuorial/install/assignment_w10/share/assignment_w10/cmake/export_assignment_w10__rosidl_generator_cExport.cmake
-- Installing: /home/fierra/beginner_tutuorial/install/assignment_w10/share/assignment_w10/cmake/export_assignment_w10__rosidl_generator_cExport-noconfig.cmake
-- Installing: /home/fierra/beginner_tutuorial/install/assignment_w10/share/assignment_w10/cmake/export_assignment_w10__rosidl_typesupport_fastrtps_cExport.cmake
-- Installing: /home/fierra/beginner_tutuorial/install/assignment_w10/share/assignment_w10/cmake/export_assignment_w10__rosidl_typesupport_fastrtps_cExport-noconfig.cmake
-- Installing: /home/fierra/beginner_tutuorial/install/assignment_w10/share/assignment_w10/cmake/export_assignment_w10__rosidl_generator_cppExport.cmake
-- Installing: /home/fierra/beginner_tutuorial/install/assignment_w10/share/assignment_w10/cmake/export_assignment_w10__rosidl_typesupport_fastrtps_cppExport.cmake
-- Installing: /home/fierra/beginner_tutuorial/install/assignment_w10/share/assignment_w10/cmake/export_assignment_w10__rosidl_typesupport_fastrtps_cppExport-noconfig.cmake
-- Installing: /home/fierra/beginner_tutuorial/install/assignment_w10/share/assignment_w10/cmake/assignment_w10__rosidl_typesupport_introspection_cExport.cmake
-- Installing: /home/fierra/beginner_tutuorial/install/assignment_w10/share/assignment_w10/cmake/assignment_w10__rosidl_typesupport_introspection_cExport-noconfig.cmake
-- Installing: /home/fierra/beginner_tutuorial/install/assignment_w10/share/assignment_w10/cmake/assignment_w10__rosidl_typesupport_cExport.cmake
-- Installing: /home/fierra/beginner_tutuorial/install/assignment_w10/share/assignment_w10/cmake/assignment_w10__rosidl_typesupport_cExport-noconfig.cmake
-- Installing: /home/fierra/beginner_tutuorial/install/assignment_w10/share/assignment_w10/cmake/assignment_w10__rosidl_typesupport_introspection_cppExport.cmake
-- Installing: /home/fierra/beginner_tutuorial/install/assignment_w10/share/assignment_w10/cmake/assignment_w10__rosidl_typesupport_introspection_cppExport-noconfig.cmake
-- Installing: /home/fierra/beginner_tutuorial/install/assignment_w10/share/assignment_w10/cmake/assignment_w10__rosidl_typesupport_cppExport.cmake
-- Installing: /home/fierra/beginner_tutuorial/install/assignment_w10/share/assignment_w10/cmake/assignment_w10__rosidl_typesupport_cppExport-noconfig.cmake
-- Installing: /home/fierra/beginner_tutuorial/install/assignment_w10/share/assignment_w10/cmake/export_assignment_w10__rosidl_generator_pyExport.cmake
-- Installing: /home/fierra/beginner_tutuorial/install/assignment_w10/share/assignment_w10/cmake/export_assignment_w10__rosidl_generator_pyExport-noconfig.cmake
-- Installing: /home/fierra/beginner_tutuorial/install/assignment_w10/share/assignment_w10/cmake/rosidl_cmake-extras.cmake
-- Installing: /home/fierra/beginner_tutuorial/install/assignment_w10/share/assignment_w10/cmake/ament_cmake_export_include_directories-extras.cmake
-- Installing: /home/fierra/beginner_tutuorial/install/assignment_w10/share/assignment_w10/cmake/ament_cmake_export_libraries-extras.cmake
-- Installing: /home/fierra/beginner_tutuorial/install/assignment_w10/share/assignment_w10/cmake/ament_cmake_export_targets-extras.cmake
-- Installing: /home/fierra/beginner_tutuorial/install/assignment_w10/share/assignment_w10/cmake/rosidl_cmake_export_typesupport_targets-extras.cmake
-- Installing: /home/fierra/beginner_tutuorial/install/assignment_w10/share/assignment_w10/cmake/ament_cmake_export_dependencies-extras.cmake
-- Installing: /home/fierra/beginner_tutuorial/install/assignment_w10/share/assignment_w10/cmake/rosidl_cmake_export_typesupport_libraries-extras.cmake
-- Installing: /home/fierra/beginner_tutuorial/install/assignment_w10/share/assignment_w10/cmake/assignment_w10Config.cmake
-- Installing: /home/fierra/beginner_tutuorial/install/assignment_w10/share/assignment_w10/cmake/assignment_w10Config-version.cmake
-- Installing: /home/fierra/beginner_tutuorial/install/assignment_w10/share/assignment_w10/package.xml
