[0.084s] Invoking command in '/home/fierra/beginner_tutuorial/build/assignment_w10': CMAKE_PREFIX_PATH=${CMAKE_PREFIX_PATH}:/home/fierra/ros2_humble/install/rqt_bag_plugins:/home/fierra/ros2_humble/install/rqt_bag:/home/fierra/ros2_humble/install/ros2bag:/home/fierra/ros2_humble/install/tracetools_test:/home/fierra/ros2_humble/install/tracetools_launch:/home/fierra/ros2_humble/install/topic_monitor:/home/fierra/ros2_humble/install/tf2_tools:/home/fierra/ros2_humble/install/examples_tf2_py:/home/fierra/ros2_humble/install/tf2_ros_py:/home/fierra/ros2_humble/install/sros2:/home/fierra/ros2_humble/install/rqt_topic:/home/fierra/ros2_humble/install/rqt_srv:/home/fierra/ros2_humble/install/rqt_shell:/home/fierra/ros2_humble/install/rqt_service_caller:/home/fierra/ros2_humble/install/rqt_reconfigure:/home/fierra/ros2_humble/install/rqt_py_console:/home/fierra/ros2_humble/install/rqt_publisher:/home/fierra/ros2_humble/install/rqt_plot:/home/fierra/ros2_humble/install/rqt_action:/home/fierra/ros2_humble/install/rqt_msg:/home/fierra/ros2_humble/install/rqt_console:/home/fierra/ros2_humble/install/rqt:/home/fierra/ros2_humble/install/rqt_graph:/home/fierra/ros2_humble/install/rqt_gui_py:/home/fierra/ros2_humble/install/rqt_gui:/home/fierra/ros2_humble/install/ros2trace:/home/fierra/ros2_humble/install/ros2topic:/home/fierra/ros2_humble/install/ros2test:/home/fierra/ros2_humble/install/ros2component:/home/fierra/ros2_humble/install/ros2param:/home/fierra/ros2_humble/install/ros2lifecycle:/home/fierra/ros2_humble/install/ros2service:/home/fierra/ros2_humble/install/ros2run:/home/fierra/ros2_humble/install/ros2launch:/home/fierra/ros2_humble/install/ros2pkg:/home/fierra/ros2_humble/install/ros2node:/home/fierra/ros2_humble/install/ros2multicast:/home/fierra/ros2_humble/install/ros2interface:/home/fierra/ros2_humble/install/ros2doctor:/home/fierra/ros2_humble/install/ros2action:/home/fierra/ros2_humble/install/ros2cli:/home/fierra/ros2_humble/install/quality_of_service_demo_py:/home/fierra/ros2_humble/install/lifecycle_py:/home/fierra/ros2_humble/install/launch_testing_ros:/home/fierra/ros2_humble/install/launch_ros:/home/fierra/ros2_humble/install/examples_rclpy_pointcloud_publisher:/home/fierra/ros2_humble/install/examples_rclpy_minimal_subscriber:/home/fierra/ros2_humble/install/examples_rclpy_minimal_service:/home/fierra/ros2_humble/install/examples_rclpy_minimal_publisher:/home/fierra/ros2_humble/install/examples_rclpy_minimal_client:/home/fierra/ros2_humble/install/examples_rclpy_minimal_action_server:/home/fierra/ros2_humble/install/examples_rclpy_minimal_action_client:/home/fierra/ros2_humble/install/examples_rclpy_guard_conditions:/home/fierra/ros2_humble/install/examples_rclpy_executors:/home/fierra/ros2_humble/install/demo_nodes_py:/home/fierra/ros2_humble/install/action_tutorials_py:/home/fierra/ros2_humble/install/ament_uncrustify:/home/fierra/ros2_humble/install/tracetools_trace:/home/fierra/ros2_humble/install/tracetools_read:/home/fierra/ros2_humble/install/test_tracetools_launch:/home/fierra/ros2_humble/install/test_launch_ros:/home/fierra/ros2_humble/install/sensor_msgs_py:/home/fierra/ros2_humble/install/rpyutils:/home/fierra/ros2_humble/install/rosidl_runtime_py:/home/fierra/ros2_humble/install/rosidl_cli:/home/fierra/ros2_humble/install/launch_pytest:/home/fierra/ros2_humble/install/launch_testing:/home/fierra/ros2_humble/install/launch_yaml:/home/fierra/ros2_humble/install/launch_xml:/home/fierra/ros2_humble/install/launch:/home/fierra/ros2_humble/install/osrf_pycommon:/home/fierra/ros2_humble/install/launch_testing_examples:/home/fierra/ros2_humble/install/domain_coordinator:/home/fierra/ros2_humble/install/ament_xmllint:/home/fierra/ros2_humble/install/ament_pyflakes:/home/fierra/ros2_humble/install/ament_pycodestyle:/home/fierra/ros2_humble/install/ament_pep257:/home/fierra/ros2_humble/install/ament_pclint:/home/fierra/ros2_humble/install/ament_package:/home/fierra/ros2_humble/install/ament_mypy:/home/fierra/ros2_humble/install/ament_lint_cmake:/home/fierra/ros2_humble/install/ament_flake8:/home/fierra/ros2_humble/install/ament_copyright:/home/fierra/ros2_humble/install/ament_lint:/home/fierra/ros2_humble/install/ament_index_python:/home/fierra/ros2_humble/install/ament_cpplint:/home/fierra/ros2_humble/install/ament_cppcheck:/home/fierra/ros2_humble/install/ament_clang_tidy:/home/fierra/ros2_humble/install/ament_clang_format /usr/bin/cmake /home/fierra/beginner_tutuorial/src/assignment_w10 -DCMAKE_INSTALL_PREFIX=/home/fierra/beginner_tutuorial/install/assignment_w10
[0.141s] -- Found ament_cmake: 1.3.2 (/home/fierra/ros2_humble/install/ament_cmake/share/ament_cmake/cmake)
[1.791s] -- Found rclcpp: 16.0.1 (/home/fierra/ros2_humble/install/rclcpp/share/rclcpp/cmake)
[1.865s] -- Found rosidl_generator_c: 3.1.3 (/home/fierra/ros2_humble/install/rosidl_generator_c/share/rosidl_generator_c/cmake)
[1.872s] -- Found rosidl_adapter: 3.1.3 (/home/fierra/ros2_humble/install/rosidl_adapter/share/rosidl_adapter/cmake)
[1.888s] -- Found rosidl_generator_cpp: 3.1.3 (/home/fierra/ros2_humble/install/rosidl_generator_cpp/share/rosidl_generator_cpp/cmake)
[1.955s] -- Using all available rosidl_typesupport_c: rosidl_typesupport_introspection_c;rosidl_typesupport_fastrtps_c
[2.022s] -- Using all available rosidl_typesupport_cpp: rosidl_typesupport_introspection_cpp;rosidl_typesupport_fastrtps_cpp
[2.175s] -- Found rmw_implementation_cmake: 6.1.0 (/home/fierra/ros2_humble/install/rmw_implementation_cmake/share/rmw_implementation_cmake/cmake)
[2.232s] -- Found rmw_fastrtps_cpp: 6.2.1 (/home/fierra/ros2_humble/install/rmw_fastrtps_cpp/share/rmw_fastrtps_cpp/cmake)
[2.560s] -- Using RMW implementation 'rmw_fastrtps_cpp' as default
[2.817s] -- Found example_interfaces: 0.9.3 (/home/fierra/ros2_humble/install/example_interfaces/share/example_interfaces/cmake)
[3.040s] -- Found rosidl_default_generators: 1.2.0 (/home/fierra/ros2_humble/install/rosidl_default_generators/share/rosidl_default_generators/cmake)
[6.133s] -- Found ament_cmake_ros: 0.10.0 (/home/fierra/ros2_humble/install/ament_cmake_ros/share/ament_cmake_ros/cmake)
[11.698s] -- Using all available rosidl_typesupport_c: rosidl_typesupport_introspection_c;rosidl_typesupport_fastrtps_c
[13.871s] -- Using all available rosidl_typesupport_cpp: rosidl_typesupport_introspection_cpp;rosidl_typesupport_fastrtps_cpp
[14.124s] -- Found PythonInterp: /usr/bin/python3 (found suitable version "3.8.10", minimum required is "3.6") 
[14.146s] -- Found python_cmake_module: 0.10.0 (/home/fierra/ros2_humble/install/python_cmake_module/share/python_cmake_module/cmake)
[14.422s] -- Found PythonLibs: /usr/lib/x86_64-linux-gnu/libpython3.8.so (found suitable version "3.8.10", minimum required is "3.5") 
[14.422s] -- Using PYTHON_EXECUTABLE: /usr/bin/python3
[14.422s] -- Using PYTHON_INCLUDE_DIRS: /usr/include/python3.8
[14.422s] -- Using PYTHON_LIBRARIES: /usr/lib/x86_64-linux-gnu/libpython3.8.so
[14.690s] -- Found PythonExtra: .so  
[15.526s] CMake Deprecation Warning at /home/fierra/ros2_humble/install/rosidl_cmake/share/rosidl_cmake/cmake/rosidl_target_interfaces.cmake:32 (message):
[15.526s]   Use rosidl_get_typesupport_target() and target_link_libraries() instead of
[15.527s]   rosidl_target_interfaces()
[15.527s] Call Stack (most recent call first):
[15.527s]   CMakeLists.txt:29 (rosidl_target_interfaces)
[15.527s] 
[15.527s] 
[15.527s] CMake Deprecation Warning at /home/fierra/ros2_humble/install/rosidl_cmake/share/rosidl_cmake/cmake/rosidl_target_interfaces.cmake:32 (message):
[15.528s]   Use rosidl_get_typesupport_target() and target_link_libraries() instead of
[15.528s]   rosidl_target_interfaces()
[15.528s] Call Stack (most recent call first):
[15.528s]   CMakeLists.txt:32 (rosidl_target_interfaces)
[15.528s] 
[15.528s] 
[15.528s] CMake Deprecation Warning at /home/fierra/ros2_humble/install/rosidl_cmake/share/rosidl_cmake/cmake/rosidl_target_interfaces.cmake:32 (message):
[15.529s]   Use rosidl_get_typesupport_target() and target_link_libraries() instead of
[15.529s]   rosidl_target_interfaces()
[15.529s] Call Stack (most recent call first):
[15.529s]   CMakeLists.txt:35 (rosidl_target_interfaces)
[15.529s] 
[15.529s] 
[15.554s] -- Found ament_lint_auto: 0.12.4 (/home/fierra/ros2_humble/install/ament_lint_auto/share/ament_lint_auto/cmake)
[15.742s] -- Added test 'cppcheck' to perform static code analysis on C / C++ code
[15.745s] -- Configured cppcheck include dirs: 
[15.745s] -- Configured cppcheck exclude dirs and/or files: 
[15.755s] -- Added test 'lint_cmake' to check CMake code style
[15.767s] -- Added test 'uncrustify' to check C / C++ code style
[15.768s] -- Configured uncrustify additional arguments: 
[15.777s] -- Added test 'xmllint' to check XML markup files
[15.806s] -- Configuring done
[15.921s] -- Generating done
[15.931s] -- Build files have been written to: /home/fierra/beginner_tutuorial/build/assignment_w10
[15.945s] Invoked command in '/home/fierra/beginner_tutuorial/build/assignment_w10' returned '0': CMAKE_PREFIX_PATH=${CMAKE_PREFIX_PATH}:/home/fierra/ros2_humble/install/rqt_bag_plugins:/home/fierra/ros2_humble/install/rqt_bag:/home/fierra/ros2_humble/install/ros2bag:/home/fierra/ros2_humble/install/tracetools_test:/home/fierra/ros2_humble/install/tracetools_launch:/home/fierra/ros2_humble/install/topic_monitor:/home/fierra/ros2_humble/install/tf2_tools:/home/fierra/ros2_humble/install/examples_tf2_py:/home/fierra/ros2_humble/install/tf2_ros_py:/home/fierra/ros2_humble/install/sros2:/home/fierra/ros2_humble/install/rqt_topic:/home/fierra/ros2_humble/install/rqt_srv:/home/fierra/ros2_humble/install/rqt_shell:/home/fierra/ros2_humble/install/rqt_service_caller:/home/fierra/ros2_humble/install/rqt_reconfigure:/home/fierra/ros2_humble/install/rqt_py_console:/home/fierra/ros2_humble/install/rqt_publisher:/home/fierra/ros2_humble/install/rqt_plot:/home/fierra/ros2_humble/install/rqt_action:/home/fierra/ros2_humble/install/rqt_msg:/home/fierra/ros2_humble/install/rqt_console:/home/fierra/ros2_humble/install/rqt:/home/fierra/ros2_humble/install/rqt_graph:/home/fierra/ros2_humble/install/rqt_gui_py:/home/fierra/ros2_humble/install/rqt_gui:/home/fierra/ros2_humble/install/ros2trace:/home/fierra/ros2_humble/install/ros2topic:/home/fierra/ros2_humble/install/ros2test:/home/fierra/ros2_humble/install/ros2component:/home/fierra/ros2_humble/install/ros2param:/home/fierra/ros2_humble/install/ros2lifecycle:/home/fierra/ros2_humble/install/ros2service:/home/fierra/ros2_humble/install/ros2run:/home/fierra/ros2_humble/install/ros2launch:/home/fierra/ros2_humble/install/ros2pkg:/home/fierra/ros2_humble/install/ros2node:/home/fierra/ros2_humble/install/ros2multicast:/home/fierra/ros2_humble/install/ros2interface:/home/fierra/ros2_humble/install/ros2doctor:/home/fierra/ros2_humble/install/ros2action:/home/fierra/ros2_humble/install/ros2cli:/home/fierra/ros2_humble/install/quality_of_service_demo_py:/home/fierra/ros2_humble/install/lifecycle_py:/home/fierra/ros2_humble/install/launch_testing_ros:/home/fierra/ros2_humble/install/launch_ros:/home/fierra/ros2_humble/install/examples_rclpy_pointcloud_publisher:/home/fierra/ros2_humble/install/examples_rclpy_minimal_subscriber:/home/fierra/ros2_humble/install/examples_rclpy_minimal_service:/home/fierra/ros2_humble/install/examples_rclpy_minimal_publisher:/home/fierra/ros2_humble/install/examples_rclpy_minimal_client:/home/fierra/ros2_humble/install/examples_rclpy_minimal_action_server:/home/fierra/ros2_humble/install/examples_rclpy_minimal_action_client:/home/fierra/ros2_humble/install/examples_rclpy_guard_conditions:/home/fierra/ros2_humble/install/examples_rclpy_executors:/home/fierra/ros2_humble/install/demo_nodes_py:/home/fierra/ros2_humble/install/action_tutorials_py:/home/fierra/ros2_humble/install/ament_uncrustify:/home/fierra/ros2_humble/install/tracetools_trace:/home/fierra/ros2_humble/install/tracetools_read:/home/fierra/ros2_humble/install/test_tracetools_launch:/home/fierra/ros2_humble/install/test_launch_ros:/home/fierra/ros2_humble/install/sensor_msgs_py:/home/fierra/ros2_humble/install/rpyutils:/home/fierra/ros2_humble/install/rosidl_runtime_py:/home/fierra/ros2_humble/install/rosidl_cli:/home/fierra/ros2_humble/install/launch_pytest:/home/fierra/ros2_humble/install/launch_testing:/home/fierra/ros2_humble/install/launch_yaml:/home/fierra/ros2_humble/install/launch_xml:/home/fierra/ros2_humble/install/launch:/home/fierra/ros2_humble/install/osrf_pycommon:/home/fierra/ros2_humble/install/launch_testing_examples:/home/fierra/ros2_humble/install/domain_coordinator:/home/fierra/ros2_humble/install/ament_xmllint:/home/fierra/ros2_humble/install/ament_pyflakes:/home/fierra/ros2_humble/install/ament_pycodestyle:/home/fierra/ros2_humble/install/ament_pep257:/home/fierra/ros2_humble/install/ament_pclint:/home/fierra/ros2_humble/install/ament_package:/home/fierra/ros2_humble/install/ament_mypy:/home/fierra/ros2_humble/install/ament_lint_cmake:/home/fierra/ros2_humble/install/ament_flake8:/home/fierra/ros2_humble/install/ament_copyright:/home/fierra/ros2_humble/install/ament_lint:/home/fierra/ros2_humble/install/ament_index_python:/home/fierra/ros2_humble/install/ament_cpplint:/home/fierra/ros2_humble/install/ament_cppcheck:/home/fierra/ros2_humble/install/ament_clang_tidy:/home/fierra/ros2_humble/install/ament_clang_format /usr/bin/cmake /home/fierra/beginner_tutuorial/src/assignment_w10 -DCMAKE_INSTALL_PREFIX=/home/fierra/beginner_tutuorial/install/assignment_w10
[15.950s] Invoking command in '/home/fierra/beginner_tutuorial/build/assignment_w10': CMAKE_PREFIX_PATH=${CMAKE_PREFIX_PATH}:/home/fierra/ros2_humble/install/rqt_bag_plugins:/home/fierra/ros2_humble/install/rqt_bag:/home/fierra/ros2_humble/install/ros2bag:/home/fierra/ros2_humble/install/tracetools_test:/home/fierra/ros2_humble/install/tracetools_launch:/home/fierra/ros2_humble/install/topic_monitor:/home/fierra/ros2_humble/install/tf2_tools:/home/fierra/ros2_humble/install/examples_tf2_py:/home/fierra/ros2_humble/install/tf2_ros_py:/home/fierra/ros2_humble/install/sros2:/home/fierra/ros2_humble/install/rqt_topic:/home/fierra/ros2_humble/install/rqt_srv:/home/fierra/ros2_humble/install/rqt_shell:/home/fierra/ros2_humble/install/rqt_service_caller:/home/fierra/ros2_humble/install/rqt_reconfigure:/home/fierra/ros2_humble/install/rqt_py_console:/home/fierra/ros2_humble/install/rqt_publisher:/home/fierra/ros2_humble/install/rqt_plot:/home/fierra/ros2_humble/install/rqt_action:/home/fierra/ros2_humble/install/rqt_msg:/home/fierra/ros2_humble/install/rqt_console:/home/fierra/ros2_humble/install/rqt:/home/fierra/ros2_humble/install/rqt_graph:/home/fierra/ros2_humble/install/rqt_gui_py:/home/fierra/ros2_humble/install/rqt_gui:/home/fierra/ros2_humble/install/ros2trace:/home/fierra/ros2_humble/install/ros2topic:/home/fierra/ros2_humble/install/ros2test:/home/fierra/ros2_humble/install/ros2component:/home/fierra/ros2_humble/install/ros2param:/home/fierra/ros2_humble/install/ros2lifecycle:/home/fierra/ros2_humble/install/ros2service:/home/fierra/ros2_humble/install/ros2run:/home/fierra/ros2_humble/install/ros2launch:/home/fierra/ros2_humble/install/ros2pkg:/home/fierra/ros2_humble/install/ros2node:/home/fierra/ros2_humble/install/ros2multicast:/home/fierra/ros2_humble/install/ros2interface:/home/fierra/ros2_humble/install/ros2doctor:/home/fierra/ros2_humble/install/ros2action:/home/fierra/ros2_humble/install/ros2cli:/home/fierra/ros2_humble/install/quality_of_service_demo_py:/home/fierra/ros2_humble/install/lifecycle_py:/home/fierra/ros2_humble/install/launch_testing_ros:/home/fierra/ros2_humble/install/launch_ros:/home/fierra/ros2_humble/install/examples_rclpy_pointcloud_publisher:/home/fierra/ros2_humble/install/examples_rclpy_minimal_subscriber:/home/fierra/ros2_humble/install/examples_rclpy_minimal_service:/home/fierra/ros2_humble/install/examples_rclpy_minimal_publisher:/home/fierra/ros2_humble/install/examples_rclpy_minimal_client:/home/fierra/ros2_humble/install/examples_rclpy_minimal_action_server:/home/fierra/ros2_humble/install/examples_rclpy_minimal_action_client:/home/fierra/ros2_humble/install/examples_rclpy_guard_conditions:/home/fierra/ros2_humble/install/examples_rclpy_executors:/home/fierra/ros2_humble/install/demo_nodes_py:/home/fierra/ros2_humble/install/action_tutorials_py:/home/fierra/ros2_humble/install/ament_uncrustify:/home/fierra/ros2_humble/install/tracetools_trace:/home/fierra/ros2_humble/install/tracetools_read:/home/fierra/ros2_humble/install/test_tracetools_launch:/home/fierra/ros2_humble/install/test_launch_ros:/home/fierra/ros2_humble/install/sensor_msgs_py:/home/fierra/ros2_humble/install/rpyutils:/home/fierra/ros2_humble/install/rosidl_runtime_py:/home/fierra/ros2_humble/install/rosidl_cli:/home/fierra/ros2_humble/install/launch_pytest:/home/fierra/ros2_humble/install/launch_testing:/home/fierra/ros2_humble/install/launch_yaml:/home/fierra/ros2_humble/install/launch_xml:/home/fierra/ros2_humble/install/launch:/home/fierra/ros2_humble/install/osrf_pycommon:/home/fierra/ros2_humble/install/launch_testing_examples:/home/fierra/ros2_humble/install/domain_coordinator:/home/fierra/ros2_humble/install/ament_xmllint:/home/fierra/ros2_humble/install/ament_pyflakes:/home/fierra/ros2_humble/install/ament_pycodestyle:/home/fierra/ros2_humble/install/ament_pep257:/home/fierra/ros2_humble/install/ament_pclint:/home/fierra/ros2_humble/install/ament_package:/home/fierra/ros2_humble/install/ament_mypy:/home/fierra/ros2_humble/install/ament_lint_cmake:/home/fierra/ros2_humble/install/ament_flake8:/home/fierra/ros2_humble/install/ament_copyright:/home/fierra/ros2_humble/install/ament_lint:/home/fierra/ros2_humble/install/ament_index_python:/home/fierra/ros2_humble/install/ament_cpplint:/home/fierra/ros2_humble/install/ament_cppcheck:/home/fierra/ros2_humble/install/ament_clang_tidy:/home/fierra/ros2_humble/install/ament_clang_format /usr/bin/cmake --build /home/fierra/beginner_tutuorial/build/assignment_w10 -- -j8 -l8
[16.113s] [  2%] [34m[1mGenerating C code for ROS interfaces[0m
[16.120s] [35m[1mScanning dependencies of target assignment_w10__cpp[0m
[16.129s] [35m[1mScanning dependencies of target ament_cmake_python_copy_assignment_w10[0m
[16.166s] [  5%] [34m[1mGenerating C++ code for ROS interfaces[0m
[16.209s] [  5%] Built target ament_cmake_python_copy_assignment_w10
[16.256s] [35m[1mScanning dependencies of target ament_cmake_python_build_assignment_w10_egg[0m
[17.375s] [35m[1mScanning dependencies of target assignment_w10__rosidl_generator_c[0m
[17.400s] [  5%] Built target assignment_w10__cpp
[17.442s] [  8%] [32mBuilding C object CMakeFiles/assignment_w10__rosidl_generator_c.dir/rosidl_generator_c/assignment_w10/srv/detail/change_string__functions.c.o[0m
[17.463s] [ 10%] [34m[1mGenerating C++ introspection for ROS interfaces[0m
[17.466s] [ 13%] [34m[1mGenerating C++ type support dispatch for ROS interfaces[0m
[17.482s] [ 16%] [34m[1mGenerating C++ type support for eProsima Fast-RTPS[0m
[17.488s] running egg_info
[17.490s] creating assignment_w10.egg-info
[17.491s] writing assignment_w10.egg-info/PKG-INFO
[17.491s] writing dependency_links to assignment_w10.egg-info/dependency_links.txt
[17.492s] writing top-level names to assignment_w10.egg-info/top_level.txt
[17.493s] writing manifest file 'assignment_w10.egg-info/SOURCES.txt'
[17.588s] reading manifest file 'assignment_w10.egg-info/SOURCES.txt'
[17.589s] writing manifest file 'assignment_w10.egg-info/SOURCES.txt'
[17.671s] [ 16%] Built target ament_cmake_python_build_assignment_w10_egg
[17.694s] [ 18%] [32m[1mLinking C shared library libassignment_w10__rosidl_generator_c.so[0m
[17.879s] [ 18%] Built target assignment_w10__rosidl_generator_c
[17.940s] [ 21%] [34m[1mGenerating C introspection for ROS interfaces[0m
[17.963s] [ 24%] [34m[1mGenerating C type support for eProsima Fast-RTPS[0m
[18.006s] [ 27%] [34m[1mGenerating C type support dispatch for ROS interfaces[0m
[18.732s] [35m[1mScanning dependencies of target assignment_w10__rosidl_typesupport_cpp[0m
[18.807s] [ 29%] [32mBuilding CXX object CMakeFiles/assignment_w10__rosidl_typesupport_cpp.dir/rosidl_typesupport_cpp/assignment_w10/srv/change_string__type_support.cpp.o[0m
[18.870s] [35m[1mScanning dependencies of target assignment_w10__rosidl_typesupport_fastrtps_cpp[0m
[19.002s] [ 32%] [32mBuilding CXX object CMakeFiles/assignment_w10__rosidl_typesupport_fastrtps_cpp.dir/rosidl_typesupport_fastrtps_cpp/assignment_w10/srv/detail/dds_fastrtps/change_string__type_support.cpp.o[0m
[19.094s] [35m[1mScanning dependencies of target assignment_w10__rosidl_typesupport_introspection_cpp[0m
[19.165s] [35m[1mScanning dependencies of target assignment_w10__rosidl_typesupport_c[0m
[19.201s] [ 35%] [32mBuilding CXX object CMakeFiles/assignment_w10__rosidl_typesupport_introspection_cpp.dir/rosidl_typesupport_introspection_cpp/assignment_w10/srv/detail/change_string__type_support.cpp.o[0m
[19.288s] [ 37%] [32mBuilding CXX object CMakeFiles/assignment_w10__rosidl_typesupport_c.dir/rosidl_typesupport_c/assignment_w10/srv/change_string__type_support.cpp.o[0m
[19.411s] [35m[1mScanning dependencies of target assignment_w10__rosidl_typesupport_fastrtps_c[0m
[19.457s] [35m[1mScanning dependencies of target assignment_w10__rosidl_typesupport_introspection_c[0m
[19.493s] [ 40%] [32m[1mLinking CXX shared library libassignment_w10__rosidl_typesupport_c.so[0m
[19.525s] [ 43%] [32mBuilding CXX object CMakeFiles/assignment_w10__rosidl_typesupport_fastrtps_c.dir/rosidl_typesupport_fastrtps_c/assignment_w10/srv/detail/change_string__type_support_c.cpp.o[0m
[19.531s] [ 45%] [32mBuilding C object CMakeFiles/assignment_w10__rosidl_typesupport_introspection_c.dir/rosidl_typesupport_introspection_c/assignment_w10/srv/detail/change_string__type_support.c.o[0m
[19.586s] [ 48%] [32m[1mLinking CXX shared library libassignment_w10__rosidl_typesupport_cpp.so[0m
[19.665s] [ 48%] Built target assignment_w10__rosidl_typesupport_c
[19.702s] [ 51%] [32m[1mLinking C shared library libassignment_w10__rosidl_typesupport_introspection_c.so[0m
[19.749s] [ 51%] Built target assignment_w10__rosidl_typesupport_cpp
[19.837s] [ 51%] Built target assignment_w10__rosidl_typesupport_introspection_c
[19.993s] [ 54%] [32m[1mLinking CXX shared library libassignment_w10__rosidl_typesupport_fastrtps_cpp.so[0m
[20.191s] [ 54%] Built target assignment_w10__rosidl_typesupport_fastrtps_cpp
[20.192s] [ 56%] [32m[1mLinking CXX shared library libassignment_w10__rosidl_typesupport_introspection_cpp.so[0m
[20.323s] [ 59%] [32m[1mLinking CXX shared library libassignment_w10__rosidl_typesupport_fastrtps_c.so[0m
[20.357s] [ 59%] Built target assignment_w10__rosidl_typesupport_introspection_cpp
[20.495s] [ 59%] Built target assignment_w10__rosidl_typesupport_fastrtps_c
[20.536s] [35m[1mScanning dependencies of target assignment_w10[0m
[20.583s] [ 59%] Built target assignment_w10
[20.632s] [35m[1mScanning dependencies of target talker[0m
[20.636s] [35m[1mScanning dependencies of target client[0m
[20.641s] [35m[1mScanning dependencies of target assignment_w10__py[0m
[20.661s] [35m[1mScanning dependencies of target listener[0m
[20.779s] [ 62%] [34m[1mGenerating Python code for ROS interfaces[0m
[20.815s] [ 64%] [32mBuilding CXX object CMakeFiles/talker.dir/src/publisher_member_function.cpp.o[0m
[20.837s] [ 67%] [32mBuilding CXX object CMakeFiles/listener.dir/src/subscriber_member_function.cpp.o[0m
[20.842s] [ 70%] [32mBuilding CXX object CMakeFiles/client.dir/src/change_string_client.cpp.o[0m
[22.465s] [ 70%] Built target assignment_w10__py
[22.518s] [35m[1mScanning dependencies of target assignment_w10__rosidl_generator_py[0m
[22.617s] [ 72%] [32mBuilding C object CMakeFiles/assignment_w10__rosidl_generator_py.dir/rosidl_generator_py/assignment_w10/srv/_change_string_s.c.o[0m
[22.880s] [ 75%] [32m[1mLinking C shared library rosidl_generator_py/assignment_w10/libassignment_w10__rosidl_generator_py.so[0m
[23.033s] [ 75%] Built target assignment_w10__rosidl_generator_py
[23.085s] [35m[1mScanning dependencies of target assignment_w10__rosidl_typesupport_c__pyext[0m
[23.136s] [35m[1mScanning dependencies of target assignment_w10__rosidl_typesupport_introspection_c__pyext[0m
[23.142s] [35m[1mScanning dependencies of target assignment_w10__rosidl_typesupport_fastrtps_c__pyext[0m
[23.219s] [ 78%] [32mBuilding C object CMakeFiles/assignment_w10__rosidl_typesupport_c__pyext.dir/rosidl_generator_py/assignment_w10/_assignment_w10_s.ep.rosidl_typesupport_c.c.o[0m
[23.268s] [ 81%] [32mBuilding C object CMakeFiles/assignment_w10__rosidl_typesupport_fastrtps_c__pyext.dir/rosidl_generator_py/assignment_w10/_assignment_w10_s.ep.rosidl_typesupport_fastrtps_c.c.o[0m
[23.276s] [ 83%] [32mBuilding C object CMakeFiles/assignment_w10__rosidl_typesupport_introspection_c__pyext.dir/rosidl_generator_py/assignment_w10/_assignment_w10_s.ep.rosidl_typesupport_introspection_c.c.o[0m
[23.539s] [ 86%] [32m[1mLinking C shared library rosidl_generator_py/assignment_w10/assignment_w10_s__rosidl_typesupport_introspection_c.cpython-38-x86_64-linux-gnu.so[0m
[23.542s] [ 89%] [32m[1mLinking C shared library rosidl_generator_py/assignment_w10/assignment_w10_s__rosidl_typesupport_c.cpython-38-x86_64-linux-gnu.so[0m
[23.599s] [ 91%] [32m[1mLinking C shared library rosidl_generator_py/assignment_w10/assignment_w10_s__rosidl_typesupport_fastrtps_c.cpython-38-x86_64-linux-gnu.so[0m
[23.859s] [ 91%] Built target assignment_w10__rosidl_typesupport_c__pyext
[23.859s] [ 91%] Built target assignment_w10__rosidl_typesupport_introspection_c__pyext
[23.859s] [ 91%] Built target assignment_w10__rosidl_typesupport_fastrtps_c__pyext
[26.052s] [01m[K/home/fierra/beginner_tutuorial/src/assignment_w10/src/publisher_member_function.cpp:[m[K In constructor ‘[01m[KMinimalPublisher::MinimalPublisher()[m[K’:
[26.052s] [01m[K/home/fierra/beginner_tutuorial/src/assignment_w10/src/publisher_member_function.cpp:81:8:[m[K [01;35m[Kwarning: [m[Kunused variable ‘[01m[Kfrequency[m[K’ [[01;35m[K-Wunused-variable[m[K]
[26.052s]    81 |   auto [01;35m[Kfrequency[m[K =
[26.052s]       |        [01;35m[K^~~~~~~~~[m[K
[28.250s] [ 94%] [32m[1mLinking CXX executable client[0m
[28.671s] [ 94%] Built target client
[31.174s] [ 97%] [32m[1mLinking CXX executable talker[0m
[31.710s] [ 97%] Built target talker
[37.314s] [100%] [32m[1mLinking CXX executable listener[0m
[38.190s] [100%] Built target listener
[38.232s] Invoked command in '/home/fierra/beginner_tutuorial/build/assignment_w10' returned '0': CMAKE_PREFIX_PATH=${CMAKE_PREFIX_PATH}:/home/fierra/ros2_humble/install/rqt_bag_plugins:/home/fierra/ros2_humble/install/rqt_bag:/home/fierra/ros2_humble/install/ros2bag:/home/fierra/ros2_humble/install/tracetools_test:/home/fierra/ros2_humble/install/tracetools_launch:/home/fierra/ros2_humble/install/topic_monitor:/home/fierra/ros2_humble/install/tf2_tools:/home/fierra/ros2_humble/install/examples_tf2_py:/home/fierra/ros2_humble/install/tf2_ros_py:/home/fierra/ros2_humble/install/sros2:/home/fierra/ros2_humble/install/rqt_topic:/home/fierra/ros2_humble/install/rqt_srv:/home/fierra/ros2_humble/install/rqt_shell:/home/fierra/ros2_humble/install/rqt_service_caller:/home/fierra/ros2_humble/install/rqt_reconfigure:/home/fierra/ros2_humble/install/rqt_py_console:/home/fierra/ros2_humble/install/rqt_publisher:/home/fierra/ros2_humble/install/rqt_plot:/home/fierra/ros2_humble/install/rqt_action:/home/fierra/ros2_humble/install/rqt_msg:/home/fierra/ros2_humble/install/rqt_console:/home/fierra/ros2_humble/install/rqt:/home/fierra/ros2_humble/install/rqt_graph:/home/fierra/ros2_humble/install/rqt_gui_py:/home/fierra/ros2_humble/install/rqt_gui:/home/fierra/ros2_humble/install/ros2trace:/home/fierra/ros2_humble/install/ros2topic:/home/fierra/ros2_humble/install/ros2test:/home/fierra/ros2_humble/install/ros2component:/home/fierra/ros2_humble/install/ros2param:/home/fierra/ros2_humble/install/ros2lifecycle:/home/fierra/ros2_humble/install/ros2service:/home/fierra/ros2_humble/install/ros2run:/home/fierra/ros2_humble/install/ros2launch:/home/fierra/ros2_humble/install/ros2pkg:/home/fierra/ros2_humble/install/ros2node:/home/fierra/ros2_humble/install/ros2multicast:/home/fierra/ros2_humble/install/ros2interface:/home/fierra/ros2_humble/install/ros2doctor:/home/fierra/ros2_humble/install/ros2action:/home/fierra/ros2_humble/install/ros2cli:/home/fierra/ros2_humble/install/quality_of_service_demo_py:/home/fierra/ros2_humble/install/lifecycle_py:/home/fierra/ros2_humble/install/launch_testing_ros:/home/fierra/ros2_humble/install/launch_ros:/home/fierra/ros2_humble/install/examples_rclpy_pointcloud_publisher:/home/fierra/ros2_humble/install/examples_rclpy_minimal_subscriber:/home/fierra/ros2_humble/install/examples_rclpy_minimal_service:/home/fierra/ros2_humble/install/examples_rclpy_minimal_publisher:/home/fierra/ros2_humble/install/examples_rclpy_minimal_client:/home/fierra/ros2_humble/install/examples_rclpy_minimal_action_server:/home/fierra/ros2_humble/install/examples_rclpy_minimal_action_client:/home/fierra/ros2_humble/install/examples_rclpy_guard_conditions:/home/fierra/ros2_humble/install/examples_rclpy_executors:/home/fierra/ros2_humble/install/demo_nodes_py:/home/fierra/ros2_humble/install/action_tutorials_py:/home/fierra/ros2_humble/install/ament_uncrustify:/home/fierra/ros2_humble/install/tracetools_trace:/home/fierra/ros2_humble/install/tracetools_read:/home/fierra/ros2_humble/install/test_tracetools_launch:/home/fierra/ros2_humble/install/test_launch_ros:/home/fierra/ros2_humble/install/sensor_msgs_py:/home/fierra/ros2_humble/install/rpyutils:/home/fierra/ros2_humble/install/rosidl_runtime_py:/home/fierra/ros2_humble/install/rosidl_cli:/home/fierra/ros2_humble/install/launch_pytest:/home/fierra/ros2_humble/install/launch_testing:/home/fierra/ros2_humble/install/launch_yaml:/home/fierra/ros2_humble/install/launch_xml:/home/fierra/ros2_humble/install/launch:/home/fierra/ros2_humble/install/osrf_pycommon:/home/fierra/ros2_humble/install/launch_testing_examples:/home/fierra/ros2_humble/install/domain_coordinator:/home/fierra/ros2_humble/install/ament_xmllint:/home/fierra/ros2_humble/install/ament_pyflakes:/home/fierra/ros2_humble/install/ament_pycodestyle:/home/fierra/ros2_humble/install/ament_pep257:/home/fierra/ros2_humble/install/ament_pclint:/home/fierra/ros2_humble/install/ament_package:/home/fierra/ros2_humble/install/ament_mypy:/home/fierra/ros2_humble/install/ament_lint_cmake:/home/fierra/ros2_humble/install/ament_flake8:/home/fierra/ros2_humble/install/ament_copyright:/home/fierra/ros2_humble/install/ament_lint:/home/fierra/ros2_humble/install/ament_index_python:/home/fierra/ros2_humble/install/ament_cpplint:/home/fierra/ros2_humble/install/ament_cppcheck:/home/fierra/ros2_humble/install/ament_clang_tidy:/home/fierra/ros2_humble/install/ament_clang_format /usr/bin/cmake --build /home/fierra/beginner_tutuorial/build/assignment_w10 -- -j8 -l8
[38.747s] Invoking command in '/home/fierra/beginner_tutuorial/build/assignment_w10': CMAKE_PREFIX_PATH=${CMAKE_PREFIX_PATH}:/home/fierra/ros2_humble/install/rqt_bag_plugins:/home/fierra/ros2_humble/install/rqt_bag:/home/fierra/ros2_humble/install/ros2bag:/home/fierra/ros2_humble/install/tracetools_test:/home/fierra/ros2_humble/install/tracetools_launch:/home/fierra/ros2_humble/install/topic_monitor:/home/fierra/ros2_humble/install/tf2_tools:/home/fierra/ros2_humble/install/examples_tf2_py:/home/fierra/ros2_humble/install/tf2_ros_py:/home/fierra/ros2_humble/install/sros2:/home/fierra/ros2_humble/install/rqt_topic:/home/fierra/ros2_humble/install/rqt_srv:/home/fierra/ros2_humble/install/rqt_shell:/home/fierra/ros2_humble/install/rqt_service_caller:/home/fierra/ros2_humble/install/rqt_reconfigure:/home/fierra/ros2_humble/install/rqt_py_console:/home/fierra/ros2_humble/install/rqt_publisher:/home/fierra/ros2_humble/install/rqt_plot:/home/fierra/ros2_humble/install/rqt_action:/home/fierra/ros2_humble/install/rqt_msg:/home/fierra/ros2_humble/install/rqt_console:/home/fierra/ros2_humble/install/rqt:/home/fierra/ros2_humble/install/rqt_graph:/home/fierra/ros2_humble/install/rqt_gui_py:/home/fierra/ros2_humble/install/rqt_gui:/home/fierra/ros2_humble/install/ros2trace:/home/fierra/ros2_humble/install/ros2topic:/home/fierra/ros2_humble/install/ros2test:/home/fierra/ros2_humble/install/ros2component:/home/fierra/ros2_humble/install/ros2param:/home/fierra/ros2_humble/install/ros2lifecycle:/home/fierra/ros2_humble/install/ros2service:/home/fierra/ros2_humble/install/ros2run:/home/fierra/ros2_humble/install/ros2launch:/home/fierra/ros2_humble/install/ros2pkg:/home/fierra/ros2_humble/install/ros2node:/home/fierra/ros2_humble/install/ros2multicast:/home/fierra/ros2_humble/install/ros2interface:/home/fierra/ros2_humble/install/ros2doctor:/home/fierra/ros2_humble/install/ros2action:/home/fierra/ros2_humble/install/ros2cli:/home/fierra/ros2_humble/install/quality_of_service_demo_py:/home/fierra/ros2_humble/install/lifecycle_py:/home/fierra/ros2_humble/install/launch_testing_ros:/home/fierra/ros2_humble/install/launch_ros:/home/fierra/ros2_humble/install/examples_rclpy_pointcloud_publisher:/home/fierra/ros2_humble/install/examples_rclpy_minimal_subscriber:/home/fierra/ros2_humble/install/examples_rclpy_minimal_service:/home/fierra/ros2_humble/install/examples_rclpy_minimal_publisher:/home/fierra/ros2_humble/install/examples_rclpy_minimal_client:/home/fierra/ros2_humble/install/examples_rclpy_minimal_action_server:/home/fierra/ros2_humble/install/examples_rclpy_minimal_action_client:/home/fierra/ros2_humble/install/examples_rclpy_guard_conditions:/home/fierra/ros2_humble/install/examples_rclpy_executors:/home/fierra/ros2_humble/install/demo_nodes_py:/home/fierra/ros2_humble/install/action_tutorials_py:/home/fierra/ros2_humble/install/ament_uncrustify:/home/fierra/ros2_humble/install/tracetools_trace:/home/fierra/ros2_humble/install/tracetools_read:/home/fierra/ros2_humble/install/test_tracetools_launch:/home/fierra/ros2_humble/install/test_launch_ros:/home/fierra/ros2_humble/install/sensor_msgs_py:/home/fierra/ros2_humble/install/rpyutils:/home/fierra/ros2_humble/install/rosidl_runtime_py:/home/fierra/ros2_humble/install/rosidl_cli:/home/fierra/ros2_humble/install/launch_pytest:/home/fierra/ros2_humble/install/launch_testing:/home/fierra/ros2_humble/install/launch_yaml:/home/fierra/ros2_humble/install/launch_xml:/home/fierra/ros2_humble/install/launch:/home/fierra/ros2_humble/install/osrf_pycommon:/home/fierra/ros2_humble/install/launch_testing_examples:/home/fierra/ros2_humble/install/domain_coordinator:/home/fierra/ros2_humble/install/ament_xmllint:/home/fierra/ros2_humble/install/ament_pyflakes:/home/fierra/ros2_humble/install/ament_pycodestyle:/home/fierra/ros2_humble/install/ament_pep257:/home/fierra/ros2_humble/install/ament_pclint:/home/fierra/ros2_humble/install/ament_package:/home/fierra/ros2_humble/install/ament_mypy:/home/fierra/ros2_humble/install/ament_lint_cmake:/home/fierra/ros2_humble/install/ament_flake8:/home/fierra/ros2_humble/install/ament_copyright:/home/fierra/ros2_humble/install/ament_lint:/home/fierra/ros2_humble/install/ament_index_python:/home/fierra/ros2_humble/install/ament_cpplint:/home/fierra/ros2_humble/install/ament_cppcheck:/home/fierra/ros2_humble/install/ament_clang_tidy:/home/fierra/ros2_humble/install/ament_clang_format /usr/bin/cmake --install /home/fierra/beginner_tutuorial/build/assignment_w10
[38.785s] -- Install configuration: ""
[38.785s] -- Installing: /home/fierra/beginner_tutuorial/install/assignment_w10/share/ament_index/resource_index/rosidl_interfaces/assignment_w10
[38.785s] -- Installing: /home/fierra/beginner_tutuorial/install/assignment_w10/include/assignment_w10/assignment_w10
[38.785s] -- Installing: /home/fierra/beginner_tutuorial/install/assignment_w10/include/assignment_w10/assignment_w10/msg
[38.786s] -- Installing: /home/fierra/beginner_tutuorial/install/assignment_w10/include/assignment_w10/assignment_w10/msg/rosidl_generator_c__visibility_control.h
[38.786s] -- Installing: /home/fierra/beginner_tutuorial/install/assignment_w10/include/assignment_w10/assignment_w10/srv
[38.786s] -- Installing: /home/fierra/beginner_tutuorial/install/assignment_w10/include/assignment_w10/assignment_w10/srv/detail
[38.787s] -- Installing: /home/fierra/beginner_tutuorial/install/assignment_w10/include/assignment_w10/assignment_w10/srv/detail/change_string__type_support.h
[38.787s] -- Installing: /home/fierra/beginner_tutuorial/install/assignment_w10/include/assignment_w10/assignment_w10/srv/detail/change_string__functions.c
[38.787s] -- Installing: /home/fierra/beginner_tutuorial/install/assignment_w10/include/assignment_w10/assignment_w10/srv/detail/change_string__struct.h
[38.787s] -- Installing: /home/fierra/beginner_tutuorial/install/assignment_w10/include/assignment_w10/assignment_w10/srv/detail/change_string__functions.h
[38.787s] -- Installing: /home/fierra/beginner_tutuorial/install/assignment_w10/include/assignment_w10/assignment_w10/srv/change_string.h
[38.788s] -- Installing: /home/fierra/beginner_tutuorial/install/assignment_w10/share/assignment_w10/environment/library_path.sh
[38.788s] -- Installing: /home/fierra/beginner_tutuorial/install/assignment_w10/share/assignment_w10/environment/library_path.dsv
[38.788s] -- Installing: /home/fierra/beginner_tutuorial/install/assignment_w10/lib/libassignment_w10__rosidl_generator_c.so
[38.789s] -- Set runtime path of "/home/fierra/beginner_tutuorial/install/assignment_w10/lib/libassignment_w10__rosidl_generator_c.so" to ""
[38.789s] -- Up-to-date: /home/fierra/beginner_tutuorial/install/assignment_w10/include/assignment_w10/assignment_w10
[38.790s] -- Up-to-date: /home/fierra/beginner_tutuorial/install/assignment_w10/include/assignment_w10/assignment_w10/msg
[38.790s] -- Installing: /home/fierra/beginner_tutuorial/install/assignment_w10/include/assignment_w10/assignment_w10/msg/rosidl_typesupport_fastrtps_c__visibility_control.h
[38.790s] -- Up-to-date: /home/fierra/beginner_tutuorial/install/assignment_w10/include/assignment_w10/assignment_w10/srv
[38.790s] -- Up-to-date: /home/fierra/beginner_tutuorial/install/assignment_w10/include/assignment_w10/assignment_w10/srv/detail
[38.791s] -- Installing: /home/fierra/beginner_tutuorial/install/assignment_w10/include/assignment_w10/assignment_w10/srv/detail/change_string__rosidl_typesupport_fastrtps_c.h
[38.791s] -- Installing: /home/fierra/beginner_tutuorial/install/assignment_w10/lib/libassignment_w10__rosidl_typesupport_fastrtps_c.so
[38.791s] -- Set runtime path of "/home/fierra/beginner_tutuorial/install/assignment_w10/lib/libassignment_w10__rosidl_typesupport_fastrtps_c.so" to ""
[38.792s] -- Up-to-date: /home/fierra/beginner_tutuorial/install/assignment_w10/include/assignment_w10/assignment_w10
[38.792s] -- Up-to-date: /home/fierra/beginner_tutuorial/install/assignment_w10/include/assignment_w10/assignment_w10/srv
[38.792s] -- Installing: /home/fierra/beginner_tutuorial/install/assignment_w10/include/assignment_w10/assignment_w10/srv/change_string.hpp
[38.793s] -- Up-to-date: /home/fierra/beginner_tutuorial/install/assignment_w10/include/assignment_w10/assignment_w10/srv/detail
[38.793s] -- Installing: /home/fierra/beginner_tutuorial/install/assignment_w10/include/assignment_w10/assignment_w10/srv/detail/change_string__struct.hpp
[38.794s] -- Installing: /home/fierra/beginner_tutuorial/install/assignment_w10/include/assignment_w10/assignment_w10/srv/detail/change_string__traits.hpp
[38.794s] -- Installing: /home/fierra/beginner_tutuorial/install/assignment_w10/include/assignment_w10/assignment_w10/srv/detail/change_string__builder.hpp
[38.794s] -- Up-to-date: /home/fierra/beginner_tutuorial/install/assignment_w10/include/assignment_w10/assignment_w10
[38.794s] -- Up-to-date: /home/fierra/beginner_tutuorial/install/assignment_w10/include/assignment_w10/assignment_w10/msg
[38.795s] -- Installing: /home/fierra/beginner_tutuorial/install/assignment_w10/include/assignment_w10/assignment_w10/msg/rosidl_typesupport_fastrtps_cpp__visibility_control.h
[38.795s] -- Up-to-date: /home/fierra/beginner_tutuorial/install/assignment_w10/include/assignment_w10/assignment_w10/srv
[38.795s] -- Up-to-date: /home/fierra/beginner_tutuorial/install/assignment_w10/include/assignment_w10/assignment_w10/srv/detail
[38.795s] -- Installing: /home/fierra/beginner_tutuorial/install/assignment_w10/include/assignment_w10/assignment_w10/srv/detail/change_string__rosidl_typesupport_fastrtps_cpp.hpp
[38.796s] -- Installing: /home/fierra/beginner_tutuorial/install/assignment_w10/include/assignment_w10/assignment_w10/srv/detail/dds_fastrtps
[38.796s] -- Installing: /home/fierra/beginner_tutuorial/install/assignment_w10/lib/libassignment_w10__rosidl_typesupport_fastrtps_cpp.so
[38.796s] -- Set runtime path of "/home/fierra/beginner_tutuorial/install/assignment_w10/lib/libassignment_w10__rosidl_typesupport_fastrtps_cpp.so" to ""
[38.797s] -- Up-to-date: /home/fierra/beginner_tutuorial/install/assignment_w10/include/assignment_w10/assignment_w10
[38.797s] -- Up-to-date: /home/fierra/beginner_tutuorial/install/assignment_w10/include/assignment_w10/assignment_w10/msg
[38.797s] -- Installing: /home/fierra/beginner_tutuorial/install/assignment_w10/include/assignment_w10/assignment_w10/msg/rosidl_typesupport_introspection_c__visibility_control.h
[38.797s] -- Up-to-date: /home/fierra/beginner_tutuorial/install/assignment_w10/include/assignment_w10/assignment_w10/srv
[38.798s] -- Up-to-date: /home/fierra/beginner_tutuorial/install/assignment_w10/include/assignment_w10/assignment_w10/srv/detail
[38.798s] -- Installing: /home/fierra/beginner_tutuorial/install/assignment_w10/include/assignment_w10/assignment_w10/srv/detail/change_string__type_support.c
[38.798s] -- Installing: /home/fierra/beginner_tutuorial/install/assignment_w10/include/assignment_w10/assignment_w10/srv/detail/change_string__rosidl_typesupport_introspection_c.h
[38.799s] -- Installing: /home/fierra/beginner_tutuorial/install/assignment_w10/lib/libassignment_w10__rosidl_typesupport_introspection_c.so
[38.799s] -- Set runtime path of "/home/fierra/beginner_tutuorial/install/assignment_w10/lib/libassignment_w10__rosidl_typesupport_introspection_c.so" to ""
[38.799s] -- Installing: /home/fierra/beginner_tutuorial/install/assignment_w10/lib/libassignment_w10__rosidl_typesupport_c.so
[38.800s] -- Set runtime path of "/home/fierra/beginner_tutuorial/install/assignment_w10/lib/libassignment_w10__rosidl_typesupport_c.so" to ""
[38.801s] -- Up-to-date: /home/fierra/beginner_tutuorial/install/assignment_w10/include/assignment_w10/assignment_w10
[38.801s] -- Up-to-date: /home/fierra/beginner_tutuorial/install/assignment_w10/include/assignment_w10/assignment_w10/srv
[38.801s] -- Up-to-date: /home/fierra/beginner_tutuorial/install/assignment_w10/include/assignment_w10/assignment_w10/srv/detail
[38.801s] -- Installing: /home/fierra/beginner_tutuorial/install/assignment_w10/include/assignment_w10/assignment_w10/srv/detail/change_string__rosidl_typesupport_introspection_cpp.hpp
[38.802s] -- Installing: /home/fierra/beginner_tutuorial/install/assignment_w10/include/assignment_w10/assignment_w10/srv/detail/change_string__type_support.cpp
[38.802s] -- Installing: /home/fierra/beginner_tutuorial/install/assignment_w10/lib/libassignment_w10__rosidl_typesupport_introspection_cpp.so
[38.802s] -- Set runtime path of "/home/fierra/beginner_tutuorial/install/assignment_w10/lib/libassignment_w10__rosidl_typesupport_introspection_cpp.so" to ""
[38.802s] -- Installing: /home/fierra/beginner_tutuorial/install/assignment_w10/lib/libassignment_w10__rosidl_typesupport_cpp.so
[38.803s] -- Set runtime path of "/home/fierra/beginner_tutuorial/install/assignment_w10/lib/libassignment_w10__rosidl_typesupport_cpp.so" to ""
[38.804s] -- Installing: /home/fierra/beginner_tutuorial/install/assignment_w10/share/assignment_w10/environment/pythonpath.sh
[38.804s] -- Installing: /home/fierra/beginner_tutuorial/install/assignment_w10/share/assignment_w10/environment/pythonpath.dsv
[38.805s] -- Installing: /home/fierra/beginner_tutuorial/install/assignment_w10/lib/python3.8/site-packages/assignment_w10-0.0.0-py3.8.egg-info
[38.805s] -- Installing: /home/fierra/beginner_tutuorial/install/assignment_w10/lib/python3.8/site-packages/assignment_w10-0.0.0-py3.8.egg-info/SOURCES.txt
[38.805s] -- Installing: /home/fierra/beginner_tutuorial/install/assignment_w10/lib/python3.8/site-packages/assignment_w10-0.0.0-py3.8.egg-info/dependency_links.txt
[38.805s] -- Installing: /home/fierra/beginner_tutuorial/install/assignment_w10/lib/python3.8/site-packages/assignment_w10-0.0.0-py3.8.egg-info/PKG-INFO
[38.806s] -- Installing: /home/fierra/beginner_tutuorial/install/assignment_w10/lib/python3.8/site-packages/assignment_w10-0.0.0-py3.8.egg-info/top_level.txt
[38.806s] -- Installing: /home/fierra/beginner_tutuorial/install/assignment_w10/lib/python3.8/site-packages/assignment_w10
[38.806s] -- Installing: /home/fierra/beginner_tutuorial/install/assignment_w10/lib/python3.8/site-packages/assignment_w10/srv
[38.806s] -- Installing: /home/fierra/beginner_tutuorial/install/assignment_w10/lib/python3.8/site-packages/assignment_w10/srv/_change_string.py
[38.807s] -- Installing: /home/fierra/beginner_tutuorial/install/assignment_w10/lib/python3.8/site-packages/assignment_w10/srv/__init__.py
[38.807s] -- Installing: /home/fierra/beginner_tutuorial/install/assignment_w10/lib/python3.8/site-packages/assignment_w10/srv/_change_string_s.c
[38.807s] -- Installing: /home/fierra/beginner_tutuorial/install/assignment_w10/lib/python3.8/site-packages/assignment_w10/__init__.py
[38.807s] -- Installing: /home/fierra/beginner_tutuorial/install/assignment_w10/lib/python3.8/site-packages/assignment_w10/_assignment_w10_s.ep.rosidl_typesupport_c.c
[38.808s] -- Installing: /home/fierra/beginner_tutuorial/install/assignment_w10/lib/python3.8/site-packages/assignment_w10/assignment_w10_s__rosidl_typesupport_introspection_c.cpython-38-x86_64-linux-gnu.so
[38.808s] -- Installing: /home/fierra/beginner_tutuorial/install/assignment_w10/lib/python3.8/site-packages/assignment_w10/assignment_w10_s__rosidl_typesupport_fastrtps_c.cpython-38-x86_64-linux-gnu.so
[38.808s] -- Installing: /home/fierra/beginner_tutuorial/install/assignment_w10/lib/python3.8/site-packages/assignment_w10/libassignment_w10__rosidl_generator_py.so
[38.808s] -- Installing: /home/fierra/beginner_tutuorial/install/assignment_w10/lib/python3.8/site-packages/assignment_w10/_assignment_w10_s.ep.rosidl_typesupport_introspection_c.c
[38.809s] -- Installing: /home/fierra/beginner_tutuorial/install/assignment_w10/lib/python3.8/site-packages/assignment_w10/_assignment_w10_s.ep.rosidl_typesupport_fastrtps_c.c
[38.809s] -- Installing: /home/fierra/beginner_tutuorial/install/assignment_w10/lib/python3.8/site-packages/assignment_w10/assignment_w10_s__rosidl_typesupport_c.cpython-38-x86_64-linux-gnu.so
[39.497s] Listing '/home/fierra/beginner_tutuorial/install/assignment_w10/lib/python3.8/site-packages/assignment_w10'...
[39.497s] Compiling '/home/fierra/beginner_tutuorial/install/assignment_w10/lib/python3.8/site-packages/assignment_w10/__init__.py'...
[39.497s] Listing '/home/fierra/beginner_tutuorial/install/assignment_w10/lib/python3.8/site-packages/assignment_w10/srv'...
[39.497s] Compiling '/home/fierra/beginner_tutuorial/install/assignment_w10/lib/python3.8/site-packages/assignment_w10/srv/__init__.py'...
[39.497s] Compiling '/home/fierra/beginner_tutuorial/install/assignment_w10/lib/python3.8/site-packages/assignment_w10/srv/_change_string.py'...
[39.505s] -- Installing: /home/fierra/beginner_tutuorial/install/assignment_w10/lib/python3.8/site-packages/assignment_w10/assignment_w10_s__rosidl_typesupport_introspection_c.cpython-38-x86_64-linux-gnu.so
[39.506s] -- Set runtime path of "/home/fierra/beginner_tutuorial/install/assignment_w10/lib/python3.8/site-packages/assignment_w10/assignment_w10_s__rosidl_typesupport_introspection_c.cpython-38-x86_64-linux-gnu.so" to ""
[39.507s] -- Installing: /home/fierra/beginner_tutuorial/install/assignment_w10/lib/python3.8/site-packages/assignment_w10/assignment_w10_s__rosidl_typesupport_fastrtps_c.cpython-38-x86_64-linux-gnu.so
[39.508s] -- Set runtime path of "/home/fierra/beginner_tutuorial/install/assignment_w10/lib/python3.8/site-packages/assignment_w10/assignment_w10_s__rosidl_typesupport_fastrtps_c.cpython-38-x86_64-linux-gnu.so" to ""
[39.509s] -- Installing: /home/fierra/beginner_tutuorial/install/assignment_w10/lib/python3.8/site-packages/assignment_w10/assignment_w10_s__rosidl_typesupport_c.cpython-38-x86_64-linux-gnu.so
[39.510s] -- Set runtime path of "/home/fierra/beginner_tutuorial/install/assignment_w10/lib/python3.8/site-packages/assignment_w10/assignment_w10_s__rosidl_typesupport_c.cpython-38-x86_64-linux-gnu.so" to ""
[39.510s] -- Installing: /home/fierra/beginner_tutuorial/install/assignment_w10/lib/libassignment_w10__rosidl_generator_py.so
[39.511s] -- Set runtime path of "/home/fierra/beginner_tutuorial/install/assignment_w10/lib/libassignment_w10__rosidl_generator_py.so" to ""
[39.511s] -- Installing: /home/fierra/beginner_tutuorial/install/assignment_w10/share/assignment_w10/srv/ChangeString.idl
[39.511s] -- Installing: /home/fierra/beginner_tutuorial/install/assignment_w10/share/assignment_w10/srv/ChangeString.srv
[39.512s] -- Installing: /home/fierra/beginner_tutuorial/install/assignment_w10/share/assignment_w10/srv/ChangeString_Request.msg
[39.512s] -- Installing: /home/fierra/beginner_tutuorial/install/assignment_w10/share/assignment_w10/srv/ChangeString_Response.msg
[39.513s] -- Installing: /home/fierra/beginner_tutuorial/install/assignment_w10/lib/assignment_w10/talker
[39.517s] -- Set runtime path of "/home/fierra/beginner_tutuorial/install/assignment_w10/lib/assignment_w10/talker" to ""
[39.518s] -- Installing: /home/fierra/beginner_tutuorial/install/assignment_w10/lib/assignment_w10/listener
[39.527s] -- Set runtime path of "/home/fierra/beginner_tutuorial/install/assignment_w10/lib/assignment_w10/listener" to ""
[39.527s] -- Installing: /home/fierra/beginner_tutuorial/install/assignment_w10/lib/assignment_w10/client
[39.529s] -- Set runtime path of "/home/fierra/beginner_tutuorial/install/assignment_w10/lib/assignment_w10/client" to ""
[39.530s] -- Installing: /home/fierra/beginner_tutuorial/install/assignment_w10/share/assignment_w10/launch
[39.530s] -- Installing: /home/fierra/beginner_tutuorial/install/assignment_w10/share/assignment_w10/launch/pub_sub.launch.yaml
[39.530s] -- Installing: /home/fierra/beginner_tutuorial/install/assignment_w10/share/ament_index/resource_index/package_run_dependencies/assignment_w10
[39.530s] -- Installing: /home/fierra/beginner_tutuorial/install/assignment_w10/share/ament_index/resource_index/parent_prefix_path/assignment_w10
[39.531s] -- Installing: /home/fierra/beginner_tutuorial/install/assignment_w10/share/assignment_w10/environment/ament_prefix_path.sh
[39.531s] -- Installing: /home/fierra/beginner_tutuorial/install/assignment_w10/share/assignment_w10/environment/ament_prefix_path.dsv
[39.531s] -- Installing: /home/fierra/beginner_tutuorial/install/assignment_w10/share/assignment_w10/environment/path.sh
[39.531s] -- Installing: /home/fierra/beginner_tutuorial/install/assignment_w10/share/assignment_w10/environment/path.dsv
[39.532s] -- Installing: /home/fierra/beginner_tutuorial/install/assignment_w10/share/assignment_w10/local_setup.bash
[39.532s] -- Installing: /home/fierra/beginner_tutuorial/install/assignment_w10/share/assignment_w10/local_setup.sh
[39.532s] -- Installing: /home/fierra/beginner_tutuorial/install/assignment_w10/share/assignment_w10/local_setup.zsh
[39.532s] -- Installing: /home/fierra/beginner_tutuorial/install/assignment_w10/share/assignment_w10/local_setup.dsv
[39.533s] -- Installing: /home/fierra/beginner_tutuorial/install/assignment_w10/share/assignment_w10/package.dsv
[39.533s] -- Installing: /home/fierra/beginner_tutuorial/install/assignment_w10/share/ament_index/resource_index/packages/assignment_w10
[39.534s] -- Installing: /home/fierra/beginner_tutuorial/install/assignment_w10/share/assignment_w10/cmake/export_assignment_w10__rosidl_generator_cExport.cmake
[39.534s] -- Installing: /home/fierra/beginner_tutuorial/install/assignment_w10/share/assignment_w10/cmake/export_assignment_w10__rosidl_generator_cExport-noconfig.cmake
[39.534s] -- Installing: /home/fierra/beginner_tutuorial/install/assignment_w10/share/assignment_w10/cmake/export_assignment_w10__rosidl_typesupport_fastrtps_cExport.cmake
[39.535s] -- Installing: /home/fierra/beginner_tutuorial/install/assignment_w10/share/assignment_w10/cmake/export_assignment_w10__rosidl_typesupport_fastrtps_cExport-noconfig.cmake
[39.535s] -- Installing: /home/fierra/beginner_tutuorial/install/assignment_w10/share/assignment_w10/cmake/export_assignment_w10__rosidl_generator_cppExport.cmake
[39.535s] -- Installing: /home/fierra/beginner_tutuorial/install/assignment_w10/share/assignment_w10/cmake/export_assignment_w10__rosidl_typesupport_fastrtps_cppExport.cmake
[39.536s] -- Installing: /home/fierra/beginner_tutuorial/install/assignment_w10/share/assignment_w10/cmake/export_assignment_w10__rosidl_typesupport_fastrtps_cppExport-noconfig.cmake
[39.536s] -- Installing: /home/fierra/beginner_tutuorial/install/assignment_w10/share/assignment_w10/cmake/assignment_w10__rosidl_typesupport_introspection_cExport.cmake
[39.537s] -- Installing: /home/fierra/beginner_tutuorial/install/assignment_w10/share/assignment_w10/cmake/assignment_w10__rosidl_typesupport_introspection_cExport-noconfig.cmake
[39.537s] -- Installing: /home/fierra/beginner_tutuorial/install/assignment_w10/share/assignment_w10/cmake/assignment_w10__rosidl_typesupport_cExport.cmake
[39.537s] -- Installing: /home/fierra/beginner_tutuorial/install/assignment_w10/share/assignment_w10/cmake/assignment_w10__rosidl_typesupport_cExport-noconfig.cmake
[39.538s] -- Installing: /home/fierra/beginner_tutuorial/install/assignment_w10/share/assignment_w10/cmake/assignment_w10__rosidl_typesupport_introspection_cppExport.cmake
[39.538s] -- Installing: /home/fierra/beginner_tutuorial/install/assignment_w10/share/assignment_w10/cmake/assignment_w10__rosidl_typesupport_introspection_cppExport-noconfig.cmake
[39.538s] -- Installing: /home/fierra/beginner_tutuorial/install/assignment_w10/share/assignment_w10/cmake/assignment_w10__rosidl_typesupport_cppExport.cmake
[39.539s] -- Installing: /home/fierra/beginner_tutuorial/install/assignment_w10/share/assignment_w10/cmake/assignment_w10__rosidl_typesupport_cppExport-noconfig.cmake
[39.539s] -- Installing: /home/fierra/beginner_tutuorial/install/assignment_w10/share/assignment_w10/cmake/export_assignment_w10__rosidl_generator_pyExport.cmake
[39.539s] -- Installing: /home/fierra/beginner_tutuorial/install/assignment_w10/share/assignment_w10/cmake/export_assignment_w10__rosidl_generator_pyExport-noconfig.cmake
[39.540s] -- Installing: /home/fierra/beginner_tutuorial/install/assignment_w10/share/assignment_w10/cmake/rosidl_cmake-extras.cmake
[39.540s] -- Installing: /home/fierra/beginner_tutuorial/install/assignment_w10/share/assignment_w10/cmake/ament_cmake_export_include_directories-extras.cmake
[39.540s] -- Installing: /home/fierra/beginner_tutuorial/install/assignment_w10/share/assignment_w10/cmake/ament_cmake_export_libraries-extras.cmake
[39.541s] -- Installing: /home/fierra/beginner_tutuorial/install/assignment_w10/share/assignment_w10/cmake/ament_cmake_export_targets-extras.cmake
[39.541s] -- Installing: /home/fierra/beginner_tutuorial/install/assignment_w10/share/assignment_w10/cmake/rosidl_cmake_export_typesupport_targets-extras.cmake
[39.541s] -- Installing: /home/fierra/beginner_tutuorial/install/assignment_w10/share/assignment_w10/cmake/ament_cmake_export_dependencies-extras.cmake
[39.541s] -- Installing: /home/fierra/beginner_tutuorial/install/assignment_w10/share/assignment_w10/cmake/rosidl_cmake_export_typesupport_libraries-extras.cmake
[39.542s] -- Installing: /home/fierra/beginner_tutuorial/install/assignment_w10/share/assignment_w10/cmake/assignment_w10Config.cmake
[39.542s] -- Installing: /home/fierra/beginner_tutuorial/install/assignment_w10/share/assignment_w10/cmake/assignment_w10Config-version.cmake
[39.542s] -- Installing: /home/fierra/beginner_tutuorial/install/assignment_w10/share/assignment_w10/package.xml
[39.547s] Invoked command in '/home/fierra/beginner_tutuorial/build/assignment_w10' returned '0': CMAKE_PREFIX_PATH=${CMAKE_PREFIX_PATH}:/home/fierra/ros2_humble/install/rqt_bag_plugins:/home/fierra/ros2_humble/install/rqt_bag:/home/fierra/ros2_humble/install/ros2bag:/home/fierra/ros2_humble/install/tracetools_test:/home/fierra/ros2_humble/install/tracetools_launch:/home/fierra/ros2_humble/install/topic_monitor:/home/fierra/ros2_humble/install/tf2_tools:/home/fierra/ros2_humble/install/examples_tf2_py:/home/fierra/ros2_humble/install/tf2_ros_py:/home/fierra/ros2_humble/install/sros2:/home/fierra/ros2_humble/install/rqt_topic:/home/fierra/ros2_humble/install/rqt_srv:/home/fierra/ros2_humble/install/rqt_shell:/home/fierra/ros2_humble/install/rqt_service_caller:/home/fierra/ros2_humble/install/rqt_reconfigure:/home/fierra/ros2_humble/install/rqt_py_console:/home/fierra/ros2_humble/install/rqt_publisher:/home/fierra/ros2_humble/install/rqt_plot:/home/fierra/ros2_humble/install/rqt_action:/home/fierra/ros2_humble/install/rqt_msg:/home/fierra/ros2_humble/install/rqt_console:/home/fierra/ros2_humble/install/rqt:/home/fierra/ros2_humble/install/rqt_graph:/home/fierra/ros2_humble/install/rqt_gui_py:/home/fierra/ros2_humble/install/rqt_gui:/home/fierra/ros2_humble/install/ros2trace:/home/fierra/ros2_humble/install/ros2topic:/home/fierra/ros2_humble/install/ros2test:/home/fierra/ros2_humble/install/ros2component:/home/fierra/ros2_humble/install/ros2param:/home/fierra/ros2_humble/install/ros2lifecycle:/home/fierra/ros2_humble/install/ros2service:/home/fierra/ros2_humble/install/ros2run:/home/fierra/ros2_humble/install/ros2launch:/home/fierra/ros2_humble/install/ros2pkg:/home/fierra/ros2_humble/install/ros2node:/home/fierra/ros2_humble/install/ros2multicast:/home/fierra/ros2_humble/install/ros2interface:/home/fierra/ros2_humble/install/ros2doctor:/home/fierra/ros2_humble/install/ros2action:/home/fierra/ros2_humble/install/ros2cli:/home/fierra/ros2_humble/install/quality_of_service_demo_py:/home/fierra/ros2_humble/install/lifecycle_py:/home/fierra/ros2_humble/install/launch_testing_ros:/home/fierra/ros2_humble/install/launch_ros:/home/fierra/ros2_humble/install/examples_rclpy_pointcloud_publisher:/home/fierra/ros2_humble/install/examples_rclpy_minimal_subscriber:/home/fierra/ros2_humble/install/examples_rclpy_minimal_service:/home/fierra/ros2_humble/install/examples_rclpy_minimal_publisher:/home/fierra/ros2_humble/install/examples_rclpy_minimal_client:/home/fierra/ros2_humble/install/examples_rclpy_minimal_action_server:/home/fierra/ros2_humble/install/examples_rclpy_minimal_action_client:/home/fierra/ros2_humble/install/examples_rclpy_guard_conditions:/home/fierra/ros2_humble/install/examples_rclpy_executors:/home/fierra/ros2_humble/install/demo_nodes_py:/home/fierra/ros2_humble/install/action_tutorials_py:/home/fierra/ros2_humble/install/ament_uncrustify:/home/fierra/ros2_humble/install/tracetools_trace:/home/fierra/ros2_humble/install/tracetools_read:/home/fierra/ros2_humble/install/test_tracetools_launch:/home/fierra/ros2_humble/install/test_launch_ros:/home/fierra/ros2_humble/install/sensor_msgs_py:/home/fierra/ros2_humble/install/rpyutils:/home/fierra/ros2_humble/install/rosidl_runtime_py:/home/fierra/ros2_humble/install/rosidl_cli:/home/fierra/ros2_humble/install/launch_pytest:/home/fierra/ros2_humble/install/launch_testing:/home/fierra/ros2_humble/install/launch_yaml:/home/fierra/ros2_humble/install/launch_xml:/home/fierra/ros2_humble/install/launch:/home/fierra/ros2_humble/install/osrf_pycommon:/home/fierra/ros2_humble/install/launch_testing_examples:/home/fierra/ros2_humble/install/domain_coordinator:/home/fierra/ros2_humble/install/ament_xmllint:/home/fierra/ros2_humble/install/ament_pyflakes:/home/fierra/ros2_humble/install/ament_pycodestyle:/home/fierra/ros2_humble/install/ament_pep257:/home/fierra/ros2_humble/install/ament_pclint:/home/fierra/ros2_humble/install/ament_package:/home/fierra/ros2_humble/install/ament_mypy:/home/fierra/ros2_humble/install/ament_lint_cmake:/home/fierra/ros2_humble/install/ament_flake8:/home/fierra/ros2_humble/install/ament_copyright:/home/fierra/ros2_humble/install/ament_lint:/home/fierra/ros2_humble/install/ament_index_python:/home/fierra/ros2_humble/install/ament_cpplint:/home/fierra/ros2_humble/install/ament_cppcheck:/home/fierra/ros2_humble/install/ament_clang_tidy:/home/fierra/ros2_humble/install/ament_clang_format /usr/bin/cmake --install /home/fierra/beginner_tutuorial/build/assignment_w10
