[2.892s] Invoking command in '/home/fierra/ros2_ws/build/examples_rclpy_minimal_action_client': PYTHONPATH=/home/fierra/ros2_ws/install/examples_rclpy_minimal_action_client/lib/python3.8/site-packages:${PYTHONPATH} /usr/bin/python3 setup.py develop --prefix /home/fierra/ros2_ws/install/examples_rclpy_minimal_action_client --editable --build-directory /home/fierra/ros2_ws/build/examples_rclpy_minimal_action_client/build --no-deps install_data --install-dir /home/fierra/ros2_ws/install/examples_rclpy_minimal_action_client
[4.418s] running develop
[4.817s] running egg_info
[4.817s] creating examples_rclpy_minimal_action_client.egg-info
[4.818s] writing examples_rclpy_minimal_action_client.egg-info/PKG-INFO
[4.818s] writing dependency_links to examples_rclpy_minimal_action_client.egg-info/dependency_links.txt
[4.818s] writing entry points to examples_rclpy_minimal_action_client.egg-info/entry_points.txt
[4.818s] writing requirements to examples_rclpy_minimal_action_client.egg-info/requires.txt
[4.818s] writing top-level names to examples_rclpy_minimal_action_client.egg-info/top_level.txt
[4.819s] writing manifest file 'examples_rclpy_minimal_action_client.egg-info/SOURCES.txt'
[4.871s] reading manifest file 'examples_rclpy_minimal_action_client.egg-info/SOURCES.txt'
[4.871s] writing manifest file 'examples_rclpy_minimal_action_client.egg-info/SOURCES.txt'
[4.879s] running build_ext
[4.879s] Creating /home/fierra/ros2_ws/install/examples_rclpy_minimal_action_client/lib/python3.8/site-packages/site.py
[4.887s] Creating /home/fierra/ros2_ws/install/examples_rclpy_minimal_action_client/lib/python3.8/site-packages/examples-rclpy-minimal-action-client.egg-link (link to .)
[4.888s] Installing client script to /home/fierra/ros2_ws/install/examples_rclpy_minimal_action_client/lib/examples_rclpy_minimal_action_client
[4.888s] Installing client_asyncio script to /home/fierra/ros2_ws/install/examples_rclpy_minimal_action_client/lib/examples_rclpy_minimal_action_client
[4.889s] Installing client_cancel script to /home/fierra/ros2_ws/install/examples_rclpy_minimal_action_client/lib/examples_rclpy_minimal_action_client
[4.889s] Installing client_not_composable script to /home/fierra/ros2_ws/install/examples_rclpy_minimal_action_client/lib/examples_rclpy_minimal_action_client
[4.890s] 
[4.890s] Installed /home/fierra/ros2_ws/build/examples_rclpy_minimal_action_client
[4.890s] running install_data
[4.890s] creating /home/fierra/ros2_ws/install/examples_rclpy_minimal_action_client/share/ament_index
[4.891s] creating /home/fierra/ros2_ws/install/examples_rclpy_minimal_action_client/share/ament_index/resource_index
[4.891s] creating /home/fierra/ros2_ws/install/examples_rclpy_minimal_action_client/share/ament_index/resource_index/packages
[4.891s] copying resource/examples_rclpy_minimal_action_client -> /home/fierra/ros2_ws/install/examples_rclpy_minimal_action_client/share/ament_index/resource_index/packages
[4.891s] copying package.xml -> /home/fierra/ros2_ws/install/examples_rclpy_minimal_action_client/share/examples_rclpy_minimal_action_client
[4.945s] Invoked command in '/home/fierra/ros2_ws/build/examples_rclpy_minimal_action_client' returned '0': PYTHONPATH=/home/fierra/ros2_ws/install/examples_rclpy_minimal_action_client/lib/python3.8/site-packages:${PYTHONPATH} /usr/bin/python3 setup.py develop --prefix /home/fierra/ros2_ws/install/examples_rclpy_minimal_action_client --editable --build-directory /home/fierra/ros2_ws/build/examples_rclpy_minimal_action_client/build --no-deps install_data --install-dir /home/fierra/ros2_ws/install/examples_rclpy_minimal_action_client
