-- Found ament_cmake: 1.3.2 (/home/fierra/ros2_humble/install/ament_cmake/share/ament_cmake/cmake)
-- Found rosidl_default_generators: 1.2.0 (/home/fierra/ros2_humble/install/rosidl_default_generators/share/rosidl_default_generators/cmake)
-- Using all available rosidl_typesupport_c: rosidl_typesupport_introspection_c;rosidl_typesupport_fastrtps_c
-- Found rosidl_adapter: 3.1.3 (/home/fierra/ros2_humble/install/rosidl_adapter/share/rosidl_adapter/cmake)
-- Using all available rosidl_typesupport_cpp: rosidl_typesupport_introspection_cpp;rosidl_typesupport_fastrtps_cpp
-- Found rclcpp: 16.0.1 (/home/fierra/ros2_humble/install/rclcpp/share/rclcpp/cmake)
-- Found rmw_implementation_cmake: 6.1.0 (/home/fierra/ros2_humble/install/rmw_implementation_cmake/share/rmw_implementation_cmake/cmake)
-- Found rmw_fastrtps_cpp: 6.2.1 (/home/fierra/ros2_humble/install/rmw_fastrtps_cpp/share/rmw_fastrtps_cpp/cmake)
-- Using RMW implementation 'rmw_fastrtps_cpp' as default
-- Found ament_cmake_ros: 0.10.0 (/home/fierra/ros2_humble/install/ament_cmake_ros/share/ament_cmake_ros/cmake)
-- Using all available rosidl_typesupport_c: rosidl_typesupport_introspection_c;rosidl_typesupport_fastrtps_c
-- Using all available rosidl_typesupport_cpp: rosidl_typesupport_introspection_cpp;rosidl_typesupport_fastrtps_cpp
-- Found python_cmake_module: 0.10.0 (/home/fierra/ros2_humble/install/python_cmake_module/share/python_cmake_module/cmake)
-- Using PYTHON_EXECUTABLE: /usr/bin/python3
-- Using PYTHON_INCLUDE_DIRS: /usr/include/python3.8
-- Using PYTHON_LIBRARIES: /usr/lib/x86_64-linux-gnu/libpython3.8.so
-- Configuring done
-- Generating done
-- Build files have been written to: /home/fierra/beginner_tutuorial/build/more_interfaces
[  3%] Built target more_interfaces__cpp
[ 12%] Built target more_interfaces__rosidl_generator_c
[ 12%] Built target ament_cmake_python_copy_more_interfaces
[ 21%] Built target more_interfaces__rosidl_typesupport_cpp
[ 30%] Built target more_interfaces__rosidl_typesupport_introspection_cpp
[ 39%] Built target more_interfaces__rosidl_typesupport_fastrtps_cpp
[ 48%] Built target more_interfaces__rosidl_typesupport_introspection_c
[ 57%] Built target more_interfaces__rosidl_typesupport_fastrtps_c
[ 66%] Built target more_interfaces__rosidl_typesupport_c
[35m[1mScanning dependencies of target more_interfaces[0m
[ 66%] Built target more_interfaces
[35m[1mScanning dependencies of target more_interfaces__py[0m
[35m[1mScanning dependencies of target publish_address_book[0m
[ 69%] [34m[1mGenerating Python code for ROS interfaces[0m
[ 72%] [32mBuilding CXX object CMakeFiles/publish_address_book.dir/src/publish_address_book.cpp.o[0m
running egg_info
writing more_interfaces.egg-info/PKG-INFO
writing dependency_links to more_interfaces.egg-info/dependency_links.txt
writing top-level names to more_interfaces.egg-info/top_level.txt
reading manifest file 'more_interfaces.egg-info/SOURCES.txt'
writing manifest file 'more_interfaces.egg-info/SOURCES.txt'
[ 72%] Built target ament_cmake_python_build_more_interfaces_egg
[ 72%] Built target more_interfaces__py
[35m[1mScanning dependencies of target more_interfaces__rosidl_generator_py[0m
[ 75%] [32mBuilding C object CMakeFiles/more_interfaces__rosidl_generator_py.dir/rosidl_generator_py/more_interfaces/msg/_address_book_s.c.o[0m
[ 78%] [32m[1mLinking C shared library rosidl_generator_py/more_interfaces/libmore_interfaces__rosidl_generator_py.so[0m
[ 78%] Built target more_interfaces__rosidl_generator_py
[35m[1mScanning dependencies of target more_interfaces__rosidl_typesupport_introspection_c__pyext[0m
[35m[1mScanning dependencies of target more_interfaces__rosidl_typesupport_c__pyext[0m
[35m[1mScanning dependencies of target more_interfaces__rosidl_typesupport_fastrtps_c__pyext[0m
[ 81%] [32mBuilding C object CMakeFiles/more_interfaces__rosidl_typesupport_c__pyext.dir/rosidl_generator_py/more_interfaces/_more_interfaces_s.ep.rosidl_typesupport_c.c.o[0m
[ 84%] [32mBuilding C object CMakeFiles/more_interfaces__rosidl_typesupport_introspection_c__pyext.dir/rosidl_generator_py/more_interfaces/_more_interfaces_s.ep.rosidl_typesupport_introspection_c.c.o[0m
[ 87%] [32mBuilding C object CMakeFiles/more_interfaces__rosidl_typesupport_fastrtps_c__pyext.dir/rosidl_generator_py/more_interfaces/_more_interfaces_s.ep.rosidl_typesupport_fastrtps_c.c.o[0m
[ 90%] [32m[1mLinking C shared library rosidl_generator_py/more_interfaces/more_interfaces_s__rosidl_typesupport_introspection_c.cpython-38-x86_64-linux-gnu.so[0m
[ 93%] [32m[1mLinking C shared library rosidl_generator_py/more_interfaces/more_interfaces_s__rosidl_typesupport_c.cpython-38-x86_64-linux-gnu.so[0m
[ 96%] [32m[1mLinking C shared library rosidl_generator_py/more_interfaces/more_interfaces_s__rosidl_typesupport_fastrtps_c.cpython-38-x86_64-linux-gnu.so[0m
[ 96%] Built target more_interfaces__rosidl_typesupport_c__pyext
[ 96%] Built target more_interfaces__rosidl_typesupport_introspection_c__pyext
[ 96%] Built target more_interfaces__rosidl_typesupport_fastrtps_c__pyext
[100%] [32m[1mLinking CXX executable publish_address_book[0m
[100%] Built target publish_address_book
-- Install configuration: ""
-- Installing: /home/fierra/beginner_tutuorial/install/more_interfaces/lib/more_interfaces/publish_address_book
-- Set runtime path of "/home/fierra/beginner_tutuorial/install/more_interfaces/lib/more_interfaces/publish_address_book" to ""
-- Installing: /home/fierra/beginner_tutuorial/install/more_interfaces/share/ament_index/resource_index/rosidl_interfaces/more_interfaces
-- Installing: /home/fierra/beginner_tutuorial/install/more_interfaces/include/more_interfaces/more_interfaces
-- Installing: /home/fierra/beginner_tutuorial/install/more_interfaces/include/more_interfaces/more_interfaces/msg
-- Installing: /home/fierra/beginner_tutuorial/install/more_interfaces/include/more_interfaces/more_interfaces/msg/detail
-- Installing: /home/fierra/beginner_tutuorial/install/more_interfaces/include/more_interfaces/more_interfaces/msg/detail/address_book__struct.h
-- Installing: /home/fierra/beginner_tutuorial/install/more_interfaces/include/more_interfaces/more_interfaces/msg/detail/address_book__type_support.h
-- Installing: /home/fierra/beginner_tutuorial/install/more_interfaces/include/more_interfaces/more_interfaces/msg/detail/address_book__functions.h
-- Installing: /home/fierra/beginner_tutuorial/install/more_interfaces/include/more_interfaces/more_interfaces/msg/detail/address_book__functions.c
-- Installing: /home/fierra/beginner_tutuorial/install/more_interfaces/include/more_interfaces/more_interfaces/msg/rosidl_generator_c__visibility_control.h
-- Installing: /home/fierra/beginner_tutuorial/install/more_interfaces/include/more_interfaces/more_interfaces/msg/address_book.h
-- Installing: /home/fierra/beginner_tutuorial/install/more_interfaces/share/more_interfaces/environment/library_path.sh
-- Installing: /home/fierra/beginner_tutuorial/install/more_interfaces/share/more_interfaces/environment/library_path.dsv
-- Installing: /home/fierra/beginner_tutuorial/install/more_interfaces/lib/libmore_interfaces__rosidl_generator_c.so
-- Set runtime path of "/home/fierra/beginner_tutuorial/install/more_interfaces/lib/libmore_interfaces__rosidl_generator_c.so" to ""
-- Up-to-date: /home/fierra/beginner_tutuorial/install/more_interfaces/include/more_interfaces/more_interfaces
-- Up-to-date: /home/fierra/beginner_tutuorial/install/more_interfaces/include/more_interfaces/more_interfaces/msg
-- Up-to-date: /home/fierra/beginner_tutuorial/install/more_interfaces/include/more_interfaces/more_interfaces/msg/detail
-- Installing: /home/fierra/beginner_tutuorial/install/more_interfaces/include/more_interfaces/more_interfaces/msg/detail/address_book__rosidl_typesupport_introspection_c.h
-- Installing: /home/fierra/beginner_tutuorial/install/more_interfaces/include/more_interfaces/more_interfaces/msg/detail/address_book__type_support.c
-- Installing: /home/fierra/beginner_tutuorial/install/more_interfaces/include/more_interfaces/more_interfaces/msg/rosidl_typesupport_introspection_c__visibility_control.h
-- Installing: /home/fierra/beginner_tutuorial/install/more_interfaces/lib/libmore_interfaces__rosidl_typesupport_introspection_c.so
-- Set runtime path of "/home/fierra/beginner_tutuorial/install/more_interfaces/lib/libmore_interfaces__rosidl_typesupport_introspection_c.so" to ""
-- Up-to-date: /home/fierra/beginner_tutuorial/install/more_interfaces/include/more_interfaces/more_interfaces
-- Up-to-date: /home/fierra/beginner_tutuorial/install/more_interfaces/include/more_interfaces/more_interfaces/msg
-- Up-to-date: /home/fierra/beginner_tutuorial/install/more_interfaces/include/more_interfaces/more_interfaces/msg/detail
-- Installing: /home/fierra/beginner_tutuorial/install/more_interfaces/include/more_interfaces/more_interfaces/msg/detail/address_book__rosidl_typesupport_fastrtps_c.h
-- Installing: /home/fierra/beginner_tutuorial/install/more_interfaces/include/more_interfaces/more_interfaces/msg/rosidl_typesupport_fastrtps_c__visibility_control.h
-- Installing: /home/fierra/beginner_tutuorial/install/more_interfaces/lib/libmore_interfaces__rosidl_typesupport_fastrtps_c.so
-- Set runtime path of "/home/fierra/beginner_tutuorial/install/more_interfaces/lib/libmore_interfaces__rosidl_typesupport_fastrtps_c.so" to ""
-- Installing: /home/fierra/beginner_tutuorial/install/more_interfaces/lib/libmore_interfaces__rosidl_typesupport_c.so
-- Set runtime path of "/home/fierra/beginner_tutuorial/install/more_interfaces/lib/libmore_interfaces__rosidl_typesupport_c.so" to ""
-- Up-to-date: /home/fierra/beginner_tutuorial/install/more_interfaces/include/more_interfaces/more_interfaces
-- Up-to-date: /home/fierra/beginner_tutuorial/install/more_interfaces/include/more_interfaces/more_interfaces/msg
-- Up-to-date: /home/fierra/beginner_tutuorial/install/more_interfaces/include/more_interfaces/more_interfaces/msg/detail
-- Installing: /home/fierra/beginner_tutuorial/install/more_interfaces/include/more_interfaces/more_interfaces/msg/detail/address_book__traits.hpp
-- Installing: /home/fierra/beginner_tutuorial/install/more_interfaces/include/more_interfaces/more_interfaces/msg/detail/address_book__builder.hpp
-- Installing: /home/fierra/beginner_tutuorial/install/more_interfaces/include/more_interfaces/more_interfaces/msg/detail/address_book__struct.hpp
-- Installing: /home/fierra/beginner_tutuorial/install/more_interfaces/include/more_interfaces/more_interfaces/msg/address_book.hpp
-- Up-to-date: /home/fierra/beginner_tutuorial/install/more_interfaces/include/more_interfaces/more_interfaces
-- Up-to-date: /home/fierra/beginner_tutuorial/install/more_interfaces/include/more_interfaces/more_interfaces/msg
-- Up-to-date: /home/fierra/beginner_tutuorial/install/more_interfaces/include/more_interfaces/more_interfaces/msg/detail
-- Installing: /home/fierra/beginner_tutuorial/install/more_interfaces/include/more_interfaces/more_interfaces/msg/detail/address_book__type_support.cpp
-- Installing: /home/fierra/beginner_tutuorial/install/more_interfaces/include/more_interfaces/more_interfaces/msg/detail/address_book__rosidl_typesupport_introspection_cpp.hpp
-- Installing: /home/fierra/beginner_tutuorial/install/more_interfaces/lib/libmore_interfaces__rosidl_typesupport_introspection_cpp.so
-- Set runtime path of "/home/fierra/beginner_tutuorial/install/more_interfaces/lib/libmore_interfaces__rosidl_typesupport_introspection_cpp.so" to ""
-- Up-to-date: /home/fierra/beginner_tutuorial/install/more_interfaces/include/more_interfaces/more_interfaces
-- Up-to-date: /home/fierra/beginner_tutuorial/install/more_interfaces/include/more_interfaces/more_interfaces/msg
-- Installing: /home/fierra/beginner_tutuorial/install/more_interfaces/include/more_interfaces/more_interfaces/msg/rosidl_typesupport_fastrtps_cpp__visibility_control.h
-- Up-to-date: /home/fierra/beginner_tutuorial/install/more_interfaces/include/more_interfaces/more_interfaces/msg/detail
-- Installing: /home/fierra/beginner_tutuorial/install/more_interfaces/include/more_interfaces/more_interfaces/msg/detail/address_book__rosidl_typesupport_fastrtps_cpp.hpp
-- Installing: /home/fierra/beginner_tutuorial/install/more_interfaces/include/more_interfaces/more_interfaces/msg/detail/dds_fastrtps
-- Installing: /home/fierra/beginner_tutuorial/install/more_interfaces/lib/libmore_interfaces__rosidl_typesupport_fastrtps_cpp.so
-- Set runtime path of "/home/fierra/beginner_tutuorial/install/more_interfaces/lib/libmore_interfaces__rosidl_typesupport_fastrtps_cpp.so" to ""
-- Installing: /home/fierra/beginner_tutuorial/install/more_interfaces/lib/libmore_interfaces__rosidl_typesupport_cpp.so
-- Set runtime path of "/home/fierra/beginner_tutuorial/install/more_interfaces/lib/libmore_interfaces__rosidl_typesupport_cpp.so" to ""
-- Installing: /home/fierra/beginner_tutuorial/install/more_interfaces/share/more_interfaces/environment/pythonpath.sh
-- Installing: /home/fierra/beginner_tutuorial/install/more_interfaces/share/more_interfaces/environment/pythonpath.dsv
-- Installing: /home/fierra/beginner_tutuorial/install/more_interfaces/lib/python3.8/site-packages/more_interfaces-0.0.0-py3.8.egg-info
-- Installing: /home/fierra/beginner_tutuorial/install/more_interfaces/lib/python3.8/site-packages/more_interfaces-0.0.0-py3.8.egg-info/SOURCES.txt
-- Installing: /home/fierra/beginner_tutuorial/install/more_interfaces/lib/python3.8/site-packages/more_interfaces-0.0.0-py3.8.egg-info/dependency_links.txt
-- Installing: /home/fierra/beginner_tutuorial/install/more_interfaces/lib/python3.8/site-packages/more_interfaces-0.0.0-py3.8.egg-info/PKG-INFO
-- Installing: /home/fierra/beginner_tutuorial/install/more_interfaces/lib/python3.8/site-packages/more_interfaces-0.0.0-py3.8.egg-info/top_level.txt
-- Installing: /home/fierra/beginner_tutuorial/install/more_interfaces/lib/python3.8/site-packages/more_interfaces
-- Installing: /home/fierra/beginner_tutuorial/install/more_interfaces/lib/python3.8/site-packages/more_interfaces/msg
-- Installing: /home/fierra/beginner_tutuorial/install/more_interfaces/lib/python3.8/site-packages/more_interfaces/msg/_address_book_s.c
-- Installing: /home/fierra/beginner_tutuorial/install/more_interfaces/lib/python3.8/site-packages/more_interfaces/msg/__init__.py
-- Installing: /home/fierra/beginner_tutuorial/install/more_interfaces/lib/python3.8/site-packages/more_interfaces/msg/_address_book.py
-- Installing: /home/fierra/beginner_tutuorial/install/more_interfaces/lib/python3.8/site-packages/more_interfaces/__init__.py
-- Installing: /home/fierra/beginner_tutuorial/install/more_interfaces/lib/python3.8/site-packages/more_interfaces/more_interfaces_s__rosidl_typesupport_fastrtps_c.cpython-38-x86_64-linux-gnu.so
-- Installing: /home/fierra/beginner_tutuorial/install/more_interfaces/lib/python3.8/site-packages/more_interfaces/more_interfaces_s__rosidl_typesupport_introspection_c.cpython-38-x86_64-linux-gnu.so
-- Installing: /home/fierra/beginner_tutuorial/install/more_interfaces/lib/python3.8/site-packages/more_interfaces/_more_interfaces_s.ep.rosidl_typesupport_fastrtps_c.c
-- Installing: /home/fierra/beginner_tutuorial/install/more_interfaces/lib/python3.8/site-packages/more_interfaces/libmore_interfaces__rosidl_generator_py.so
-- Installing: /home/fierra/beginner_tutuorial/install/more_interfaces/lib/python3.8/site-packages/more_interfaces/more_interfaces_s__rosidl_typesupport_c.cpython-38-x86_64-linux-gnu.so
-- Installing: /home/fierra/beginner_tutuorial/install/more_interfaces/lib/python3.8/site-packages/more_interfaces/_more_interfaces_s.ep.rosidl_typesupport_c.c
-- Installing: /home/fierra/beginner_tutuorial/install/more_interfaces/lib/python3.8/site-packages/more_interfaces/_more_interfaces_s.ep.rosidl_typesupport_introspection_c.c
Listing '/home/fierra/beginner_tutuorial/install/more_interfaces/lib/python3.8/site-packages/more_interfaces'...
Compiling '/home/fierra/beginner_tutuorial/install/more_interfaces/lib/python3.8/site-packages/more_interfaces/__init__.py'...
Listing '/home/fierra/beginner_tutuorial/install/more_interfaces/lib/python3.8/site-packages/more_interfaces/msg'...
Compiling '/home/fierra/beginner_tutuorial/install/more_interfaces/lib/python3.8/site-packages/more_interfaces/msg/__init__.py'...
Compiling '/home/fierra/beginner_tutuorial/install/more_interfaces/lib/python3.8/site-packages/more_interfaces/msg/_address_book.py'...
-- Installing: /home/fierra/beginner_tutuorial/install/more_interfaces/lib/python3.8/site-packages/more_interfaces/more_interfaces_s__rosidl_typesupport_introspection_c.cpython-38-x86_64-linux-gnu.so
-- Set runtime path of "/home/fierra/beginner_tutuorial/install/more_interfaces/lib/python3.8/site-packages/more_interfaces/more_interfaces_s__rosidl_typesupport_introspection_c.cpython-38-x86_64-linux-gnu.so" to ""
-- Installing: /home/fierra/beginner_tutuorial/install/more_interfaces/lib/python3.8/site-packages/more_interfaces/more_interfaces_s__rosidl_typesupport_fastrtps_c.cpython-38-x86_64-linux-gnu.so
-- Set runtime path of "/home/fierra/beginner_tutuorial/install/more_interfaces/lib/python3.8/site-packages/more_interfaces/more_interfaces_s__rosidl_typesupport_fastrtps_c.cpython-38-x86_64-linux-gnu.so" to ""
-- Installing: /home/fierra/beginner_tutuorial/install/more_interfaces/lib/python3.8/site-packages/more_interfaces/more_interfaces_s__rosidl_typesupport_c.cpython-38-x86_64-linux-gnu.so
-- Set runtime path of "/home/fierra/beginner_tutuorial/install/more_interfaces/lib/python3.8/site-packages/more_interfaces/more_interfaces_s__rosidl_typesupport_c.cpython-38-x86_64-linux-gnu.so" to ""
-- Installing: /home/fierra/beginner_tutuorial/install/more_interfaces/lib/libmore_interfaces__rosidl_generator_py.so
-- Set runtime path of "/home/fierra/beginner_tutuorial/install/more_interfaces/lib/libmore_interfaces__rosidl_generator_py.so" to ""
-- Installing: /home/fierra/beginner_tutuorial/install/more_interfaces/share/more_interfaces/msg/AddressBook.idl
-- Installing: /home/fierra/beginner_tutuorial/install/more_interfaces/share/more_interfaces/msg/AddressBook.msg
-- Installing: /home/fierra/beginner_tutuorial/install/more_interfaces/share/ament_index/resource_index/package_run_dependencies/more_interfaces
-- Installing: /home/fierra/beginner_tutuorial/install/more_interfaces/share/ament_index/resource_index/parent_prefix_path/more_interfaces
-- Installing: /home/fierra/beginner_tutuorial/install/more_interfaces/share/more_interfaces/environment/ament_prefix_path.sh
-- Installing: /home/fierra/beginner_tutuorial/install/more_interfaces/share/more_interfaces/environment/ament_prefix_path.dsv
-- Installing: /home/fierra/beginner_tutuorial/install/more_interfaces/share/more_interfaces/environment/path.sh
-- Installing: /home/fierra/beginner_tutuorial/install/more_interfaces/share/more_interfaces/environment/path.dsv
-- Installing: /home/fierra/beginner_tutuorial/install/more_interfaces/share/more_interfaces/local_setup.bash
-- Installing: /home/fierra/beginner_tutuorial/install/more_interfaces/share/more_interfaces/local_setup.sh
-- Installing: /home/fierra/beginner_tutuorial/install/more_interfaces/share/more_interfaces/local_setup.zsh
-- Installing: /home/fierra/beginner_tutuorial/install/more_interfaces/share/more_interfaces/local_setup.dsv
-- Installing: /home/fierra/beginner_tutuorial/install/more_interfaces/share/more_interfaces/package.dsv
-- Installing: /home/fierra/beginner_tutuorial/install/more_interfaces/share/ament_index/resource_index/packages/more_interfaces
-- Installing: /home/fierra/beginner_tutuorial/install/more_interfaces/share/more_interfaces/cmake/export_more_interfaces__rosidl_generator_cExport.cmake
-- Installing: /home/fierra/beginner_tutuorial/install/more_interfaces/share/more_interfaces/cmake/export_more_interfaces__rosidl_generator_cExport-noconfig.cmake
-- Installing: /home/fierra/beginner_tutuorial/install/more_interfaces/share/more_interfaces/cmake/more_interfaces__rosidl_typesupport_introspection_cExport.cmake
-- Installing: /home/fierra/beginner_tutuorial/install/more_interfaces/share/more_interfaces/cmake/more_interfaces__rosidl_typesupport_introspection_cExport-noconfig.cmake
-- Installing: /home/fierra/beginner_tutuorial/install/more_interfaces/share/more_interfaces/cmake/export_more_interfaces__rosidl_typesupport_fastrtps_cExport.cmake
-- Installing: /home/fierra/beginner_tutuorial/install/more_interfaces/share/more_interfaces/cmake/export_more_interfaces__rosidl_typesupport_fastrtps_cExport-noconfig.cmake
-- Installing: /home/fierra/beginner_tutuorial/install/more_interfaces/share/more_interfaces/cmake/more_interfaces__rosidl_typesupport_cExport.cmake
-- Installing: /home/fierra/beginner_tutuorial/install/more_interfaces/share/more_interfaces/cmake/more_interfaces__rosidl_typesupport_cExport-noconfig.cmake
-- Installing: /home/fierra/beginner_tutuorial/install/more_interfaces/share/more_interfaces/cmake/export_more_interfaces__rosidl_generator_cppExport.cmake
-- Installing: /home/fierra/beginner_tutuorial/install/more_interfaces/share/more_interfaces/cmake/more_interfaces__rosidl_typesupport_introspection_cppExport.cmake
-- Installing: /home/fierra/beginner_tutuorial/install/more_interfaces/share/more_interfaces/cmake/more_interfaces__rosidl_typesupport_introspection_cppExport-noconfig.cmake
-- Installing: /home/fierra/beginner_tutuorial/install/more_interfaces/share/more_interfaces/cmake/export_more_interfaces__rosidl_typesupport_fastrtps_cppExport.cmake
-- Installing: /home/fierra/beginner_tutuorial/install/more_interfaces/share/more_interfaces/cmake/export_more_interfaces__rosidl_typesupport_fastrtps_cppExport-noconfig.cmake
-- Installing: /home/fierra/beginner_tutuorial/install/more_interfaces/share/more_interfaces/cmake/more_interfaces__rosidl_typesupport_cppExport.cmake
-- Installing: /home/fierra/beginner_tutuorial/install/more_interfaces/share/more_interfaces/cmake/more_interfaces__rosidl_typesupport_cppExport-noconfig.cmake
-- Installing: /home/fierra/beginner_tutuorial/install/more_interfaces/share/more_interfaces/cmake/export_more_interfaces__rosidl_generator_pyExport.cmake
-- Installing: /home/fierra/beginner_tutuorial/install/more_interfaces/share/more_interfaces/cmake/export_more_interfaces__rosidl_generator_pyExport-noconfig.cmake
-- Installing: /home/fierra/beginner_tutuorial/install/more_interfaces/share/more_interfaces/cmake/rosidl_cmake-extras.cmake
-- Installing: /home/fierra/beginner_tutuorial/install/more_interfaces/share/more_interfaces/cmake/ament_cmake_export_include_directories-extras.cmake
-- Installing: /home/fierra/beginner_tutuorial/install/more_interfaces/share/more_interfaces/cmake/ament_cmake_export_libraries-extras.cmake
-- Installing: /home/fierra/beginner_tutuorial/install/more_interfaces/share/more_interfaces/cmake/ament_cmake_export_targets-extras.cmake
-- Installing: /home/fierra/beginner_tutuorial/install/more_interfaces/share/more_interfaces/cmake/rosidl_cmake_export_typesupport_targets-extras.cmake
-- Installing: /home/fierra/beginner_tutuorial/install/more_interfaces/share/more_interfaces/cmake/ament_cmake_export_dependencies-extras.cmake
-- Installing: /home/fierra/beginner_tutuorial/install/more_interfaces/share/more_interfaces/cmake/rosidl_cmake_export_typesupport_libraries-extras.cmake
-- Installing: /home/fierra/beginner_tutuorial/install/more_interfaces/share/more_interfaces/cmake/more_interfacesConfig.cmake
-- Installing: /home/fierra/beginner_tutuorial/install/more_interfaces/share/more_interfaces/cmake/more_interfacesConfig-version.cmake
-- Installing: /home/fierra/beginner_tutuorial/install/more_interfaces/share/more_interfaces/package.xml
