[0.054s] Invoking command in '/home/fierra/beginner_tutuorial/build/more_interfaces': CMAKE_PREFIX_PATH=${CMAKE_PREFIX_PATH}:/home/fierra/ros2_humble/install/rqt_bag_plugins:/home/fierra/ros2_humble/install/rqt_bag:/home/fierra/ros2_humble/install/ros2bag:/home/fierra/ros2_humble/install/tracetools_test:/home/fierra/ros2_humble/install/tracetools_launch:/home/fierra/ros2_humble/install/topic_monitor:/home/fierra/ros2_humble/install/tf2_tools:/home/fierra/ros2_humble/install/examples_tf2_py:/home/fierra/ros2_humble/install/tf2_ros_py:/home/fierra/ros2_humble/install/sros2:/home/fierra/ros2_humble/install/rqt_topic:/home/fierra/ros2_humble/install/rqt_srv:/home/fierra/ros2_humble/install/rqt_shell:/home/fierra/ros2_humble/install/rqt_service_caller:/home/fierra/ros2_humble/install/rqt_reconfigure:/home/fierra/ros2_humble/install/rqt_py_console:/home/fierra/ros2_humble/install/rqt_publisher:/home/fierra/ros2_humble/install/rqt_plot:/home/fierra/ros2_humble/install/rqt_action:/home/fierra/ros2_humble/install/rqt_msg:/home/fierra/ros2_humble/install/rqt_console:/home/fierra/ros2_humble/install/rqt:/home/fierra/ros2_humble/install/rqt_graph:/home/fierra/ros2_humble/install/rqt_gui_py:/home/fierra/ros2_humble/install/rqt_gui:/home/fierra/ros2_humble/install/ros2trace:/home/fierra/ros2_humble/install/ros2topic:/home/fierra/ros2_humble/install/ros2test:/home/fierra/ros2_humble/install/ros2component:/home/fierra/ros2_humble/install/ros2param:/home/fierra/ros2_humble/install/ros2lifecycle:/home/fierra/ros2_humble/install/ros2service:/home/fierra/ros2_humble/install/ros2run:/home/fierra/ros2_humble/install/ros2launch:/home/fierra/ros2_humble/install/ros2pkg:/home/fierra/ros2_humble/install/ros2node:/home/fierra/ros2_humble/install/ros2multicast:/home/fierra/ros2_humble/install/ros2interface:/home/fierra/ros2_humble/install/ros2doctor:/home/fierra/ros2_humble/install/ros2action:/home/fierra/ros2_humble/install/ros2cli:/home/fierra/ros2_humble/install/quality_of_service_demo_py:/home/fierra/ros2_humble/install/lifecycle_py:/home/fierra/ros2_humble/install/launch_testing_ros:/home/fierra/ros2_humble/install/launch_ros:/home/fierra/ros2_humble/install/examples_rclpy_pointcloud_publisher:/home/fierra/ros2_humble/install/examples_rclpy_minimal_subscriber:/home/fierra/ros2_humble/install/examples_rclpy_minimal_service:/home/fierra/ros2_humble/install/examples_rclpy_minimal_publisher:/home/fierra/ros2_humble/install/examples_rclpy_minimal_client:/home/fierra/ros2_humble/install/examples_rclpy_minimal_action_server:/home/fierra/ros2_humble/install/examples_rclpy_minimal_action_client:/home/fierra/ros2_humble/install/examples_rclpy_guard_conditions:/home/fierra/ros2_humble/install/examples_rclpy_executors:/home/fierra/ros2_humble/install/demo_nodes_py:/home/fierra/ros2_humble/install/action_tutorials_py:/home/fierra/ros2_humble/install/ament_uncrustify:/home/fierra/ros2_humble/install/tracetools_trace:/home/fierra/ros2_humble/install/tracetools_read:/home/fierra/ros2_humble/install/test_tracetools_launch:/home/fierra/ros2_humble/install/test_launch_ros:/home/fierra/ros2_humble/install/sensor_msgs_py:/home/fierra/ros2_humble/install/rpyutils:/home/fierra/ros2_humble/install/rosidl_runtime_py:/home/fierra/ros2_humble/install/rosidl_cli:/home/fierra/ros2_humble/install/launch_pytest:/home/fierra/ros2_humble/install/launch_testing:/home/fierra/ros2_humble/install/launch_yaml:/home/fierra/ros2_humble/install/launch_xml:/home/fierra/ros2_humble/install/launch:/home/fierra/ros2_humble/install/osrf_pycommon:/home/fierra/ros2_humble/install/launch_testing_examples:/home/fierra/ros2_humble/install/domain_coordinator:/home/fierra/ros2_humble/install/ament_xmllint:/home/fierra/ros2_humble/install/ament_pyflakes:/home/fierra/ros2_humble/install/ament_pycodestyle:/home/fierra/ros2_humble/install/ament_pep257:/home/fierra/ros2_humble/install/ament_pclint:/home/fierra/ros2_humble/install/ament_package:/home/fierra/ros2_humble/install/ament_mypy:/home/fierra/ros2_humble/install/ament_lint_cmake:/home/fierra/ros2_humble/install/ament_flake8:/home/fierra/ros2_humble/install/ament_copyright:/home/fierra/ros2_humble/install/ament_lint:/home/fierra/ros2_humble/install/ament_index_python:/home/fierra/ros2_humble/install/ament_cpplint:/home/fierra/ros2_humble/install/ament_cppcheck:/home/fierra/ros2_humble/install/ament_clang_tidy:/home/fierra/ros2_humble/install/ament_clang_format /usr/bin/cmake --build /home/fierra/beginner_tutuorial/build/more_interfaces -- -j8 -l8
[0.126s] -- Found ament_cmake: 1.3.2 (/home/fierra/ros2_humble/install/ament_cmake/share/ament_cmake/cmake)
[1.546s] -- Found rosidl_default_generators: 1.2.0 (/home/fierra/ros2_humble/install/rosidl_default_generators/share/rosidl_default_generators/cmake)
[1.688s] -- Using all available rosidl_typesupport_c: rosidl_typesupport_introspection_c;rosidl_typesupport_fastrtps_c
[1.692s] -- Found rosidl_adapter: 3.1.3 (/home/fierra/ros2_humble/install/rosidl_adapter/share/rosidl_adapter/cmake)
[1.775s] -- Using all available rosidl_typesupport_cpp: rosidl_typesupport_introspection_cpp;rosidl_typesupport_fastrtps_cpp
[1.815s] -- Found rclcpp: 16.0.1 (/home/fierra/ros2_humble/install/rclcpp/share/rclcpp/cmake)
[1.966s] -- Found rmw_implementation_cmake: 6.1.0 (/home/fierra/ros2_humble/install/rmw_implementation_cmake/share/rmw_implementation_cmake/cmake)
[2.000s] -- Found rmw_fastrtps_cpp: 6.2.1 (/home/fierra/ros2_humble/install/rmw_fastrtps_cpp/share/rmw_fastrtps_cpp/cmake)
[2.310s] -- Using RMW implementation 'rmw_fastrtps_cpp' as default
[6.241s] -- Found ament_cmake_ros: 0.10.0 (/home/fierra/ros2_humble/install/ament_cmake_ros/share/ament_cmake_ros/cmake)
[8.251s] -- Using all available rosidl_typesupport_c: rosidl_typesupport_introspection_c;rosidl_typesupport_fastrtps_c
[12.239s] -- Using all available rosidl_typesupport_cpp: rosidl_typesupport_introspection_cpp;rosidl_typesupport_fastrtps_cpp
[12.457s] -- Found python_cmake_module: 0.10.0 (/home/fierra/ros2_humble/install/python_cmake_module/share/python_cmake_module/cmake)
[12.687s] -- Using PYTHON_EXECUTABLE: /usr/bin/python3
[12.687s] -- Using PYTHON_INCLUDE_DIRS: /usr/include/python3.8
[12.688s] -- Using PYTHON_LIBRARIES: /usr/lib/x86_64-linux-gnu/libpython3.8.so
[13.112s] CMake Deprecation Warning at /home/fierra/ros2_humble/install/rosidl_cmake/share/rosidl_cmake/cmake/rosidl_target_interfaces.cmake:32 (message):
[13.113s]   Use rosidl_get_typesupport_target() and target_link_libraries() instead of
[13.113s]   rosidl_target_interfaces()
[13.113s] Call Stack (most recent call first):
[13.113s]   CMakeLists.txt:41 (rosidl_target_interfaces)
[13.113s] 
[13.113s] 
[13.127s] -- Configuring done
[13.197s] -- Generating done
[13.206s] -- Build files have been written to: /home/fierra/beginner_tutuorial/build/more_interfaces
[13.336s] [  3%] Built target more_interfaces__cpp
[13.339s] [ 12%] Built target more_interfaces__rosidl_generator_c
[13.374s] [ 12%] Built target ament_cmake_python_copy_more_interfaces
[13.492s] [ 21%] Built target more_interfaces__rosidl_typesupport_cpp
[13.498s] [ 30%] Built target more_interfaces__rosidl_typesupport_introspection_cpp
[13.498s] [ 39%] Built target more_interfaces__rosidl_typesupport_fastrtps_cpp
[13.529s] [ 48%] Built target more_interfaces__rosidl_typesupport_introspection_c
[13.540s] [ 57%] Built target more_interfaces__rosidl_typesupport_fastrtps_c
[13.541s] [ 66%] Built target more_interfaces__rosidl_typesupport_c
[13.584s] [35m[1mScanning dependencies of target more_interfaces[0m
[13.625s] [ 66%] Built target more_interfaces
[13.675s] [35m[1mScanning dependencies of target more_interfaces__py[0m
[13.675s] [35m[1mScanning dependencies of target publish_address_book[0m
[13.725s] [ 69%] [34m[1mGenerating Python code for ROS interfaces[0m
[13.752s] [ 72%] [32mBuilding CXX object CMakeFiles/publish_address_book.dir/src/publish_address_book.cpp.o[0m
[14.716s] running egg_info
[14.718s] writing more_interfaces.egg-info/PKG-INFO
[14.719s] writing dependency_links to more_interfaces.egg-info/dependency_links.txt
[14.719s] writing top-level names to more_interfaces.egg-info/top_level.txt
[14.800s] reading manifest file 'more_interfaces.egg-info/SOURCES.txt'
[14.801s] writing manifest file 'more_interfaces.egg-info/SOURCES.txt'
[14.869s] [ 72%] Built target ament_cmake_python_build_more_interfaces_egg
[15.355s] [ 72%] Built target more_interfaces__py
[15.400s] [35m[1mScanning dependencies of target more_interfaces__rosidl_generator_py[0m
[15.464s] [ 75%] [32mBuilding C object CMakeFiles/more_interfaces__rosidl_generator_py.dir/rosidl_generator_py/more_interfaces/msg/_address_book_s.c.o[0m
[15.676s] [ 78%] [32m[1mLinking C shared library rosidl_generator_py/more_interfaces/libmore_interfaces__rosidl_generator_py.so[0m
[15.794s] [ 78%] Built target more_interfaces__rosidl_generator_py
[15.846s] [35m[1mScanning dependencies of target more_interfaces__rosidl_typesupport_introspection_c__pyext[0m
[15.850s] [35m[1mScanning dependencies of target more_interfaces__rosidl_typesupport_c__pyext[0m
[15.850s] [35m[1mScanning dependencies of target more_interfaces__rosidl_typesupport_fastrtps_c__pyext[0m
[15.921s] [ 81%] [32mBuilding C object CMakeFiles/more_interfaces__rosidl_typesupport_c__pyext.dir/rosidl_generator_py/more_interfaces/_more_interfaces_s.ep.rosidl_typesupport_c.c.o[0m
[15.922s] [ 84%] [32mBuilding C object CMakeFiles/more_interfaces__rosidl_typesupport_introspection_c__pyext.dir/rosidl_generator_py/more_interfaces/_more_interfaces_s.ep.rosidl_typesupport_introspection_c.c.o[0m
[15.931s] [ 87%] [32mBuilding C object CMakeFiles/more_interfaces__rosidl_typesupport_fastrtps_c__pyext.dir/rosidl_generator_py/more_interfaces/_more_interfaces_s.ep.rosidl_typesupport_fastrtps_c.c.o[0m
[16.134s] [ 90%] [32m[1mLinking C shared library rosidl_generator_py/more_interfaces/more_interfaces_s__rosidl_typesupport_introspection_c.cpython-38-x86_64-linux-gnu.so[0m
[16.147s] [ 93%] [32m[1mLinking C shared library rosidl_generator_py/more_interfaces/more_interfaces_s__rosidl_typesupport_c.cpython-38-x86_64-linux-gnu.so[0m
[16.151s] [ 96%] [32m[1mLinking C shared library rosidl_generator_py/more_interfaces/more_interfaces_s__rosidl_typesupport_fastrtps_c.cpython-38-x86_64-linux-gnu.so[0m
[16.269s] [ 96%] Built target more_interfaces__rosidl_typesupport_c__pyext
[16.276s] [ 96%] Built target more_interfaces__rosidl_typesupport_introspection_c__pyext
[16.281s] [ 96%] Built target more_interfaces__rosidl_typesupport_fastrtps_c__pyext
[22.357s] [100%] [32m[1mLinking CXX executable publish_address_book[0m
[22.776s] [100%] Built target publish_address_book
[22.812s] Invoked command in '/home/fierra/beginner_tutuorial/build/more_interfaces' returned '0': CMAKE_PREFIX_PATH=${CMAKE_PREFIX_PATH}:/home/fierra/ros2_humble/install/rqt_bag_plugins:/home/fierra/ros2_humble/install/rqt_bag:/home/fierra/ros2_humble/install/ros2bag:/home/fierra/ros2_humble/install/tracetools_test:/home/fierra/ros2_humble/install/tracetools_launch:/home/fierra/ros2_humble/install/topic_monitor:/home/fierra/ros2_humble/install/tf2_tools:/home/fierra/ros2_humble/install/examples_tf2_py:/home/fierra/ros2_humble/install/tf2_ros_py:/home/fierra/ros2_humble/install/sros2:/home/fierra/ros2_humble/install/rqt_topic:/home/fierra/ros2_humble/install/rqt_srv:/home/fierra/ros2_humble/install/rqt_shell:/home/fierra/ros2_humble/install/rqt_service_caller:/home/fierra/ros2_humble/install/rqt_reconfigure:/home/fierra/ros2_humble/install/rqt_py_console:/home/fierra/ros2_humble/install/rqt_publisher:/home/fierra/ros2_humble/install/rqt_plot:/home/fierra/ros2_humble/install/rqt_action:/home/fierra/ros2_humble/install/rqt_msg:/home/fierra/ros2_humble/install/rqt_console:/home/fierra/ros2_humble/install/rqt:/home/fierra/ros2_humble/install/rqt_graph:/home/fierra/ros2_humble/install/rqt_gui_py:/home/fierra/ros2_humble/install/rqt_gui:/home/fierra/ros2_humble/install/ros2trace:/home/fierra/ros2_humble/install/ros2topic:/home/fierra/ros2_humble/install/ros2test:/home/fierra/ros2_humble/install/ros2component:/home/fierra/ros2_humble/install/ros2param:/home/fierra/ros2_humble/install/ros2lifecycle:/home/fierra/ros2_humble/install/ros2service:/home/fierra/ros2_humble/install/ros2run:/home/fierra/ros2_humble/install/ros2launch:/home/fierra/ros2_humble/install/ros2pkg:/home/fierra/ros2_humble/install/ros2node:/home/fierra/ros2_humble/install/ros2multicast:/home/fierra/ros2_humble/install/ros2interface:/home/fierra/ros2_humble/install/ros2doctor:/home/fierra/ros2_humble/install/ros2action:/home/fierra/ros2_humble/install/ros2cli:/home/fierra/ros2_humble/install/quality_of_service_demo_py:/home/fierra/ros2_humble/install/lifecycle_py:/home/fierra/ros2_humble/install/launch_testing_ros:/home/fierra/ros2_humble/install/launch_ros:/home/fierra/ros2_humble/install/examples_rclpy_pointcloud_publisher:/home/fierra/ros2_humble/install/examples_rclpy_minimal_subscriber:/home/fierra/ros2_humble/install/examples_rclpy_minimal_service:/home/fierra/ros2_humble/install/examples_rclpy_minimal_publisher:/home/fierra/ros2_humble/install/examples_rclpy_minimal_client:/home/fierra/ros2_humble/install/examples_rclpy_minimal_action_server:/home/fierra/ros2_humble/install/examples_rclpy_minimal_action_client:/home/fierra/ros2_humble/install/examples_rclpy_guard_conditions:/home/fierra/ros2_humble/install/examples_rclpy_executors:/home/fierra/ros2_humble/install/demo_nodes_py:/home/fierra/ros2_humble/install/action_tutorials_py:/home/fierra/ros2_humble/install/ament_uncrustify:/home/fierra/ros2_humble/install/tracetools_trace:/home/fierra/ros2_humble/install/tracetools_read:/home/fierra/ros2_humble/install/test_tracetools_launch:/home/fierra/ros2_humble/install/test_launch_ros:/home/fierra/ros2_humble/install/sensor_msgs_py:/home/fierra/ros2_humble/install/rpyutils:/home/fierra/ros2_humble/install/rosidl_runtime_py:/home/fierra/ros2_humble/install/rosidl_cli:/home/fierra/ros2_humble/install/launch_pytest:/home/fierra/ros2_humble/install/launch_testing:/home/fierra/ros2_humble/install/launch_yaml:/home/fierra/ros2_humble/install/launch_xml:/home/fierra/ros2_humble/install/launch:/home/fierra/ros2_humble/install/osrf_pycommon:/home/fierra/ros2_humble/install/launch_testing_examples:/home/fierra/ros2_humble/install/domain_coordinator:/home/fierra/ros2_humble/install/ament_xmllint:/home/fierra/ros2_humble/install/ament_pyflakes:/home/fierra/ros2_humble/install/ament_pycodestyle:/home/fierra/ros2_humble/install/ament_pep257:/home/fierra/ros2_humble/install/ament_pclint:/home/fierra/ros2_humble/install/ament_package:/home/fierra/ros2_humble/install/ament_mypy:/home/fierra/ros2_humble/install/ament_lint_cmake:/home/fierra/ros2_humble/install/ament_flake8:/home/fierra/ros2_humble/install/ament_copyright:/home/fierra/ros2_humble/install/ament_lint:/home/fierra/ros2_humble/install/ament_index_python:/home/fierra/ros2_humble/install/ament_cpplint:/home/fierra/ros2_humble/install/ament_cppcheck:/home/fierra/ros2_humble/install/ament_clang_tidy:/home/fierra/ros2_humble/install/ament_clang_format /usr/bin/cmake --build /home/fierra/beginner_tutuorial/build/more_interfaces -- -j8 -l8
[23.312s] Invoking command in '/home/fierra/beginner_tutuorial/build/more_interfaces': CMAKE_PREFIX_PATH=${CMAKE_PREFIX_PATH}:/home/fierra/ros2_humble/install/rqt_bag_plugins:/home/fierra/ros2_humble/install/rqt_bag:/home/fierra/ros2_humble/install/ros2bag:/home/fierra/ros2_humble/install/tracetools_test:/home/fierra/ros2_humble/install/tracetools_launch:/home/fierra/ros2_humble/install/topic_monitor:/home/fierra/ros2_humble/install/tf2_tools:/home/fierra/ros2_humble/install/examples_tf2_py:/home/fierra/ros2_humble/install/tf2_ros_py:/home/fierra/ros2_humble/install/sros2:/home/fierra/ros2_humble/install/rqt_topic:/home/fierra/ros2_humble/install/rqt_srv:/home/fierra/ros2_humble/install/rqt_shell:/home/fierra/ros2_humble/install/rqt_service_caller:/home/fierra/ros2_humble/install/rqt_reconfigure:/home/fierra/ros2_humble/install/rqt_py_console:/home/fierra/ros2_humble/install/rqt_publisher:/home/fierra/ros2_humble/install/rqt_plot:/home/fierra/ros2_humble/install/rqt_action:/home/fierra/ros2_humble/install/rqt_msg:/home/fierra/ros2_humble/install/rqt_console:/home/fierra/ros2_humble/install/rqt:/home/fierra/ros2_humble/install/rqt_graph:/home/fierra/ros2_humble/install/rqt_gui_py:/home/fierra/ros2_humble/install/rqt_gui:/home/fierra/ros2_humble/install/ros2trace:/home/fierra/ros2_humble/install/ros2topic:/home/fierra/ros2_humble/install/ros2test:/home/fierra/ros2_humble/install/ros2component:/home/fierra/ros2_humble/install/ros2param:/home/fierra/ros2_humble/install/ros2lifecycle:/home/fierra/ros2_humble/install/ros2service:/home/fierra/ros2_humble/install/ros2run:/home/fierra/ros2_humble/install/ros2launch:/home/fierra/ros2_humble/install/ros2pkg:/home/fierra/ros2_humble/install/ros2node:/home/fierra/ros2_humble/install/ros2multicast:/home/fierra/ros2_humble/install/ros2interface:/home/fierra/ros2_humble/install/ros2doctor:/home/fierra/ros2_humble/install/ros2action:/home/fierra/ros2_humble/install/ros2cli:/home/fierra/ros2_humble/install/quality_of_service_demo_py:/home/fierra/ros2_humble/install/lifecycle_py:/home/fierra/ros2_humble/install/launch_testing_ros:/home/fierra/ros2_humble/install/launch_ros:/home/fierra/ros2_humble/install/examples_rclpy_pointcloud_publisher:/home/fierra/ros2_humble/install/examples_rclpy_minimal_subscriber:/home/fierra/ros2_humble/install/examples_rclpy_minimal_service:/home/fierra/ros2_humble/install/examples_rclpy_minimal_publisher:/home/fierra/ros2_humble/install/examples_rclpy_minimal_client:/home/fierra/ros2_humble/install/examples_rclpy_minimal_action_server:/home/fierra/ros2_humble/install/examples_rclpy_minimal_action_client:/home/fierra/ros2_humble/install/examples_rclpy_guard_conditions:/home/fierra/ros2_humble/install/examples_rclpy_executors:/home/fierra/ros2_humble/install/demo_nodes_py:/home/fierra/ros2_humble/install/action_tutorials_py:/home/fierra/ros2_humble/install/ament_uncrustify:/home/fierra/ros2_humble/install/tracetools_trace:/home/fierra/ros2_humble/install/tracetools_read:/home/fierra/ros2_humble/install/test_tracetools_launch:/home/fierra/ros2_humble/install/test_launch_ros:/home/fierra/ros2_humble/install/sensor_msgs_py:/home/fierra/ros2_humble/install/rpyutils:/home/fierra/ros2_humble/install/rosidl_runtime_py:/home/fierra/ros2_humble/install/rosidl_cli:/home/fierra/ros2_humble/install/launch_pytest:/home/fierra/ros2_humble/install/launch_testing:/home/fierra/ros2_humble/install/launch_yaml:/home/fierra/ros2_humble/install/launch_xml:/home/fierra/ros2_humble/install/launch:/home/fierra/ros2_humble/install/osrf_pycommon:/home/fierra/ros2_humble/install/launch_testing_examples:/home/fierra/ros2_humble/install/domain_coordinator:/home/fierra/ros2_humble/install/ament_xmllint:/home/fierra/ros2_humble/install/ament_pyflakes:/home/fierra/ros2_humble/install/ament_pycodestyle:/home/fierra/ros2_humble/install/ament_pep257:/home/fierra/ros2_humble/install/ament_pclint:/home/fierra/ros2_humble/install/ament_package:/home/fierra/ros2_humble/install/ament_mypy:/home/fierra/ros2_humble/install/ament_lint_cmake:/home/fierra/ros2_humble/install/ament_flake8:/home/fierra/ros2_humble/install/ament_copyright:/home/fierra/ros2_humble/install/ament_lint:/home/fierra/ros2_humble/install/ament_index_python:/home/fierra/ros2_humble/install/ament_cpplint:/home/fierra/ros2_humble/install/ament_cppcheck:/home/fierra/ros2_humble/install/ament_clang_tidy:/home/fierra/ros2_humble/install/ament_clang_format /usr/bin/cmake --install /home/fierra/beginner_tutuorial/build/more_interfaces
[23.356s] -- Install configuration: ""
[23.356s] -- Installing: /home/fierra/beginner_tutuorial/install/more_interfaces/lib/more_interfaces/publish_address_book
[23.358s] -- Set runtime path of "/home/fierra/beginner_tutuorial/install/more_interfaces/lib/more_interfaces/publish_address_book" to ""
[23.359s] -- Installing: /home/fierra/beginner_tutuorial/install/more_interfaces/share/ament_index/resource_index/rosidl_interfaces/more_interfaces
[23.359s] -- Installing: /home/fierra/beginner_tutuorial/install/more_interfaces/include/more_interfaces/more_interfaces
[23.359s] -- Installing: /home/fierra/beginner_tutuorial/install/more_interfaces/include/more_interfaces/more_interfaces/msg
[23.360s] -- Installing: /home/fierra/beginner_tutuorial/install/more_interfaces/include/more_interfaces/more_interfaces/msg/detail
[23.360s] -- Installing: /home/fierra/beginner_tutuorial/install/more_interfaces/include/more_interfaces/more_interfaces/msg/detail/address_book__struct.h
[23.360s] -- Installing: /home/fierra/beginner_tutuorial/install/more_interfaces/include/more_interfaces/more_interfaces/msg/detail/address_book__type_support.h
[23.360s] -- Installing: /home/fierra/beginner_tutuorial/install/more_interfaces/include/more_interfaces/more_interfaces/msg/detail/address_book__functions.h
[23.360s] -- Installing: /home/fierra/beginner_tutuorial/install/more_interfaces/include/more_interfaces/more_interfaces/msg/detail/address_book__functions.c
[23.361s] -- Installing: /home/fierra/beginner_tutuorial/install/more_interfaces/include/more_interfaces/more_interfaces/msg/rosidl_generator_c__visibility_control.h
[23.361s] -- Installing: /home/fierra/beginner_tutuorial/install/more_interfaces/include/more_interfaces/more_interfaces/msg/address_book.h
[23.361s] -- Installing: /home/fierra/beginner_tutuorial/install/more_interfaces/share/more_interfaces/environment/library_path.sh
[23.361s] -- Installing: /home/fierra/beginner_tutuorial/install/more_interfaces/share/more_interfaces/environment/library_path.dsv
[23.361s] -- Installing: /home/fierra/beginner_tutuorial/install/more_interfaces/lib/libmore_interfaces__rosidl_generator_c.so
[23.362s] -- Set runtime path of "/home/fierra/beginner_tutuorial/install/more_interfaces/lib/libmore_interfaces__rosidl_generator_c.so" to ""
[23.362s] -- Up-to-date: /home/fierra/beginner_tutuorial/install/more_interfaces/include/more_interfaces/more_interfaces
[23.362s] -- Up-to-date: /home/fierra/beginner_tutuorial/install/more_interfaces/include/more_interfaces/more_interfaces/msg
[23.362s] -- Up-to-date: /home/fierra/beginner_tutuorial/install/more_interfaces/include/more_interfaces/more_interfaces/msg/detail
[23.362s] -- Installing: /home/fierra/beginner_tutuorial/install/more_interfaces/include/more_interfaces/more_interfaces/msg/detail/address_book__rosidl_typesupport_introspection_c.h
[23.362s] -- Installing: /home/fierra/beginner_tutuorial/install/more_interfaces/include/more_interfaces/more_interfaces/msg/detail/address_book__type_support.c
[23.363s] -- Installing: /home/fierra/beginner_tutuorial/install/more_interfaces/include/more_interfaces/more_interfaces/msg/rosidl_typesupport_introspection_c__visibility_control.h
[23.363s] -- Installing: /home/fierra/beginner_tutuorial/install/more_interfaces/lib/libmore_interfaces__rosidl_typesupport_introspection_c.so
[23.363s] -- Set runtime path of "/home/fierra/beginner_tutuorial/install/more_interfaces/lib/libmore_interfaces__rosidl_typesupport_introspection_c.so" to ""
[23.363s] -- Up-to-date: /home/fierra/beginner_tutuorial/install/more_interfaces/include/more_interfaces/more_interfaces
[23.364s] -- Up-to-date: /home/fierra/beginner_tutuorial/install/more_interfaces/include/more_interfaces/more_interfaces/msg
[23.364s] -- Up-to-date: /home/fierra/beginner_tutuorial/install/more_interfaces/include/more_interfaces/more_interfaces/msg/detail
[23.364s] -- Installing: /home/fierra/beginner_tutuorial/install/more_interfaces/include/more_interfaces/more_interfaces/msg/detail/address_book__rosidl_typesupport_fastrtps_c.h
[23.364s] -- Installing: /home/fierra/beginner_tutuorial/install/more_interfaces/include/more_interfaces/more_interfaces/msg/rosidl_typesupport_fastrtps_c__visibility_control.h
[23.364s] -- Installing: /home/fierra/beginner_tutuorial/install/more_interfaces/lib/libmore_interfaces__rosidl_typesupport_fastrtps_c.so
[23.365s] -- Set runtime path of "/home/fierra/beginner_tutuorial/install/more_interfaces/lib/libmore_interfaces__rosidl_typesupport_fastrtps_c.so" to ""
[23.365s] -- Installing: /home/fierra/beginner_tutuorial/install/more_interfaces/lib/libmore_interfaces__rosidl_typesupport_c.so
[23.365s] -- Set runtime path of "/home/fierra/beginner_tutuorial/install/more_interfaces/lib/libmore_interfaces__rosidl_typesupport_c.so" to ""
[23.366s] -- Up-to-date: /home/fierra/beginner_tutuorial/install/more_interfaces/include/more_interfaces/more_interfaces
[23.366s] -- Up-to-date: /home/fierra/beginner_tutuorial/install/more_interfaces/include/more_interfaces/more_interfaces/msg
[23.366s] -- Up-to-date: /home/fierra/beginner_tutuorial/install/more_interfaces/include/more_interfaces/more_interfaces/msg/detail
[23.366s] -- Installing: /home/fierra/beginner_tutuorial/install/more_interfaces/include/more_interfaces/more_interfaces/msg/detail/address_book__traits.hpp
[23.367s] -- Installing: /home/fierra/beginner_tutuorial/install/more_interfaces/include/more_interfaces/more_interfaces/msg/detail/address_book__builder.hpp
[23.367s] -- Installing: /home/fierra/beginner_tutuorial/install/more_interfaces/include/more_interfaces/more_interfaces/msg/detail/address_book__struct.hpp
[23.367s] -- Installing: /home/fierra/beginner_tutuorial/install/more_interfaces/include/more_interfaces/more_interfaces/msg/address_book.hpp
[23.367s] -- Up-to-date: /home/fierra/beginner_tutuorial/install/more_interfaces/include/more_interfaces/more_interfaces
[23.367s] -- Up-to-date: /home/fierra/beginner_tutuorial/install/more_interfaces/include/more_interfaces/more_interfaces/msg
[23.367s] -- Up-to-date: /home/fierra/beginner_tutuorial/install/more_interfaces/include/more_interfaces/more_interfaces/msg/detail
[23.368s] -- Installing: /home/fierra/beginner_tutuorial/install/more_interfaces/include/more_interfaces/more_interfaces/msg/detail/address_book__type_support.cpp
[23.368s] -- Installing: /home/fierra/beginner_tutuorial/install/more_interfaces/include/more_interfaces/more_interfaces/msg/detail/address_book__rosidl_typesupport_introspection_cpp.hpp
[23.368s] -- Installing: /home/fierra/beginner_tutuorial/install/more_interfaces/lib/libmore_interfaces__rosidl_typesupport_introspection_cpp.so
[23.368s] -- Set runtime path of "/home/fierra/beginner_tutuorial/install/more_interfaces/lib/libmore_interfaces__rosidl_typesupport_introspection_cpp.so" to ""
[23.368s] -- Up-to-date: /home/fierra/beginner_tutuorial/install/more_interfaces/include/more_interfaces/more_interfaces
[23.368s] -- Up-to-date: /home/fierra/beginner_tutuorial/install/more_interfaces/include/more_interfaces/more_interfaces/msg
[23.369s] -- Installing: /home/fierra/beginner_tutuorial/install/more_interfaces/include/more_interfaces/more_interfaces/msg/rosidl_typesupport_fastrtps_cpp__visibility_control.h
[23.369s] -- Up-to-date: /home/fierra/beginner_tutuorial/install/more_interfaces/include/more_interfaces/more_interfaces/msg/detail
[23.369s] -- Installing: /home/fierra/beginner_tutuorial/install/more_interfaces/include/more_interfaces/more_interfaces/msg/detail/address_book__rosidl_typesupport_fastrtps_cpp.hpp
[23.369s] -- Installing: /home/fierra/beginner_tutuorial/install/more_interfaces/include/more_interfaces/more_interfaces/msg/detail/dds_fastrtps
[23.370s] -- Installing: /home/fierra/beginner_tutuorial/install/more_interfaces/lib/libmore_interfaces__rosidl_typesupport_fastrtps_cpp.so
[23.370s] -- Set runtime path of "/home/fierra/beginner_tutuorial/install/more_interfaces/lib/libmore_interfaces__rosidl_typesupport_fastrtps_cpp.so" to ""
[23.370s] -- Installing: /home/fierra/beginner_tutuorial/install/more_interfaces/lib/libmore_interfaces__rosidl_typesupport_cpp.so
[23.372s] -- Set runtime path of "/home/fierra/beginner_tutuorial/install/more_interfaces/lib/libmore_interfaces__rosidl_typesupport_cpp.so" to ""
[23.372s] -- Installing: /home/fierra/beginner_tutuorial/install/more_interfaces/share/more_interfaces/environment/pythonpath.sh
[23.372s] -- Installing: /home/fierra/beginner_tutuorial/install/more_interfaces/share/more_interfaces/environment/pythonpath.dsv
[23.372s] -- Installing: /home/fierra/beginner_tutuorial/install/more_interfaces/lib/python3.8/site-packages/more_interfaces-0.0.0-py3.8.egg-info
[23.373s] -- Installing: /home/fierra/beginner_tutuorial/install/more_interfaces/lib/python3.8/site-packages/more_interfaces-0.0.0-py3.8.egg-info/SOURCES.txt
[23.373s] -- Installing: /home/fierra/beginner_tutuorial/install/more_interfaces/lib/python3.8/site-packages/more_interfaces-0.0.0-py3.8.egg-info/dependency_links.txt
[23.373s] -- Installing: /home/fierra/beginner_tutuorial/install/more_interfaces/lib/python3.8/site-packages/more_interfaces-0.0.0-py3.8.egg-info/PKG-INFO
[23.373s] -- Installing: /home/fierra/beginner_tutuorial/install/more_interfaces/lib/python3.8/site-packages/more_interfaces-0.0.0-py3.8.egg-info/top_level.txt
[23.374s] -- Installing: /home/fierra/beginner_tutuorial/install/more_interfaces/lib/python3.8/site-packages/more_interfaces
[23.374s] -- Installing: /home/fierra/beginner_tutuorial/install/more_interfaces/lib/python3.8/site-packages/more_interfaces/msg
[23.374s] -- Installing: /home/fierra/beginner_tutuorial/install/more_interfaces/lib/python3.8/site-packages/more_interfaces/msg/_address_book_s.c
[23.374s] -- Installing: /home/fierra/beginner_tutuorial/install/more_interfaces/lib/python3.8/site-packages/more_interfaces/msg/__init__.py
[23.375s] -- Installing: /home/fierra/beginner_tutuorial/install/more_interfaces/lib/python3.8/site-packages/more_interfaces/msg/_address_book.py
[23.375s] -- Installing: /home/fierra/beginner_tutuorial/install/more_interfaces/lib/python3.8/site-packages/more_interfaces/__init__.py
[23.375s] -- Installing: /home/fierra/beginner_tutuorial/install/more_interfaces/lib/python3.8/site-packages/more_interfaces/more_interfaces_s__rosidl_typesupport_fastrtps_c.cpython-38-x86_64-linux-gnu.so
[23.375s] -- Installing: /home/fierra/beginner_tutuorial/install/more_interfaces/lib/python3.8/site-packages/more_interfaces/more_interfaces_s__rosidl_typesupport_introspection_c.cpython-38-x86_64-linux-gnu.so
[23.375s] -- Installing: /home/fierra/beginner_tutuorial/install/more_interfaces/lib/python3.8/site-packages/more_interfaces/_more_interfaces_s.ep.rosidl_typesupport_fastrtps_c.c
[23.376s] -- Installing: /home/fierra/beginner_tutuorial/install/more_interfaces/lib/python3.8/site-packages/more_interfaces/libmore_interfaces__rosidl_generator_py.so
[23.376s] -- Installing: /home/fierra/beginner_tutuorial/install/more_interfaces/lib/python3.8/site-packages/more_interfaces/more_interfaces_s__rosidl_typesupport_c.cpython-38-x86_64-linux-gnu.so
[23.376s] -- Installing: /home/fierra/beginner_tutuorial/install/more_interfaces/lib/python3.8/site-packages/more_interfaces/_more_interfaces_s.ep.rosidl_typesupport_c.c
[23.376s] -- Installing: /home/fierra/beginner_tutuorial/install/more_interfaces/lib/python3.8/site-packages/more_interfaces/_more_interfaces_s.ep.rosidl_typesupport_introspection_c.c
[24.013s] Listing '/home/fierra/beginner_tutuorial/install/more_interfaces/lib/python3.8/site-packages/more_interfaces'...
[24.013s] Compiling '/home/fierra/beginner_tutuorial/install/more_interfaces/lib/python3.8/site-packages/more_interfaces/__init__.py'...
[24.013s] Listing '/home/fierra/beginner_tutuorial/install/more_interfaces/lib/python3.8/site-packages/more_interfaces/msg'...
[24.013s] Compiling '/home/fierra/beginner_tutuorial/install/more_interfaces/lib/python3.8/site-packages/more_interfaces/msg/__init__.py'...
[24.013s] Compiling '/home/fierra/beginner_tutuorial/install/more_interfaces/lib/python3.8/site-packages/more_interfaces/msg/_address_book.py'...
[24.022s] -- Installing: /home/fierra/beginner_tutuorial/install/more_interfaces/lib/python3.8/site-packages/more_interfaces/more_interfaces_s__rosidl_typesupport_introspection_c.cpython-38-x86_64-linux-gnu.so
[24.022s] -- Set runtime path of "/home/fierra/beginner_tutuorial/install/more_interfaces/lib/python3.8/site-packages/more_interfaces/more_interfaces_s__rosidl_typesupport_introspection_c.cpython-38-x86_64-linux-gnu.so" to ""
[24.023s] -- Installing: /home/fierra/beginner_tutuorial/install/more_interfaces/lib/python3.8/site-packages/more_interfaces/more_interfaces_s__rosidl_typesupport_fastrtps_c.cpython-38-x86_64-linux-gnu.so
[24.024s] -- Set runtime path of "/home/fierra/beginner_tutuorial/install/more_interfaces/lib/python3.8/site-packages/more_interfaces/more_interfaces_s__rosidl_typesupport_fastrtps_c.cpython-38-x86_64-linux-gnu.so" to ""
[24.025s] -- Installing: /home/fierra/beginner_tutuorial/install/more_interfaces/lib/python3.8/site-packages/more_interfaces/more_interfaces_s__rosidl_typesupport_c.cpython-38-x86_64-linux-gnu.so
[24.025s] -- Set runtime path of "/home/fierra/beginner_tutuorial/install/more_interfaces/lib/python3.8/site-packages/more_interfaces/more_interfaces_s__rosidl_typesupport_c.cpython-38-x86_64-linux-gnu.so" to ""
[24.026s] -- Installing: /home/fierra/beginner_tutuorial/install/more_interfaces/lib/libmore_interfaces__rosidl_generator_py.so
[24.026s] -- Set runtime path of "/home/fierra/beginner_tutuorial/install/more_interfaces/lib/libmore_interfaces__rosidl_generator_py.so" to ""
[24.027s] -- Installing: /home/fierra/beginner_tutuorial/install/more_interfaces/share/more_interfaces/msg/AddressBook.idl
[24.027s] -- Installing: /home/fierra/beginner_tutuorial/install/more_interfaces/share/more_interfaces/msg/AddressBook.msg
[24.027s] -- Installing: /home/fierra/beginner_tutuorial/install/more_interfaces/share/ament_index/resource_index/package_run_dependencies/more_interfaces
[24.027s] -- Installing: /home/fierra/beginner_tutuorial/install/more_interfaces/share/ament_index/resource_index/parent_prefix_path/more_interfaces
[24.237s] -- Installing: /home/fierra/beginner_tutuorial/install/more_interfaces/share/more_interfaces/environment/ament_prefix_path.sh
[24.238s] -- Installing: /home/fierra/beginner_tutuorial/install/more_interfaces/share/more_interfaces/environment/ament_prefix_path.dsv
[24.238s] -- Installing: /home/fierra/beginner_tutuorial/install/more_interfaces/share/more_interfaces/environment/path.sh
[24.238s] -- Installing: /home/fierra/beginner_tutuorial/install/more_interfaces/share/more_interfaces/environment/path.dsv
[24.238s] -- Installing: /home/fierra/beginner_tutuorial/install/more_interfaces/share/more_interfaces/local_setup.bash
[24.238s] -- Installing: /home/fierra/beginner_tutuorial/install/more_interfaces/share/more_interfaces/local_setup.sh
[24.239s] -- Installing: /home/fierra/beginner_tutuorial/install/more_interfaces/share/more_interfaces/local_setup.zsh
[24.239s] -- Installing: /home/fierra/beginner_tutuorial/install/more_interfaces/share/more_interfaces/local_setup.dsv
[24.239s] -- Installing: /home/fierra/beginner_tutuorial/install/more_interfaces/share/more_interfaces/package.dsv
[24.239s] -- Installing: /home/fierra/beginner_tutuorial/install/more_interfaces/share/ament_index/resource_index/packages/more_interfaces
[24.240s] -- Installing: /home/fierra/beginner_tutuorial/install/more_interfaces/share/more_interfaces/cmake/export_more_interfaces__rosidl_generator_cExport.cmake
[24.240s] -- Installing: /home/fierra/beginner_tutuorial/install/more_interfaces/share/more_interfaces/cmake/export_more_interfaces__rosidl_generator_cExport-noconfig.cmake
[24.240s] -- Installing: /home/fierra/beginner_tutuorial/install/more_interfaces/share/more_interfaces/cmake/more_interfaces__rosidl_typesupport_introspection_cExport.cmake
[24.240s] -- Installing: /home/fierra/beginner_tutuorial/install/more_interfaces/share/more_interfaces/cmake/more_interfaces__rosidl_typesupport_introspection_cExport-noconfig.cmake
[24.241s] -- Installing: /home/fierra/beginner_tutuorial/install/more_interfaces/share/more_interfaces/cmake/export_more_interfaces__rosidl_typesupport_fastrtps_cExport.cmake
[24.241s] -- Installing: /home/fierra/beginner_tutuorial/install/more_interfaces/share/more_interfaces/cmake/export_more_interfaces__rosidl_typesupport_fastrtps_cExport-noconfig.cmake
[24.241s] -- Installing: /home/fierra/beginner_tutuorial/install/more_interfaces/share/more_interfaces/cmake/more_interfaces__rosidl_typesupport_cExport.cmake
[24.241s] -- Installing: /home/fierra/beginner_tutuorial/install/more_interfaces/share/more_interfaces/cmake/more_interfaces__rosidl_typesupport_cExport-noconfig.cmake
[24.242s] -- Installing: /home/fierra/beginner_tutuorial/install/more_interfaces/share/more_interfaces/cmake/export_more_interfaces__rosidl_generator_cppExport.cmake
[24.242s] -- Installing: /home/fierra/beginner_tutuorial/install/more_interfaces/share/more_interfaces/cmake/more_interfaces__rosidl_typesupport_introspection_cppExport.cmake
[24.242s] -- Installing: /home/fierra/beginner_tutuorial/install/more_interfaces/share/more_interfaces/cmake/more_interfaces__rosidl_typesupport_introspection_cppExport-noconfig.cmake
[24.243s] -- Installing: /home/fierra/beginner_tutuorial/install/more_interfaces/share/more_interfaces/cmake/export_more_interfaces__rosidl_typesupport_fastrtps_cppExport.cmake
[24.243s] -- Installing: /home/fierra/beginner_tutuorial/install/more_interfaces/share/more_interfaces/cmake/export_more_interfaces__rosidl_typesupport_fastrtps_cppExport-noconfig.cmake
[24.243s] -- Installing: /home/fierra/beginner_tutuorial/install/more_interfaces/share/more_interfaces/cmake/more_interfaces__rosidl_typesupport_cppExport.cmake
[24.244s] -- Installing: /home/fierra/beginner_tutuorial/install/more_interfaces/share/more_interfaces/cmake/more_interfaces__rosidl_typesupport_cppExport-noconfig.cmake
[24.244s] -- Installing: /home/fierra/beginner_tutuorial/install/more_interfaces/share/more_interfaces/cmake/export_more_interfaces__rosidl_generator_pyExport.cmake
[24.244s] -- Installing: /home/fierra/beginner_tutuorial/install/more_interfaces/share/more_interfaces/cmake/export_more_interfaces__rosidl_generator_pyExport-noconfig.cmake
[24.244s] -- Installing: /home/fierra/beginner_tutuorial/install/more_interfaces/share/more_interfaces/cmake/rosidl_cmake-extras.cmake
[24.245s] -- Installing: /home/fierra/beginner_tutuorial/install/more_interfaces/share/more_interfaces/cmake/ament_cmake_export_include_directories-extras.cmake
[24.245s] -- Installing: /home/fierra/beginner_tutuorial/install/more_interfaces/share/more_interfaces/cmake/ament_cmake_export_libraries-extras.cmake
[24.245s] -- Installing: /home/fierra/beginner_tutuorial/install/more_interfaces/share/more_interfaces/cmake/ament_cmake_export_targets-extras.cmake
[24.245s] -- Installing: /home/fierra/beginner_tutuorial/install/more_interfaces/share/more_interfaces/cmake/rosidl_cmake_export_typesupport_targets-extras.cmake
[24.246s] -- Installing: /home/fierra/beginner_tutuorial/install/more_interfaces/share/more_interfaces/cmake/ament_cmake_export_dependencies-extras.cmake
[24.246s] -- Installing: /home/fierra/beginner_tutuorial/install/more_interfaces/share/more_interfaces/cmake/rosidl_cmake_export_typesupport_libraries-extras.cmake
[24.246s] -- Installing: /home/fierra/beginner_tutuorial/install/more_interfaces/share/more_interfaces/cmake/more_interfacesConfig.cmake
[24.246s] -- Installing: /home/fierra/beginner_tutuorial/install/more_interfaces/share/more_interfaces/cmake/more_interfacesConfig-version.cmake
[24.246s] -- Installing: /home/fierra/beginner_tutuorial/install/more_interfaces/share/more_interfaces/package.xml
[24.254s] Invoked command in '/home/fierra/beginner_tutuorial/build/more_interfaces' returned '0': CMAKE_PREFIX_PATH=${CMAKE_PREFIX_PATH}:/home/fierra/ros2_humble/install/rqt_bag_plugins:/home/fierra/ros2_humble/install/rqt_bag:/home/fierra/ros2_humble/install/ros2bag:/home/fierra/ros2_humble/install/tracetools_test:/home/fierra/ros2_humble/install/tracetools_launch:/home/fierra/ros2_humble/install/topic_monitor:/home/fierra/ros2_humble/install/tf2_tools:/home/fierra/ros2_humble/install/examples_tf2_py:/home/fierra/ros2_humble/install/tf2_ros_py:/home/fierra/ros2_humble/install/sros2:/home/fierra/ros2_humble/install/rqt_topic:/home/fierra/ros2_humble/install/rqt_srv:/home/fierra/ros2_humble/install/rqt_shell:/home/fierra/ros2_humble/install/rqt_service_caller:/home/fierra/ros2_humble/install/rqt_reconfigure:/home/fierra/ros2_humble/install/rqt_py_console:/home/fierra/ros2_humble/install/rqt_publisher:/home/fierra/ros2_humble/install/rqt_plot:/home/fierra/ros2_humble/install/rqt_action:/home/fierra/ros2_humble/install/rqt_msg:/home/fierra/ros2_humble/install/rqt_console:/home/fierra/ros2_humble/install/rqt:/home/fierra/ros2_humble/install/rqt_graph:/home/fierra/ros2_humble/install/rqt_gui_py:/home/fierra/ros2_humble/install/rqt_gui:/home/fierra/ros2_humble/install/ros2trace:/home/fierra/ros2_humble/install/ros2topic:/home/fierra/ros2_humble/install/ros2test:/home/fierra/ros2_humble/install/ros2component:/home/fierra/ros2_humble/install/ros2param:/home/fierra/ros2_humble/install/ros2lifecycle:/home/fierra/ros2_humble/install/ros2service:/home/fierra/ros2_humble/install/ros2run:/home/fierra/ros2_humble/install/ros2launch:/home/fierra/ros2_humble/install/ros2pkg:/home/fierra/ros2_humble/install/ros2node:/home/fierra/ros2_humble/install/ros2multicast:/home/fierra/ros2_humble/install/ros2interface:/home/fierra/ros2_humble/install/ros2doctor:/home/fierra/ros2_humble/install/ros2action:/home/fierra/ros2_humble/install/ros2cli:/home/fierra/ros2_humble/install/quality_of_service_demo_py:/home/fierra/ros2_humble/install/lifecycle_py:/home/fierra/ros2_humble/install/launch_testing_ros:/home/fierra/ros2_humble/install/launch_ros:/home/fierra/ros2_humble/install/examples_rclpy_pointcloud_publisher:/home/fierra/ros2_humble/install/examples_rclpy_minimal_subscriber:/home/fierra/ros2_humble/install/examples_rclpy_minimal_service:/home/fierra/ros2_humble/install/examples_rclpy_minimal_publisher:/home/fierra/ros2_humble/install/examples_rclpy_minimal_client:/home/fierra/ros2_humble/install/examples_rclpy_minimal_action_server:/home/fierra/ros2_humble/install/examples_rclpy_minimal_action_client:/home/fierra/ros2_humble/install/examples_rclpy_guard_conditions:/home/fierra/ros2_humble/install/examples_rclpy_executors:/home/fierra/ros2_humble/install/demo_nodes_py:/home/fierra/ros2_humble/install/action_tutorials_py:/home/fierra/ros2_humble/install/ament_uncrustify:/home/fierra/ros2_humble/install/tracetools_trace:/home/fierra/ros2_humble/install/tracetools_read:/home/fierra/ros2_humble/install/test_tracetools_launch:/home/fierra/ros2_humble/install/test_launch_ros:/home/fierra/ros2_humble/install/sensor_msgs_py:/home/fierra/ros2_humble/install/rpyutils:/home/fierra/ros2_humble/install/rosidl_runtime_py:/home/fierra/ros2_humble/install/rosidl_cli:/home/fierra/ros2_humble/install/launch_pytest:/home/fierra/ros2_humble/install/launch_testing:/home/fierra/ros2_humble/install/launch_yaml:/home/fierra/ros2_humble/install/launch_xml:/home/fierra/ros2_humble/install/launch:/home/fierra/ros2_humble/install/osrf_pycommon:/home/fierra/ros2_humble/install/launch_testing_examples:/home/fierra/ros2_humble/install/domain_coordinator:/home/fierra/ros2_humble/install/ament_xmllint:/home/fierra/ros2_humble/install/ament_pyflakes:/home/fierra/ros2_humble/install/ament_pycodestyle:/home/fierra/ros2_humble/install/ament_pep257:/home/fierra/ros2_humble/install/ament_pclint:/home/fierra/ros2_humble/install/ament_package:/home/fierra/ros2_humble/install/ament_mypy:/home/fierra/ros2_humble/install/ament_lint_cmake:/home/fierra/ros2_humble/install/ament_flake8:/home/fierra/ros2_humble/install/ament_copyright:/home/fierra/ros2_humble/install/ament_lint:/home/fierra/ros2_humble/install/ament_index_python:/home/fierra/ros2_humble/install/ament_cpplint:/home/fierra/ros2_humble/install/ament_cppcheck:/home/fierra/ros2_humble/install/ament_clang_tidy:/home/fierra/ros2_humble/install/ament_clang_format /usr/bin/cmake --install /home/fierra/beginner_tutuorial/build/more_interfaces
