[0.239s] DEBUG:colcon:Command line arguments: ['/usr/bin/colcon', 'build', '--packages-select', 'cpp_parameters']
[0.239s] DEBUG:colcon:Parsed command line arguments: Namespace(allow_overriding=[], ament_cmake_args=None, base_paths=['.'], build_base='build', catkin_cmake_args=None, catkin_skip_building_tests=False, cmake_args=None, cmake_clean_cache=False, cmake_clean_first=False, cmake_force_configure=False, cmake_target=None, cmake_target_skip_unavailable=False, continue_on_error=False, event_handlers=None, executor='parallel', ignore_user_meta=False, install_base='install', log_base=None, log_level=None, main=<bound method BuildVerb.main of <colcon_core.verb.build.BuildVerb object at 0x7f773eefea90>>, merge_install=False, metas=['./colcon.meta'], packages_above=None, packages_above_and_dependencies=None, packages_above_depth=None, packages_end=None, packages_ignore=None, packages_ignore_regex=None, packages_select=['cpp_parameters'], packages_select_build_failed=False, packages_select_by_dep=None, packages_select_regex=None, packages_select_test_failures=False, packages_skip=None, packages_skip_build_finished=False, packages_skip_by_dep=None, packages_skip_regex=None, packages_skip_test_passed=False, packages_skip_up_to=None, packages_start=None, packages_up_to=None, packages_up_to_regex=None, parallel_workers=8, paths=None, symlink_install=False, test_result_base=None, verb_extension=<colcon_core.verb.build.BuildVerb object at 0x7f773eefea90>, verb_name='build', verb_parser=<colcon_defaults.argument_parser.defaults.DefaultArgumentsDecorator object at 0x7f773ef0c040>)
[0.277s] Level 1:colcon.colcon_core.package_discovery:discover_packages(colcon_meta) check parameters
[0.277s] Level 1:colcon.colcon_core.package_discovery:discover_packages(recursive) check parameters
[0.277s] Level 1:colcon.colcon_core.package_discovery:discover_packages(ignore) check parameters
[0.277s] Level 1:colcon.colcon_core.package_discovery:discover_packages(path) check parameters
[0.277s] Level 1:colcon.colcon_core.package_discovery:discover_packages(colcon_meta) discover
[0.277s] Level 1:colcon.colcon_core.package_discovery:discover_packages(recursive) discover
[0.277s] INFO:colcon.colcon_core.package_discovery:Crawling recursively for packages in '/home/fierra/beginner_tutuorial'
[0.277s] Level 1:colcon.colcon_core.package_identification:_identify(.) by extensions ['ignore', 'ignore_ament_install']
[0.277s] Level 1:colcon.colcon_core.package_identification:_identify(.) by extension 'ignore'
[0.277s] Level 1:colcon.colcon_core.package_identification:_identify(.) by extension 'ignore_ament_install'
[0.277s] Level 1:colcon.colcon_core.package_identification:_identify(.) by extensions ['colcon_pkg']
[0.278s] Level 1:colcon.colcon_core.package_identification:_identify(.) by extension 'colcon_pkg'
[0.278s] Level 1:colcon.colcon_core.package_identification:_identify(.) by extensions ['colcon_meta']
[0.278s] Level 1:colcon.colcon_core.package_identification:_identify(.) by extension 'colcon_meta'
[0.278s] Level 1:colcon.colcon_core.package_identification:_identify(.) by extensions ['ros']
[0.278s] Level 1:colcon.colcon_core.package_identification:_identify(.) by extension 'ros'
[0.298s] Level 1:colcon.colcon_core.package_identification:_identify(.) by extensions ['cmake', 'python']
[0.298s] Level 1:colcon.colcon_core.package_identification:_identify(.) by extension 'cmake'
[0.298s] Level 1:colcon.colcon_core.package_identification:_identify(.) by extension 'python'
[0.298s] Level 1:colcon.colcon_core.package_identification:_identify(.) by extensions ['python_setup_py']
[0.298s] Level 1:colcon.colcon_core.package_identification:_identify(.) by extension 'python_setup_py'
[0.299s] Level 1:colcon.colcon_core.package_identification:_identify(build) by extensions ['ignore', 'ignore_ament_install']
[0.299s] Level 1:colcon.colcon_core.package_identification:_identify(build) by extension 'ignore'
[0.299s] Level 1:colcon.colcon_core.package_identification:_identify(build) ignored
[0.299s] Level 1:colcon.colcon_core.package_identification:_identify(install) by extensions ['ignore', 'ignore_ament_install']
[0.299s] Level 1:colcon.colcon_core.package_identification:_identify(install) by extension 'ignore'
[0.299s] Level 1:colcon.colcon_core.package_identification:_identify(install) ignored
[0.299s] Level 1:colcon.colcon_core.package_identification:_identify(log) by extensions ['ignore', 'ignore_ament_install']
[0.299s] Level 1:colcon.colcon_core.package_identification:_identify(log) by extension 'ignore'
[0.299s] Level 1:colcon.colcon_core.package_identification:_identify(log) ignored
[0.299s] Level 1:colcon.colcon_core.package_identification:_identify(results) by extensions ['ignore', 'ignore_ament_install']
[0.299s] Level 1:colcon.colcon_core.package_identification:_identify(results) by extension 'ignore'
[0.299s] Level 1:colcon.colcon_core.package_identification:_identify(results) by extension 'ignore_ament_install'
[0.299s] Level 1:colcon.colcon_core.package_identification:_identify(results) by extensions ['colcon_pkg']
[0.300s] Level 1:colcon.colcon_core.package_identification:_identify(results) by extension 'colcon_pkg'
[0.300s] Level 1:colcon.colcon_core.package_identification:_identify(results) by extensions ['colcon_meta']
[0.300s] Level 1:colcon.colcon_core.package_identification:_identify(results) by extension 'colcon_meta'
[0.300s] Level 1:colcon.colcon_core.package_identification:_identify(results) by extensions ['ros']
[0.300s] Level 1:colcon.colcon_core.package_identification:_identify(results) by extension 'ros'
[0.300s] Level 1:colcon.colcon_core.package_identification:_identify(results) by extensions ['cmake', 'python']
[0.300s] Level 1:colcon.colcon_core.package_identification:_identify(results) by extension 'cmake'
[0.300s] Level 1:colcon.colcon_core.package_identification:_identify(results) by extension 'python'
[0.300s] Level 1:colcon.colcon_core.package_identification:_identify(results) by extensions ['python_setup_py']
[0.300s] Level 1:colcon.colcon_core.package_identification:_identify(results) by extension 'python_setup_py'
[0.300s] Level 1:colcon.colcon_core.package_identification:_identify(src) by extensions ['ignore', 'ignore_ament_install']
[0.300s] Level 1:colcon.colcon_core.package_identification:_identify(src) by extension 'ignore'
[0.300s] Level 1:colcon.colcon_core.package_identification:_identify(src) by extension 'ignore_ament_install'
[0.300s] Level 1:colcon.colcon_core.package_identification:_identify(src) by extensions ['colcon_pkg']
[0.300s] Level 1:colcon.colcon_core.package_identification:_identify(src) by extension 'colcon_pkg'
[0.300s] Level 1:colcon.colcon_core.package_identification:_identify(src) by extensions ['colcon_meta']
[0.300s] Level 1:colcon.colcon_core.package_identification:_identify(src) by extension 'colcon_meta'
[0.300s] Level 1:colcon.colcon_core.package_identification:_identify(src) by extensions ['ros']
[0.300s] Level 1:colcon.colcon_core.package_identification:_identify(src) by extension 'ros'
[0.300s] Level 1:colcon.colcon_core.package_identification:_identify(src) by extensions ['cmake', 'python']
[0.300s] Level 1:colcon.colcon_core.package_identification:_identify(src) by extension 'cmake'
[0.300s] Level 1:colcon.colcon_core.package_identification:_identify(src) by extension 'python'
[0.301s] Level 1:colcon.colcon_core.package_identification:_identify(src) by extensions ['python_setup_py']
[0.301s] Level 1:colcon.colcon_core.package_identification:_identify(src) by extension 'python_setup_py'
[0.301s] Level 1:colcon.colcon_core.package_identification:_identify(src/assignment_2) by extensions ['ignore', 'ignore_ament_install']
[0.301s] Level 1:colcon.colcon_core.package_identification:_identify(src/assignment_2) by extension 'ignore'
[0.301s] Level 1:colcon.colcon_core.package_identification:_identify(src/assignment_2) by extension 'ignore_ament_install'
[0.301s] Level 1:colcon.colcon_core.package_identification:_identify(src/assignment_2) by extensions ['colcon_pkg']
[0.301s] Level 1:colcon.colcon_core.package_identification:_identify(src/assignment_2) by extension 'colcon_pkg'
[0.301s] Level 1:colcon.colcon_core.package_identification:_identify(src/assignment_2) by extensions ['colcon_meta']
[0.301s] Level 1:colcon.colcon_core.package_identification:_identify(src/assignment_2) by extension 'colcon_meta'
[0.301s] Level 1:colcon.colcon_core.package_identification:_identify(src/assignment_2) by extensions ['ros']
[0.301s] Level 1:colcon.colcon_core.package_identification:_identify(src/assignment_2) by extension 'ros'
[0.303s] DEBUG:colcon.colcon_core.package_identification:Package 'src/assignment_2' with type 'ros.ament_cmake' and name 'assignment_2'
[0.303s] Level 1:colcon.colcon_core.package_identification:_identify(src/assignment_w10) by extensions ['ignore', 'ignore_ament_install']
[0.304s] Level 1:colcon.colcon_core.package_identification:_identify(src/assignment_w10) by extension 'ignore'
[0.304s] Level 1:colcon.colcon_core.package_identification:_identify(src/assignment_w10) by extension 'ignore_ament_install'
[0.304s] Level 1:colcon.colcon_core.package_identification:_identify(src/assignment_w10) by extensions ['colcon_pkg']
[0.304s] Level 1:colcon.colcon_core.package_identification:_identify(src/assignment_w10) by extension 'colcon_pkg'
[0.304s] Level 1:colcon.colcon_core.package_identification:_identify(src/assignment_w10) by extensions ['colcon_meta']
[0.304s] Level 1:colcon.colcon_core.package_identification:_identify(src/assignment_w10) by extension 'colcon_meta'
[0.304s] Level 1:colcon.colcon_core.package_identification:_identify(src/assignment_w10) by extensions ['ros']
[0.304s] Level 1:colcon.colcon_core.package_identification:_identify(src/assignment_w10) by extension 'ros'
[0.305s] DEBUG:colcon.colcon_core.package_identification:Package 'src/assignment_w10' with type 'ros.ament_cmake' and name 'assignment_w10'
[0.305s] Level 1:colcon.colcon_core.package_identification:_identify(src/cpp_parameters) by extensions ['ignore', 'ignore_ament_install']
[0.305s] Level 1:colcon.colcon_core.package_identification:_identify(src/cpp_parameters) by extension 'ignore'
[0.305s] Level 1:colcon.colcon_core.package_identification:_identify(src/cpp_parameters) by extension 'ignore_ament_install'
[0.305s] Level 1:colcon.colcon_core.package_identification:_identify(src/cpp_parameters) by extensions ['colcon_pkg']
[0.305s] Level 1:colcon.colcon_core.package_identification:_identify(src/cpp_parameters) by extension 'colcon_pkg'
[0.305s] Level 1:colcon.colcon_core.package_identification:_identify(src/cpp_parameters) by extensions ['colcon_meta']
[0.305s] Level 1:colcon.colcon_core.package_identification:_identify(src/cpp_parameters) by extension 'colcon_meta'
[0.305s] Level 1:colcon.colcon_core.package_identification:_identify(src/cpp_parameters) by extensions ['ros']
[0.305s] Level 1:colcon.colcon_core.package_identification:_identify(src/cpp_parameters) by extension 'ros'
[0.305s] DEBUG:colcon.colcon_core.package_identification:Package 'src/cpp_parameters' with type 'ros.ament_cmake' and name 'cpp_parameters'
[0.306s] Level 1:colcon.colcon_core.package_identification:_identify(src/cpp_pubsub) by extensions ['ignore', 'ignore_ament_install']
[0.306s] Level 1:colcon.colcon_core.package_identification:_identify(src/cpp_pubsub) by extension 'ignore'
[0.306s] Level 1:colcon.colcon_core.package_identification:_identify(src/cpp_pubsub) by extension 'ignore_ament_install'
[0.306s] Level 1:colcon.colcon_core.package_identification:_identify(src/cpp_pubsub) by extensions ['colcon_pkg']
[0.306s] Level 1:colcon.colcon_core.package_identification:_identify(src/cpp_pubsub) by extension 'colcon_pkg'
[0.306s] Level 1:colcon.colcon_core.package_identification:_identify(src/cpp_pubsub) by extensions ['colcon_meta']
[0.306s] Level 1:colcon.colcon_core.package_identification:_identify(src/cpp_pubsub) by extension 'colcon_meta'
[0.306s] Level 1:colcon.colcon_core.package_identification:_identify(src/cpp_pubsub) by extensions ['ros']
[0.306s] Level 1:colcon.colcon_core.package_identification:_identify(src/cpp_pubsub) by extension 'ros'
[0.307s] DEBUG:colcon.colcon_core.package_identification:Package 'src/cpp_pubsub' with type 'ros.ament_cmake' and name 'cpp_pubsub'
[0.307s] Level 1:colcon.colcon_core.package_identification:_identify(src/cpp_srvcli) by extensions ['ignore', 'ignore_ament_install']
[0.307s] Level 1:colcon.colcon_core.package_identification:_identify(src/cpp_srvcli) by extension 'ignore'
[0.307s] Level 1:colcon.colcon_core.package_identification:_identify(src/cpp_srvcli) by extension 'ignore_ament_install'
[0.307s] Level 1:colcon.colcon_core.package_identification:_identify(src/cpp_srvcli) by extensions ['colcon_pkg']
[0.307s] Level 1:colcon.colcon_core.package_identification:_identify(src/cpp_srvcli) by extension 'colcon_pkg'
[0.307s] Level 1:colcon.colcon_core.package_identification:_identify(src/cpp_srvcli) by extensions ['colcon_meta']
[0.307s] Level 1:colcon.colcon_core.package_identification:_identify(src/cpp_srvcli) by extension 'colcon_meta'
[0.307s] Level 1:colcon.colcon_core.package_identification:_identify(src/cpp_srvcli) by extensions ['ros']
[0.307s] Level 1:colcon.colcon_core.package_identification:_identify(src/cpp_srvcli) by extension 'ros'
[0.308s] DEBUG:colcon.colcon_core.package_identification:Package 'src/cpp_srvcli' with type 'ros.ament_cmake' and name 'cpp_srvcli'
[0.308s] Level 1:colcon.colcon_core.package_identification:_identify(src/more_interfaces) by extensions ['ignore', 'ignore_ament_install']
[0.308s] Level 1:colcon.colcon_core.package_identification:_identify(src/more_interfaces) by extension 'ignore'
[0.308s] Level 1:colcon.colcon_core.package_identification:_identify(src/more_interfaces) by extension 'ignore_ament_install'
[0.308s] Level 1:colcon.colcon_core.package_identification:_identify(src/more_interfaces) by extensions ['colcon_pkg']
[0.308s] Level 1:colcon.colcon_core.package_identification:_identify(src/more_interfaces) by extension 'colcon_pkg'
[0.308s] Level 1:colcon.colcon_core.package_identification:_identify(src/more_interfaces) by extensions ['colcon_meta']
[0.308s] Level 1:colcon.colcon_core.package_identification:_identify(src/more_interfaces) by extension 'colcon_meta'
[0.308s] Level 1:colcon.colcon_core.package_identification:_identify(src/more_interfaces) by extensions ['ros']
[0.308s] Level 1:colcon.colcon_core.package_identification:_identify(src/more_interfaces) by extension 'ros'
[0.309s] DEBUG:colcon.colcon_core.package_identification:Package 'src/more_interfaces' with type 'ros.ament_cmake' and name 'more_interfaces'
[0.309s] Level 1:colcon.colcon_core.package_identification:_identify(src/my_package) by extensions ['ignore', 'ignore_ament_install']
[0.309s] Level 1:colcon.colcon_core.package_identification:_identify(src/my_package) by extension 'ignore'
[0.309s] Level 1:colcon.colcon_core.package_identification:_identify(src/my_package) by extension 'ignore_ament_install'
[0.309s] Level 1:colcon.colcon_core.package_identification:_identify(src/my_package) by extensions ['colcon_pkg']
[0.309s] Level 1:colcon.colcon_core.package_identification:_identify(src/my_package) by extension 'colcon_pkg'
[0.309s] Level 1:colcon.colcon_core.package_identification:_identify(src/my_package) by extensions ['colcon_meta']
[0.309s] Level 1:colcon.colcon_core.package_identification:_identify(src/my_package) by extension 'colcon_meta'
[0.309s] Level 1:colcon.colcon_core.package_identification:_identify(src/my_package) by extensions ['ros']
[0.309s] Level 1:colcon.colcon_core.package_identification:_identify(src/my_package) by extension 'ros'
[0.310s] DEBUG:colcon.colcon_core.package_identification:Package 'src/my_package' with type 'ros.ament_cmake' and name 'my_package'
[0.310s] Level 1:colcon.colcon_core.package_identification:_identify(src/tutorial_interfaces) by extensions ['ignore', 'ignore_ament_install']
[0.310s] Level 1:colcon.colcon_core.package_identification:_identify(src/tutorial_interfaces) by extension 'ignore'
[0.310s] Level 1:colcon.colcon_core.package_identification:_identify(src/tutorial_interfaces) by extension 'ignore_ament_install'
[0.310s] Level 1:colcon.colcon_core.package_identification:_identify(src/tutorial_interfaces) by extensions ['colcon_pkg']
[0.310s] Level 1:colcon.colcon_core.package_identification:_identify(src/tutorial_interfaces) by extension 'colcon_pkg'
[0.310s] Level 1:colcon.colcon_core.package_identification:_identify(src/tutorial_interfaces) by extensions ['colcon_meta']
[0.310s] Level 1:colcon.colcon_core.package_identification:_identify(src/tutorial_interfaces) by extension 'colcon_meta'
[0.310s] Level 1:colcon.colcon_core.package_identification:_identify(src/tutorial_interfaces) by extensions ['ros']
[0.310s] Level 1:colcon.colcon_core.package_identification:_identify(src/tutorial_interfaces) by extension 'ros'
[0.311s] DEBUG:colcon.colcon_core.package_identification:Package 'src/tutorial_interfaces' with type 'ros.ament_cmake' and name 'tutorial_interfaces'
[0.311s] Level 1:colcon.colcon_core.package_discovery:discover_packages(recursive) using defaults
[0.311s] Level 1:colcon.colcon_core.package_discovery:discover_packages(ignore) discover
[0.311s] Level 1:colcon.colcon_core.package_discovery:discover_packages(ignore) using defaults
[0.311s] Level 1:colcon.colcon_core.package_discovery:discover_packages(path) discover
[0.311s] Level 1:colcon.colcon_core.package_discovery:discover_packages(path) using defaults
[0.346s] INFO:colcon.colcon_core.package_selection:Skipping not selected package 'assignment_2' in 'src/assignment_2'
[0.346s] INFO:colcon.colcon_core.package_selection:Skipping not selected package 'assignment_w10' in 'src/assignment_w10'
[0.346s] INFO:colcon.colcon_core.package_selection:Skipping not selected package 'cpp_srvcli' in 'src/cpp_srvcli'
[0.346s] INFO:colcon.colcon_core.package_selection:Skipping not selected package 'more_interfaces' in 'src/more_interfaces'
[0.346s] INFO:colcon.colcon_core.package_selection:Skipping not selected package 'my_package' in 'src/my_package'
[0.346s] INFO:colcon.colcon_core.package_selection:Skipping not selected package 'tutorial_interfaces' in 'src/tutorial_interfaces'
[0.346s] INFO:colcon.colcon_core.package_selection:Skipping not selected package 'cpp_pubsub' in 'src/cpp_pubsub'
[0.347s] Level 1:colcon.colcon_core.package_discovery:discover_packages(prefix_path) check parameters
[0.347s] Level 1:colcon.colcon_core.package_discovery:discover_packages(prefix_path) discover
[0.372s] DEBUG:colcon.colcon_installed_package_information.package_discovery:Found 340 installed packages in /home/fierra/ros2_humble/install
[0.374s] Level 1:colcon.colcon_core.package_discovery:discover_packages(prefix_path) using defaults
[0.399s] Level 5:colcon.colcon_core.verb:set package 'cpp_parameters' build argument 'cmake_args' from command line to 'None'
[0.399s] Level 5:colcon.colcon_core.verb:set package 'cpp_parameters' build argument 'cmake_target' from command line to 'None'
[0.399s] Level 5:colcon.colcon_core.verb:set package 'cpp_parameters' build argument 'cmake_target_skip_unavailable' from command line to 'False'
[0.399s] Level 5:colcon.colcon_core.verb:set package 'cpp_parameters' build argument 'cmake_clean_cache' from command line to 'False'
[0.399s] Level 5:colcon.colcon_core.verb:set package 'cpp_parameters' build argument 'cmake_clean_first' from command line to 'False'
[0.399s] Level 5:colcon.colcon_core.verb:set package 'cpp_parameters' build argument 'cmake_force_configure' from command line to 'False'
[0.399s] Level 5:colcon.colcon_core.verb:set package 'cpp_parameters' build argument 'ament_cmake_args' from command line to 'None'
[0.399s] Level 5:colcon.colcon_core.verb:set package 'cpp_parameters' build argument 'catkin_cmake_args' from command line to 'None'
[0.399s] Level 5:colcon.colcon_core.verb:set package 'cpp_parameters' build argument 'catkin_skip_building_tests' from command line to 'False'
[0.400s] DEBUG:colcon.colcon_core.verb:Building package 'cpp_parameters' with the following arguments: {'ament_cmake_args': None, 'build_base': '/home/fierra/beginner_tutuorial/build/cpp_parameters', 'catkin_cmake_args': None, 'catkin_skip_building_tests': False, 'cmake_args': None, 'cmake_clean_cache': False, 'cmake_clean_first': False, 'cmake_force_configure': False, 'cmake_target': None, 'cmake_target_skip_unavailable': False, 'install_base': '/home/fierra/beginner_tutuorial/install/cpp_parameters', 'merge_install': False, 'path': '/home/fierra/beginner_tutuorial/src/cpp_parameters', 'symlink_install': False, 'test_result_base': None}
[0.400s] INFO:colcon.colcon_core.executor:Executing jobs using 'parallel' executor
[0.407s] DEBUG:colcon.colcon_parallel_executor.executor.parallel:run_until_complete
[0.407s] INFO:colcon.colcon_ros.task.ament_cmake.build:Building ROS package in '/home/fierra/beginner_tutuorial/src/cpp_parameters' with build type 'ament_cmake'
[0.407s] INFO:colcon.colcon_cmake.task.cmake.build:Building CMake package in '/home/fierra/beginner_tutuorial/src/cpp_parameters'
[0.415s] INFO:colcon.colcon_core.plugin_system:Skipping extension 'colcon_core.shell.bat': Not used on non-Windows systems
[0.415s] INFO:colcon.colcon_core.shell:Skip shell extension 'powershell' for command environment: Not usable outside of PowerShell
[0.415s] DEBUG:colcon.colcon_core.shell:Skip shell extension 'dsv' for command environment
[0.454s] DEBUG:colcon.colcon_core.event_handler.log_command:Invoking command in '/home/fierra/beginner_tutuorial/build/cpp_parameters': CMAKE_PREFIX_PATH=${CMAKE_PREFIX_PATH}:/home/fierra/ros2_humble/install/rqt_bag_plugins:/home/fierra/ros2_humble/install/rqt_bag:/home/fierra/ros2_humble/install/ros2bag:/home/fierra/ros2_humble/install/tracetools_test:/home/fierra/ros2_humble/install/tracetools_launch:/home/fierra/ros2_humble/install/topic_monitor:/home/fierra/ros2_humble/install/tf2_tools:/home/fierra/ros2_humble/install/examples_tf2_py:/home/fierra/ros2_humble/install/tf2_ros_py:/home/fierra/ros2_humble/install/sros2:/home/fierra/ros2_humble/install/rqt_topic:/home/fierra/ros2_humble/install/rqt_srv:/home/fierra/ros2_humble/install/rqt_shell:/home/fierra/ros2_humble/install/rqt_service_caller:/home/fierra/ros2_humble/install/rqt_reconfigure:/home/fierra/ros2_humble/install/rqt_py_console:/home/fierra/ros2_humble/install/rqt_publisher:/home/fierra/ros2_humble/install/rqt_plot:/home/fierra/ros2_humble/install/rqt_action:/home/fierra/ros2_humble/install/rqt_msg:/home/fierra/ros2_humble/install/rqt_console:/home/fierra/ros2_humble/install/rqt:/home/fierra/ros2_humble/install/rqt_graph:/home/fierra/ros2_humble/install/rqt_gui_py:/home/fierra/ros2_humble/install/rqt_gui:/home/fierra/ros2_humble/install/ros2trace:/home/fierra/ros2_humble/install/ros2topic:/home/fierra/ros2_humble/install/ros2test:/home/fierra/ros2_humble/install/ros2component:/home/fierra/ros2_humble/install/ros2param:/home/fierra/ros2_humble/install/ros2lifecycle:/home/fierra/ros2_humble/install/ros2service:/home/fierra/ros2_humble/install/ros2run:/home/fierra/ros2_humble/install/ros2launch:/home/fierra/ros2_humble/install/ros2pkg:/home/fierra/ros2_humble/install/ros2node:/home/fierra/ros2_humble/install/ros2multicast:/home/fierra/ros2_humble/install/ros2interface:/home/fierra/ros2_humble/install/ros2doctor:/home/fierra/ros2_humble/install/ros2action:/home/fierra/ros2_humble/install/ros2cli:/home/fierra/ros2_humble/install/quality_of_service_demo_py:/home/fierra/ros2_humble/install/lifecycle_py:/home/fierra/ros2_humble/install/launch_testing_ros:/home/fierra/ros2_humble/install/launch_ros:/home/fierra/ros2_humble/install/examples_rclpy_pointcloud_publisher:/home/fierra/ros2_humble/install/examples_rclpy_minimal_subscriber:/home/fierra/ros2_humble/install/examples_rclpy_minimal_service:/home/fierra/ros2_humble/install/examples_rclpy_minimal_publisher:/home/fierra/ros2_humble/install/examples_rclpy_minimal_client:/home/fierra/ros2_humble/install/examples_rclpy_minimal_action_server:/home/fierra/ros2_humble/install/examples_rclpy_minimal_action_client:/home/fierra/ros2_humble/install/examples_rclpy_guard_conditions:/home/fierra/ros2_humble/install/examples_rclpy_executors:/home/fierra/ros2_humble/install/demo_nodes_py:/home/fierra/ros2_humble/install/action_tutorials_py:/home/fierra/ros2_humble/install/ament_uncrustify:/home/fierra/ros2_humble/install/tracetools_trace:/home/fierra/ros2_humble/install/tracetools_read:/home/fierra/ros2_humble/install/test_tracetools_launch:/home/fierra/ros2_humble/install/test_launch_ros:/home/fierra/ros2_humble/install/sensor_msgs_py:/home/fierra/ros2_humble/install/rpyutils:/home/fierra/ros2_humble/install/rosidl_runtime_py:/home/fierra/ros2_humble/install/rosidl_cli:/home/fierra/ros2_humble/install/launch_pytest:/home/fierra/ros2_humble/install/launch_testing:/home/fierra/ros2_humble/install/launch_yaml:/home/fierra/ros2_humble/install/launch_xml:/home/fierra/ros2_humble/install/launch:/home/fierra/ros2_humble/install/osrf_pycommon:/home/fierra/ros2_humble/install/launch_testing_examples:/home/fierra/ros2_humble/install/domain_coordinator:/home/fierra/ros2_humble/install/ament_xmllint:/home/fierra/ros2_humble/install/ament_pyflakes:/home/fierra/ros2_humble/install/ament_pycodestyle:/home/fierra/ros2_humble/install/ament_pep257:/home/fierra/ros2_humble/install/ament_pclint:/home/fierra/ros2_humble/install/ament_package:/home/fierra/ros2_humble/install/ament_mypy:/home/fierra/ros2_humble/install/ament_lint_cmake:/home/fierra/ros2_humble/install/ament_flake8:/home/fierra/ros2_humble/install/ament_copyright:/home/fierra/ros2_humble/install/ament_lint:/home/fierra/ros2_humble/install/ament_index_python:/home/fierra/ros2_humble/install/ament_cpplint:/home/fierra/ros2_humble/install/ament_cppcheck:/home/fierra/ros2_humble/install/ament_clang_tidy:/home/fierra/ros2_humble/install/ament_clang_format /usr/bin/cmake /home/fierra/beginner_tutuorial/src/cpp_parameters -DCMAKE_INSTALL_PREFIX=/home/fierra/beginner_tutuorial/install/cpp_parameters
[6.160s] DEBUG:colcon.colcon_core.event_handler.log_command:Invoked command in '/home/fierra/beginner_tutuorial/build/cpp_parameters' returned '0': CMAKE_PREFIX_PATH=${CMAKE_PREFIX_PATH}:/home/fierra/ros2_humble/install/rqt_bag_plugins:/home/fierra/ros2_humble/install/rqt_bag:/home/fierra/ros2_humble/install/ros2bag:/home/fierra/ros2_humble/install/tracetools_test:/home/fierra/ros2_humble/install/tracetools_launch:/home/fierra/ros2_humble/install/topic_monitor:/home/fierra/ros2_humble/install/tf2_tools:/home/fierra/ros2_humble/install/examples_tf2_py:/home/fierra/ros2_humble/install/tf2_ros_py:/home/fierra/ros2_humble/install/sros2:/home/fierra/ros2_humble/install/rqt_topic:/home/fierra/ros2_humble/install/rqt_srv:/home/fierra/ros2_humble/install/rqt_shell:/home/fierra/ros2_humble/install/rqt_service_caller:/home/fierra/ros2_humble/install/rqt_reconfigure:/home/fierra/ros2_humble/install/rqt_py_console:/home/fierra/ros2_humble/install/rqt_publisher:/home/fierra/ros2_humble/install/rqt_plot:/home/fierra/ros2_humble/install/rqt_action:/home/fierra/ros2_humble/install/rqt_msg:/home/fierra/ros2_humble/install/rqt_console:/home/fierra/ros2_humble/install/rqt:/home/fierra/ros2_humble/install/rqt_graph:/home/fierra/ros2_humble/install/rqt_gui_py:/home/fierra/ros2_humble/install/rqt_gui:/home/fierra/ros2_humble/install/ros2trace:/home/fierra/ros2_humble/install/ros2topic:/home/fierra/ros2_humble/install/ros2test:/home/fierra/ros2_humble/install/ros2component:/home/fierra/ros2_humble/install/ros2param:/home/fierra/ros2_humble/install/ros2lifecycle:/home/fierra/ros2_humble/install/ros2service:/home/fierra/ros2_humble/install/ros2run:/home/fierra/ros2_humble/install/ros2launch:/home/fierra/ros2_humble/install/ros2pkg:/home/fierra/ros2_humble/install/ros2node:/home/fierra/ros2_humble/install/ros2multicast:/home/fierra/ros2_humble/install/ros2interface:/home/fierra/ros2_humble/install/ros2doctor:/home/fierra/ros2_humble/install/ros2action:/home/fierra/ros2_humble/install/ros2cli:/home/fierra/ros2_humble/install/quality_of_service_demo_py:/home/fierra/ros2_humble/install/lifecycle_py:/home/fierra/ros2_humble/install/launch_testing_ros:/home/fierra/ros2_humble/install/launch_ros:/home/fierra/ros2_humble/install/examples_rclpy_pointcloud_publisher:/home/fierra/ros2_humble/install/examples_rclpy_minimal_subscriber:/home/fierra/ros2_humble/install/examples_rclpy_minimal_service:/home/fierra/ros2_humble/install/examples_rclpy_minimal_publisher:/home/fierra/ros2_humble/install/examples_rclpy_minimal_client:/home/fierra/ros2_humble/install/examples_rclpy_minimal_action_server:/home/fierra/ros2_humble/install/examples_rclpy_minimal_action_client:/home/fierra/ros2_humble/install/examples_rclpy_guard_conditions:/home/fierra/ros2_humble/install/examples_rclpy_executors:/home/fierra/ros2_humble/install/demo_nodes_py:/home/fierra/ros2_humble/install/action_tutorials_py:/home/fierra/ros2_humble/install/ament_uncrustify:/home/fierra/ros2_humble/install/tracetools_trace:/home/fierra/ros2_humble/install/tracetools_read:/home/fierra/ros2_humble/install/test_tracetools_launch:/home/fierra/ros2_humble/install/test_launch_ros:/home/fierra/ros2_humble/install/sensor_msgs_py:/home/fierra/ros2_humble/install/rpyutils:/home/fierra/ros2_humble/install/rosidl_runtime_py:/home/fierra/ros2_humble/install/rosidl_cli:/home/fierra/ros2_humble/install/launch_pytest:/home/fierra/ros2_humble/install/launch_testing:/home/fierra/ros2_humble/install/launch_yaml:/home/fierra/ros2_humble/install/launch_xml:/home/fierra/ros2_humble/install/launch:/home/fierra/ros2_humble/install/osrf_pycommon:/home/fierra/ros2_humble/install/launch_testing_examples:/home/fierra/ros2_humble/install/domain_coordinator:/home/fierra/ros2_humble/install/ament_xmllint:/home/fierra/ros2_humble/install/ament_pyflakes:/home/fierra/ros2_humble/install/ament_pycodestyle:/home/fierra/ros2_humble/install/ament_pep257:/home/fierra/ros2_humble/install/ament_pclint:/home/fierra/ros2_humble/install/ament_package:/home/fierra/ros2_humble/install/ament_mypy:/home/fierra/ros2_humble/install/ament_lint_cmake:/home/fierra/ros2_humble/install/ament_flake8:/home/fierra/ros2_humble/install/ament_copyright:/home/fierra/ros2_humble/install/ament_lint:/home/fierra/ros2_humble/install/ament_index_python:/home/fierra/ros2_humble/install/ament_cpplint:/home/fierra/ros2_humble/install/ament_cppcheck:/home/fierra/ros2_humble/install/ament_clang_tidy:/home/fierra/ros2_humble/install/ament_clang_format /usr/bin/cmake /home/fierra/beginner_tutuorial/src/cpp_parameters -DCMAKE_INSTALL_PREFIX=/home/fierra/beginner_tutuorial/install/cpp_parameters
[6.163s] DEBUG:colcon.colcon_core.event_handler.log_command:Invoking command in '/home/fierra/beginner_tutuorial/build/cpp_parameters': CMAKE_PREFIX_PATH=${CMAKE_PREFIX_PATH}:/home/fierra/ros2_humble/install/rqt_bag_plugins:/home/fierra/ros2_humble/install/rqt_bag:/home/fierra/ros2_humble/install/ros2bag:/home/fierra/ros2_humble/install/tracetools_test:/home/fierra/ros2_humble/install/tracetools_launch:/home/fierra/ros2_humble/install/topic_monitor:/home/fierra/ros2_humble/install/tf2_tools:/home/fierra/ros2_humble/install/examples_tf2_py:/home/fierra/ros2_humble/install/tf2_ros_py:/home/fierra/ros2_humble/install/sros2:/home/fierra/ros2_humble/install/rqt_topic:/home/fierra/ros2_humble/install/rqt_srv:/home/fierra/ros2_humble/install/rqt_shell:/home/fierra/ros2_humble/install/rqt_service_caller:/home/fierra/ros2_humble/install/rqt_reconfigure:/home/fierra/ros2_humble/install/rqt_py_console:/home/fierra/ros2_humble/install/rqt_publisher:/home/fierra/ros2_humble/install/rqt_plot:/home/fierra/ros2_humble/install/rqt_action:/home/fierra/ros2_humble/install/rqt_msg:/home/fierra/ros2_humble/install/rqt_console:/home/fierra/ros2_humble/install/rqt:/home/fierra/ros2_humble/install/rqt_graph:/home/fierra/ros2_humble/install/rqt_gui_py:/home/fierra/ros2_humble/install/rqt_gui:/home/fierra/ros2_humble/install/ros2trace:/home/fierra/ros2_humble/install/ros2topic:/home/fierra/ros2_humble/install/ros2test:/home/fierra/ros2_humble/install/ros2component:/home/fierra/ros2_humble/install/ros2param:/home/fierra/ros2_humble/install/ros2lifecycle:/home/fierra/ros2_humble/install/ros2service:/home/fierra/ros2_humble/install/ros2run:/home/fierra/ros2_humble/install/ros2launch:/home/fierra/ros2_humble/install/ros2pkg:/home/fierra/ros2_humble/install/ros2node:/home/fierra/ros2_humble/install/ros2multicast:/home/fierra/ros2_humble/install/ros2interface:/home/fierra/ros2_humble/install/ros2doctor:/home/fierra/ros2_humble/install/ros2action:/home/fierra/ros2_humble/install/ros2cli:/home/fierra/ros2_humble/install/quality_of_service_demo_py:/home/fierra/ros2_humble/install/lifecycle_py:/home/fierra/ros2_humble/install/launch_testing_ros:/home/fierra/ros2_humble/install/launch_ros:/home/fierra/ros2_humble/install/examples_rclpy_pointcloud_publisher:/home/fierra/ros2_humble/install/examples_rclpy_minimal_subscriber:/home/fierra/ros2_humble/install/examples_rclpy_minimal_service:/home/fierra/ros2_humble/install/examples_rclpy_minimal_publisher:/home/fierra/ros2_humble/install/examples_rclpy_minimal_client:/home/fierra/ros2_humble/install/examples_rclpy_minimal_action_server:/home/fierra/ros2_humble/install/examples_rclpy_minimal_action_client:/home/fierra/ros2_humble/install/examples_rclpy_guard_conditions:/home/fierra/ros2_humble/install/examples_rclpy_executors:/home/fierra/ros2_humble/install/demo_nodes_py:/home/fierra/ros2_humble/install/action_tutorials_py:/home/fierra/ros2_humble/install/ament_uncrustify:/home/fierra/ros2_humble/install/tracetools_trace:/home/fierra/ros2_humble/install/tracetools_read:/home/fierra/ros2_humble/install/test_tracetools_launch:/home/fierra/ros2_humble/install/test_launch_ros:/home/fierra/ros2_humble/install/sensor_msgs_py:/home/fierra/ros2_humble/install/rpyutils:/home/fierra/ros2_humble/install/rosidl_runtime_py:/home/fierra/ros2_humble/install/rosidl_cli:/home/fierra/ros2_humble/install/launch_pytest:/home/fierra/ros2_humble/install/launch_testing:/home/fierra/ros2_humble/install/launch_yaml:/home/fierra/ros2_humble/install/launch_xml:/home/fierra/ros2_humble/install/launch:/home/fierra/ros2_humble/install/osrf_pycommon:/home/fierra/ros2_humble/install/launch_testing_examples:/home/fierra/ros2_humble/install/domain_coordinator:/home/fierra/ros2_humble/install/ament_xmllint:/home/fierra/ros2_humble/install/ament_pyflakes:/home/fierra/ros2_humble/install/ament_pycodestyle:/home/fierra/ros2_humble/install/ament_pep257:/home/fierra/ros2_humble/install/ament_pclint:/home/fierra/ros2_humble/install/ament_package:/home/fierra/ros2_humble/install/ament_mypy:/home/fierra/ros2_humble/install/ament_lint_cmake:/home/fierra/ros2_humble/install/ament_flake8:/home/fierra/ros2_humble/install/ament_copyright:/home/fierra/ros2_humble/install/ament_lint:/home/fierra/ros2_humble/install/ament_index_python:/home/fierra/ros2_humble/install/ament_cpplint:/home/fierra/ros2_humble/install/ament_cppcheck:/home/fierra/ros2_humble/install/ament_clang_tidy:/home/fierra/ros2_humble/install/ament_clang_format /usr/bin/cmake --build /home/fierra/beginner_tutuorial/build/cpp_parameters -- -j8 -l8
[9.788s] DEBUG:colcon.colcon_core.event_handler.log_command:Invoked command in '/home/fierra/beginner_tutuorial/build/cpp_parameters' returned '0': CMAKE_PREFIX_PATH=${CMAKE_PREFIX_PATH}:/home/fierra/ros2_humble/install/rqt_bag_plugins:/home/fierra/ros2_humble/install/rqt_bag:/home/fierra/ros2_humble/install/ros2bag:/home/fierra/ros2_humble/install/tracetools_test:/home/fierra/ros2_humble/install/tracetools_launch:/home/fierra/ros2_humble/install/topic_monitor:/home/fierra/ros2_humble/install/tf2_tools:/home/fierra/ros2_humble/install/examples_tf2_py:/home/fierra/ros2_humble/install/tf2_ros_py:/home/fierra/ros2_humble/install/sros2:/home/fierra/ros2_humble/install/rqt_topic:/home/fierra/ros2_humble/install/rqt_srv:/home/fierra/ros2_humble/install/rqt_shell:/home/fierra/ros2_humble/install/rqt_service_caller:/home/fierra/ros2_humble/install/rqt_reconfigure:/home/fierra/ros2_humble/install/rqt_py_console:/home/fierra/ros2_humble/install/rqt_publisher:/home/fierra/ros2_humble/install/rqt_plot:/home/fierra/ros2_humble/install/rqt_action:/home/fierra/ros2_humble/install/rqt_msg:/home/fierra/ros2_humble/install/rqt_console:/home/fierra/ros2_humble/install/rqt:/home/fierra/ros2_humble/install/rqt_graph:/home/fierra/ros2_humble/install/rqt_gui_py:/home/fierra/ros2_humble/install/rqt_gui:/home/fierra/ros2_humble/install/ros2trace:/home/fierra/ros2_humble/install/ros2topic:/home/fierra/ros2_humble/install/ros2test:/home/fierra/ros2_humble/install/ros2component:/home/fierra/ros2_humble/install/ros2param:/home/fierra/ros2_humble/install/ros2lifecycle:/home/fierra/ros2_humble/install/ros2service:/home/fierra/ros2_humble/install/ros2run:/home/fierra/ros2_humble/install/ros2launch:/home/fierra/ros2_humble/install/ros2pkg:/home/fierra/ros2_humble/install/ros2node:/home/fierra/ros2_humble/install/ros2multicast:/home/fierra/ros2_humble/install/ros2interface:/home/fierra/ros2_humble/install/ros2doctor:/home/fierra/ros2_humble/install/ros2action:/home/fierra/ros2_humble/install/ros2cli:/home/fierra/ros2_humble/install/quality_of_service_demo_py:/home/fierra/ros2_humble/install/lifecycle_py:/home/fierra/ros2_humble/install/launch_testing_ros:/home/fierra/ros2_humble/install/launch_ros:/home/fierra/ros2_humble/install/examples_rclpy_pointcloud_publisher:/home/fierra/ros2_humble/install/examples_rclpy_minimal_subscriber:/home/fierra/ros2_humble/install/examples_rclpy_minimal_service:/home/fierra/ros2_humble/install/examples_rclpy_minimal_publisher:/home/fierra/ros2_humble/install/examples_rclpy_minimal_client:/home/fierra/ros2_humble/install/examples_rclpy_minimal_action_server:/home/fierra/ros2_humble/install/examples_rclpy_minimal_action_client:/home/fierra/ros2_humble/install/examples_rclpy_guard_conditions:/home/fierra/ros2_humble/install/examples_rclpy_executors:/home/fierra/ros2_humble/install/demo_nodes_py:/home/fierra/ros2_humble/install/action_tutorials_py:/home/fierra/ros2_humble/install/ament_uncrustify:/home/fierra/ros2_humble/install/tracetools_trace:/home/fierra/ros2_humble/install/tracetools_read:/home/fierra/ros2_humble/install/test_tracetools_launch:/home/fierra/ros2_humble/install/test_launch_ros:/home/fierra/ros2_humble/install/sensor_msgs_py:/home/fierra/ros2_humble/install/rpyutils:/home/fierra/ros2_humble/install/rosidl_runtime_py:/home/fierra/ros2_humble/install/rosidl_cli:/home/fierra/ros2_humble/install/launch_pytest:/home/fierra/ros2_humble/install/launch_testing:/home/fierra/ros2_humble/install/launch_yaml:/home/fierra/ros2_humble/install/launch_xml:/home/fierra/ros2_humble/install/launch:/home/fierra/ros2_humble/install/osrf_pycommon:/home/fierra/ros2_humble/install/launch_testing_examples:/home/fierra/ros2_humble/install/domain_coordinator:/home/fierra/ros2_humble/install/ament_xmllint:/home/fierra/ros2_humble/install/ament_pyflakes:/home/fierra/ros2_humble/install/ament_pycodestyle:/home/fierra/ros2_humble/install/ament_pep257:/home/fierra/ros2_humble/install/ament_pclint:/home/fierra/ros2_humble/install/ament_package:/home/fierra/ros2_humble/install/ament_mypy:/home/fierra/ros2_humble/install/ament_lint_cmake:/home/fierra/ros2_humble/install/ament_flake8:/home/fierra/ros2_humble/install/ament_copyright:/home/fierra/ros2_humble/install/ament_lint:/home/fierra/ros2_humble/install/ament_index_python:/home/fierra/ros2_humble/install/ament_cpplint:/home/fierra/ros2_humble/install/ament_cppcheck:/home/fierra/ros2_humble/install/ament_clang_tidy:/home/fierra/ros2_humble/install/ament_clang_format /usr/bin/cmake --build /home/fierra/beginner_tutuorial/build/cpp_parameters -- -j8 -l8
[9.900s] DEBUG:colcon.colcon_core.event_handler.log_command:Invoking command in '/home/fierra/beginner_tutuorial/build/cpp_parameters': CMAKE_PREFIX_PATH=${CMAKE_PREFIX_PATH}:/home/fierra/ros2_humble/install/rqt_bag_plugins:/home/fierra/ros2_humble/install/rqt_bag:/home/fierra/ros2_humble/install/ros2bag:/home/fierra/ros2_humble/install/tracetools_test:/home/fierra/ros2_humble/install/tracetools_launch:/home/fierra/ros2_humble/install/topic_monitor:/home/fierra/ros2_humble/install/tf2_tools:/home/fierra/ros2_humble/install/examples_tf2_py:/home/fierra/ros2_humble/install/tf2_ros_py:/home/fierra/ros2_humble/install/sros2:/home/fierra/ros2_humble/install/rqt_topic:/home/fierra/ros2_humble/install/rqt_srv:/home/fierra/ros2_humble/install/rqt_shell:/home/fierra/ros2_humble/install/rqt_service_caller:/home/fierra/ros2_humble/install/rqt_reconfigure:/home/fierra/ros2_humble/install/rqt_py_console:/home/fierra/ros2_humble/install/rqt_publisher:/home/fierra/ros2_humble/install/rqt_plot:/home/fierra/ros2_humble/install/rqt_action:/home/fierra/ros2_humble/install/rqt_msg:/home/fierra/ros2_humble/install/rqt_console:/home/fierra/ros2_humble/install/rqt:/home/fierra/ros2_humble/install/rqt_graph:/home/fierra/ros2_humble/install/rqt_gui_py:/home/fierra/ros2_humble/install/rqt_gui:/home/fierra/ros2_humble/install/ros2trace:/home/fierra/ros2_humble/install/ros2topic:/home/fierra/ros2_humble/install/ros2test:/home/fierra/ros2_humble/install/ros2component:/home/fierra/ros2_humble/install/ros2param:/home/fierra/ros2_humble/install/ros2lifecycle:/home/fierra/ros2_humble/install/ros2service:/home/fierra/ros2_humble/install/ros2run:/home/fierra/ros2_humble/install/ros2launch:/home/fierra/ros2_humble/install/ros2pkg:/home/fierra/ros2_humble/install/ros2node:/home/fierra/ros2_humble/install/ros2multicast:/home/fierra/ros2_humble/install/ros2interface:/home/fierra/ros2_humble/install/ros2doctor:/home/fierra/ros2_humble/install/ros2action:/home/fierra/ros2_humble/install/ros2cli:/home/fierra/ros2_humble/install/quality_of_service_demo_py:/home/fierra/ros2_humble/install/lifecycle_py:/home/fierra/ros2_humble/install/launch_testing_ros:/home/fierra/ros2_humble/install/launch_ros:/home/fierra/ros2_humble/install/examples_rclpy_pointcloud_publisher:/home/fierra/ros2_humble/install/examples_rclpy_minimal_subscriber:/home/fierra/ros2_humble/install/examples_rclpy_minimal_service:/home/fierra/ros2_humble/install/examples_rclpy_minimal_publisher:/home/fierra/ros2_humble/install/examples_rclpy_minimal_client:/home/fierra/ros2_humble/install/examples_rclpy_minimal_action_server:/home/fierra/ros2_humble/install/examples_rclpy_minimal_action_client:/home/fierra/ros2_humble/install/examples_rclpy_guard_conditions:/home/fierra/ros2_humble/install/examples_rclpy_executors:/home/fierra/ros2_humble/install/demo_nodes_py:/home/fierra/ros2_humble/install/action_tutorials_py:/home/fierra/ros2_humble/install/ament_uncrustify:/home/fierra/ros2_humble/install/tracetools_trace:/home/fierra/ros2_humble/install/tracetools_read:/home/fierra/ros2_humble/install/test_tracetools_launch:/home/fierra/ros2_humble/install/test_launch_ros:/home/fierra/ros2_humble/install/sensor_msgs_py:/home/fierra/ros2_humble/install/rpyutils:/home/fierra/ros2_humble/install/rosidl_runtime_py:/home/fierra/ros2_humble/install/rosidl_cli:/home/fierra/ros2_humble/install/launch_pytest:/home/fierra/ros2_humble/install/launch_testing:/home/fierra/ros2_humble/install/launch_yaml:/home/fierra/ros2_humble/install/launch_xml:/home/fierra/ros2_humble/install/launch:/home/fierra/ros2_humble/install/osrf_pycommon:/home/fierra/ros2_humble/install/launch_testing_examples:/home/fierra/ros2_humble/install/domain_coordinator:/home/fierra/ros2_humble/install/ament_xmllint:/home/fierra/ros2_humble/install/ament_pyflakes:/home/fierra/ros2_humble/install/ament_pycodestyle:/home/fierra/ros2_humble/install/ament_pep257:/home/fierra/ros2_humble/install/ament_pclint:/home/fierra/ros2_humble/install/ament_package:/home/fierra/ros2_humble/install/ament_mypy:/home/fierra/ros2_humble/install/ament_lint_cmake:/home/fierra/ros2_humble/install/ament_flake8:/home/fierra/ros2_humble/install/ament_copyright:/home/fierra/ros2_humble/install/ament_lint:/home/fierra/ros2_humble/install/ament_index_python:/home/fierra/ros2_humble/install/ament_cpplint:/home/fierra/ros2_humble/install/ament_cppcheck:/home/fierra/ros2_humble/install/ament_clang_tidy:/home/fierra/ros2_humble/install/ament_clang_format /usr/bin/cmake --install /home/fierra/beginner_tutuorial/build/cpp_parameters
[9.927s] Level 1:colcon.colcon_core.environment:create_environment_scripts_only(cpp_parameters)
[9.929s] DEBUG:colcon.colcon_core.event_handler.log_command:Invoked command in '/home/fierra/beginner_tutuorial/build/cpp_parameters' returned '0': CMAKE_PREFIX_PATH=${CMAKE_PREFIX_PATH}:/home/fierra/ros2_humble/install/rqt_bag_plugins:/home/fierra/ros2_humble/install/rqt_bag:/home/fierra/ros2_humble/install/ros2bag:/home/fierra/ros2_humble/install/tracetools_test:/home/fierra/ros2_humble/install/tracetools_launch:/home/fierra/ros2_humble/install/topic_monitor:/home/fierra/ros2_humble/install/tf2_tools:/home/fierra/ros2_humble/install/examples_tf2_py:/home/fierra/ros2_humble/install/tf2_ros_py:/home/fierra/ros2_humble/install/sros2:/home/fierra/ros2_humble/install/rqt_topic:/home/fierra/ros2_humble/install/rqt_srv:/home/fierra/ros2_humble/install/rqt_shell:/home/fierra/ros2_humble/install/rqt_service_caller:/home/fierra/ros2_humble/install/rqt_reconfigure:/home/fierra/ros2_humble/install/rqt_py_console:/home/fierra/ros2_humble/install/rqt_publisher:/home/fierra/ros2_humble/install/rqt_plot:/home/fierra/ros2_humble/install/rqt_action:/home/fierra/ros2_humble/install/rqt_msg:/home/fierra/ros2_humble/install/rqt_console:/home/fierra/ros2_humble/install/rqt:/home/fierra/ros2_humble/install/rqt_graph:/home/fierra/ros2_humble/install/rqt_gui_py:/home/fierra/ros2_humble/install/rqt_gui:/home/fierra/ros2_humble/install/ros2trace:/home/fierra/ros2_humble/install/ros2topic:/home/fierra/ros2_humble/install/ros2test:/home/fierra/ros2_humble/install/ros2component:/home/fierra/ros2_humble/install/ros2param:/home/fierra/ros2_humble/install/ros2lifecycle:/home/fierra/ros2_humble/install/ros2service:/home/fierra/ros2_humble/install/ros2run:/home/fierra/ros2_humble/install/ros2launch:/home/fierra/ros2_humble/install/ros2pkg:/home/fierra/ros2_humble/install/ros2node:/home/fierra/ros2_humble/install/ros2multicast:/home/fierra/ros2_humble/install/ros2interface:/home/fierra/ros2_humble/install/ros2doctor:/home/fierra/ros2_humble/install/ros2action:/home/fierra/ros2_humble/install/ros2cli:/home/fierra/ros2_humble/install/quality_of_service_demo_py:/home/fierra/ros2_humble/install/lifecycle_py:/home/fierra/ros2_humble/install/launch_testing_ros:/home/fierra/ros2_humble/install/launch_ros:/home/fierra/ros2_humble/install/examples_rclpy_pointcloud_publisher:/home/fierra/ros2_humble/install/examples_rclpy_minimal_subscriber:/home/fierra/ros2_humble/install/examples_rclpy_minimal_service:/home/fierra/ros2_humble/install/examples_rclpy_minimal_publisher:/home/fierra/ros2_humble/install/examples_rclpy_minimal_client:/home/fierra/ros2_humble/install/examples_rclpy_minimal_action_server:/home/fierra/ros2_humble/install/examples_rclpy_minimal_action_client:/home/fierra/ros2_humble/install/examples_rclpy_guard_conditions:/home/fierra/ros2_humble/install/examples_rclpy_executors:/home/fierra/ros2_humble/install/demo_nodes_py:/home/fierra/ros2_humble/install/action_tutorials_py:/home/fierra/ros2_humble/install/ament_uncrustify:/home/fierra/ros2_humble/install/tracetools_trace:/home/fierra/ros2_humble/install/tracetools_read:/home/fierra/ros2_humble/install/test_tracetools_launch:/home/fierra/ros2_humble/install/test_launch_ros:/home/fierra/ros2_humble/install/sensor_msgs_py:/home/fierra/ros2_humble/install/rpyutils:/home/fierra/ros2_humble/install/rosidl_runtime_py:/home/fierra/ros2_humble/install/rosidl_cli:/home/fierra/ros2_humble/install/launch_pytest:/home/fierra/ros2_humble/install/launch_testing:/home/fierra/ros2_humble/install/launch_yaml:/home/fierra/ros2_humble/install/launch_xml:/home/fierra/ros2_humble/install/launch:/home/fierra/ros2_humble/install/osrf_pycommon:/home/fierra/ros2_humble/install/launch_testing_examples:/home/fierra/ros2_humble/install/domain_coordinator:/home/fierra/ros2_humble/install/ament_xmllint:/home/fierra/ros2_humble/install/ament_pyflakes:/home/fierra/ros2_humble/install/ament_pycodestyle:/home/fierra/ros2_humble/install/ament_pep257:/home/fierra/ros2_humble/install/ament_pclint:/home/fierra/ros2_humble/install/ament_package:/home/fierra/ros2_humble/install/ament_mypy:/home/fierra/ros2_humble/install/ament_lint_cmake:/home/fierra/ros2_humble/install/ament_flake8:/home/fierra/ros2_humble/install/ament_copyright:/home/fierra/ros2_humble/install/ament_lint:/home/fierra/ros2_humble/install/ament_index_python:/home/fierra/ros2_humble/install/ament_cpplint:/home/fierra/ros2_humble/install/ament_cppcheck:/home/fierra/ros2_humble/install/ament_clang_tidy:/home/fierra/ros2_humble/install/ament_clang_format /usr/bin/cmake --install /home/fierra/beginner_tutuorial/build/cpp_parameters
[9.936s] Level 1:colcon.colcon_core.environment:checking '/home/fierra/beginner_tutuorial/install/cpp_parameters' for CMake module files
[9.937s] Level 1:colcon.colcon_core.environment:checking '/home/fierra/beginner_tutuorial/install/cpp_parameters' for CMake config files
[9.937s] Level 1:colcon.colcon_core.shell:create_environment_hook('cpp_parameters', 'cmake_prefix_path')
[9.939s] INFO:colcon.colcon_core.shell:Creating environment hook '/home/fierra/beginner_tutuorial/install/cpp_parameters/share/cpp_parameters/hook/cmake_prefix_path.ps1'
[9.940s] INFO:colcon.colcon_core.shell:Creating environment descriptor '/home/fierra/beginner_tutuorial/install/cpp_parameters/share/cpp_parameters/hook/cmake_prefix_path.dsv'
[9.940s] INFO:colcon.colcon_core.shell:Creating environment hook '/home/fierra/beginner_tutuorial/install/cpp_parameters/share/cpp_parameters/hook/cmake_prefix_path.sh'
[9.941s] Level 1:colcon.colcon_core.environment:checking '/home/fierra/beginner_tutuorial/install/cpp_parameters/lib'
[9.941s] Level 1:colcon.colcon_core.environment:checking '/home/fierra/beginner_tutuorial/install/cpp_parameters/bin'
[9.941s] Level 1:colcon.colcon_core.environment:checking '/home/fierra/beginner_tutuorial/install/cpp_parameters/lib/pkgconfig/cpp_parameters.pc'
[9.943s] Level 1:colcon.colcon_core.environment:checking '/home/fierra/beginner_tutuorial/install/cpp_parameters/lib/python3.8/site-packages'
[9.943s] Level 1:colcon.colcon_core.environment:checking '/home/fierra/beginner_tutuorial/install/cpp_parameters/bin'
[9.945s] INFO:colcon.colcon_core.shell:Creating package script '/home/fierra/beginner_tutuorial/install/cpp_parameters/share/cpp_parameters/package.ps1'
[9.945s] INFO:colcon.colcon_core.shell:Creating package descriptor '/home/fierra/beginner_tutuorial/install/cpp_parameters/share/cpp_parameters/package.dsv'
[9.946s] INFO:colcon.colcon_core.shell:Creating package script '/home/fierra/beginner_tutuorial/install/cpp_parameters/share/cpp_parameters/package.sh'
[9.946s] INFO:colcon.colcon_core.shell:Creating package script '/home/fierra/beginner_tutuorial/install/cpp_parameters/share/cpp_parameters/package.bash'
[9.947s] INFO:colcon.colcon_core.shell:Creating package script '/home/fierra/beginner_tutuorial/install/cpp_parameters/share/cpp_parameters/package.zsh'
[9.947s] Level 1:colcon.colcon_core.environment:create_file_with_runtime_dependencies(/home/fierra/beginner_tutuorial/install/cpp_parameters/share/colcon-core/packages/cpp_parameters)
[10.031s] Level 1:colcon.colcon_core.environment:create_environment_scripts_only(cpp_parameters)
[10.034s] Level 1:colcon.colcon_core.environment:checking '/home/fierra/beginner_tutuorial/install/cpp_parameters' for CMake module files
[10.035s] Level 1:colcon.colcon_core.environment:checking '/home/fierra/beginner_tutuorial/install/cpp_parameters' for CMake config files
[10.035s] Level 1:colcon.colcon_core.shell:create_environment_hook('cpp_parameters', 'cmake_prefix_path')
[10.037s] INFO:colcon.colcon_core.shell:Creating environment hook '/home/fierra/beginner_tutuorial/install/cpp_parameters/share/cpp_parameters/hook/cmake_prefix_path.ps1'
[10.038s] INFO:colcon.colcon_core.shell:Creating environment descriptor '/home/fierra/beginner_tutuorial/install/cpp_parameters/share/cpp_parameters/hook/cmake_prefix_path.dsv'
[10.038s] INFO:colcon.colcon_core.shell:Creating environment hook '/home/fierra/beginner_tutuorial/install/cpp_parameters/share/cpp_parameters/hook/cmake_prefix_path.sh'
[10.039s] Level 1:colcon.colcon_core.environment:checking '/home/fierra/beginner_tutuorial/install/cpp_parameters/lib'
[10.039s] Level 1:colcon.colcon_core.environment:checking '/home/fierra/beginner_tutuorial/install/cpp_parameters/bin'
[10.039s] Level 1:colcon.colcon_core.environment:checking '/home/fierra/beginner_tutuorial/install/cpp_parameters/lib/pkgconfig/cpp_parameters.pc'
[10.039s] Level 1:colcon.colcon_core.environment:checking '/home/fierra/beginner_tutuorial/install/cpp_parameters/lib/python3.8/site-packages'
[10.039s] Level 1:colcon.colcon_core.environment:checking '/home/fierra/beginner_tutuorial/install/cpp_parameters/bin'
[10.041s] INFO:colcon.colcon_core.shell:Creating package script '/home/fierra/beginner_tutuorial/install/cpp_parameters/share/cpp_parameters/package.ps1'
[10.042s] INFO:colcon.colcon_core.shell:Creating package descriptor '/home/fierra/beginner_tutuorial/install/cpp_parameters/share/cpp_parameters/package.dsv'
[10.042s] INFO:colcon.colcon_core.shell:Creating package script '/home/fierra/beginner_tutuorial/install/cpp_parameters/share/cpp_parameters/package.sh'
[10.042s] INFO:colcon.colcon_core.shell:Creating package script '/home/fierra/beginner_tutuorial/install/cpp_parameters/share/cpp_parameters/package.bash'
[10.043s] INFO:colcon.colcon_core.shell:Creating package script '/home/fierra/beginner_tutuorial/install/cpp_parameters/share/cpp_parameters/package.zsh'
[10.043s] Level 1:colcon.colcon_core.environment:create_file_with_runtime_dependencies(/home/fierra/beginner_tutuorial/install/cpp_parameters/share/colcon-core/packages/cpp_parameters)
[10.043s] DEBUG:colcon.colcon_parallel_executor.executor.parallel:closing loop
[10.044s] DEBUG:colcon.colcon_parallel_executor.executor.parallel:loop closed
[10.044s] DEBUG:colcon.colcon_parallel_executor.executor.parallel:run_until_complete finished with '0'
[10.044s] DEBUG:colcon.colcon_core.event_reactor:joining thread
[10.058s] INFO:colcon.colcon_core.plugin_system:Skipping extension 'colcon_notification.desktop_notification.terminal_notifier': Not used on non-Darwin systems
[10.058s] INFO:colcon.colcon_core.plugin_system:Skipping extension 'colcon_notification.desktop_notification.win32': Not used on non-Windows systems
[10.058s] INFO:colcon.colcon_notification.desktop_notification:Sending desktop notification using 'notify2'
[10.073s] DEBUG:colcon.colcon_core.event_reactor:joined thread
[10.076s] INFO:colcon.colcon_core.shell:Creating prefix script '/home/fierra/beginner_tutuorial/install/local_setup.ps1'
[10.077s] INFO:colcon.colcon_core.shell:Creating prefix util module '/home/fierra/beginner_tutuorial/install/_local_setup_util_ps1.py'
[10.078s] INFO:colcon.colcon_core.shell:Creating prefix chain script '/home/fierra/beginner_tutuorial/install/setup.ps1'
[10.093s] INFO:colcon.colcon_core.shell:Creating prefix script '/home/fierra/beginner_tutuorial/install/local_setup.sh'
[10.094s] INFO:colcon.colcon_core.shell:Creating prefix util module '/home/fierra/beginner_tutuorial/install/_local_setup_util_sh.py'
[10.094s] INFO:colcon.colcon_core.shell:Creating prefix chain script '/home/fierra/beginner_tutuorial/install/setup.sh'
[10.109s] INFO:colcon.colcon_core.shell:Creating prefix script '/home/fierra/beginner_tutuorial/install/local_setup.bash'
[10.110s] INFO:colcon.colcon_core.shell:Creating prefix chain script '/home/fierra/beginner_tutuorial/install/setup.bash'
[10.125s] INFO:colcon.colcon_core.shell:Creating prefix script '/home/fierra/beginner_tutuorial/install/local_setup.zsh'
[10.126s] INFO:colcon.colcon_core.shell:Creating prefix chain script '/home/fierra/beginner_tutuorial/install/setup.zsh'
